{"X:\\workflow\\open-projects\\ics-calendar\\libs\\server\\server.js":{"path":"X:\\workflow\\open-projects\\ics-calendar\\libs\\server\\server.js","statementMap":{"0":{"start":{"line":5,"column":0},"end":{"line":74,"column":2}},"1":{"start":{"line":6,"column":16},"end":{"line":6,"column":88}},"2":{"start":{"line":8,"column":19},"end":{"line":8,"column":40}},"3":{"start":{"line":9,"column":21},"end":{"line":9,"column":40}},"4":{"start":{"line":13,"column":20},"end":{"line":13,"column":38}},"5":{"start":{"line":14,"column":17},"end":{"line":14,"column":33}},"6":{"start":{"line":16,"column":18},"end":{"line":16,"column":36}},"7":{"start":{"line":17,"column":14},"end":{"line":17,"column":23}},"8":{"start":{"line":18,"column":17},"end":{"line":18,"column":33}},"9":{"start":{"line":19,"column":17},"end":{"line":19,"column":34}},"10":{"start":{"line":20,"column":21},"end":{"line":20,"column":43}},"11":{"start":{"line":21,"column":17},"end":{"line":21,"column":40}},"12":{"start":{"line":22,"column":21},"end":{"line":22,"column":43}},"13":{"start":{"line":23,"column":21},"end":{"line":23,"column":50}},"14":{"start":{"line":24,"column":15},"end":{"line":24,"column":30}},"15":{"start":{"line":25,"column":14},"end":{"line":25,"column":28}},"16":{"start":{"line":27,"column":4},"end":{"line":27,"column":30}},"17":{"start":{"line":28,"column":4},"end":{"line":28,"column":27}},"18":{"start":{"line":29,"column":4},"end":{"line":29,"column":56}},"19":{"start":{"line":30,"column":4},"end":{"line":30,"column":31}},"20":{"start":{"line":31,"column":4},"end":{"line":31,"column":20}},"21":{"start":{"line":35,"column":4},"end":{"line":35,"column":38}},"22":{"start":{"line":36,"column":4},"end":{"line":36,"column":35}},"23":{"start":{"line":40,"column":4},"end":{"line":40,"column":39}},"24":{"start":{"line":42,"column":22},"end":{"line":42,"column":43}},"25":{"start":{"line":47,"column":4},"end":{"line":47,"column":82}},"26":{"start":{"line":48,"column":4},"end":{"line":48,"column":78}},"27":{"start":{"line":51,"column":4},"end":{"line":53,"column":7}},"28":{"start":{"line":52,"column":8},"end":{"line":52,"column":147}},"29":{"start":{"line":58,"column":4},"end":{"line":60,"column":7}},"30":{"start":{"line":59,"column":8},"end":{"line":59,"column":95}},"31":{"start":{"line":61,"column":4},"end":{"line":61,"column":25}},"32":{"start":{"line":66,"column":17},"end":{"line":72,"column":6}},"33":{"start":{"line":68,"column":19},"end":{"line":68,"column":78}},"34":{"start":{"line":70,"column":19},"end":{"line":70,"column":40}},"35":{"start":{"line":71,"column":8},"end":{"line":71,"column":64}},"36":{"start":{"line":73,"column":4},"end":{"line":73,"column":18}}},"fnMap":{"0":{"name":"(anonymous_0)","decl":{"start":{"line":5,"column":17},"end":{"line":5,"column":18}},"loc":{"start":{"line":5,"column":29},"end":{"line":74,"column":1}},"line":5},"1":{"name":"(anonymous_1)","decl":{"start":{"line":51,"column":20},"end":{"line":51,"column":21}},"loc":{"start":{"line":51,"column":40},"end":{"line":53,"column":5}},"line":51},"2":{"name":"(anonymous_2)","decl":{"start":{"line":58,"column":12},"end":{"line":58,"column":13}},"loc":{"start":{"line":58,"column":45},"end":{"line":60,"column":5}},"line":58},"3":{"name":"(anonymous_3)","decl":{"start":{"line":66,"column":41},"end":{"line":66,"column":42}},"loc":{"start":{"line":66,"column":53},"end":{"line":72,"column":5}},"line":66}},"branchMap":{"0":{"loc":{"start":{"line":6,"column":16},"end":{"line":6,"column":88}},"type":"cond-expr","locations":[{"start":{"line":6,"column":69},"end":{"line":6,"column":81}},{"start":{"line":6,"column":84},"end":{"line":6,"column":88}}],"line":6},"1":{"loc":{"start":{"line":6,"column":16},"end":{"line":6,"column":66}},"type":"binary-expr","locations":[{"start":{"line":6,"column":16},"end":{"line":6,"column":36}},{"start":{"line":6,"column":40},"end":{"line":6,"column":66}}],"line":6},"2":{"loc":{"start":{"line":68,"column":20},"end":{"line":68,"column":50}},"type":"binary-expr","locations":[{"start":{"line":68,"column":20},"end":{"line":68,"column":44}},{"start":{"line":68,"column":48},"end":{"line":68,"column":50}}],"line":68}},"s":{"0":1,"1":1,"2":1,"3":1,"4":1,"5":1,"6":1,"7":1,"8":1,"9":1,"10":1,"11":1,"12":1,"13":1,"14":1,"15":1,"16":1,"17":1,"18":1,"19":1,"20":1,"21":1,"22":1,"23":1,"24":1,"25":1,"26":1,"27":1,"28":1,"29":1,"30":0,"31":1,"32":1,"33":1,"34":1,"35":1,"36":1},"f":{"0":1,"1":1,"2":0,"3":1},"b":{"0":[1,0],"1":[1,1],"2":[1,0]},"inputSourceMap":{"version":3,"sources":["server.js"],"names":["module","exports","DEBUG","require","listRoutes","notify","express","app","router","Router","morgan","bodyParser","config","ServerAuth","ServerCtrs","cors","ejs","set","use","urlencoded","extended","json","engine","__express","AppUseAuth","controllers","get","calendar","bind","database","all","req","res","status","message","url","available_routes","stack","error","next","toString","server","listen","port","host","address","replace"],"mappings":";;AAAA;;AAEAA,OAAOC,OAAP,GAAiB,YAAkB;AAAA,QAAjBC,KAAiB,uEAAT,IAAS;;AAAA,mBAERC,QAAQ,UAAR,GAFQ;AAAA,QAEvBC,UAFuB,YAEvBA,UAFuB;AAG/B;;;AAH+B,oBAIZD,QAAQ,SAAR,CAJY;AAAA,QAIvBE,MAJuB,aAIvBA,MAJuB;;AAK/B,QAAMC,UAAUH,QAAQ,SAAR,CAAhB;AACA,QAAMI,MAAMD,SAAZ;AACA,QAAME,SAASF,QAAQG,MAAR,EAAf;AACA,QAAMC,SAASP,QAAQ,QAAR,CAAf;AACA,QAAMQ,aAAaR,QAAQ,aAAR,CAAnB;AACA,QAAMS,SAAST,QAAQ,cAAR,CAAf;AACA,QAAMU,aAAaV,QAAQ,QAAR,EAAkBI,GAAlB,CAAnB;AACA,QAAMO,aAAaX,QAAQ,eAAR,EAAyBI,GAAzB,CAAnB;AACA,QAAMQ,OAAOZ,QAAQ,MAAR,CAAb;AACA,QAAMa,MAAMb,QAAQ,KAAR,CAAZ;;AAEAI,QAAIU,GAAJ,CAAQ,aAAR,EAAuB,CAAvB,EAhB+B,CAgBL;AAC1BV,QAAIW,GAAJ,CAAQR,OAAO,KAAP,CAAR;AACAH,QAAIW,GAAJ,CAAQP,WAAWQ,UAAX,CAAsB,EAAEC,UAAU,KAAZ,EAAtB,CAAR;AACAb,QAAIW,GAAJ,CAAQP,WAAWU,IAAX,EAAR;AACAd,QAAIW,GAAJ,CAAQH,MAAR;;AAEA;AACA;AACAR,QAAIe,MAAJ,CAAW,MAAX,EAAmBN,IAAIO,SAAvB;AACAhB,QAAIU,GAAJ,CAAQ,aAAR,EAAuB,MAAvB;;AAEA;AACA;AACA,QAAIJ,UAAJ,CAAeX,KAAf,EAAsBsB,UAAtB;AACA;AACA,QAAMC,cAAc,IAAIX,UAAJ,CAAeZ,KAAf,CAApB;;AAEA;AACA;AACA;AACAM,WAAOkB,GAAP,CAAW,yBAAX,EAAsCD,YAAYE,QAAZ,CAAqBC,IAArB,CAA0BH,WAA1B,CAAtC;AACAjB,WAAOkB,GAAP,CAAW,qBAAX,EAAkCD,YAAYI,QAAZ,CAAqBD,IAArB,CAA0BH,WAA1B,CAAlC;;AAEA;AACAjB,WAAOsB,GAAP,CAAW,GAAX,EAAgB,UAAUC,GAAV,EAAeC,GAAf,EAAoB;AAChC,eAAOA,IAAIC,MAAJ,CAAW,GAAX,EAAgBZ,IAAhB,CAAqB,EAAEa,SAAS,yBAAX,EAAsCC,KAAKJ,IAAII,GAA/C,EAAoDC,kBAAkBhC,WAAWI,OAAO6B,KAAlB,CAAtE,EAAgGJ,QAAQ,GAAxG,EAArB,CAAP;AACH,KAFD;;AAIA;AACA;AACA;AACA1B,QAAIW,GAAJ,CAAQ,UAAUoB,KAAV,EAAiBP,GAAjB,EAAsBC,GAAtB,EAA2BO,IAA3B,EAAiC;AACrCP,YAAIC,MAAJ,CAAW,GAAX,EAAgBZ,IAAhB,CAAqB,EAAEiB,OAAOA,MAAME,QAAN,EAAT,EAA2BN,SAAS,0BAApC,EAArB;AACH,KAFD;AAGA3B,QAAIW,GAAJ,CAAQ,GAAR,EAAaV,MAAb;;AAEA;AACA;;AAEA,QAAMiC,SAASlC,IAAImC,MAAJ,CAAW9B,OAAO+B,IAAlB,EAAwB,YAAY;AAC/C;AACA,YAAMC,OAAO,CAACH,OAAOI,OAAP,GAAiBA,OAAjB,IAA4B,EAA7B,EAAiCC,OAAjC,CAAyC,IAAzC,EAA+C,WAA/C,CAAb;AACA;AACA,YAAMH,OAAOF,OAAOI,OAAP,GAAiBF,IAA9B;AACAtC,6CAAmCuC,IAAnC,SAA2CD,IAA3C;AACH,KANc,CAAf;AAOA,WAAOF,MAAP;AACH,CA/DD","file":"server.js","sourceRoot":"X:/workflow/open-projects/ics-calendar/libs/server","sourcesContent":["`use strict`\r\n\r\nmodule.exports = (DEBUG = true) => {\r\n\r\n    const { listRoutes } = require('../utils')()\r\n    // @ts-ignore\r\n    const { notify } = require('x-units')\r\n    const express = require('express')\r\n    const app = express()\r\n    const router = express.Router()\r\n    const morgan = require('morgan')\r\n    const bodyParser = require('body-parser')\r\n    const config = require('../../config')\r\n    const ServerAuth = require('./auth')(app)\r\n    const ServerCtrs = require('./controllers')(app)\r\n    const cors = require('cors')\r\n    const ejs = require('ejs')\r\n\r\n    app.set('trust proxy', 1) // trust first proxy\r\n    app.use(morgan('dev'))\r\n    app.use(bodyParser.urlencoded({ extended: false }))\r\n    app.use(bodyParser.json())\r\n    app.use(cors())\r\n\r\n    // for rendering html\r\n    // @ts-ignore\r\n    app.engine('html', ejs.__express)\r\n    app.set('view engine', 'html')\r\n\r\n    /// ///////////////////\r\n    // Initialize server controllers\r\n    new ServerAuth(DEBUG).AppUseAuth()\r\n    // Our SimpleOrder application is initialized from `ServerCtrs`\r\n    const controllers = new ServerCtrs(DEBUG)\r\n\r\n    /// //////////////////\r\n    // set server routes\r\n    // router.get('/calendar/:userId', controllers.calendar.bind(controllers));\r\n    router.get('/calendar/:type/:userId', controllers.calendar.bind(controllers))\r\n    router.get('/database/:document', controllers.database.bind(controllers))\r\n\r\n    // catch all other calls\r\n    router.all('*', function (req, res) {\r\n        return res.status(200).json({ message: 'welcome to ics-calendar', url: req.url, available_routes: listRoutes(router.stack), status: 200 })\r\n    })\r\n\r\n    /// //////////////////\r\n    // handle errors\r\n    // @ts-ignore\r\n    app.use(function (error, req, res, next) {\r\n        res.status(500).json({ error: error.toString(), message: 'ups something went wrong' })\r\n    })\r\n    app.use('/', router)\r\n\r\n    /// //////////////////\r\n    // Initialize server\r\n\r\n    const server = app.listen(config.port, function () {\r\n        // @ts-ignore\r\n        const host = (server.address().address || '').replace(/::/, 'localhost')\r\n        // @ts-ignore\r\n        const port = server.address().port\r\n        notify(`server runnign on http://${host}:${port}`)\r\n    })\r\n    return server\r\n}\r\n"]},"_coverageSchema":"1a1c01bbd47fc00a2c39e90264f33305004495a9","hash":"5c9ab332cb9687022e0a43c9aad71af57af234a7","contentHash":"e682baa3253047d00b9fbe6c470fb43fda4c826772ef9a638076a0f5fc45a650"},"X:\\workflow\\open-projects\\ics-calendar\\libs\\utils.js":{"path":"X:\\workflow\\open-projects\\ics-calendar\\libs\\utils.js","statementMap":{"0":{"start":{"line":3,"column":0},"end":{"line":38,"column":2}},"1":{"start":{"line":4,"column":19},"end":{"line":4,"column":36}},"2":{"start":{"line":5,"column":17},"end":{"line":5,"column":32}},"3":{"start":{"line":7,"column":12},"end":{"line":7,"column":14}},"4":{"start":{"line":13,"column":4},"end":{"line":19,"column":6}},"5":{"start":{"line":14,"column":18},"end":{"line":14,"column":88}},"6":{"start":{"line":16,"column":8},"end":{"line":16,"column":27}},"7":{"start":{"line":16,"column":18},"end":{"line":16,"column":27}},"8":{"start":{"line":17,"column":8},"end":{"line":17,"column":73}},"9":{"start":{"line":17,"column":61},"end":{"line":17,"column":73}},"10":{"start":{"line":18,"column":8},"end":{"line":18,"column":29}},"11":{"start":{"line":21,"column":4},"end":{"line":25,"column":6}},"12":{"start":{"line":22,"column":8},"end":{"line":24,"column":11}},"13":{"start":{"line":23,"column":12},"end":{"line":23,"column":33}},"14":{"start":{"line":27,"column":4},"end":{"line":36,"column":6}},"15":{"start":{"line":28,"column":8},"end":{"line":35,"column":15}},"16":{"start":{"line":29,"column":12},"end":{"line":33,"column":13}},"17":{"start":{"line":30,"column":16},"end":{"line":32,"column":17}},"18":{"start":{"line":31,"column":20},"end":{"line":31,"column":53}},"19":{"start":{"line":34,"column":12},"end":{"line":34,"column":21}},"20":{"start":{"line":37,"column":4},"end":{"line":37,"column":13}}},"fnMap":{"0":{"name":"(anonymous_0)","decl":{"start":{"line":3,"column":17},"end":{"line":3,"column":18}},"loc":{"start":{"line":3,"column":29},"end":{"line":38,"column":1}},"line":3},"1":{"name":"(anonymous_1)","decl":{"start":{"line":13,"column":13},"end":{"line":13,"column":14}},"loc":{"start":{"line":13,"column":25},"end":{"line":19,"column":5}},"line":13},"2":{"name":"(anonymous_2)","decl":{"start":{"line":21,"column":18},"end":{"line":21,"column":19}},"loc":{"start":{"line":21,"column":34},"end":{"line":25,"column":5}},"line":21},"3":{"name":"(anonymous_3)","decl":{"start":{"line":22,"column":27},"end":{"line":22,"column":28}},"loc":{"start":{"line":22,"column":46},"end":{"line":24,"column":9}},"line":22},"4":{"name":"(anonymous_4)","decl":{"start":{"line":27,"column":19},"end":{"line":27,"column":20}},"loc":{"start":{"line":27,"column":36},"end":{"line":36,"column":5}},"line":27},"5":{"name":"(anonymous_5)","decl":{"start":{"line":28,"column":29},"end":{"line":28,"column":30}},"loc":{"start":{"line":28,"column":49},"end":{"line":35,"column":9}},"line":28}},"branchMap":{"0":{"loc":{"start":{"line":14,"column":18},"end":{"line":14,"column":88}},"type":"cond-expr","locations":[{"start":{"line":14,"column":71},"end":{"line":14,"column":83}},{"start":{"line":14,"column":86},"end":{"line":14,"column":88}}],"line":14},"1":{"loc":{"start":{"line":14,"column":18},"end":{"line":14,"column":68}},"type":"binary-expr","locations":[{"start":{"line":14,"column":18},"end":{"line":14,"column":38}},{"start":{"line":14,"column":42},"end":{"line":14,"column":68}}],"line":14},"2":{"loc":{"start":{"line":16,"column":8},"end":{"line":16,"column":27}},"type":"if","locations":[{"start":{"line":16,"column":8},"end":{"line":16,"column":27}},{"start":{"line":16,"column":8},"end":{"line":16,"column":27}}],"line":16},"3":{"loc":{"start":{"line":17,"column":8},"end":{"line":17,"column":73}},"type":"if","locations":[{"start":{"line":17,"column":8},"end":{"line":17,"column":73}},{"start":{"line":17,"column":8},"end":{"line":17,"column":73}}],"line":17},"4":{"loc":{"start":{"line":29,"column":12},"end":{"line":33,"column":13}},"type":"if","locations":[{"start":{"line":29,"column":12},"end":{"line":33,"column":13}},{"start":{"line":29,"column":12},"end":{"line":33,"column":13}}],"line":29},"5":{"loc":{"start":{"line":30,"column":16},"end":{"line":32,"column":17}},"type":"if","locations":[{"start":{"line":30,"column":16},"end":{"line":32,"column":17}},{"start":{"line":30,"column":16},"end":{"line":32,"column":17}}],"line":30},"6":{"loc":{"start":{"line":30,"column":21},"end":{"line":30,"column":48}},"type":"binary-expr","locations":[{"start":{"line":30,"column":21},"end":{"line":30,"column":42}},{"start":{"line":30,"column":46},"end":{"line":30,"column":48}}],"line":30},"7":{"loc":{"start":{"line":30,"column":22},"end":{"line":30,"column":36}},"type":"binary-expr","locations":[{"start":{"line":30,"column":22},"end":{"line":30,"column":30}},{"start":{"line":30,"column":34},"end":{"line":30,"column":36}}],"line":30}},"s":{"0":1,"1":3,"2":3,"3":3,"4":3,"5":452,"6":452,"7":0,"8":452,"9":0,"10":452,"11":3,"12":168,"13":168,"14":3,"15":1,"16":3,"17":3,"18":2,"19":3,"20":3},"f":{"0":3,"1":452,"2":168,"3":168,"4":1,"5":3},"b":{"0":[452,0],"1":[452,452],"2":[0,452],"3":[0,452],"4":[3,0],"5":[2,1],"6":[3,0],"7":[3,0]},"inputSourceMap":{"version":3,"sources":["utils.js"],"names":["module","exports","require","reduce","o","date","str","Date","toDateString","dataAsync","data","Promise","resolve","listRoutes","stack","n","el","k","route","path","indexOf","push"],"mappings":";;AAAAA,OAAOC,OAAP,GAAiB,YAAY;AAAA,mBACNC,QAAQ,QAAR,CADM;AAAA,QACjBC,MADiB,YACjBA,MADiB;;AAEzB,QAAMC,IAAI,EAAV;;AAEA;;;;AAIAA,MAAEC,IAAF,GAAS,YAAc;AAAA,YAAbC,GAAa,uEAAP,EAAO;;AACnB,YAAI,CAACA,GAAL,EAAUA,MAAM,EAAN;AACV,YAAK,IAAIC,IAAJ,CAASD,GAAT,CAAD,CAAgBE,YAAhB,OAAmC,cAAvC,EAAuD,OAAO,IAAP;AACvD,eAAO,IAAID,IAAJ,CAASD,GAAT,CAAP;AACH,KAJD;;AAMAF,MAAEK,SAAF,GAAc,UAACC,IAAD,EAAU;AACpB,eAAO,IAAIC,OAAJ,CAAY,UAACC,OAAD;AAAA,mBAAaA,QAAQF,IAAR,CAAb;AAAA,SAAZ,CAAP;AACH,KAFD;;AAIAN,MAAES,UAAF,GAAe,UAACC,KAAD,EAAW;AACtB,eAAOX,OAAOW,KAAP,EAAc,UAACC,CAAD,EAAIC,EAAJ,EAAQC,CAAR,EAAc;AAC/B,gBAAID,GAAGE,KAAP,EAAc;AACV,oBAAI,CAAC,CAACF,GAAGE,KAAH,IAAY,EAAb,EAAiBC,IAAjB,IAAyB,EAA1B,EAA8BC,OAA9B,CAAsC,GAAtC,MAA+C,CAAC,CAApD,EAAuD;AACnDL,sBAAEM,IAAF,CAAO,EAAEH,OAAOF,GAAGE,KAAH,CAASC,IAAlB,EAAP;AACH;AACJ;AACD,mBAAOJ,CAAP;AACH,SAPM,EAOJ,EAPI,CAAP;AAQH,KATD;AAUA,WAAOX,CAAP;AACH,CA7BD","file":"utils.js","sourceRoot":"X:/workflow/open-projects/ics-calendar/libs","sourcesContent":["module.exports = function () {\r\n    const { reduce } = require('lodash')\r\n    const o = {}\r\n\r\n    /** \r\n     * @param str must provide valid date format, example: `2017-12-15`\r\n     * @returns new Date() or null\r\n    */\r\n    o.date = (str = '') => {\r\n        if (!str) str = ''\r\n        if ((new Date(str)).toDateString() === 'Invalid Date') return null\r\n        return new Date(str)\r\n    }\r\n\r\n    o.dataAsync = (data) => {\r\n        return new Promise((resolve) => resolve(data))\r\n    }\r\n\r\n    o.listRoutes = (stack) => {\r\n        return reduce(stack, (n, el, k) => {\r\n            if (el.route) {\r\n                if (((el.route || {}).path || '').indexOf('/') !== -1) {\r\n                    n.push({ route: el.route.path })\r\n                }\r\n            }\r\n            return n\r\n        }, [])\r\n    }\r\n    return o\r\n}\n"]},"_coverageSchema":"1a1c01bbd47fc00a2c39e90264f33305004495a9","hash":"57b87d34d01f3c6146f665b9e374b8fd37f88c13","contentHash":"03ada4e194d1d4e56418d30aabe04527774b40a84732c074914cd75dcf47a436"},"X:\\workflow\\open-projects\\ics-calendar\\libs\\server\\auth.js":{"path":"X:\\workflow\\open-projects\\ics-calendar\\libs\\server\\auth.js","statementMap":{"0":{"start":{"line":3,"column":19},"end":{"line":3,"column":563}},"1":{"start":{"line":3,"column":76},"end":{"line":3,"column":347}},"2":{"start":{"line":3,"column":89},"end":{"line":3,"column":90}},"3":{"start":{"line":3,"column":134},"end":{"line":3,"column":142}},"4":{"start":{"line":3,"column":144},"end":{"line":3,"column":199}},"5":{"start":{"line":3,"column":200},"end":{"line":3,"column":231}},"6":{"start":{"line":3,"column":232},"end":{"line":3,"column":286}},"7":{"start":{"line":3,"column":259},"end":{"line":3,"column":286}},"8":{"start":{"line":3,"column":287},"end":{"line":3,"column":345}},"9":{"start":{"line":3,"column":350},"end":{"line":3,"column":559}},"10":{"start":{"line":3,"column":407},"end":{"line":3,"column":475}},"11":{"start":{"line":3,"column":423},"end":{"line":3,"column":475}},"12":{"start":{"line":3,"column":476},"end":{"line":3,"column":536}},"13":{"start":{"line":3,"column":493},"end":{"line":3,"column":536}},"14":{"start":{"line":3,"column":537},"end":{"line":3,"column":556}},"15":{"start":{"line":5,"column":50},"end":{"line":5,"column":151}},"16":{"start":{"line":5,"column":92},"end":{"line":5,"column":149}},"17":{"start":{"line":7,"column":0},"end":{"line":7,"column":13}},"18":{"start":{"line":12,"column":0},"end":{"line":72,"column":2}},"19":{"start":{"line":13,"column":23},"end":{"line":13,"column":41}},"20":{"start":{"line":14,"column":21},"end":{"line":14,"column":36}},"21":{"start":{"line":16,"column":8},"end":{"line":71,"column":12}},"22":{"start":{"line":18,"column":24},"end":{"line":18,"column":58}},"23":{"start":{"line":20,"column":24},"end":{"line":20,"column":43}},"24":{"start":{"line":23,"column":16},"end":{"line":68,"column":20}},"25":{"start":{"line":27,"column":32},"end":{"line":27,"column":79}},"26":{"start":{"line":28,"column":32},"end":{"line":28,"column":82}},"27":{"start":{"line":29,"column":32},"end":{"line":29,"column":106}},"28":{"start":{"line":30,"column":32},"end":{"line":30,"column":154}},"29":{"start":{"line":31,"column":32},"end":{"line":31,"column":85}},"30":{"start":{"line":31,"column":48},"end":{"line":31,"column":85}},"31":{"start":{"line":32,"column":32},"end":{"line":32,"column":46}},"32":{"start":{"line":39,"column":32},"end":{"line":39,"column":74}},"33":{"start":{"line":70,"column":16},"end":{"line":70,"column":34}}},"fnMap":{"0":{"name":"(anonymous_0)","decl":{"start":{"line":3,"column":19},"end":{"line":3,"column":20}},"loc":{"start":{"line":3,"column":31},"end":{"line":3,"column":561}},"line":3},"1":{"name":"defineProperties","decl":{"start":{"line":3,"column":42},"end":{"line":3,"column":58}},"loc":{"start":{"line":3,"column":74},"end":{"line":3,"column":349}},"line":3},"2":{"name":"(anonymous_2)","decl":{"start":{"line":3,"column":357},"end":{"line":3,"column":358}},"loc":{"start":{"line":3,"column":405},"end":{"line":3,"column":558}},"line":3},"3":{"name":"_classCallCheck","decl":{"start":{"line":5,"column":9},"end":{"line":5,"column":24}},"loc":{"start":{"line":5,"column":48},"end":{"line":5,"column":153}},"line":5},"4":{"name":"(anonymous_4)","decl":{"start":{"line":12,"column":17},"end":{"line":12,"column":18}},"loc":{"start":{"line":12,"column":39},"end":{"line":72,"column":1}},"line":12},"5":{"name":"(anonymous_5)","decl":{"start":{"line":16,"column":15},"end":{"line":16,"column":16}},"loc":{"start":{"line":16,"column":27},"end":{"line":71,"column":9}},"line":16},"6":{"name":"ServerAuth","decl":{"start":{"line":17,"column":25},"end":{"line":17,"column":35}},"loc":{"start":{"line":17,"column":43},"end":{"line":21,"column":17}},"line":17},"7":{"name":"authCheck","decl":{"start":{"line":25,"column":40},"end":{"line":25,"column":49}},"loc":{"start":{"line":25,"column":66},"end":{"line":35,"column":25}},"line":25},"8":{"name":"AppUseAuth","decl":{"start":{"line":38,"column":40},"end":{"line":38,"column":50}},"loc":{"start":{"line":38,"column":53},"end":{"line":40,"column":25}},"line":38}},"branchMap":{"0":{"loc":{"start":{"line":3,"column":168},"end":{"line":3,"column":198}},"type":"binary-expr","locations":[{"start":{"line":3,"column":168},"end":{"line":3,"column":189}},{"start":{"line":3,"column":193},"end":{"line":3,"column":198}}],"line":3},"1":{"loc":{"start":{"line":3,"column":232},"end":{"line":3,"column":286}},"type":"if","locations":[{"start":{"line":3,"column":232},"end":{"line":3,"column":286}},{"start":{"line":3,"column":232},"end":{"line":3,"column":286}}],"line":3},"2":{"loc":{"start":{"line":3,"column":407},"end":{"line":3,"column":475}},"type":"if","locations":[{"start":{"line":3,"column":407},"end":{"line":3,"column":475}},{"start":{"line":3,"column":407},"end":{"line":3,"column":475}}],"line":3},"3":{"loc":{"start":{"line":3,"column":476},"end":{"line":3,"column":536}},"type":"if","locations":[{"start":{"line":3,"column":476},"end":{"line":3,"column":536}},{"start":{"line":3,"column":476},"end":{"line":3,"column":536}}],"line":3},"4":{"loc":{"start":{"line":5,"column":50},"end":{"line":5,"column":151}},"type":"if","locations":[{"start":{"line":5,"column":50},"end":{"line":5,"column":151}},{"start":{"line":5,"column":50},"end":{"line":5,"column":151}}],"line":5},"5":{"loc":{"start":{"line":31,"column":32},"end":{"line":31,"column":85}},"type":"if","locations":[{"start":{"line":31,"column":32},"end":{"line":31,"column":85}},{"start":{"line":31,"column":32},"end":{"line":31,"column":85}}],"line":31}},"s":{"0":1,"1":1,"2":1,"3":2,"4":2,"5":2,"6":2,"7":2,"8":2,"9":1,"10":1,"11":1,"12":1,"13":0,"14":1,"15":1,"16":0,"17":1,"18":1,"19":1,"20":1,"21":1,"22":1,"23":1,"24":1,"25":10,"26":10,"27":10,"28":10,"29":10,"30":0,"31":10,"32":1,"33":1},"f":{"0":1,"1":1,"2":1,"3":1,"4":1,"5":1,"6":1,"7":10,"8":1},"b":{"0":[2,2],"1":[2,0],"2":[1,0],"3":[0,1],"4":[0,1],"5":[0,10]},"inputSourceMap":{"version":3,"sources":["auth.js"],"names":["module","exports","expressApp","require","notify","debug","req","res","next","header","url","use","authCheck","bind"],"mappings":";;;;;;AAAA;;AAEA;;;AAGAA,OAAOC,OAAP,GAAiB,UAAUC,UAAV,EAAsB;AAAA,uBAChBC,QAAQ,SAAR,CADgB;AAAA,YAC3BC,MAD2B,YAC3BA,MAD2B;;AAEnC;AACI,oCAAYC,KAAZ,EAAmB;AAAA;;AACf,6BAAKA,KAAL,GAAaA,KAAb;AACH;;AAHL;AAAA;AAAA,kDAKcC,GALd,EAKmBC,GALnB,EAKwBC,IALxB,EAK8B;;AAEtBD,oCAAIE,MAAJ,CAAW,6BAAX,EAA0C,GAA1C;AACAF,oCAAIE,MAAJ,CAAW,8BAAX,EAA2C,KAA3C;AACAF,oCAAIE,MAAJ,CAAW,8BAAX,EAA2C,6BAA3C;AACAF,oCAAIE,MAAJ,CAAW,8BAAX,EAA2C,6EAA3C;AACA,oCAAI,KAAKJ,KAAT,EAAgBD,4BAA0BE,IAAII,GAA9B;AAChB,uCAAOF,MAAP;AACA;AACA;AAEH;AAhBL;AAAA;AAAA,qDAkBiB;AACTN,2CAAWS,GAAX,CAAe,KAAKC,SAAL,CAAeC,IAAf,CAAoB,IAApB,CAAf;AACH;;AAED;AACA;AACA;AACA;AACA;AACA;AACA;AACA;AACA;AACA;AACA;AACA;AACA;AACA;AACA;AACA;AACA;AACA;AACA;AACA;AACA;AACA;AACA;AACA;AACA;;AA9CJ;;AAAA;AAAA;AAiDH,CAnDD","file":"auth.js","sourceRoot":"X:/workflow/open-projects/ics-calendar/libs/server","sourcesContent":["`use strict`\r\n\r\n/**\r\n * - ServerAuth extention\r\n */\r\nmodule.exports = function (expressApp) {\r\n    const { notify } = require('x-units')\r\n    return class ServerAuth {\r\n        constructor(debug) {\r\n            this.debug = debug\r\n        }\r\n\r\n        authCheck(req, res, next) {\r\n\r\n            res.header('Access-Control-Allow-Origin', '*')\r\n            res.header('Access-Control-Allow-Methods', 'GET')\r\n            res.header('Access-Control-Allow-Headers', 'Content-Type, Authorization')\r\n            res.header('Access-Control-Allow-Headers', 'Origin, X-Requested-With, Content-Type, Accept, Authorization, token-expiry')\r\n            if (this.debug) notify(`-- calling url: ${req.url}`)\r\n            return next()\r\n            // providing no restrictions apart from the header\r\n            // return res.status(400).send({ error: true, msg: 'No token provided, or session expired' });\r\n\r\n        }\r\n\r\n        AppUseAuth() {\r\n            expressApp.use(this.authCheck.bind(this))\r\n        }\r\n\r\n        // SECTION disabled, not in play\r\n        // verifyAccess(req, token, cb){\r\n        //     jwt.verify(token, config.secret, function (err, decoded) {\r\n        //         if (err) {\r\n        //             console.log('There was an error with the authentication');\r\n        //             cb(false)\r\n        //         } else {\r\n        //             req.token = decoded //[1]\r\n        //             cb(true)\r\n        //         }\r\n        //     })\r\n        // }\r\n        // getToken(headers) {\r\n        //     if (headers && headers.authorization) {\r\n        //         var parted = headers.authorization.split(' ');\r\n        //         if (parted.length === 2) {\r\n        //             return parted[1];\r\n        //         } else {\r\n        //             return null;\r\n        //         }\r\n        //     } else {\r\n        //         return null;\r\n        //     }\r\n        // };\r\n        // !SECTION \r\n\r\n    }\r\n}\r\n"]},"_coverageSchema":"1a1c01bbd47fc00a2c39e90264f33305004495a9","hash":"34dccecd93b56004201f9b2cd69f76f31b35eef4","contentHash":"3d7f8443a7d8f85eaca9397c158db64c068a265d49111aec69214e96059904a3"},"X:\\workflow\\open-projects\\ics-calendar\\libs\\server\\controllers.js":{"path":"X:\\workflow\\open-projects\\ics-calendar\\libs\\server\\controllers.js","statementMap":{"0":{"start":{"line":3,"column":19},"end":{"line":3,"column":563}},"1":{"start":{"line":3,"column":76},"end":{"line":3,"column":347}},"2":{"start":{"line":3,"column":89},"end":{"line":3,"column":90}},"3":{"start":{"line":3,"column":134},"end":{"line":3,"column":142}},"4":{"start":{"line":3,"column":144},"end":{"line":3,"column":199}},"5":{"start":{"line":3,"column":200},"end":{"line":3,"column":231}},"6":{"start":{"line":3,"column":232},"end":{"line":3,"column":286}},"7":{"start":{"line":3,"column":259},"end":{"line":3,"column":286}},"8":{"start":{"line":3,"column":287},"end":{"line":3,"column":345}},"9":{"start":{"line":3,"column":350},"end":{"line":3,"column":559}},"10":{"start":{"line":3,"column":407},"end":{"line":3,"column":475}},"11":{"start":{"line":3,"column":423},"end":{"line":3,"column":475}},"12":{"start":{"line":3,"column":476},"end":{"line":3,"column":536}},"13":{"start":{"line":3,"column":493},"end":{"line":3,"column":536}},"14":{"start":{"line":3,"column":537},"end":{"line":3,"column":556}},"15":{"start":{"line":5,"column":50},"end":{"line":5,"column":151}},"16":{"start":{"line":5,"column":92},"end":{"line":5,"column":149}},"17":{"start":{"line":7,"column":0},"end":{"line":7,"column":13}},"18":{"start":{"line":9,"column":0},"end":{"line":113,"column":2}},"19":{"start":{"line":10,"column":19},"end":{"line":10,"column":37}},"20":{"start":{"line":11,"column":19},"end":{"line":11,"column":36}},"21":{"start":{"line":12,"column":17},"end":{"line":12,"column":32}},"22":{"start":{"line":13,"column":21},"end":{"line":13,"column":40}},"23":{"start":{"line":14,"column":15},"end":{"line":14,"column":28}},"24":{"start":{"line":16,"column":4},"end":{"line":112,"column":8}},"25":{"start":{"line":18,"column":12},"end":{"line":18,"column":52}},"26":{"start":{"line":20,"column":12},"end":{"line":20,"column":39}},"27":{"start":{"line":21,"column":12},"end":{"line":21,"column":36}},"28":{"start":{"line":22,"column":12},"end":{"line":28,"column":13}},"29":{"start":{"line":23,"column":26},"end":{"line":23,"column":56}},"30":{"start":{"line":24,"column":16},"end":{"line":24,"column":51}},"31":{"start":{"line":26,"column":16},"end":{"line":26,"column":44}},"32":{"start":{"line":27,"column":16},"end":{"line":27,"column":41}},"33":{"start":{"line":37,"column":8},"end":{"line":109,"column":12}},"34":{"start":{"line":40,"column":16},"end":{"line":40,"column":111}},"35":{"start":{"line":40,"column":38},"end":{"line":40,"column":111}},"36":{"start":{"line":42,"column":33},"end":{"line":44,"column":25}},"37":{"start":{"line":43,"column":20},"end":{"line":43,"column":49}},"38":{"start":{"line":45,"column":16},"end":{"line":45,"column":120}},"39":{"start":{"line":45,"column":33},"end":{"line":45,"column":120}},"40":{"start":{"line":46,"column":27},"end":{"line":46,"column":42}},"41":{"start":{"line":47,"column":29},"end":{"line":47,"column":54}},"42":{"start":{"line":48,"column":16},"end":{"line":48,"column":142}},"43":{"start":{"line":48,"column":53},"end":{"line":48,"column":142}},"44":{"start":{"line":50,"column":16},"end":{"line":54,"column":19}},"45":{"start":{"line":51,"column":34},"end":{"line":51,"column":40}},"46":{"start":{"line":52,"column":20},"end":{"line":52,"column":112}},"47":{"start":{"line":52,"column":34},"end":{"line":52,"column":67}},"48":{"start":{"line":52,"column":72},"end":{"line":52,"column":112}},"49":{"start":{"line":53,"column":20},"end":{"line":53,"column":102}},"50":{"start":{"line":67,"column":28},"end":{"line":67,"column":32}},"51":{"start":{"line":69,"column":16},"end":{"line":69,"column":111}},"52":{"start":{"line":69,"column":38},"end":{"line":69,"column":111}},"53":{"start":{"line":71,"column":32},"end":{"line":71,"column":57}},"54":{"start":{"line":72,"column":28},"end":{"line":72,"column":68}},"55":{"start":{"line":74,"column":16},"end":{"line":86,"column":17}},"56":{"start":{"line":75,"column":40},"end":{"line":75,"column":44}},"57":{"start":{"line":76,"column":20},"end":{"line":85,"column":23}},"58":{"start":{"line":77,"column":32},"end":{"line":77,"column":78}},"59":{"start":{"line":78,"column":39},"end":{"line":81,"column":26}},"60":{"start":{"line":79,"column":28},"end":{"line":79,"column":133}},"61":{"start":{"line":79,"column":64},"end":{"line":79,"column":133}},"62":{"start":{"line":80,"column":28},"end":{"line":80,"column":40}},"63":{"start":{"line":82,"column":24},"end":{"line":82,"column":102}},"64":{"start":{"line":84,"column":24},"end":{"line":84,"column":90}},"65":{"start":{"line":86,"column":17},"end":{"line":107,"column":115}},"66":{"start":{"line":88,"column":38},"end":{"line":88,"column":61}},"67":{"start":{"line":89,"column":20},"end":{"line":89,"column":68}},"68":{"start":{"line":89,"column":47},"end":{"line":89,"column":68}},"69":{"start":{"line":91,"column":20},"end":{"line":106,"column":23}},"70":{"start":{"line":92,"column":32},"end":{"line":92,"column":79}},"71":{"start":{"line":93,"column":39},"end":{"line":102,"column":26}},"72":{"start":{"line":94,"column":28},"end":{"line":100,"column":29}},"73":{"start":{"line":95,"column":32},"end":{"line":99,"column":35}},"74":{"start":{"line":97,"column":36},"end":{"line":97,"column":101}},"75":{"start":{"line":97,"column":48},"end":{"line":97,"column":101}},"76":{"start":{"line":98,"column":36},"end":{"line":98,"column":45}},"77":{"start":{"line":101,"column":28},"end":{"line":101,"column":40}},"78":{"start":{"line":103,"column":24},"end":{"line":103,"column":102}},"79":{"start":{"line":105,"column":24},"end":{"line":105,"column":97}},"80":{"start":{"line":107,"column":23},"end":{"line":107,"column":115}},"81":{"start":{"line":111,"column":8},"end":{"line":111,"column":32}}},"fnMap":{"0":{"name":"(anonymous_0)","decl":{"start":{"line":3,"column":19},"end":{"line":3,"column":20}},"loc":{"start":{"line":3,"column":31},"end":{"line":3,"column":561}},"line":3},"1":{"name":"defineProperties","decl":{"start":{"line":3,"column":42},"end":{"line":3,"column":58}},"loc":{"start":{"line":3,"column":74},"end":{"line":3,"column":349}},"line":3},"2":{"name":"(anonymous_2)","decl":{"start":{"line":3,"column":357},"end":{"line":3,"column":358}},"loc":{"start":{"line":3,"column":405},"end":{"line":3,"column":558}},"line":3},"3":{"name":"_classCallCheck","decl":{"start":{"line":5,"column":9},"end":{"line":5,"column":24}},"loc":{"start":{"line":5,"column":48},"end":{"line":5,"column":153}},"line":5},"4":{"name":"(anonymous_4)","decl":{"start":{"line":9,"column":17},"end":{"line":9,"column":18}},"loc":{"start":{"line":9,"column":39},"end":{"line":113,"column":1}},"line":9},"5":{"name":"(anonymous_5)","decl":{"start":{"line":16,"column":11},"end":{"line":16,"column":12}},"loc":{"start":{"line":16,"column":23},"end":{"line":112,"column":5}},"line":16},"6":{"name":"ServerController","decl":{"start":{"line":17,"column":17},"end":{"line":17,"column":33}},"loc":{"start":{"line":17,"column":41},"end":{"line":29,"column":9}},"line":17},"7":{"name":"calendar","decl":{"start":{"line":39,"column":28},"end":{"line":39,"column":36}},"loc":{"start":{"line":39,"column":47},"end":{"line":55,"column":13}},"line":39},"8":{"name":"(anonymous_8)","decl":{"start":{"line":42,"column":71},"end":{"line":42,"column":72}},"loc":{"start":{"line":42,"column":84},"end":{"line":44,"column":17}},"line":42},"9":{"name":"(anonymous_9)","decl":{"start":{"line":50,"column":74},"end":{"line":50,"column":75}},"loc":{"start":{"line":50,"column":87},"end":{"line":54,"column":17}},"line":50},"10":{"name":"database","decl":{"start":{"line":66,"column":28},"end":{"line":66,"column":36}},"loc":{"start":{"line":66,"column":47},"end":{"line":108,"column":13}},"line":66},"11":{"name":"(anonymous_11)","decl":{"start":{"line":76,"column":27},"end":{"line":76,"column":28}},"loc":{"start":{"line":76,"column":45},"end":{"line":83,"column":21}},"line":76},"12":{"name":"(anonymous_12)","decl":{"start":{"line":78,"column":51},"end":{"line":78,"column":52}},"loc":{"start":{"line":78,"column":67},"end":{"line":81,"column":25}},"line":78},"13":{"name":"(anonymous_13)","decl":{"start":{"line":83,"column":30},"end":{"line":83,"column":31}},"loc":{"start":{"line":83,"column":47},"end":{"line":85,"column":21}},"line":83},"14":{"name":"(anonymous_14)","decl":{"start":{"line":91,"column":27},"end":{"line":91,"column":28}},"loc":{"start":{"line":91,"column":45},"end":{"line":104,"column":21}},"line":91},"15":{"name":"(anonymous_15)","decl":{"start":{"line":93,"column":51},"end":{"line":93,"column":52}},"loc":{"start":{"line":93,"column":67},"end":{"line":102,"column":25}},"line":93},"16":{"name":"(anonymous_16)","decl":{"start":{"line":95,"column":72},"end":{"line":95,"column":73}},"loc":{"start":{"line":95,"column":85},"end":{"line":99,"column":33}},"line":95},"17":{"name":"(anonymous_17)","decl":{"start":{"line":104,"column":30},"end":{"line":104,"column":31}},"loc":{"start":{"line":104,"column":47},"end":{"line":106,"column":21}},"line":104}},"branchMap":{"0":{"loc":{"start":{"line":3,"column":168},"end":{"line":3,"column":198}},"type":"binary-expr","locations":[{"start":{"line":3,"column":168},"end":{"line":3,"column":189}},{"start":{"line":3,"column":193},"end":{"line":3,"column":198}}],"line":3},"1":{"loc":{"start":{"line":3,"column":232},"end":{"line":3,"column":286}},"type":"if","locations":[{"start":{"line":3,"column":232},"end":{"line":3,"column":286}},{"start":{"line":3,"column":232},"end":{"line":3,"column":286}}],"line":3},"2":{"loc":{"start":{"line":3,"column":407},"end":{"line":3,"column":475}},"type":"if","locations":[{"start":{"line":3,"column":407},"end":{"line":3,"column":475}},{"start":{"line":3,"column":407},"end":{"line":3,"column":475}}],"line":3},"3":{"loc":{"start":{"line":3,"column":476},"end":{"line":3,"column":536}},"type":"if","locations":[{"start":{"line":3,"column":476},"end":{"line":3,"column":536}},{"start":{"line":3,"column":476},"end":{"line":3,"column":536}}],"line":3},"4":{"loc":{"start":{"line":5,"column":50},"end":{"line":5,"column":151}},"type":"if","locations":[{"start":{"line":5,"column":50},"end":{"line":5,"column":151}},{"start":{"line":5,"column":50},"end":{"line":5,"column":151}}],"line":5},"5":{"loc":{"start":{"line":20,"column":25},"end":{"line":20,"column":38}},"type":"binary-expr","locations":[{"start":{"line":20,"column":25},"end":{"line":20,"column":30}},{"start":{"line":20,"column":34},"end":{"line":20,"column":38}}],"line":20},"6":{"loc":{"start":{"line":40,"column":16},"end":{"line":40,"column":111}},"type":"if","locations":[{"start":{"line":40,"column":16},"end":{"line":40,"column":111}},{"start":{"line":40,"column":16},"end":{"line":40,"column":111}}],"line":40},"7":{"loc":{"start":{"line":45,"column":16},"end":{"line":45,"column":120}},"type":"if","locations":[{"start":{"line":45,"column":16},"end":{"line":45,"column":120}},{"start":{"line":45,"column":16},"end":{"line":45,"column":120}}],"line":45},"8":{"loc":{"start":{"line":48,"column":16},"end":{"line":48,"column":142}},"type":"if","locations":[{"start":{"line":48,"column":16},"end":{"line":48,"column":142}},{"start":{"line":48,"column":16},"end":{"line":48,"column":142}}],"line":48},"9":{"loc":{"start":{"line":48,"column":20},"end":{"line":48,"column":51}},"type":"binary-expr","locations":[{"start":{"line":48,"column":20},"end":{"line":48,"column":37}},{"start":{"line":48,"column":41},"end":{"line":48,"column":51}}],"line":48},"10":{"loc":{"start":{"line":52,"column":20},"end":{"line":52,"column":112}},"type":"if","locations":[{"start":{"line":52,"column":20},"end":{"line":52,"column":112}},{"start":{"line":52,"column":20},"end":{"line":52,"column":112}}],"line":52},"11":{"loc":{"start":{"line":69,"column":16},"end":{"line":69,"column":111}},"type":"if","locations":[{"start":{"line":69,"column":16},"end":{"line":69,"column":111}},{"start":{"line":69,"column":16},"end":{"line":69,"column":111}}],"line":69},"12":{"loc":{"start":{"line":71,"column":32},"end":{"line":71,"column":57}},"type":"binary-expr","locations":[{"start":{"line":71,"column":32},"end":{"line":71,"column":51}},{"start":{"line":71,"column":55},"end":{"line":71,"column":57}}],"line":71},"13":{"loc":{"start":{"line":72,"column":28},"end":{"line":72,"column":68}},"type":"cond-expr","locations":[{"start":{"line":72,"column":52},"end":{"line":72,"column":61}},{"start":{"line":72,"column":64},"end":{"line":72,"column":68}}],"line":72},"14":{"loc":{"start":{"line":74,"column":16},"end":{"line":86,"column":17}},"type":"if","locations":[{"start":{"line":74,"column":16},"end":{"line":86,"column":17}},{"start":{"line":74,"column":16},"end":{"line":86,"column":17}}],"line":74},"15":{"loc":{"start":{"line":79,"column":28},"end":{"line":79,"column":133}},"type":"if","locations":[{"start":{"line":79,"column":28},"end":{"line":79,"column":133}},{"start":{"line":79,"column":28},"end":{"line":79,"column":133}}],"line":79},"16":{"loc":{"start":{"line":79,"column":32},"end":{"line":79,"column":62}},"type":"binary-expr","locations":[{"start":{"line":79,"column":32},"end":{"line":79,"column":44}},{"start":{"line":79,"column":48},"end":{"line":79,"column":62}}],"line":79},"17":{"loc":{"start":{"line":86,"column":17},"end":{"line":107,"column":115}},"type":"if","locations":[{"start":{"line":86,"column":17},"end":{"line":107,"column":115}},{"start":{"line":86,"column":17},"end":{"line":107,"column":115}}],"line":86},"18":{"loc":{"start":{"line":88,"column":41},"end":{"line":88,"column":52}},"type":"binary-expr","locations":[{"start":{"line":88,"column":41},"end":{"line":88,"column":46}},{"start":{"line":88,"column":50},"end":{"line":88,"column":52}}],"line":88},"19":{"loc":{"start":{"line":89,"column":20},"end":{"line":89,"column":68}},"type":"if","locations":[{"start":{"line":89,"column":20},"end":{"line":89,"column":68}},{"start":{"line":89,"column":20},"end":{"line":89,"column":68}}],"line":89},"20":{"loc":{"start":{"line":89,"column":25},"end":{"line":89,"column":36}},"type":"binary-expr","locations":[{"start":{"line":89,"column":25},"end":{"line":89,"column":30}},{"start":{"line":89,"column":34},"end":{"line":89,"column":36}}],"line":89},"21":{"loc":{"start":{"line":94,"column":28},"end":{"line":100,"column":29}},"type":"if","locations":[{"start":{"line":94,"column":28},"end":{"line":100,"column":29}},{"start":{"line":94,"column":28},"end":{"line":100,"column":29}}],"line":94},"22":{"loc":{"start":{"line":97,"column":36},"end":{"line":97,"column":101}},"type":"if","locations":[{"start":{"line":97,"column":36},"end":{"line":97,"column":101}},{"start":{"line":97,"column":36},"end":{"line":97,"column":101}}],"line":97}},"s":{"0":1,"1":1,"2":1,"3":2,"4":2,"5":2,"6":2,"7":2,"8":2,"9":1,"10":1,"11":1,"12":1,"13":0,"14":1,"15":1,"16":0,"17":1,"18":1,"19":1,"20":1,"21":1,"22":1,"23":1,"24":1,"25":1,"26":1,"27":1,"28":1,"29":1,"30":1,"31":0,"32":0,"33":1,"34":0,"35":0,"36":0,"37":0,"38":0,"39":0,"40":0,"41":0,"42":0,"43":0,"44":0,"45":0,"46":0,"47":0,"48":0,"49":0,"50":9,"51":9,"52":0,"53":9,"54":9,"55":9,"56":5,"57":5,"58":5,"59":5,"60":148,"61":148,"62":148,"63":5,"64":0,"65":4,"66":4,"67":4,"68":2,"69":4,"70":4,"71":4,"72":22,"73":11,"74":51,"75":51,"76":51,"77":22,"78":4,"79":0,"80":0,"81":1},"f":{"0":1,"1":1,"2":1,"3":1,"4":1,"5":1,"6":1,"7":0,"8":0,"9":0,"10":9,"11":5,"12":148,"13":0,"14":4,"15":22,"16":51,"17":0},"b":{"0":[2,2],"1":[2,0],"2":[1,0],"3":[0,1],"4":[0,1],"5":[1,1],"6":[0,0],"7":[0,0],"8":[0,0],"9":[0,0],"10":[0,0],"11":[0,9],"12":[9,0],"13":[6,3],"14":[5,4],"15":[148,0],"16":[148,148],"17":[4,0],"18":[4,1],"19":[2,2],"20":[4,1],"21":[11,11],"22":[51,0]},"inputSourceMap":{"version":3,"sources":["controllers.js"],"names":["module","exports","expressApp","require","isNumber","notify","objectSize","copy","debug","serverError","ICS","ics","error","req","res","status","json","message","code","validTypes","availableAbsenceTypes","filter","z","params","type","length","response","userId","Number","generateICS","then","success","_document","document","query","includeMember","r","absences","map","item","typeSetMessage","member","name","catch","showAbsence","absence","members"],"mappings":";;;;;;AAAA;;AAEAA,OAAOC,OAAP,GAAiB,UAAUC,UAAV,EAAsB;AAAA,mBACYC,QAAQ,SAAR,CADZ;AAAA,QAC3BC,QAD2B,YAC3BA,QAD2B;AAAA,QACjBC,MADiB,YACjBA,MADiB;AAAA,QACTC,UADS,YACTA,UADS;AAAA,QACGC,IADH,YACGA,IADH;;AAEnC;AACI,kCAAYC,KAAZ,EAAmB;AAAA;;AAEf,iBAAKA,KAAL,GAAaA,SAAS,IAAtB;AACA,iBAAKC,WAAL,GAAmB,IAAnB;AACA,gBAAI;AACA,oBAAMC,MAAMP,QAAQ,mBAAR,GAAZ;AACA,qBAAKQ,GAAL,GAAW,IAAID,GAAJ,CAAQ,EAAR,EAAY,KAAKF,KAAjB,CAAX;AACH,aAHD,CAGE,OAAOI,KAAP,EAAc;AACZP,uBAAO,EAAEO,YAAF,EAAP,EAAkB,CAAlB;AACA,qBAAKH,WAAL,GAAmBG,KAAnB;AACH;AACJ;;AAED;;;;;;AAdJ;AAAA;AAAA,qCAkBaC,GAlBb,EAkBkBC,GAlBlB,EAkBuB;AACf,oBAAI,KAAKL,WAAT,EAAsB,OAAOK,IAAIC,MAAJ,CAAW,GAAX,EAAgBC,IAAhB,CAAqB,EAAEC,SAAS,mBAAX,EAAgCC,MAAM,GAAtC,EAArB,CAAP;;AAEtB,oBAAMC,aAAa,KAAKR,GAAL,CAASS,qBAAT,CAA+BC,MAA/B,CAAsC;AAAA,2BAAKC,MAAMT,IAAIU,MAAJ,CAAWC,IAAtB;AAAA,iBAAtC,EAAkEC,MAArF;AACA,oBAAI,CAACN,UAAL,EAAiB,OAAOL,IAAIC,MAAJ,CAAW,GAAX,EAAgBC,IAAhB,CAAqB,EAAEJ,OAAO,qBAAT,EAAgCc,UAAU,EAA1C,EAA8CR,MAAM,GAApD,EAArB,CAAP;AACjB,oBAAMM,OAAOX,IAAIU,MAAJ,CAAWC,IAAxB;AACA,oBAAMG,SAASC,OAAOf,IAAIU,MAAJ,CAAWI,MAAlB,CAAf;AACA,oBAAI,CAACvB,SAASuB,MAAT,CAAD,IAAqBA,SAAS,CAAlC,EAAqC,OAAOb,IAAIC,MAAJ,CAAW,GAAX,EAAgBC,IAAhB,CAAqB,EAAEJ,OAAO,uBAAT,EAAkCc,UAAU,EAA5C,EAAgDR,MAAM,GAAtD,EAArB,CAAP;;AAErC,uBAAO,KAAKP,GAAL,CAASkB,WAAT,CAAqBL,IAArB,EAA2BG,MAA3B,EAAmC,SAAnC,EAA8CG,IAA9C,CAAmD,aAAK;AAC3D,wBAAIb,gBAAJ;AACA,wBAAIK,EAAEG,MAAN,EAAcR,UAAU,sBAAV,CAAd,KACKA,UAAU,6BAAV;AACLH,wBAAIC,MAAJ,CAAW,GAAX,EAAgBC,IAAhB,CAAqB,EAAEe,SAAS,IAAX,EAAiBL,UAAUJ,CAA3B,EAA8BL,gBAA9B,EAAuCC,MAAM,GAA7C,EAArB;AACH,iBALM,CAAP;AAMH;;AAED;;;;;;;AAnCJ;AAAA;AAAA,qCAyCaL,GAzCb,EAyCkBC,GAzClB,EAyCuB;AAAA;;AAEf,oBAAI,KAAKL,WAAT,EAAsB,OAAOK,IAAIC,MAAJ,CAAW,GAAX,EAAgBC,IAAhB,CAAqB,EAAEC,SAAS,mBAAX,EAAgCC,MAAM,GAAtC,EAArB,CAAP;;AAEtB,oBAAMc,YAAYnB,IAAIU,MAAJ,CAAWU,QAAX,IAAuB,EAAzC;AACA,oBAAMC,QAAQ5B,WAAWO,IAAIqB,KAAf,IAAwBrB,IAAIqB,KAA5B,GAAoC,IAAlD;;AAEA,oBAAIF,cAAc,UAAlB,EAA8B;AAC1B,wBAAMG,gBAAgB,IAAtB;AACA,2BAAQ,kBAAW;AACf,4BAAMC,IAAI,MAAM,MAAKzB,GAAL,CAAS0B,QAAT,CAAkBH,KAAlB,EAAyBC,aAAzB,CAAhB;AACA,4BAAMT,WAAWnB,KAAK6B,CAAL,EAAQE,GAAR,CAAY,gBAAQ;AACjC,gCAAIC,KAAK,MAAL,KAAgBA,KAAK,QAAL,CAApB,EAAoCA,KAAK,MAAL,IAAe,MAAK5B,GAAL,CAAS6B,cAAT,CAAwBD,KAAKE,MAAL,CAAYC,IAApC,EAA0CH,KAAKf,IAA/C,CAAf;AACpC,mCAAOe,IAAP;AACH,yBAHgB,CAAjB;AAIA,+BAAOzB,IAAIC,MAAJ,CAAW,GAAX,EAAgBC,IAAhB,CAAqB,EAAEe,SAAS,IAAX,EAAiBL,kBAAjB,EAA2BR,MAAM,GAAjC,EAArB,CAAP;AACH,qBAPM,GAOFyB,KAPE,CAOI,iBAAS;AAChB7B,4BAAIC,MAAJ,CAAW,GAAX,EAAgBC,IAAhB,CAAqB,EAAEJ,YAAF,EAASc,UAAU,IAAnB,EAAyBR,MAAM,GAA/B,EAArB;AACH,qBATM,CAAP;AAWH,iBAAC,IAAIc,cAAc,SAAlB,EAA6B;AAC3B;AACA,wBAAMY,cAAc,CAAC,CAAC,CAACV,SAAS,EAAV,EAAcW,OAApC;AACA,wBAAI,CAACX,SAAS,EAAV,EAAcW,OAAlB,EAA2B,OAAOX,MAAMW,OAAb;;AAE3B,2BAAQ,kBAAY;AAChB,4BAAMT,IAAI,MAAM,MAAKzB,GAAL,CAASmC,OAAT,CAAiBZ,KAAjB,EAAwB,EAAxB,EAA4BU,WAA5B,CAAhB;AACA,4BAAMlB,WAAWnB,KAAK6B,CAAL,EAAQE,GAAR,CAAY,gBAAQ;AACjC,gCAAIM,WAAJ,EAAiB;AACbL,qCAAK,UAAL,IAAmBA,KAAK,UAAL,EAAiBD,GAAjB,CAAqB,UAAChB,CAAD,EAAO;AAC3C;AACA,wCAAIA,EAAEE,IAAN,EAAYF,EAAEE,IAAF,GAAS,MAAKb,GAAL,CAAS6B,cAAT,CAAwBD,KAAKG,IAA7B,EAAmCpB,EAAEE,IAArC,CAAT;AACZ,2CAAOF,CAAP;AACH,iCAJkB,CAAnB;AAKH;AACD,mCAAOiB,IAAP;AACH,yBATgB,CAAjB;AAUA,+BAAOzB,IAAIC,MAAJ,CAAW,GAAX,EAAgBC,IAAhB,CAAqB,EAAEe,SAAS,IAAX,EAAiBL,kBAAjB,EAA2BR,MAAM,GAAjC,EAArB,CAAP;AACH,qBAbM,GAaFyB,KAbE,CAaI,iBAAS;AAChB,+BAAO7B,IAAIC,MAAJ,CAAW,GAAX,EAAgBC,IAAhB,CAAqB,EAAEJ,YAAF,EAASc,UAAU,IAAnB,EAAyBR,MAAM,GAA/B,EAArB,CAAP;AACH,qBAfM,CAAP;AAiBH,iBAtBC,MAsBK,OAAOJ,IAAIC,MAAJ,CAAW,GAAX,EAAgBC,IAAhB,CAAqB,EAAEC,uBAAqBe,SAArB,eAAF,EAA8Cd,MAAM,GAApD,EAArB,CAAP;AACV;AApFL;;AAAA;AAAA;AAuFH,CAzFD","file":"controllers.js","sourceRoot":"X:/workflow/open-projects/ics-calendar/libs/server","sourcesContent":["`use strict`\r\n\r\nmodule.exports = function (expressApp) {\r\n    const { isNumber, notify, objectSize, copy } = require('x-units')\r\n    return class ServerController {\r\n        constructor(debug) {\r\n\r\n            this.debug = debug || null\r\n            this.serverError = null\r\n            try {\r\n                const ICS = require('../ics/ics.module')()\r\n                this.ics = new ICS({}, this.debug)\r\n            } catch (error) {\r\n                notify({ error }, 1)\r\n                this.serverError = error\r\n            }\r\n        }\r\n\r\n        /**\r\n         * (GET) REST/api\r\n         * - produce calendar with valid params `./:type/:userId`\r\n         */\r\n        calendar(req, res) {\r\n            if (this.serverError) return res.status(500).json({ message: 'ICS databse error', code: 500 })\r\n            \r\n            const validTypes = this.ics.availableAbsenceTypes.filter(z => z === req.params.type).length\r\n            if (!validTypes) return res.status(200).json({ error: 'wrong type provided', response: {}, code: 200 })\r\n            const type = req.params.type\r\n            const userId = Number(req.params.userId)    \r\n            if (!isNumber(userId) || userId < 0) return res.status(200).json({ error: 'wrong userId provided', response: {}, code: 200 })\r\n\r\n            return this.ics.generateICS(type, userId, 'members').then(z => {\r\n                let message\r\n                if (z.length) message = '.ics files generated'\r\n                else message = 'no match for provided query'\r\n                res.status(200).json({ success: true, response: z, message, code: 200 })\r\n            })\r\n        }\r\n\r\n        /**\r\n        * (GET) REST/api \r\n        *  end points: `/database/:document` >> `/database/members` or `/database/absences` will list document items\r\n        *  deep queries: `/database/members?absence=1` assign absences list\r\n        *  ?userId ?startDate ?endDate can be called to deepend your query\r\n        */\r\n        database(req, res) {\r\n\r\n            if (this.serverError) return res.status(500).json({ message: 'ICS databse error', code: 500 })\r\n\r\n            const _document = req.params.document || ''\r\n            const query = objectSize(req.query) ? req.query : null\r\n\r\n            if (_document === 'absences') {\r\n                const includeMember = true\r\n                return (async() => {\r\n                    const r = await this.ics.absences(query, includeMember)\r\n                    const response = copy(r).map(item => {\r\n                        if (item['type'] && item['member']) item['type'] = this.ics.typeSetMessage(item.member.name, item.type)\r\n                        return item\r\n                    })\r\n                    return res.status(200).json({ success: true, response, code: 200 })\r\n                })().catch(error => {\r\n                    res.status(404).json({ error, response: null, code: 404 })\r\n                })\r\n\r\n            } if (_document === 'members') {\r\n                // response assigns absences array when showAbsence=true\r\n                const showAbsence = !!(query || {}).absence\r\n                if ((query || {}).absence) delete query.absence\r\n               \r\n                return (async () => {\r\n                    const r = await this.ics.members(query, [], showAbsence)\r\n                    const response = copy(r).map(item => {\r\n                        if (showAbsence) {\r\n                            item['absences'] = item['absences'].map((z) => {\r\n                                // update message\r\n                                if (z.type) z.type = this.ics.typeSetMessage(item.name, z.type)\r\n                                return z\r\n                            })\r\n                        }\r\n                        return item\r\n                    })          \r\n                    return res.status(200).json({ success: true, response, code: 200 })\r\n                })().catch(error => {\r\n                    return res.status(404).json({ error, response: null, code: 404 })\r\n                })\r\n\r\n            } else return res.status(500).json({ message: `document ${_document} not found`, code: 500 })\r\n        }\r\n    }\r\n\r\n}\r\n"]},"_coverageSchema":"1a1c01bbd47fc00a2c39e90264f33305004495a9","hash":"3fe434b34cc319eae41d1364ca3e4ce22a8358c3","contentHash":"19a87d013baf63fea9bd2f527809a4af904f4abe63a9a2ea2c657f68058bad06"},"X:\\workflow\\open-projects\\ics-calendar\\libs\\ics\\ics.module.js":{"path":"X:\\workflow\\open-projects\\ics-calendar\\libs\\ics\\ics.module.js","statementMap":{"0":{"start":{"line":3,"column":19},"end":{"line":3,"column":563}},"1":{"start":{"line":3,"column":76},"end":{"line":3,"column":347}},"2":{"start":{"line":3,"column":89},"end":{"line":3,"column":90}},"3":{"start":{"line":3,"column":134},"end":{"line":3,"column":142}},"4":{"start":{"line":3,"column":144},"end":{"line":3,"column":199}},"5":{"start":{"line":3,"column":200},"end":{"line":3,"column":231}},"6":{"start":{"line":3,"column":232},"end":{"line":3,"column":286}},"7":{"start":{"line":3,"column":259},"end":{"line":3,"column":286}},"8":{"start":{"line":3,"column":287},"end":{"line":3,"column":345}},"9":{"start":{"line":3,"column":350},"end":{"line":3,"column":559}},"10":{"start":{"line":3,"column":407},"end":{"line":3,"column":475}},"11":{"start":{"line":3,"column":423},"end":{"line":3,"column":475}},"12":{"start":{"line":3,"column":476},"end":{"line":3,"column":536}},"13":{"start":{"line":3,"column":493},"end":{"line":3,"column":536}},"14":{"start":{"line":3,"column":537},"end":{"line":3,"column":556}},"15":{"start":{"line":5,"column":50},"end":{"line":5,"column":151}},"16":{"start":{"line":5,"column":92},"end":{"line":5,"column":149}},"17":{"start":{"line":7,"column":0},"end":{"line":7,"column":13}},"18":{"start":{"line":16,"column":0},"end":{"line":207,"column":2}},"19":{"start":{"line":17,"column":14},"end":{"line":17,"column":48}},"20":{"start":{"line":19,"column":19},"end":{"line":19,"column":37}},"21":{"start":{"line":20,"column":17},"end":{"line":20,"column":32}},"22":{"start":{"line":21,"column":19},"end":{"line":21,"column":36}},"23":{"start":{"line":22,"column":18},"end":{"line":22,"column":34}},"24":{"start":{"line":23,"column":15},"end":{"line":23,"column":28}},"25":{"start":{"line":25,"column":20},"end":{"line":203,"column":7}},"26":{"start":{"line":28,"column":23},"end":{"line":28,"column":93}},"27":{"start":{"line":29,"column":24},"end":{"line":29,"column":36}},"28":{"start":{"line":31,"column":12},"end":{"line":31,"column":45}},"29":{"start":{"line":33,"column":12},"end":{"line":33,"column":31}},"30":{"start":{"line":34,"column":12},"end":{"line":34,"column":26}},"31":{"start":{"line":35,"column":12},"end":{"line":35,"column":33}},"32":{"start":{"line":47,"column":8},"end":{"line":200,"column":12}},"33":{"start":{"line":50,"column":27},"end":{"line":50,"column":105}},"34":{"start":{"line":51,"column":26},"end":{"line":51,"column":98}},"35":{"start":{"line":52,"column":29},"end":{"line":52,"column":106}},"36":{"start":{"line":55,"column":16},"end":{"line":58,"column":17}},"37":{"start":{"line":56,"column":20},"end":{"line":56,"column":82}},"38":{"start":{"line":56,"column":36},"end":{"line":56,"column":82}},"39":{"start":{"line":57,"column":20},"end":{"line":57,"column":30}},"40":{"start":{"line":60,"column":16},"end":{"line":63,"column":17}},"41":{"start":{"line":61,"column":20},"end":{"line":61,"column":76}},"42":{"start":{"line":61,"column":36},"end":{"line":61,"column":76}},"43":{"start":{"line":62,"column":20},"end":{"line":62,"column":30}},"44":{"start":{"line":65,"column":16},"end":{"line":68,"column":17}},"45":{"start":{"line":66,"column":20},"end":{"line":66,"column":83}},"46":{"start":{"line":66,"column":36},"end":{"line":66,"column":83}},"47":{"start":{"line":67,"column":20},"end":{"line":67,"column":30}},"48":{"start":{"line":70,"column":33},"end":{"line":70,"column":35}},"49":{"start":{"line":71,"column":16},"end":{"line":111,"column":17}},"50":{"start":{"line":75,"column":28},"end":{"line":104,"column":29}},"51":{"start":{"line":76,"column":49},"end":{"line":76,"column":84}},"52":{"start":{"line":77,"column":32},"end":{"line":77,"column":104}},"53":{"start":{"line":77,"column":56},"end":{"line":77,"column":104}},"54":{"start":{"line":78,"column":32},"end":{"line":80,"column":33}},"55":{"start":{"line":79,"column":36},"end":{"line":79,"column":155}},"56":{"start":{"line":79,"column":52},"end":{"line":79,"column":155}},"57":{"start":{"line":82,"column":43},"end":{"line":82,"column":59}},"58":{"start":{"line":83,"column":32},"end":{"line":85,"column":33}},"59":{"start":{"line":84,"column":36},"end":{"line":84,"column":42}},"60":{"start":{"line":87,"column":45},"end":{"line":87,"column":56}},"61":{"start":{"line":89,"column":55},"end":{"line":89,"column":130}},"62":{"start":{"line":92,"column":48},"end":{"line":92,"column":87}},"63":{"start":{"line":94,"column":32},"end":{"line":101,"column":35}},"64":{"start":{"line":96,"column":36},"end":{"line":100,"column":39}},"65":{"start":{"line":97,"column":53},"end":{"line":97,"column":94}},"66":{"start":{"line":98,"column":40},"end":{"line":98,"column":80}},"67":{"start":{"line":98,"column":53},"end":{"line":98,"column":80}},"68":{"start":{"line":99,"column":40},"end":{"line":99,"column":79}},"69":{"start":{"line":99,"column":54},"end":{"line":99,"column":79}},"70":{"start":{"line":103,"column":32},"end":{"line":103,"column":60}},"71":{"start":{"line":106,"column":28},"end":{"line":106,"column":34}},"72":{"start":{"line":110,"column":24},"end":{"line":110,"column":106}},"73":{"start":{"line":113,"column":16},"end":{"line":113,"column":34}},"74":{"start":{"line":127,"column":28},"end":{"line":127,"column":100}},"75":{"start":{"line":128,"column":36},"end":{"line":128,"column":108}},"76":{"start":{"line":129,"column":36},"end":{"line":129,"column":106}},"77":{"start":{"line":131,"column":16},"end":{"line":131,"column":30}},"78":{"start":{"line":132,"column":27},"end":{"line":132,"column":29}},"79":{"start":{"line":133,"column":16},"end":{"line":138,"column":17}},"80":{"start":{"line":134,"column":20},"end":{"line":134,"column":55}},"81":{"start":{"line":136,"column":20},"end":{"line":136,"column":75}},"82":{"start":{"line":136,"column":36},"end":{"line":136,"column":75}},"83":{"start":{"line":137,"column":20},"end":{"line":137,"column":59}},"84":{"start":{"line":142,"column":16},"end":{"line":158,"column":17}},"85":{"start":{"line":143,"column":20},"end":{"line":153,"column":21}},"86":{"start":{"line":144,"column":37},"end":{"line":144,"column":71}},"87":{"start":{"line":145,"column":24},"end":{"line":145,"column":81}},"88":{"start":{"line":145,"column":58},"end":{"line":145,"column":81}},"89":{"start":{"line":147,"column":39},"end":{"line":147,"column":118}},"90":{"start":{"line":149,"column":24},"end":{"line":149,"column":53}},"91":{"start":{"line":151,"column":24},"end":{"line":151,"column":52}},"92":{"start":{"line":152,"column":24},"end":{"line":152,"column":34}},"93":{"start":{"line":155,"column":20},"end":{"line":155,"column":34}},"94":{"start":{"line":157,"column":20},"end":{"line":157,"column":75}},"95":{"start":{"line":171,"column":28},"end":{"line":171,"column":100}},"96":{"start":{"line":172,"column":36},"end":{"line":172,"column":106}},"97":{"start":{"line":173,"column":34},"end":{"line":173,"column":106}},"98":{"start":{"line":175,"column":16},"end":{"line":175,"column":30}},"99":{"start":{"line":176,"column":27},"end":{"line":176,"column":29}},"100":{"start":{"line":177,"column":16},"end":{"line":182,"column":17}},"101":{"start":{"line":178,"column":20},"end":{"line":178,"column":54}},"102":{"start":{"line":180,"column":20},"end":{"line":180,"column":74}},"103":{"start":{"line":180,"column":36},"end":{"line":180,"column":74}},"104":{"start":{"line":181,"column":20},"end":{"line":181,"column":60}},"105":{"start":{"line":183,"column":16},"end":{"line":198,"column":17}},"106":{"start":{"line":184,"column":20},"end":{"line":194,"column":21}},"107":{"start":{"line":185,"column":37},"end":{"line":185,"column":47}},"108":{"start":{"line":186,"column":24},"end":{"line":186,"column":81}},"109":{"start":{"line":186,"column":58},"end":{"line":186,"column":81}},"110":{"start":{"line":188,"column":39},"end":{"line":188,"column":117}},"111":{"start":{"line":190,"column":24},"end":{"line":190,"column":53}},"112":{"start":{"line":192,"column":24},"end":{"line":192,"column":52}},"113":{"start":{"line":193,"column":24},"end":{"line":193,"column":34}},"114":{"start":{"line":196,"column":20},"end":{"line":196,"column":34}},"115":{"start":{"line":197,"column":20},"end":{"line":197,"column":75}},"116":{"start":{"line":202,"column":8},"end":{"line":202,"column":25}},"117":{"start":{"line":205,"column":17},"end":{"line":205,"column":49}},"118":{"start":{"line":206,"column":4},"end":{"line":206,"column":18}}},"fnMap":{"0":{"name":"(anonymous_0)","decl":{"start":{"line":3,"column":19},"end":{"line":3,"column":20}},"loc":{"start":{"line":3,"column":31},"end":{"line":3,"column":561}},"line":3},"1":{"name":"defineProperties","decl":{"start":{"line":3,"column":42},"end":{"line":3,"column":58}},"loc":{"start":{"line":3,"column":74},"end":{"line":3,"column":349}},"line":3},"2":{"name":"(anonymous_2)","decl":{"start":{"line":3,"column":357},"end":{"line":3,"column":358}},"loc":{"start":{"line":3,"column":405},"end":{"line":3,"column":558}},"line":3},"3":{"name":"_classCallCheck","decl":{"start":{"line":5,"column":9},"end":{"line":5,"column":24}},"loc":{"start":{"line":5,"column":48},"end":{"line":5,"column":153}},"line":5},"4":{"name":"(anonymous_4)","decl":{"start":{"line":16,"column":17},"end":{"line":16,"column":18}},"loc":{"start":{"line":16,"column":29},"end":{"line":207,"column":1}},"line":16},"5":{"name":"(anonymous_5)","decl":{"start":{"line":25,"column":20},"end":{"line":25,"column":21}},"loc":{"start":{"line":25,"column":32},"end":{"line":203,"column":5}},"line":25},"6":{"name":"ICSmodule","decl":{"start":{"line":27,"column":17},"end":{"line":27,"column":26}},"loc":{"start":{"line":27,"column":29},"end":{"line":36,"column":9}},"line":27},"7":{"name":"generateICS","decl":{"start":{"line":49,"column":34},"end":{"line":49,"column":45}},"loc":{"start":{"line":49,"column":48},"end":{"line":114,"column":13}},"line":49},"8":{"name":"(anonymous_8)","decl":{"start":{"line":94,"column":91},"end":{"line":94,"column":92}},"loc":{"start":{"line":94,"column":104},"end":{"line":101,"column":33}},"line":94},"9":{"name":"(anonymous_9)","decl":{"start":{"line":96,"column":49},"end":{"line":96,"column":50}},"loc":{"start":{"line":96,"column":63},"end":{"line":100,"column":37}},"line":96},"10":{"name":"absences","decl":{"start":{"line":126,"column":34},"end":{"line":126,"column":42}},"loc":{"start":{"line":126,"column":45},"end":{"line":159,"column":13}},"line":126},"11":{"name":"members","decl":{"start":{"line":170,"column":34},"end":{"line":170,"column":41}},"loc":{"start":{"line":170,"column":44},"end":{"line":199,"column":13}},"line":170}},"branchMap":{"0":{"loc":{"start":{"line":3,"column":168},"end":{"line":3,"column":198}},"type":"binary-expr","locations":[{"start":{"line":3,"column":168},"end":{"line":3,"column":189}},{"start":{"line":3,"column":193},"end":{"line":3,"column":198}}],"line":3},"1":{"loc":{"start":{"line":3,"column":232},"end":{"line":3,"column":286}},"type":"if","locations":[{"start":{"line":3,"column":232},"end":{"line":3,"column":286}},{"start":{"line":3,"column":232},"end":{"line":3,"column":286}}],"line":3},"2":{"loc":{"start":{"line":3,"column":407},"end":{"line":3,"column":475}},"type":"if","locations":[{"start":{"line":3,"column":407},"end":{"line":3,"column":475}},{"start":{"line":3,"column":407},"end":{"line":3,"column":475}}],"line":3},"3":{"loc":{"start":{"line":3,"column":476},"end":{"line":3,"column":536}},"type":"if","locations":[{"start":{"line":3,"column":476},"end":{"line":3,"column":536}},{"start":{"line":3,"column":476},"end":{"line":3,"column":536}}],"line":3},"4":{"loc":{"start":{"line":5,"column":50},"end":{"line":5,"column":151}},"type":"if","locations":[{"start":{"line":5,"column":50},"end":{"line":5,"column":151}},{"start":{"line":5,"column":50},"end":{"line":5,"column":151}}],"line":5},"5":{"loc":{"start":{"line":28,"column":23},"end":{"line":28,"column":93}},"type":"cond-expr","locations":[{"start":{"line":28,"column":76},"end":{"line":28,"column":88}},{"start":{"line":28,"column":91},"end":{"line":28,"column":93}}],"line":28},"6":{"loc":{"start":{"line":28,"column":23},"end":{"line":28,"column":73}},"type":"binary-expr","locations":[{"start":{"line":28,"column":23},"end":{"line":28,"column":43}},{"start":{"line":28,"column":47},"end":{"line":28,"column":73}}],"line":28},"7":{"loc":{"start":{"line":50,"column":27},"end":{"line":50,"column":105}},"type":"cond-expr","locations":[{"start":{"line":50,"column":80},"end":{"line":50,"column":92}},{"start":{"line":50,"column":95},"end":{"line":50,"column":105}}],"line":50},"8":{"loc":{"start":{"line":50,"column":27},"end":{"line":50,"column":77}},"type":"binary-expr","locations":[{"start":{"line":50,"column":27},"end":{"line":50,"column":47}},{"start":{"line":50,"column":51},"end":{"line":50,"column":77}}],"line":50},"9":{"loc":{"start":{"line":51,"column":26},"end":{"line":51,"column":98}},"type":"cond-expr","locations":[{"start":{"line":51,"column":79},"end":{"line":51,"column":91}},{"start":{"line":51,"column":94},"end":{"line":51,"column":98}}],"line":51},"10":{"loc":{"start":{"line":51,"column":26},"end":{"line":51,"column":76}},"type":"binary-expr","locations":[{"start":{"line":51,"column":26},"end":{"line":51,"column":46}},{"start":{"line":51,"column":50},"end":{"line":51,"column":76}}],"line":51},"11":{"loc":{"start":{"line":52,"column":29},"end":{"line":52,"column":106}},"type":"cond-expr","locations":[{"start":{"line":52,"column":82},"end":{"line":52,"column":94}},{"start":{"line":52,"column":97},"end":{"line":52,"column":106}}],"line":52},"12":{"loc":{"start":{"line":52,"column":29},"end":{"line":52,"column":79}},"type":"binary-expr","locations":[{"start":{"line":52,"column":29},"end":{"line":52,"column":49}},{"start":{"line":52,"column":53},"end":{"line":52,"column":79}}],"line":52},"13":{"loc":{"start":{"line":55,"column":16},"end":{"line":58,"column":17}},"type":"if","locations":[{"start":{"line":55,"column":16},"end":{"line":58,"column":17}},{"start":{"line":55,"column":16},"end":{"line":58,"column":17}}],"line":55},"14":{"loc":{"start":{"line":56,"column":20},"end":{"line":56,"column":82}},"type":"if","locations":[{"start":{"line":56,"column":20},"end":{"line":56,"column":82}},{"start":{"line":56,"column":20},"end":{"line":56,"column":82}}],"line":56},"15":{"loc":{"start":{"line":60,"column":16},"end":{"line":63,"column":17}},"type":"if","locations":[{"start":{"line":60,"column":16},"end":{"line":63,"column":17}},{"start":{"line":60,"column":16},"end":{"line":63,"column":17}}],"line":60},"16":{"loc":{"start":{"line":61,"column":20},"end":{"line":61,"column":76}},"type":"if","locations":[{"start":{"line":61,"column":20},"end":{"line":61,"column":76}},{"start":{"line":61,"column":20},"end":{"line":61,"column":76}}],"line":61},"17":{"loc":{"start":{"line":65,"column":16},"end":{"line":68,"column":17}},"type":"if","locations":[{"start":{"line":65,"column":16},"end":{"line":68,"column":17}},{"start":{"line":65,"column":16},"end":{"line":68,"column":17}}],"line":65},"18":{"loc":{"start":{"line":65,"column":55},"end":{"line":65,"column":65}},"type":"binary-expr","locations":[{"start":{"line":65,"column":55},"end":{"line":65,"column":59}},{"start":{"line":65,"column":63},"end":{"line":65,"column":65}}],"line":65},"19":{"loc":{"start":{"line":66,"column":20},"end":{"line":66,"column":83}},"type":"if","locations":[{"start":{"line":66,"column":20},"end":{"line":66,"column":83}},{"start":{"line":66,"column":20},"end":{"line":66,"column":83}}],"line":66},"20":{"loc":{"start":{"line":71,"column":16},"end":{"line":111,"column":17}},"type":"switch","locations":[{"start":{"line":72,"column":20},"end":{"line":107,"column":25}},{"start":{"line":109,"column":20},"end":{"line":110,"column":106}}],"line":71},"21":{"loc":{"start":{"line":77,"column":32},"end":{"line":77,"column":104}},"type":"if","locations":[{"start":{"line":77,"column":32},"end":{"line":77,"column":104}},{"start":{"line":77,"column":32},"end":{"line":77,"column":104}}],"line":77},"22":{"loc":{"start":{"line":78,"column":32},"end":{"line":80,"column":33}},"type":"if","locations":[{"start":{"line":78,"column":32},"end":{"line":80,"column":33}},{"start":{"line":78,"column":32},"end":{"line":80,"column":33}}],"line":78},"23":{"loc":{"start":{"line":79,"column":36},"end":{"line":79,"column":155}},"type":"if","locations":[{"start":{"line":79,"column":36},"end":{"line":79,"column":155}},{"start":{"line":79,"column":36},"end":{"line":79,"column":155}}],"line":79},"24":{"loc":{"start":{"line":83,"column":32},"end":{"line":85,"column":33}},"type":"if","locations":[{"start":{"line":83,"column":32},"end":{"line":85,"column":33}},{"start":{"line":83,"column":32},"end":{"line":85,"column":33}}],"line":83},"25":{"loc":{"start":{"line":97,"column":65},"end":{"line":97,"column":90}},"type":"binary-expr","locations":[{"start":{"line":97,"column":65},"end":{"line":97,"column":76}},{"start":{"line":97,"column":80},"end":{"line":97,"column":90}}],"line":97},"26":{"loc":{"start":{"line":98,"column":40},"end":{"line":98,"column":80}},"type":"if","locations":[{"start":{"line":98,"column":40},"end":{"line":98,"column":80}},{"start":{"line":98,"column":40},"end":{"line":98,"column":80}}],"line":98},"27":{"loc":{"start":{"line":99,"column":40},"end":{"line":99,"column":79}},"type":"if","locations":[{"start":{"line":99,"column":40},"end":{"line":99,"column":79}},{"start":{"line":99,"column":40},"end":{"line":99,"column":79}}],"line":99},"28":{"loc":{"start":{"line":127,"column":28},"end":{"line":127,"column":100}},"type":"cond-expr","locations":[{"start":{"line":127,"column":81},"end":{"line":127,"column":93}},{"start":{"line":127,"column":96},"end":{"line":127,"column":100}}],"line":127},"29":{"loc":{"start":{"line":127,"column":28},"end":{"line":127,"column":78}},"type":"binary-expr","locations":[{"start":{"line":127,"column":28},"end":{"line":127,"column":48}},{"start":{"line":127,"column":52},"end":{"line":127,"column":78}}],"line":127},"30":{"loc":{"start":{"line":128,"column":36},"end":{"line":128,"column":108}},"type":"cond-expr","locations":[{"start":{"line":128,"column":89},"end":{"line":128,"column":101}},{"start":{"line":128,"column":104},"end":{"line":128,"column":108}}],"line":128},"31":{"loc":{"start":{"line":128,"column":36},"end":{"line":128,"column":86}},"type":"binary-expr","locations":[{"start":{"line":128,"column":36},"end":{"line":128,"column":56}},{"start":{"line":128,"column":60},"end":{"line":128,"column":86}}],"line":128},"32":{"loc":{"start":{"line":129,"column":36},"end":{"line":129,"column":106}},"type":"cond-expr","locations":[{"start":{"line":129,"column":89},"end":{"line":129,"column":101}},{"start":{"line":129,"column":104},"end":{"line":129,"column":106}}],"line":129},"33":{"loc":{"start":{"line":129,"column":36},"end":{"line":129,"column":86}},"type":"binary-expr","locations":[{"start":{"line":129,"column":36},"end":{"line":129,"column":56}},{"start":{"line":129,"column":60},"end":{"line":129,"column":86}}],"line":129},"34":{"loc":{"start":{"line":136,"column":20},"end":{"line":136,"column":75}},"type":"if","locations":[{"start":{"line":136,"column":20},"end":{"line":136,"column":75}},{"start":{"line":136,"column":20},"end":{"line":136,"column":75}}],"line":136},"35":{"loc":{"start":{"line":142,"column":16},"end":{"line":158,"column":17}},"type":"if","locations":[{"start":{"line":142,"column":16},"end":{"line":158,"column":17}},{"start":{"line":142,"column":16},"end":{"line":158,"column":17}}],"line":142},"36":{"loc":{"start":{"line":142,"column":20},"end":{"line":142,"column":54}},"type":"binary-expr","locations":[{"start":{"line":142,"column":20},"end":{"line":142,"column":35}},{"start":{"line":142,"column":39},"end":{"line":142,"column":54}}],"line":142},"37":{"loc":{"start":{"line":145,"column":24},"end":{"line":145,"column":81}},"type":"if","locations":[{"start":{"line":145,"column":24},"end":{"line":145,"column":81}},{"start":{"line":145,"column":24},"end":{"line":145,"column":81}}],"line":145},"38":{"loc":{"start":{"line":145,"column":29},"end":{"line":145,"column":48}},"type":"binary-expr","locations":[{"start":{"line":145,"column":29},"end":{"line":145,"column":42}},{"start":{"line":145,"column":46},"end":{"line":145,"column":48}}],"line":145},"39":{"loc":{"start":{"line":171,"column":28},"end":{"line":171,"column":100}},"type":"cond-expr","locations":[{"start":{"line":171,"column":81},"end":{"line":171,"column":93}},{"start":{"line":171,"column":96},"end":{"line":171,"column":100}}],"line":171},"40":{"loc":{"start":{"line":171,"column":28},"end":{"line":171,"column":78}},"type":"binary-expr","locations":[{"start":{"line":171,"column":28},"end":{"line":171,"column":48}},{"start":{"line":171,"column":52},"end":{"line":171,"column":78}}],"line":171},"41":{"loc":{"start":{"line":172,"column":36},"end":{"line":172,"column":106}},"type":"cond-expr","locations":[{"start":{"line":172,"column":89},"end":{"line":172,"column":101}},{"start":{"line":172,"column":104},"end":{"line":172,"column":106}}],"line":172},"42":{"loc":{"start":{"line":172,"column":36},"end":{"line":172,"column":86}},"type":"binary-expr","locations":[{"start":{"line":172,"column":36},"end":{"line":172,"column":56}},{"start":{"line":172,"column":60},"end":{"line":172,"column":86}}],"line":172},"43":{"loc":{"start":{"line":173,"column":34},"end":{"line":173,"column":106}},"type":"cond-expr","locations":[{"start":{"line":173,"column":87},"end":{"line":173,"column":99}},{"start":{"line":173,"column":102},"end":{"line":173,"column":106}}],"line":173},"44":{"loc":{"start":{"line":173,"column":34},"end":{"line":173,"column":84}},"type":"binary-expr","locations":[{"start":{"line":173,"column":34},"end":{"line":173,"column":54}},{"start":{"line":173,"column":58},"end":{"line":173,"column":84}}],"line":173},"45":{"loc":{"start":{"line":180,"column":20},"end":{"line":180,"column":74}},"type":"if","locations":[{"start":{"line":180,"column":20},"end":{"line":180,"column":74}},{"start":{"line":180,"column":20},"end":{"line":180,"column":74}}],"line":180},"46":{"loc":{"start":{"line":183,"column":16},"end":{"line":198,"column":17}},"type":"if","locations":[{"start":{"line":183,"column":16},"end":{"line":198,"column":17}},{"start":{"line":183,"column":16},"end":{"line":198,"column":17}}],"line":183},"47":{"loc":{"start":{"line":183,"column":20},"end":{"line":183,"column":54}},"type":"binary-expr","locations":[{"start":{"line":183,"column":20},"end":{"line":183,"column":35}},{"start":{"line":183,"column":39},"end":{"line":183,"column":54}}],"line":183},"48":{"loc":{"start":{"line":186,"column":24},"end":{"line":186,"column":81}},"type":"if","locations":[{"start":{"line":186,"column":24},"end":{"line":186,"column":81}},{"start":{"line":186,"column":24},"end":{"line":186,"column":81}}],"line":186},"49":{"loc":{"start":{"line":186,"column":29},"end":{"line":186,"column":48}},"type":"binary-expr","locations":[{"start":{"line":186,"column":29},"end":{"line":186,"column":42}},{"start":{"line":186,"column":46},"end":{"line":186,"column":48}}],"line":186}},"s":{"0":1,"1":1,"2":1,"3":3,"4":3,"5":3,"6":3,"7":3,"8":3,"9":1,"10":1,"11":1,"12":1,"13":0,"14":1,"15":1,"16":0,"17":1,"18":1,"19":1,"20":1,"21":1,"22":1,"23":1,"24":1,"25":1,"26":1,"27":1,"28":1,"29":1,"30":1,"31":1,"32":1,"33":0,"34":0,"35":0,"36":0,"37":0,"38":0,"39":0,"40":0,"41":0,"42":0,"43":0,"44":0,"45":0,"46":0,"47":0,"48":0,"49":0,"50":0,"51":0,"52":0,"53":0,"54":0,"55":0,"56":0,"57":0,"58":0,"59":0,"60":0,"61":0,"62":0,"63":0,"64":0,"65":0,"66":0,"67":0,"68":0,"69":0,"70":0,"71":0,"72":0,"73":0,"74":16,"75":16,"76":16,"77":16,"78":16,"79":16,"80":16,"81":0,"82":0,"83":0,"84":16,"85":14,"86":14,"87":14,"88":0,"89":14,"90":14,"91":0,"92":0,"93":2,"94":2,"95":152,"96":152,"97":152,"98":152,"99":152,"100":152,"101":152,"102":0,"103":0,"104":0,"105":152,"106":150,"107":150,"108":150,"109":0,"110":150,"111":150,"112":0,"113":0,"114":2,"115":2,"116":1,"117":1,"118":1},"f":{"0":1,"1":1,"2":1,"3":1,"4":1,"5":1,"6":1,"7":0,"8":0,"9":0,"10":16,"11":152},"b":{"0":[3,3],"1":[3,0],"2":[1,0],"3":[0,1],"4":[0,1],"5":[1,0],"6":[1,1],"7":[0,0],"8":[0,0],"9":[0,0],"10":[0,0],"11":[0,0],"12":[0,0],"13":[0,0],"14":[0,0],"15":[0,0],"16":[0,0],"17":[0,0],"18":[0,0],"19":[0,0],"20":[0,0],"21":[0,0],"22":[0,0],"23":[0,0],"24":[0,0],"25":[0,0],"26":[0,0],"27":[0,0],"28":[16,0],"29":[16,16],"30":[16,0],"31":[16,16],"32":[0,16],"33":[16,0],"34":[0,0],"35":[14,2],"36":[16,14],"37":[0,14],"38":[14,0],"39":[152,0],"40":[152,152],"41":[4,148],"42":[152,4],"43":[4,148],"44":[152,4],"45":[0,0],"46":[150,2],"47":[152,151],"48":[0,150],"49":[150,0]},"inputSourceMap":{"version":3,"sources":["ics.module.js"],"names":["module","exports","XDB","require","notify","isObject","isFalsy","head","ICSmodule","opts","debug","d","type","uId","dbName","Number","availableAbsenceTypes","indexOf","userOutput","memberData","members","userId","length","user","userAbsencesList","absences","calEvents","createICalEvents","populateICalEvents","then","z","map","Object","keys","el","done","created","error","query","includeMember","searchByLimit","data","absencesDB","err","Promise","reject","filter","arrAsync","queryFilter","assignMember","all","showAbsence","membersDB","assignAbsences","ICSExt"],"mappings":";;;;;;AACA;AACA;;;;;;;;AAQAA,OAAOC,OAAP,GAAiB,YAAM;AACnB,QAAMC,MAAMC,QAAQ,uBAAR,GAAZ;;AADmB,mBAEyBA,QAAQ,SAAR,CAFzB;AAAA,QAEXC,MAFW,YAEXA,MAFW;AAAA,QAEHC,QAFG,YAEHA,QAFG;AAAA,QAEOC,OAFP,YAEOA,OAFP;AAAA,QAEgBC,IAFhB,YAEgBA,IAFhB;;AAAA,QAIbC,SAJa;AAKf;AACA,6BAA8B;AAAA,gBAAlBC,IAAkB,uEAAX,EAAW;AAAA,gBAAPC,KAAO;;AAAA;;AAC1B,iBAAKA,KAAL,GAAaA,KAAb;AACA,iBAAKC,CAAL,GAAS,IAAT,CAF0B,CAEZ;AACd,iBAAKT,GAAL,GAAW,IAAIA,GAAJ,EAAX,CAH0B,CAGL;AACxB;;AAED;;;;;;;;;AAZe;AAAA;AAAA,gDAmBsD;AAAA,oBAAnDU,IAAmD,uEAA5C,UAA4C;AAAA,oBAAhCC,GAAgC,uEAA1B,IAA0B;AAAA,oBAApBC,MAAoB,uEAAX,SAAW;;;AAEjE,oBAAI,CAACA,MAAL,EAAa;AACT,wBAAI,KAAKJ,KAAT,EAAgBN,OAAO,kCAAP,EAA2C,CAA3C;AAChB,2BAAO,EAAP;AACH;;AAED,oBAAIW,OAAOF,GAAP,IAAc,CAAlB,EAAqB;AACjB,wBAAI,KAAKH,KAAT,EAAgBN,OAAO,4BAAP,EAAqC,CAArC;AAChB,2BAAO,EAAP;AACH;;AAED,oBAAI,KAAKY,qBAAL,CAA2BC,OAA3B,CAAmCL,QAAQ,EAA3C,MAAmD,CAAC,CAAxD,EAA2D;AACvD,wBAAI,KAAKF,KAAT,EAAgBN,OAAO,mCAAP,EAA4C,CAA5C;AAChB,2BAAO,EAAP;AACH;;AAED,oBAAIc,aAAa,EAAjB;AACA,wBAAQJ,MAAR;AACI,yBAAK,SAAL;AAAgB;;AAEZ,gCAAI;AACA,oCAAMK,aAAa,MAAM,KAAKC,OAAL,CAAa,EAAEC,QAAQR,GAAV,EAAb,CAAzB;AACA,oCAAI,CAACM,WAAWG,MAAhB,EAAwB,iCAAgCT,GAAhC;AACxB,oCAAIM,WAAWG,MAAX,GAAoB,CAAxB,EAA2B;AACvB,wCAAI,KAAKZ,KAAT,EAAgBN,qDAAmDS,GAAnD,4CAA+F,CAA/F;AACnB;;AAED,oCAAMU,OAAOhB,KAAKY,UAAL,CAAb;AACA,oCAAI,CAACI,IAAL,EAAW;AACP;AACH;;AAVD,oCAYQF,MAZR,GAYmBE,IAZnB,CAYQF,MAZR,EAYwB;;AACxB,oCAAMG,mBAAmB,MAAM,KAAKC,QAAL,CAAc,EAAEJ,cAAF,EAAUT,UAAV,EAAd,EAAgC,IAAhC,EAAsC,CAAC,QAAD,EAAWA,IAAX,CAAtC,CAA/B;;AAEA;AACA,oCAAMc,YAAY,KAAKC,gBAAL,CAAsBH,gBAAtB,CAAlB;AACA;AACAN,6CAAa,MAAM,KAAKU,kBAAL,CAAwBF,SAAxB,EAAmCG,IAAnC,CAAwC,aAAK;AAC5D;AACA,2CAAOC,EAAEC,GAAF,CAAM,cAAM;AACf,4CAAMV,SAASW,OAAOC,IAAP,CAAYC,GAAG,OAAH,KAAeA,GAAG,MAAH,CAA3B,EAAuC,CAAvC,CAAf,CADe,CAC0C;AACzD,4CAAIA,GAAGC,IAAP,EAAa,OAAO,EAAEC,SAASf,MAAX,EAAP;AACb,4CAAIa,GAAGG,KAAP,EAAc,OAAO,EAAEA,OAAOhB,MAAT,EAAP;AACjB,qCAJM,CAAP;AAKH,iCAPkB,CAAnB;AASH,6BA3BD,CA2BE,OAAOgB,KAAP,EAAc;AACZjC,uCAAO,EAAEiC,YAAF,EAAP,EAAkB,CAAlB;AACH;;AAED;AACH;;AAED;AACIjC,gEAAsCU,MAAtC,iCAA0E,CAA1E;AAtCR;;AAyCA,uBAAOI,UAAP;AACH;;AAED;;;;;;;;AAjFe;AAAA;AAAA,6CAwFwD;AAAA,oBAAxDoB,KAAwD,uEAAhD,IAAgD;AAAA,oBAA1CC,aAA0C,uEAA1B,IAA0B;AAAA,oBAApBC,aAAoB,uEAAJ,EAAI;;AACnE,qBAAK7B,CAAL,GAAS,IAAT;AACA,oBAAI8B,OAAO,EAAX;AACA,oBAAI;AACAA,2BAAO,MAAM,KAAKvC,GAAL,CAASwC,UAAT,EAAb;AACH,iBAFD,CAEE,OAAOC,GAAP,EAAY;AACV,wBAAI,KAAKjC,KAAT,EAAgBN,OAAO,2BAAP,EAAoC,CAApC;AAChB,2BAAOwC,QAAQC,MAAR,CAAe,eAAf,CAAP;AACH;;AAED;AACA;AACA,oBAAIxC,SAASiC,KAAT,KAAmB,CAAChC,QAAQgC,KAAR,CAAxB,EAAwC;AACpC,wBAAI;AACA,4BAAIQ,SAAS,CAAC,QAAD,EAAW,WAAX,EAAwB,SAAxB,CAAb,CADA,CACgD;AAChD,4BAAI,CAACN,iBAAiB,EAAlB,EAAsBlB,MAA1B,EAAkCwB,SAASN,aAAT;AAClC;AACA,4BAAMO,WAAW,KAAKC,WAAL,CAAiBP,IAAjB,EAAuBH,KAAvB,EAA8BQ,MAA9B,EAAsC,UAAtC,EACZG,YADY,CACCV,aADD,EACgB5B,CADjC;;AAGA,+BAAOiC,QAAQM,GAAR,CAAYH,QAAZ,CAAP;AACH,qBARD,CAQE,OAAOV,KAAP,EAAc;AACZjC,+BAAO,EAAEiC,YAAF,EAAP,EAAkB,CAAlB;AACA,+BAAO,EAAP;AACH;AACJ,iBAbD,MAaO;AACH,yBAAK1B,CAAL,GAAS8B,IAAT;AACA;AACA,2BAAOG,QAAQM,GAAR,CAAY,KAAKD,YAAL,CAAkBV,aAAlB,EAAiC5B,CAA7C,CAAP;AACH;AACJ;;AAED;;;;;;;AAxHe;AAAA;AAAA,4CA8HqD;AAAA,oBAAtD2B,KAAsD,uEAA9C,IAA8C;AAAA,oBAAxCE,aAAwC,uEAAxB,EAAwB;AAAA,oBAApBW,WAAoB,uEAAN,IAAM;;AAChE,qBAAKxC,CAAL,GAAS,IAAT;AACA,oBAAI8B,OAAO,EAAX;AACA,oBAAI;AACAA,2BAAO,MAAM,KAAKvC,GAAL,CAASkD,SAAT,EAAb;AACH,iBAFD,CAEE,OAAOT,GAAP,EAAY;AACV,wBAAI,KAAKjC,KAAT,EAAgBN,OAAO,0BAAP,EAAmC,CAAnC;AAChB,2BAAOwC,QAAQC,MAAR,CAAe,gBAAf,CAAP;AACH;AACD,oBAAIxC,SAASiC,KAAT,KAAmB,CAAChC,QAAQgC,KAAR,CAAxB,EAAwC;AACpC,wBAAI;AACA,4BAAIQ,SAAS,CAAC,QAAD,CAAb,CADA,CACwB;AACxB,4BAAI,CAACN,iBAAiB,EAAlB,EAAsBlB,MAA1B,EAAkCwB,SAASN,aAAT;AAClC;AACA,4BAAMO,WAAW,KAAKC,WAAL,CAAiBP,IAAjB,EAAuBH,KAAvB,EAA8BQ,MAA9B,EAAsC,SAAtC,EACZO,cADY,CACGF,WADH,EACgBxC,CADjC;;AAGA,+BAAOiC,QAAQM,GAAR,CAAYH,QAAZ,CAAP;AACH,qBARD,CAQE,OAAOV,KAAP,EAAc;AACZjC,+BAAO,EAAEiC,YAAF,EAAP,EAAkB,CAAlB;AACA,+BAAO,EAAP;AACH;AACJ,iBAbD,MAaO;AACH,yBAAK1B,CAAL,GAAS8B,IAAT;AACA,2BAAOG,QAAQM,GAAR,CAAY,KAAKG,cAAL,CAAoBF,WAApB,EAAiCxC,CAA7C,CAAP;AACH;AACJ;AAxJc;;AAAA;AAAA;;AA2JnB,QAAM2C,SAASnD,QAAQ,YAAR,EAAsBK,SAAtB,CAAf;AACA,WAAO8C,MAAP;AACH,CA7JD","file":"ics.module.js","sourceRoot":"X:/workflow/open-projects/ics-calendar/libs/ics","sourcesContent":["\r\n`use strict`\r\n/** \r\n * @ICS\r\n * - calendar file handler class, used to generate `.i
[...]
(item).event()\r\n                    if (!eventData) continue\r\n                    eventsArr.push(eventData)\r\n                } catch (error) {\r\n                    continue\r\n                }     \r\n            }\r\n            return eventsArr\r\n        }\r\n\r\n        /** \r\n         * - `ics.createEvent` populate .ics files\r\n         * @param {array} eventsArr  array created by `createICalEvents`\r\n        */\r\n        async populateICalEvents(eventsArr = []) {\r\n\r\n            function genIcal(eventData) {\r\n                const defer = sq()\r\n\r\n                ics.createEvent(eventData, (error, value) => {\r\n                    if (error) return defer.reject({ [eventData.productId]: error })\r\n\r\n                    const icsFilePath = config.ics.filePath           \r\n                    fs.writeFile(path.join(icsFilePath, `./${eventData.productId}_event.ics`), value, err => {\r\n                        if (err) return defer.reject({ [eventData.productId]: err })\r\n                        defer.resolve({ [eventData.productId]: value })\r\n                    })\r\n                })\r\n\r\n                return defer.promise()\r\n            }\r\n\r\n            const deneratedResults = []\r\n            for (let inx = 0; inx < eventsArr.length; inx++) {\r\n                // add `created` and `error` properties to handle user outputs called by `generateICS`\r\n                try {\r\n                    deneratedResults.push({ created: await genIcal(eventsArr[inx]) })\r\n                } catch (error) {\r\n                    notify({ error, populateICalEvents: true }, 1)\r\n                    deneratedResults.push({ error: { [Object.keys(error)[0]]: true } })\r\n                }\r\n\r\n            }\r\n            return deneratedResults\r\n        }\r\n        \r\n        get availableAbsenceTypes() {\r\n            return ['sickness', 'vacation' ]\r\n        }\r\n\r\n        /** \r\n         * produce formated message based on absenceType and memberName\r\n         * @param {string} absenceType\r\n        */\r\n        typeSetMessage(memberName, absenceType = '') {\r\n            let message\r\n            switch (absenceType) {\r\n                case 'sickness':\r\n                    message = `${memberName} is sick`\r\n                    break\r\n                case 'vacation':\r\n                    message = `${memberName} is on vacation`\r\n                    break\r\n                default:\r\n                    if (this.debug) notify(`[typeSetMessage] wrong absenceType: ${absenceType}`, 0)\r\n            }\r\n            return message\r\n        }\r\n\r\n        /** \r\n         * \r\n         * - performs validation against `requiredFields`, and generates new ics event file based on `ics` npm package `https://www.npmjs.com/package/ics`\r\n         * - to execute call: `CreateEventData({...}).event()`\r\n         * @param {object} absenceWithMember data to parse new even\r\n         * @returns valid event object or null\r\n        */\r\n        CreateEventData(absenceWithMember) {\r\n\r\n            const self = this\r\n            \r\n            // const absenceMemberExample = {\r\n            //     absence_days: [5], refer to duration\r\n            //     admitterNote: \"some notice to add\", << use this if `memberNote` is lesser then\r\n\r\n            // NOTE  NOT TOO SURE WHAT TAKES PRIORITY HERE\r\n            //     confirmedAt: \"2017-01-27T17:35:03.000+01:00\",  << refer to lastModified\r\n            //     createdAt: \"2017-01-25T11:06:19.000+01:00\", << refer to created\r\n            //     startDate: \"2017-02-23\", <<  refer to start\r\n            //     endDate: \"2017-03-11\",  refer to end \r\n\r\n            //     rejectedAt: null, << if endDate not set\r\n            //     id: 2909, << refers to productId\r\n            //     memberNote: \"blah\", << use this if `admitterNote` is lesser then\r\n            //     lastModified:   refers to lastModified\r\n            //     admitterId:123, NOTE refers to organizer ?? \r\n            //     type: \"vacation\",\r\n\r\n            //     // member: {\r\n            //     //     name: \"Sandra\"\r\n            //     // }\r\n            // }\r\n\r\n            /** \r\n             * `ics offset notes vs moment/date format:`\r\n             * - date properties, for example: `created=[2017,1,2,0]` render: `2017-1-2` but, standard date/moment.js format would render `2017-0-1`, The month and date index counts from 0 (+1) < fixed with `icsDateAdjustment`\r\n             * - `absenceMember` is an absence document with `member:{}` property\r\n            */\r\n            return (new function (absenceMember) {\r\n                if (isFalsy(absenceMember) || !isObject(absenceMember)) {\r\n                    throw ('absenceMember must not be empty')\r\n                }\r\n                const { createdAt, startDate, endDate, type, member, absence_days, confirmedAt, rejectedAt, admitterNote, memberNote, id, admitterId } = absenceMember || {}\r\n\r\n                const icsDateAdjustment = (dataArr, increment = 1) => {\r\n                    return dataArr.map((n, inx) => inx === 0 ? n : (inx > 0 && inx < 3) ? n + increment : n)\r\n                }\r\n\r\n                this.created = () => {\r\n                    const c = moment(createdAt || null).isValid() ? moment(createdAt).utc().toArray() : null\r\n                    if (c) c.splice(6) // max size is 6\r\n                    return c ? icsDateAdjustment(c, 1) : null\r\n                }\r\n\r\n                this.start = () => {\r\n                    const c = moment(startDate || null).isValid() ? moment(startDate).toArray() : null\r\n                    if (c) c.splice(6) // max size is 6\r\n                    return c ? icsDateAdjustment(c, 1) : null\r\n                }\r\n\r\n                this.lastModified = () => {\r\n                    const c = moment(confirmedAt || null).isValid() ? moment(confirmedAt).utc().toArray() : null\r\n                    if (c) c.splice(6) // max size is 6\r\n                    return c ? icsDateAdjustment(c, 1) : null\r\n                }\r\n\r\n                // `duration:` or `end:` is required, not both\r\n                this.end = () => {\r\n                    const dateStr = endDate || rejectedAt || null\r\n                    const c = moment(dateStr).isValid() ? moment(endDate).toArray() : null\r\n                    if (c) c.splice(6) // max size is 6\r\n                    return c ? icsDateAdjustment(c, 1) : null\r\n                }\r\n\r\n                this.uid = uuidv4() \r\n                this.productId = id.toString()\r\n\r\n                // NOTE not sure of this format, there is not valid example on absences.db\r\n                this.duration = () => {\r\n                    const d = (absence_days || []).length ? { days: head(absence_days).toString() } : null\r\n                    if (d && Number((d || {}).days) < 1) {\r\n                        if (self.debug) notify('[CreateEventData] absence_days must be gte >0', 0)\r\n                        return null\r\n                    } else return d\r\n                }\r\n\r\n                this.title = () => {\r\n                    try {\r\n                        return self.typeSetMessage(member.name, type)\r\n                    } catch (err) {\r\n                    // member not provided\r\n                        return null\r\n                    }\r\n                }\r\n\r\n                this.description = (admitterNote || '').length > (memberNote || '').length\r\n                    ? admitterNote : memberNote || ''\r\n\r\n                // TENTATIVE, CONFIRMED, CANCELLED\r\n                this.status = this.start && !rejectedAt ? 'CONFIRMED' : rejectedAt ? 'CANCELLED' : 'TENTATIVE'\r\n                // 'BUSY' OR 'FREE' OR 'TENTATIVE' OR 'OOF'\r\n                this.busyStatus = this.status === 'CONFIRMED' ? 'BUSY' : this.status === 'CANCELLED' ? 'OOF' : this.status === 'TENTATIVE' ? 'TENTATIVE' : 'FREE'\r\n            \r\n                // NOTE optional\r\n \r\n                // currently only got type for category\r\n                this.categories = () => {\r\n                    return type ? [type] : null\r\n                }\r\n\r\n                // NOTE note too sure if `admitterId` should be the organizer ?\r\n                this.organizer = () => {\r\n                    return pickBy({ name: 'Admin', email: 'admin@Crewmeister.com', admitterId }, identity)\r\n                }\r\n\r\n                this.event = () => {\r\n                    const env = {\r\n                        productId: this.productId,\r\n                        uid: this.uid,\r\n                        created: this.created(),\r\n                        start: this.start(),\r\n                        end: this.end(),\r\n                        lastModified: this.lastModified(),\r\n                        duration: this.duration(),\r\n                        status: this.status,\r\n                        busyStatus: this.busyStatus,\r\n                        title: this.title(),\r\n                        description: this.description,\r\n                        organizer: this.organizer(), \r\n                        categories: this.categories()\r\n                    }\r\n\r\n                    // NOTE can only allow 1 end time\r\n                    if (env['duration']) delete env['end']\r\n\r\n                    const requiredFields = ['uid', 'productId', 'created' /*, 'start' */, ['end', 'duration'], 'status', 'busyStatus', 'title']\r\n\r\n                    // exclude any empty props\r\n                    let validEnv = pickBy(env, identity)\r\n                    const lastTest = Object.keys(validEnv).filter(a => {\r\n                      \r\n                        return requiredFields.filter(b => {\r\n                        // at least 1 should match\r\n                            if (isArray(b)) return b.filter(c => a.indexOf(c) !== -1).length > 0\r\n                            // all should match\r\n                            else return a.indexOf(b) !== -1                  \r\n                        }).length\r\n                \r\n                    }).length >= requiredFields.length\r\n\r\n                    if (lastTest) return validEnv\r\n                    else {\r\n                        if (self.debug) notify('[CreateValidEventData] failed [requiredFields,...] validation', 1)\r\n                        return null\r\n                    }\r\n                }\r\n            }(absenceWithMember))\r\n        }\r\n\r\n        /** \r\n         *  - per database record, check if profided query was fulfilled \r\n         * @param {object} query can search thru name properties provided by members/absences database\r\n         */\r\n        Queryfulfilled(query) {\r\n            return (new function () {\r\n                const q = query\r\n                this.query = Object.entries(q).reduce((nn, [key, value]) => {\r\n                    nn.push({ value, match: false, key })\r\n                    return nn\r\n                }, [])\r\n\r\n                this.set = (name) => {\r\n                    this.query.forEach((el) => {\r\n                        if (el['key'] === name) el['match'] = true\r\n                    })\r\n                    return this\r\n                }\r\n\r\n                this.ok = () => {\r\n                    return this.query.filter((item) => item['match'] === true).length === Object.keys(q).length\r\n                }\r\n            }())\r\n        }\r\n\r\n        /**\r\n      * - can query thru all available props in absence database\r\n      * - applied limit to only filter thru `limitedSearch[]` props\r\n      * @param {array} data required\r\n      * @param {object} query required\r\n      * @param {array} limitedSearch array include limit to which items to filter thru\r\n      * @param {string} dbName reference to which db we are performing this filter\r\n      * @returns [] filtered array by query filter\r\n      */\r\n        queryFilter(data = [], query = {}, limitedSearch = [], dbName = '') {\r\n\r\n            if (!limitedSearch || !(limitedSearch || []).length || limitedSearch.indexOf('ALL_ITEMS') !== -1) {\r\n                limitedSearch = ['ALL_ITEMS'] // only limit to these props\r\n            }\r\n\r\n            // when values try to match (string num) === num\r\n            const matched = (val, _with) => {\r\n                if (val === _with) return true\r\n                try {\r\n                    if ((val || '').toString() === _with.toString()) return true\r\n                } catch (err) {\r\n                    // upy\r\n                }\r\n                return false\r\n            }\r\n\r\n            const limit = () => {\r\n                if (limitedSearch.indexOf('ALL_ITEMS') !== -1) return 1\r\n                return limitedSearch.filter(z => {\r\n                    return Object.keys(query).filter(zz => zz === z).length\r\n                }).length\r\n            }\r\n\r\n            // apply limit to block search thru other props\r\n            if (!limit()) {\r\n                if (this.debug) notify('[queryFilter] no match for limitedSearch', 0)\r\n                this.d = []\r\n                return this\r\n            }\r\n            const filteredData = data.reduce((n, el) => {\r\n                try {\r\n                    // only perform if any matching keys are found\r\n                    if (!someKeyMatch(el, query)) return n\r\n                    // const queryMatched = query[key] !== undefined\r\n                    const isStart = el['startDate'] && query['startDate']\r\n                    const isEnd = el['endDate'] && query['endDate']\r\n                    const queryRange = query['startDate'] && query['endDate']\r\n                    // if query has date applied and item also has data\r\n                    if (isStart || isEnd) {\r\n\r\n                        const withStartDate = () => {\r\n                            if (query['startDate'] && el['startDate']) return date(query['startDate']).getTime() <= date(el['startDate']).getTime() && isStart\r\n                            return false\r\n                        }\r\n\r\n                        const withEndDate = () => {\r\n                            if (query['endDate'] && el['endDate']) return date(el['endDate']).getTime() <= date(query['endDate']).getTime() && isEnd\r\n                            return false\r\n                        }\r\n\r\n                        if (withStartDate() && withEndDate()) {\r\n                            n.push(el)\r\n                            return n\r\n                        }\r\n\r\n                        if (withStartDate() && !queryRange) {\r\n                            n.push(el)\r\n                            return n\r\n                        }\r\n\r\n                        if (withEndDate() && !queryRange) {\r\n                            n.push(el)\r\n                            return n\r\n                        }\r\n                    }\r\n\r\n                    const fulfilled = this.Queryfulfilled(query)\r\n                    const notDate = !isStart || !isEnd\r\n\r\n                    // all other query props matching current dataTable\r\n                    if (notDate) {\r\n                        const itemMatched = reduce(query, (nn, val, k) => {\r\n                            if (matched(el[k], val)) {\r\n                                nn.push(true)\r\n                                fulfilled.set(k)\r\n                            }\r\n                            return nn\r\n                        }, []).filter(f => fulfilled.ok())\r\n                        // \r\n                        if (itemMatched.length) n.push(el)\r\n                    }\r\n                    // end of try    \r\n                } catch (error) {\r\n                    notify({ error }, 1)\r\n                }\r\n                return n\r\n            }, [])\r\n           \r\n            // sort all by createdAt  or userId\r\n            this.d = filteredData.sort((a, b) => {\r\n                if (dbName === 'absences') {\r\n                    if (!a['createdAt'] || !b['createdAt']) return 1\r\n                    return new Date(a['createdAt']).getTime() - new Date(b['createdAt']).getTime()\r\n                }\r\n                if (dbName === 'members') {\r\n                    if (!a['userId'] || !b['userId']) return 1\r\n                    return Number(a['userId']) - Number(b['userId'])\r\n                } else return 1\r\n            })\r\n            return this\r\n        }\r\n\r\n        /** \r\n        * @param {boolean} includeMember when set, we grab `this.d` generated by `absences()`,  then execute `members({userId})` for each absence\r\n        * @returns arrAsync including `member:{}` property\r\n       */\r\n        assignMember(includeMember = null) {\r\n          \r\n            if (!includeMember) {\r\n                return this\r\n            }\r\n            const absencesList = (this.d || [])    \r\n            const arrAsync = copy(absencesList).map(async (item) => {\r\n                // conditionaly append `member` \r\n                let member = {}\r\n                try {\r\n                    member = head(await this.members({ userId: item.userId }))\r\n                } catch (error) {\r\n                    // ups\r\n                    notify({ error }, 1)\r\n                }\r\n                    \r\n                // NOTE\r\n                // 1. assing `{member}` to absences/item\r\n                // 2. reduce to only show `name`\r\n                if (member) {\r\n                    item['member'] = reduce(member, (n, el, k) => {\r\n                        if (k === 'name') n['name'] = el\r\n                        return n\r\n                    }, {})\r\n                } else {\r\n                    // return absences/item without member\r\n                    item['member'] = {}\r\n                    if (this.debug) notify(`[absences] no member for userId:${item.userId} found on members.db `, 0)\r\n                }\r\n                    \r\n                return item\r\n            })\r\n\r\n            this.d = arrAsync\r\n            return this\r\n        }\r\n\r\n        /** \r\n        * @param {boolean} includeAbsence when set, we grab `this.d` generated by `members()`,  then execute `absences({userId})` for each member\r\n        * @returns arrAsync including `absences:{}` property\r\n       */\r\n        assignAbsences(includeAbsence = null) {\r\n            if (!includeAbsence) {\r\n                return this\r\n            }\r\n            const memberList = (this.d || [])\r\n\r\n            const arrAsync = copy(memberList).map(async (item) => {\r\n                // conditionaly append `absences` \r\n                let absences = []\r\n                try {\r\n                    absences = await this.absences({ userId: item.userId }, null)\r\n                } catch (error) {\r\n                    // ups\r\n                    notify({ error }, 1)\r\n                }\r\n\r\n                // assing `{absences}` to member/item\r\n                if (absences.length) item['absences'] = absences\r\n                else {\r\n                    // return members/item without absences\r\n                    item['absences'] = []\r\n                    if (this.debug) notify(`[absences] no absences for userId:${item.userId} found on absences.db `, 0)\r\n                }\r\n                return item\r\n            })\r\n\r\n            this.d = arrAsync\r\n            return this\r\n        }\r\n    }\r\n}\r\n"]},"_coverageSchema":"1a1c01bbd47fc00a2c39e90264f33305004495a9","hash":"b71251e7201672ffbf0e5ed8ab68a5b369a4c56f","contentHash":"0bcc6760cd53877d162e916e0f4195c56edaadb235eac99ebbcf3557c2a6bf91"}}