{"X:\\workflow\\open-projects\\ics-calendar\\libs\\server\\server.js":{"path":"X:\\workflow\\open-projects\\ics-calendar\\libs\\server\\server.js","statementMap":{"0":{"start":{"line":1,"column":0},"end":{"line":1,"column":12}},"1":{"start":{"line":3,"column":0},"end":{"line":68,"column":1}},"2":{"start":{"line":4,"column":23},"end":{"line":4,"column":41}},"3":{"start":{"line":5,"column":4},"end":{"line":5,"column":70}},"4":{"start":{"line":5,"column":14},"end":{"line":5,"column":70}},"5":{"start":{"line":6,"column":27},"end":{"line":6,"column":48}},"6":{"start":{"line":9,"column":20},"end":{"line":9,"column":38}},"7":{"start":{"line":10,"column":16},"end":{"line":10,"column":25}},"8":{"start":{"line":11,"column":19},"end":{"line":11,"column":35}},"9":{"start":{"line":12,"column":19},"end":{"line":12,"column":36}},"10":{"start":{"line":13,"column":23},"end":{"line":13,"column":45}},"11":{"start":{"line":14,"column":19},"end":{"line":14,"column":42}},"12":{"start":{"line":15,"column":23},"end":{"line":15,"column":45}},"13":{"start":{"line":16,"column":23},"end":{"line":16,"column":52}},"14":{"start":{"line":17,"column":17},"end":{"line":17,"column":32}},"15":{"start":{"line":18,"column":16},"end":{"line":18,"column":30}},"16":{"start":{"line":19,"column":25},"end":{"line":19,"column":52}},"17":{"start":{"line":20,"column":4},"end":{"line":20,"column":29}},"18":{"start":{"line":21,"column":4},"end":{"line":21,"column":26}},"19":{"start":{"line":22,"column":4},"end":{"line":22,"column":55}},"20":{"start":{"line":23,"column":4},"end":{"line":23,"column":30}},"21":{"start":{"line":24,"column":4},"end":{"line":24,"column":19}},"22":{"start":{"line":28,"column":4},"end":{"line":28,"column":37}},"23":{"start":{"line":29,"column":4},"end":{"line":29,"column":34}},"24":{"start":{"line":33,"column":4},"end":{"line":33,"column":38}},"25":{"start":{"line":35,"column":24},"end":{"line":35,"column":45}},"26":{"start":{"line":40,"column":4},"end":{"line":40,"column":81}},"27":{"start":{"line":41,"column":4},"end":{"line":41,"column":77}},"28":{"start":{"line":44,"column":4},"end":{"line":46,"column":6}},"29":{"start":{"line":45,"column":8},"end":{"line":45,"column":146}},"30":{"start":{"line":51,"column":4},"end":{"line":53,"column":6}},"31":{"start":{"line":52,"column":8},"end":{"line":52,"column":79}},"32":{"start":{"line":55,"column":4},"end":{"line":55,"column":24}},"33":{"start":{"line":60,"column":19},"end":{"line":66,"column":6}},"34":{"start":{"line":62,"column":21},"end":{"line":62,"column":80}},"35":{"start":{"line":64,"column":21},"end":{"line":64,"column":42}},"36":{"start":{"line":65,"column":8},"end":{"line":65,"column":58}},"37":{"start":{"line":67,"column":4},"end":{"line":67,"column":17}}},"fnMap":{"0":{"name":"(anonymous_0)","decl":{"start":{"line":3,"column":17},"end":{"line":3,"column":18}},"loc":{"start":{"line":3,"column":35},"end":{"line":68,"column":1}},"line":3},"1":{"name":"(anonymous_1)","decl":{"start":{"line":44,"column":20},"end":{"line":44,"column":21}},"loc":{"start":{"line":44,"column":40},"end":{"line":46,"column":5}},"line":44},"2":{"name":"(anonymous_2)","decl":{"start":{"line":51,"column":12},"end":{"line":51,"column":13}},"loc":{"start":{"line":51,"column":45},"end":{"line":53,"column":5}},"line":51},"3":{"name":"(anonymous_3)","decl":{"start":{"line":60,"column":43},"end":{"line":60,"column":44}},"loc":{"start":{"line":60,"column":55},"end":{"line":66,"column":5}},"line":60}},"branchMap":{"0":{"loc":{"start":{"line":3,"column":18},"end":{"line":3,"column":30}},"type":"default-arg","locations":[{"start":{"line":3,"column":26},"end":{"line":3,"column":30}}],"line":3},"1":{"loc":{"start":{"line":5,"column":4},"end":{"line":5,"column":70}},"type":"if","locations":[{"start":{"line":5,"column":4},"end":{"line":5,"column":70}},{"start":{"line":5,"column":4},"end":{"line":5,"column":70}}],"line":5},"2":{"loc":{"start":{"line":62,"column":22},"end":{"line":62,"column":52}},"type":"binary-expr","locations":[{"start":{"line":62,"column":22},"end":{"line":62,"column":46}},{"start":{"line":62,"column":50},"end":{"line":62,"column":52}}],"line":62}},"s":{"0":1,"1":1,"2":1,"3":1,"4":0,"5":1,"6":1,"7":1,"8":1,"9":1,"10":1,"11":1,"12":1,"13":1,"14":1,"15":1,"16":1,"17":1,"18":1,"19":1,"20":1,"21":1,"22":1,"23":1,"24":1,"25":1,"26":1,"27":1,"28":1,"29":1,"30":1,"31":0,"32":1,"33":1,"34":1,"35":1,"36":1,"37":1},"f":{"0":1,"1":1,"2":0,"3":1},"b":{"0":[0],"1":[0,1],"2":[1,0]},"_coverageSchema":"1a1c01bbd47fc00a2c39e90264f33305004495a9","hash":"e5f68cc4747fc2a876b7b9486d20a1b7b33da33c","contentHash":"f34eba8a2b9b0d5d8713264569cfd2b2483f8ca2b18d7a644506930da3ad8be2"},"X:\\workflow\\open-projects\\ics-calendar\\libs\\utils.js":{"path":"X:\\workflow\\open-projects\\ics-calendar\\libs\\utils.js","statementMap":{"0":{"start":{"line":1,"column":0},"end":{"line":45,"column":1}},"1":{"start":{"line":3,"column":23},"end":{"line":3,"column":40}},"2":{"start":{"line":4,"column":14},"end":{"line":4,"column":16}},"3":{"start":{"line":10,"column":4},"end":{"line":14,"column":5}},"4":{"start":{"line":11,"column":8},"end":{"line":11,"column":26}},"5":{"start":{"line":11,"column":18},"end":{"line":11,"column":26}},"6":{"start":{"line":12,"column":8},"end":{"line":12,"column":74}},"7":{"start":{"line":12,"column":63},"end":{"line":12,"column":74}},"8":{"start":{"line":13,"column":8},"end":{"line":13,"column":28}},"9":{"start":{"line":16,"column":4},"end":{"line":18,"column":5}},"10":{"start":{"line":17,"column":8},"end":{"line":17,"column":54}},"11":{"start":{"line":17,"column":40},"end":{"line":17,"column":53}},"12":{"start":{"line":20,"column":4},"end":{"line":29,"column":5}},"13":{"start":{"line":21,"column":8},"end":{"line":28,"column":14}},"14":{"start":{"line":22,"column":12},"end":{"line":26,"column":13}},"15":{"start":{"line":23,"column":16},"end":{"line":25,"column":17}},"16":{"start":{"line":24,"column":20},"end":{"line":24,"column":52}},"17":{"start":{"line":27,"column":12},"end":{"line":27,"column":20}},"18":{"start":{"line":36,"column":4},"end":{"line":42,"column":5}},"19":{"start":{"line":37,"column":21},"end":{"line":37,"column":23}},"20":{"start":{"line":38,"column":8},"end":{"line":40,"column":9}},"21":{"start":{"line":39,"column":12},"end":{"line":39,"column":56}},"22":{"start":{"line":41,"column":8},"end":{"line":41,"column":19}},"23":{"start":{"line":43,"column":4},"end":{"line":43,"column":12}}},"fnMap":{"0":{"name":"(anonymous_0)","decl":{"start":{"line":1,"column":17},"end":{"line":1,"column":18}},"loc":{"start":{"line":1,"column":29},"end":{"line":45,"column":1}},"line":1},"1":{"name":"(anonymous_1)","decl":{"start":{"line":10,"column":13},"end":{"line":10,"column":14}},"loc":{"start":{"line":10,"column":27},"end":{"line":14,"column":5}},"line":10},"2":{"name":"(anonymous_2)","decl":{"start":{"line":16,"column":18},"end":{"line":16,"column":19}},"loc":{"start":{"line":16,"column":28},"end":{"line":18,"column":5}},"line":16},"3":{"name":"(anonymous_3)","decl":{"start":{"line":17,"column":27},"end":{"line":17,"column":28}},"loc":{"start":{"line":17,"column":40},"end":{"line":17,"column":53}},"line":17},"4":{"name":"(anonymous_4)","decl":{"start":{"line":20,"column":19},"end":{"line":20,"column":20}},"loc":{"start":{"line":20,"column":30},"end":{"line":29,"column":5}},"line":20},"5":{"name":"(anonymous_5)","decl":{"start":{"line":21,"column":29},"end":{"line":21,"column":30}},"loc":{"start":{"line":21,"column":43},"end":{"line":28,"column":9}},"line":21},"6":{"name":"(anonymous_6)","decl":{"start":{"line":36,"column":20},"end":{"line":36,"column":21}},"loc":{"start":{"line":36,"column":34},"end":{"line":42,"column":5}},"line":36}},"branchMap":{"0":{"loc":{"start":{"line":10,"column":14},"end":{"line":10,"column":22}},"type":"default-arg","locations":[{"start":{"line":10,"column":20},"end":{"line":10,"column":22}}],"line":10},"1":{"loc":{"start":{"line":11,"column":8},"end":{"line":11,"column":26}},"type":"if","locations":[{"start":{"line":11,"column":8},"end":{"line":11,"column":26}},{"start":{"line":11,"column":8},"end":{"line":11,"column":26}}],"line":11},"2":{"loc":{"start":{"line":12,"column":8},"end":{"line":12,"column":74}},"type":"if","locations":[{"start":{"line":12,"column":8},"end":{"line":12,"column":74}},{"start":{"line":12,"column":8},"end":{"line":12,"column":74}}],"line":12},"3":{"loc":{"start":{"line":22,"column":12},"end":{"line":26,"column":13}},"type":"if","locations":[{"start":{"line":22,"column":12},"end":{"line":26,"column":13}},{"start":{"line":22,"column":12},"end":{"line":26,"column":13}}],"line":22},"4":{"loc":{"start":{"line":23,"column":16},"end":{"line":25,"column":17}},"type":"if","locations":[{"start":{"line":23,"column":16},"end":{"line":25,"column":17}},{"start":{"line":23,"column":16},"end":{"line":25,"column":17}}],"line":23},"5":{"loc":{"start":{"line":23,"column":21},"end":{"line":23,"column":48}},"type":"binary-expr","locations":[{"start":{"line":23,"column":21},"end":{"line":23,"column":42}},{"start":{"line":23,"column":46},"end":{"line":23,"column":48}}],"line":23},"6":{"loc":{"start":{"line":23,"column":22},"end":{"line":23,"column":36}},"type":"binary-expr","locations":[{"start":{"line":23,"column":22},"end":{"line":23,"column":30}},{"start":{"line":23,"column":34},"end":{"line":23,"column":36}}],"line":23}},"s":{"0":1,"1":4,"2":4,"3":4,"4":720,"5":42,"6":720,"7":42,"8":678,"9":4,"10":184,"11":184,"12":4,"13":1,"14":3,"15":3,"16":2,"17":3,"18":4,"19":1,"20":1,"21":20,"22":1,"23":4},"f":{"0":4,"1":720,"2":184,"3":184,"4":1,"5":3,"6":1},"b":{"0":[42],"1":[42,678],"2":[42,678],"3":[3,0],"4":[2,1],"5":[3,0],"6":[3,0]},"_coverageSchema":"1a1c01bbd47fc00a2c39e90264f33305004495a9","hash":"6228257e177be0d27f656dd59b182903abb6dc0c","contentHash":"e537261b63565287afa342255e0dbffdf63328217316640f62ab377780348c5f"},"X:\\workflow\\open-projects\\ics-calendar\\libs\\server\\auth.js":{"path":"X:\\workflow\\open-projects\\ics-calendar\\libs\\server\\auth.js","statementMap":{"0":{"start":{"line":1,"column":0},"end":{"line":1,"column":12}},"1":{"start":{"line":6,"column":0},"end":{"line":57,"column":1}},"2":{"start":{"line":7,"column":23},"end":{"line":7,"column":41}},"3":{"start":{"line":8,"column":4},"end":{"line":56,"column":5}},"4":{"start":{"line":10,"column":12},"end":{"line":10,"column":30}},"5":{"start":{"line":15,"column":12},"end":{"line":15,"column":58}},"6":{"start":{"line":16,"column":12},"end":{"line":16,"column":61}},"7":{"start":{"line":17,"column":12},"end":{"line":17,"column":85}},"8":{"start":{"line":18,"column":12},"end":{"line":18,"column":133}},"9":{"start":{"line":19,"column":12},"end":{"line":19,"column":64}},"10":{"start":{"line":19,"column":28},"end":{"line":19,"column":64}},"11":{"start":{"line":20,"column":12},"end":{"line":20,"column":25}},"12":{"start":{"line":27,"column":12},"end":{"line":27,"column":53}}},"fnMap":{"0":{"name":"(anonymous_0)","decl":{"start":{"line":6,"column":17},"end":{"line":6,"column":18}},"loc":{"start":{"line":6,"column":39},"end":{"line":57,"column":1}},"line":6},"1":{"name":"(anonymous_1)","decl":{"start":{"line":9,"column":8},"end":{"line":9,"column":9}},"loc":{"start":{"line":9,"column":27},"end":{"line":11,"column":9}},"line":9},"2":{"name":"(anonymous_2)","decl":{"start":{"line":13,"column":8},"end":{"line":13,"column":9}},"loc":{"start":{"line":13,"column":34},"end":{"line":24,"column":9}},"line":13},"3":{"name":"(anonymous_3)","decl":{"start":{"line":26,"column":8},"end":{"line":26,"column":9}},"loc":{"start":{"line":26,"column":21},"end":{"line":28,"column":9}},"line":26}},"branchMap":{"0":{"loc":{"start":{"line":19,"column":12},"end":{"line":19,"column":64}},"type":"if","locations":[{"start":{"line":19,"column":12},"end":{"line":19,"column":64}},{"start":{"line":19,"column":12},"end":{"line":19,"column":64}}],"line":19}},"s":{"0":1,"1":1,"2":1,"3":1,"4":1,"5":15,"6":15,"7":15,"8":15,"9":15,"10":0,"11":15,"12":1},"f":{"0":1,"1":1,"2":15,"3":1},"b":{"0":[0,15]},"_coverageSchema":"1a1c01bbd47fc00a2c39e90264f33305004495a9","hash":"ebc5ee2fe12bb9e6f18d9f690f4df69641e5c247","contentHash":"61fff674ba311ae5481e1c60104190b0118e0f3fb972e48ea99166b0e29a3f22"},"X:\\workflow\\open-projects\\ics-calendar\\libs\\server\\controllers.js":{"path":"X:\\workflow\\open-projects\\ics-calendar\\libs\\server\\controllers.js","statementMap":{"0":{"start":{"line":1,"column":0},"end":{"line":1,"column":12}},"1":{"start":{"line":3,"column":0},"end":{"line":98,"column":1}},"2":{"start":{"line":4,"column":51},"end":{"line":4,"column":69}},"3":{"start":{"line":5,"column":25},"end":{"line":5,"column":52}},"4":{"start":{"line":6,"column":4},"end":{"line":96,"column":5}},"5":{"start":{"line":9,"column":12},"end":{"line":9,"column":38}},"6":{"start":{"line":10,"column":12},"end":{"line":10,"column":35}},"7":{"start":{"line":11,"column":12},"end":{"line":17,"column":13}},"8":{"start":{"line":12,"column":28},"end":{"line":12,"column":58}},"9":{"start":{"line":13,"column":16},"end":{"line":13,"column":50}},"10":{"start":{"line":15,"column":16},"end":{"line":15,"column":36}},"11":{"start":{"line":16,"column":16},"end":{"line":16,"column":40}},"12":{"start":{"line":25,"column":12},"end":{"line":25,"column":106}},"13":{"start":{"line":25,"column":34},"end":{"line":25,"column":106}},"14":{"start":{"line":27,"column":31},"end":{"line":27,"column":103}},"15":{"start":{"line":27,"column":74},"end":{"line":27,"column":95}},"16":{"start":{"line":28,"column":12},"end":{"line":28,"column":95}},"17":{"start":{"line":28,"column":29},"end":{"line":28,"column":95}},"18":{"start":{"line":29,"column":25},"end":{"line":29,"column":40}},"19":{"start":{"line":30,"column":27},"end":{"line":30,"column":52}},"20":{"start":{"line":31,"column":12},"end":{"line":31,"column":137}},"21":{"start":{"line":31,"column":49},"end":{"line":31,"column":137}},"22":{"start":{"line":33,"column":12},"end":{"line":40,"column":84}},"23":{"start":{"line":39,"column":16},"end":{"line":39,"column":102}},"24":{"start":{"line":40,"column":30},"end":{"line":40,"column":83}},"25":{"start":{"line":51,"column":12},"end":{"line":51,"column":106}},"26":{"start":{"line":51,"column":34},"end":{"line":51,"column":106}},"27":{"start":{"line":53,"column":30},"end":{"line":53,"column":55}},"28":{"start":{"line":54,"column":26},"end":{"line":54,"column":66}},"29":{"start":{"line":56,"column":12},"end":{"line":74,"column":13}},"30":{"start":{"line":57,"column":38},"end":{"line":57,"column":42}},"31":{"start":{"line":59,"column":16},"end":{"line":72,"column":90}},"32":{"start":{"line":60,"column":30},"end":{"line":60,"column":75}},"33":{"start":{"line":61,"column":37},"end":{"line":64,"column":22}},"34":{"start":{"line":62,"column":24},"end":{"line":62,"column":127}},"35":{"start":{"line":62,"column":60},"end":{"line":62,"column":127}},"36":{"start":{"line":63,"column":24},"end":{"line":63,"column":35}},"37":{"start":{"line":65,"column":20},"end":{"line":70,"column":21}},"38":{"start":{"line":66,"column":24},"end":{"line":66,"column":114}},"39":{"start":{"line":69,"column":24},"end":{"line":69,"column":56}},"40":{"start":{"line":72,"column":36},"end":{"line":72,"column":89}},"41":{"start":{"line":74,"column":14},"end":{"line":94,"column":85}},"42":{"start":{"line":76,"column":36},"end":{"line":76,"column":59}},"43":{"start":{"line":77,"column":16},"end":{"line":77,"column":63}},"44":{"start":{"line":77,"column":43},"end":{"line":77,"column":63}},"45":{"start":{"line":79,"column":16},"end":{"line":92,"column":90}},"46":{"start":{"line":80,"column":30},"end":{"line":80,"column":76}},"47":{"start":{"line":81,"column":37},"end":{"line":90,"column":22}},"48":{"start":{"line":82,"column":24},"end":{"line":88,"column":25}},"49":{"start":{"line":83,"column":28},"end":{"line":87,"column":30}},"50":{"start":{"line":85,"column":32},"end":{"line":85,"column":95}},"51":{"start":{"line":85,"column":44},"end":{"line":85,"column":95}},"52":{"start":{"line":86,"column":32},"end":{"line":86,"column":40}},"53":{"start":{"line":89,"column":24},"end":{"line":89,"column":35}},"54":{"start":{"line":91,"column":20},"end":{"line":91,"column":110}},"55":{"start":{"line":92,"column":36},"end":{"line":92,"column":89}},"56":{"start":{"line":94,"column":19},"end":{"line":94,"column":85}}},"fnMap":{"0":{"name":"(anonymous_0)","decl":{"start":{"line":3,"column":17},"end":{"line":3,"column":18}},"loc":{"start":{"line":3,"column":39},"end":{"line":98,"column":1}},"line":3},"1":{"name":"(anonymous_1)","decl":{"start":{"line":7,"column":8},"end":{"line":7,"column":9}},"loc":{"start":{"line":7,"column":27},"end":{"line":18,"column":9}},"line":7},"2":{"name":"(anonymous_2)","decl":{"start":{"line":24,"column":8},"end":{"line":24,"column":9}},"loc":{"start":{"line":24,"column":27},"end":{"line":41,"column":9}},"line":24},"3":{"name":"(anonymous_3)","decl":{"start":{"line":27,"column":69},"end":{"line":27,"column":70}},"loc":{"start":{"line":27,"column":74},"end":{"line":27,"column":95}},"line":27},"4":{"name":"(anonymous_4)","decl":{"start":{"line":33,"column":70},"end":{"line":33,"column":71}},"loc":{"start":{"line":33,"column":75},"end":{"line":40,"column":13}},"line":33},"5":{"name":"(anonymous_5)","decl":{"start":{"line":40,"column":21},"end":{"line":40,"column":22}},"loc":{"start":{"line":40,"column":30},"end":{"line":40,"column":83}},"line":40},"6":{"name":"(anonymous_6)","decl":{"start":{"line":49,"column":8},"end":{"line":49,"column":9}},"loc":{"start":{"line":49,"column":27},"end":{"line":95,"column":9}},"line":49},"7":{"name":"(anonymous_7)","decl":{"start":{"line":59,"column":24},"end":{"line":59,"column":25}},"loc":{"start":{"line":59,"column":36},"end":{"line":72,"column":17}},"line":59},"8":{"name":"(anonymous_8)","decl":{"start":{"line":61,"column":49},"end":{"line":61,"column":50}},"loc":{"start":{"line":61,"column":57},"end":{"line":64,"column":21}},"line":61},"9":{"name":"(anonymous_9)","decl":{"start":{"line":72,"column":27},"end":{"line":72,"column":28}},"loc":{"start":{"line":72,"column":36},"end":{"line":72,"column":89}},"line":72},"10":{"name":"(anonymous_10)","decl":{"start":{"line":79,"column":24},"end":{"line":79,"column":25}},"loc":{"start":{"line":79,"column":36},"end":{"line":92,"column":17}},"line":79},"11":{"name":"(anonymous_11)","decl":{"start":{"line":81,"column":49},"end":{"line":81,"column":50}},"loc":{"start":{"line":81,"column":57},"end":{"line":90,"column":21}},"line":81},"12":{"name":"(anonymous_12)","decl":{"start":{"line":83,"column":68},"end":{"line":83,"column":69}},"loc":{"start":{"line":83,"column":75},"end":{"line":87,"column":29}},"line":83},"13":{"name":"(anonymous_13)","decl":{"start":{"line":92,"column":27},"end":{"line":92,"column":28}},"loc":{"start":{"line":92,"column":36},"end":{"line":92,"column":89}},"line":92}},"branchMap":{"0":{"loc":{"start":{"line":9,"column":25},"end":{"line":9,"column":38}},"type":"binary-expr","locations":[{"start":{"line":9,"column":25},"end":{"line":9,"column":30}},{"start":{"line":9,"column":34},"end":{"line":9,"column":38}}],"line":9},"1":{"loc":{"start":{"line":25,"column":12},"end":{"line":25,"column":106}},"type":"if","locations":[{"start":{"line":25,"column":12},"end":{"line":25,"column":106}},{"start":{"line":25,"column":12},"end":{"line":25,"column":106}}],"line":25},"2":{"loc":{"start":{"line":28,"column":12},"end":{"line":28,"column":95}},"type":"if","locations":[{"start":{"line":28,"column":12},"end":{"line":28,"column":95}},{"start":{"line":28,"column":12},"end":{"line":28,"column":95}}],"line":28},"3":{"loc":{"start":{"line":31,"column":12},"end":{"line":31,"column":137}},"type":"if","locations":[{"start":{"line":31,"column":12},"end":{"line":31,"column":137}},{"start":{"line":31,"column":12},"end":{"line":31,"column":137}}],"line":31},"4":{"loc":{"start":{"line":31,"column":16},"end":{"line":31,"column":47}},"type":"binary-expr","locations":[{"start":{"line":31,"column":16},"end":{"line":31,"column":33}},{"start":{"line":31,"column":37},"end":{"line":31,"column":47}}],"line":31},"5":{"loc":{"start":{"line":51,"column":12},"end":{"line":51,"column":106}},"type":"if","locations":[{"start":{"line":51,"column":12},"end":{"line":51,"column":106}},{"start":{"line":51,"column":12},"end":{"line":51,"column":106}}],"line":51},"6":{"loc":{"start":{"line":53,"column":30},"end":{"line":53,"column":55}},"type":"binary-expr","locations":[{"start":{"line":53,"column":30},"end":{"line":53,"column":49}},{"start":{"line":53,"column":53},"end":{"line":53,"column":55}}],"line":53},"7":{"loc":{"start":{"line":54,"column":26},"end":{"line":54,"column":66}},"type":"cond-expr","locations":[{"start":{"line":54,"column":50},"end":{"line":54,"column":59}},{"start":{"line":54,"column":62},"end":{"line":54,"column":66}}],"line":54},"8":{"loc":{"start":{"line":56,"column":12},"end":{"line":74,"column":13}},"type":"if","locations":[{"start":{"line":56,"column":12},"end":{"line":74,"column":13}},{"start":{"line":56,"column":12},"end":{"line":74,"column":13}}],"line":56},"9":{"loc":{"start":{"line":62,"column":24},"end":{"line":62,"column":127}},"type":"if","locations":[{"start":{"line":62,"column":24},"end":{"line":62,"column":127}},{"start":{"line":62,"column":24},"end":{"line":62,"column":127}}],"line":62},"10":{"loc":{"start":{"line":62,"column":28},"end":{"line":62,"column":58}},"type":"binary-expr","locations":[{"start":{"line":62,"column":28},"end":{"line":62,"column":40}},{"start":{"line":62,"column":44},"end":{"line":62,"column":58}}],"line":62},"11":{"loc":{"start":{"line":74,"column":14},"end":{"line":94,"column":85}},"type":"if","locations":[{"start":{"line":74,"column":14},"end":{"line":94,"column":85}},{"start":{"line":74,"column":14},"end":{"line":94,"column":85}}],"line":74},"12":{"loc":{"start":{"line":76,"column":39},"end":{"line":76,"column":50}},"type":"binary-expr","locations":[{"start":{"line":76,"column":39},"end":{"line":76,"column":44}},{"start":{"line":76,"column":48},"end":{"line":76,"column":50}}],"line":76},"13":{"loc":{"start":{"line":77,"column":16},"end":{"line":77,"column":63}},"type":"if","locations":[{"start":{"line":77,"column":16},"end":{"line":77,"column":63}},{"start":{"line":77,"column":16},"end":{"line":77,"column":63}}],"line":77},"14":{"loc":{"start":{"line":77,"column":21},"end":{"line":77,"column":32}},"type":"binary-expr","locations":[{"start":{"line":77,"column":21},"end":{"line":77,"column":26}},{"start":{"line":77,"column":30},"end":{"line":77,"column":32}}],"line":77},"15":{"loc":{"start":{"line":82,"column":24},"end":{"line":88,"column":25}},"type":"if","locations":[{"start":{"line":82,"column":24},"end":{"line":88,"column":25}},{"start":{"line":82,"column":24},"end":{"line":88,"column":25}}],"line":82},"16":{"loc":{"start":{"line":85,"column":32},"end":{"line":85,"column":95}},"type":"if","locations":[{"start":{"line":85,"column":32},"end":{"line":85,"column":95}},{"start":{"line":85,"column":32},"end":{"line":85,"column":95}}],"line":85}},"s":{"0":1,"1":1,"2":1,"3":1,"4":1,"5":1,"6":1,"7":1,"8":1,"9":1,"10":0,"11":0,"12":2,"13":0,"14":2,"15":4,"16":2,"17":0,"18":2,"19":2,"20":2,"21":0,"22":2,"23":2,"24":0,"25":12,"26":0,"27":12,"28":12,"29":12,"30":6,"31":6,"32":6,"33":6,"34":148,"35":148,"36":148,"37":6,"38":6,"39":0,"40":0,"41":6,"42":6,"43":6,"44":3,"45":6,"46":6,"47":6,"48":22,"49":11,"50":51,"51":51,"52":51,"53":22,"54":6,"55":0,"56":0},"f":{"0":1,"1":1,"2":2,"3":4,"4":2,"5":0,"6":12,"7":6,"8":148,"9":0,"10":6,"11":22,"12":51,"13":0},"b":{"0":[1,1],"1":[0,2],"2":[0,2],"3":[0,2],"4":[2,2],"5":[0,12],"6":[12,0],"7":[9,3],"8":[6,6],"9":[148,0],"10":[148,148],"11":[6,0],"12":[6,1],"13":[3,3],"14":[6,1],"15":[11,11],"16":[51,0]},"_coverageSchema":"1a1c01bbd47fc00a2c39e90264f33305004495a9","hash":"bd3244a3dbec6ec9cb45d38ce1454b197b4080d4","contentHash":"10107ea2366e2e8ee76ce83bb191196812ec8e84192178b763baebd14cd7a1d3"},"X:\\workflow\\open-projects\\ics-calendar\\libs\\message.codes.js":{"path":"X:\\workflow\\open-projects\\ics-calendar\\libs\\message.codes.js","statementMap":{"0":{"start":{"line":5,"column":24},"end":{"line":5,"column":44}},"1":{"start":{"line":10,"column":0},"end":{"line":37,"column":2}}},"fnMap":{},"branchMap":{},"s":{"0":1,"1":1},"f":{},"b":{},"_coverageSchema":"1a1c01bbd47fc00a2c39e90264f33305004495a9","hash":"8380751aeb9a85e5376cb4e78962bc9a768208c6","contentHash":"e8416a85653ca66a0aad2d73b5912a016810706e5b189b5fba5acb3874ee0d1e"},"X:\\workflow\\open-projects\\ics-calendar\\libs\\ics\\ics.module.js":{"path":"X:\\workflow\\open-projects\\ics-calendar\\libs\\ics\\ics.module.js","statementMap":{"0":{"start":{"line":2,"column":0},"end":{"line":2,"column":12}},"1":{"start":{"line":11,"column":0},"end":{"line":197,"column":1}},"2":{"start":{"line":12,"column":16},"end":{"line":12,"column":50}},"3":{"start":{"line":13,"column":59},"end":{"line":13,"column":77}},"4":{"start":{"line":14,"column":26},"end":{"line":14,"column":56}},"5":{"start":{"line":17,"column":12},"end":{"line":17,"column":38}},"6":{"start":{"line":18,"column":12},"end":{"line":18,"column":25}},"7":{"start":{"line":19,"column":12},"end":{"line":19,"column":66}},"8":{"start":{"line":20,"column":12},"end":{"line":20,"column":32}},"9":{"start":{"line":32,"column":12},"end":{"line":35,"column":13}},"10":{"start":{"line":33,"column":16},"end":{"line":33,"column":77}},"11":{"start":{"line":33,"column":32},"end":{"line":33,"column":77}},"12":{"start":{"line":34,"column":16},"end":{"line":34,"column":25}},"13":{"start":{"line":37,"column":12},"end":{"line":40,"column":13}},"14":{"start":{"line":38,"column":16},"end":{"line":38,"column":71}},"15":{"start":{"line":38,"column":32},"end":{"line":38,"column":71}},"16":{"start":{"line":39,"column":16},"end":{"line":39,"column":25}},"17":{"start":{"line":42,"column":12},"end":{"line":45,"column":13}},"18":{"start":{"line":43,"column":16},"end":{"line":43,"column":78}},"19":{"start":{"line":43,"column":32},"end":{"line":43,"column":78}},"20":{"start":{"line":44,"column":16},"end":{"line":44,"column":25}},"21":{"start":{"line":47,"column":29},"end":{"line":47,"column":31}},"22":{"start":{"line":48,"column":12},"end":{"line":88,"column":13}},"23":{"start":{"line":51,"column":20},"end":{"line":81,"column":21}},"24":{"start":{"line":52,"column":43},"end":{"line":52,"column":78}},"25":{"start":{"line":53,"column":24},"end":{"line":53,"column":92}},"26":{"start":{"line":53,"column":48},"end":{"line":53,"column":92}},"27":{"start":{"line":54,"column":24},"end":{"line":56,"column":25}},"28":{"start":{"line":55,"column":28},"end":{"line":55,"column":141}},"29":{"start":{"line":55,"column":44},"end":{"line":55,"column":141}},"30":{"start":{"line":58,"column":37},"end":{"line":58,"column":53}},"31":{"start":{"line":59,"column":24},"end":{"line":61,"column":25}},"32":{"start":{"line":60,"column":28},"end":{"line":60,"column":33}},"33":{"start":{"line":63,"column":43},"end":{"line":63,"column":47}},"34":{"start":{"line":64,"column":49},"end":{"line":64,"column":110}},"35":{"start":{"line":67,"column":42},"end":{"line":67,"column":81}},"36":{"start":{"line":69,"column":24},"end":{"line":76,"column":26}},"37":{"start":{"line":70,"column":28},"end":{"line":70,"column":84}},"38":{"start":{"line":70,"column":51},"end":{"line":70,"column":84}},"39":{"start":{"line":71,"column":28},"end":{"line":75,"column":30}},"40":{"start":{"line":72,"column":47},"end":{"line":72,"column":91}},"41":{"start":{"line":73,"column":32},"end":{"line":73,"column":74}},"42":{"start":{"line":73,"column":48},"end":{"line":73,"column":74}},"43":{"start":{"line":74,"column":32},"end":{"line":74,"column":70}},"44":{"start":{"line":74,"column":46},"end":{"line":74,"column":70}},"45":{"start":{"line":79,"column":24},"end":{"line":79,"column":44}},"46":{"start":{"line":80,"column":24},"end":{"line":80,"column":62}},"47":{"start":{"line":83,"column":20},"end":{"line":83,"column":25}},"48":{"start":{"line":87,"column":20},"end":{"line":87,"column":96}},"49":{"start":{"line":90,"column":12},"end":{"line":102,"column":13}},"50":{"start":{"line":91,"column":16},"end":{"line":91,"column":54}},"51":{"start":{"line":92,"column":16},"end":{"line":92,"column":33}},"52":{"start":{"line":95,"column":30},"end":{"line":95,"column":31}},"53":{"start":{"line":96,"column":26},"end":{"line":99,"column":18}},"54":{"start":{"line":97,"column":20},"end":{"line":97,"column":44}},"55":{"start":{"line":97,"column":35},"end":{"line":97,"column":44}},"56":{"start":{"line":98,"column":20},"end":{"line":98,"column":28}},"57":{"start":{"line":100,"column":16},"end":{"line":100,"column":86}},"58":{"start":{"line":101,"column":16},"end":{"line":101,"column":24}},"59":{"start":{"line":114,"column":12},"end":{"line":114,"column":25}},"60":{"start":{"line":115,"column":23},"end":{"line":115,"column":25}},"61":{"start":{"line":116,"column":12},"end":{"line":121,"column":13}},"62":{"start":{"line":117,"column":16},"end":{"line":117,"column":50}},"63":{"start":{"line":119,"column":16},"end":{"line":119,"column":70}},"64":{"start":{"line":119,"column":32},"end":{"line":119,"column":70}},"65":{"start":{"line":120,"column":16},"end":{"line":120,"column":54}},"66":{"start":{"line":125,"column":12},"end":{"line":150,"column":13}},"67":{"start":{"line":126,"column":16},"end":{"line":142,"column":17}},"68":{"start":{"line":127,"column":33},"end":{"line":127,"column":67}},"69":{"start":{"line":128,"column":20},"end":{"line":128,"column":76}},"70":{"start":{"line":128,"column":54},"end":{"line":128,"column":76}},"71":{"start":{"line":130,"column":37},"end":{"line":131,"column":54}},"72":{"start":{"line":133,"column":20},"end":{"line":136,"column":22}},"73":{"start":{"line":134,"column":24},"end":{"line":134,"column":91}},"74":{"start":{"line":135,"column":24},"end":{"line":135,"column":32}},"75":{"start":{"line":138,"column":20},"end":{"line":138,"column":56}},"76":{"start":{"line":138,"column":36},"end":{"line":138,"column":56}},"77":{"start":{"line":139,"column":20},"end":{"line":139,"column":53}},"78":{"start":{"line":140,"column":20},"end":{"line":140,"column":58}},"79":{"start":{"line":141,"column":20},"end":{"line":141,"column":29}},"80":{"start":{"line":144,"column":16},"end":{"line":144,"column":29}},"81":{"start":{"line":146,"column":16},"end":{"line":149,"column":18}},"82":{"start":{"line":147,"column":20},"end":{"line":147,"column":87}},"83":{"start":{"line":148,"column":20},"end":{"line":148,"column":28}},"84":{"start":{"line":160,"column":12},"end":{"line":160,"column":25}},"85":{"start":{"line":161,"column":23},"end":{"line":161,"column":25}},"86":{"start":{"line":162,"column":12},"end":{"line":167,"column":13}},"87":{"start":{"line":163,"column":16},"end":{"line":163,"column":49}},"88":{"start":{"line":165,"column":16},"end":{"line":165,"column":69}},"89":{"start":{"line":165,"column":32},"end":{"line":165,"column":69}},"90":{"start":{"line":166,"column":16},"end":{"line":166,"column":55}},"91":{"start":{"line":168,"column":12},"end":{"line":191,"column":13}},"92":{"start":{"line":169,"column":16},"end":{"line":184,"column":17}},"93":{"start":{"line":170,"column":33},"end":{"line":170,"column":43}},"94":{"start":{"line":171,"column":20},"end":{"line":171,"column":76}},"95":{"start":{"line":171,"column":54},"end":{"line":171,"column":76}},"96":{"start":{"line":173,"column":37},"end":{"line":174,"column":54}},"97":{"start":{"line":176,"column":20},"end":{"line":179,"column":22}},"98":{"start":{"line":177,"column":24},"end":{"line":177,"column":91}},"99":{"start":{"line":178,"column":24},"end":{"line":178,"column":32}},"100":{"start":{"line":181,"column":20},"end":{"line":181,"column":40}},"101":{"start":{"line":182,"column":20},"end":{"line":182,"column":58}},"102":{"start":{"line":183,"column":20},"end":{"line":183,"column":29}},"103":{"start":{"line":186,"column":16},"end":{"line":186,"column":29}},"104":{"start":{"line":187,"column":16},"end":{"line":190,"column":18}},"105":{"start":{"line":188,"column":20},"end":{"line":188,"column":87}},"106":{"start":{"line":189,"column":20},"end":{"line":189,"column":28}},"107":{"start":{"line":195,"column":19},"end":{"line":195,"column":51}},"108":{"start":{"line":196,"column":4},"end":{"line":196,"column":17}}},"fnMap":{"0":{"name":"(anonymous_0)","decl":{"start":{"line":11,"column":17},"end":{"line":11,"column":18}},"loc":{"start":{"line":11,"column":23},"end":{"line":197,"column":1}},"line":11},"1":{"name":"(anonymous_1)","decl":{"start":{"line":16,"column":8},"end":{"line":16,"column":9}},"loc":{"start":{"line":16,"column":38},"end":{"line":21,"column":9}},"line":16},"2":{"name":"(anonymous_2)","decl":{"start":{"line":30,"column":8},"end":{"line":30,"column":9}},"loc":{"start":{"line":30,"column":77},"end":{"line":104,"column":9}},"line":30},"3":{"name":"(anonymous_3)","decl":{"start":{"line":69,"column":83},"end":{"line":69,"column":84}},"loc":{"start":{"line":69,"column":88},"end":{"line":76,"column":25}},"line":69},"4":{"name":"(anonymous_4)","decl":{"start":{"line":71,"column":41},"end":{"line":71,"column":42}},"loc":{"start":{"line":71,"column":47},"end":{"line":75,"column":29}},"line":71},"5":{"name":"(anonymous_5)","decl":{"start":{"line":96,"column":41},"end":{"line":96,"column":42}},"loc":{"start":{"line":96,"column":46},"end":{"line":99,"column":17}},"line":96},"6":{"name":"(anonymous_6)","decl":{"start":{"line":113,"column":8},"end":{"line":113,"column":9}},"loc":{"start":{"line":113,"column":79},"end":{"line":151,"column":9}},"line":113},"7":{"name":"(anonymous_7)","decl":{"start":{"line":133,"column":54},"end":{"line":133,"column":55}},"loc":{"start":{"line":133,"column":59},"end":{"line":136,"column":21}},"line":133},"8":{"name":"(anonymous_8)","decl":{"start":{"line":146,"column":76},"end":{"line":146,"column":77}},"loc":{"start":{"line":146,"column":81},"end":{"line":149,"column":17}},"line":146},"9":{"name":"(anonymous_9)","decl":{"start":{"line":159,"column":8},"end":{"line":159,"column":9}},"loc":{"start":{"line":159,"column":76},"end":{"line":192,"column":9}},"line":159},"10":{"name":"(anonymous_10)","decl":{"start":{"line":176,"column":54},"end":{"line":176,"column":55}},"loc":{"start":{"line":176,"column":59},"end":{"line":179,"column":21}},"line":176},"11":{"name":"(anonymous_11)","decl":{"start":{"line":187,"column":76},"end":{"line":187,"column":77}},"loc":{"start":{"line":187,"column":81},"end":{"line":190,"column":17}},"line":187}},"branchMap":{"0":{"loc":{"start":{"line":16,"column":20},"end":{"line":16,"column":29}},"type":"default-arg","locations":[{"start":{"line":16,"column":27},"end":{"line":16,"column":29}}],"line":16},"1":{"loc":{"start":{"line":17,"column":25},"end":{"line":17,"column":38}},"type":"binary-expr","locations":[{"start":{"line":17,"column":25},"end":{"line":17,"column":30}},{"start":{"line":17,"column":34},"end":{"line":17,"column":38}}],"line":17},"2":{"loc":{"start":{"line":30,"column":26},"end":{"line":30,"column":43}},"type":"default-arg","locations":[{"start":{"line":30,"column":33},"end":{"line":30,"column":43}}],"line":30},"3":{"loc":{"start":{"line":30,"column":45},"end":{"line":30,"column":55}},"type":"default-arg","locations":[{"start":{"line":30,"column":51},"end":{"line":30,"column":55}}],"line":30},"4":{"loc":{"start":{"line":30,"column":57},"end":{"line":30,"column":75}},"type":"default-arg","locations":[{"start":{"line":30,"column":66},"end":{"line":30,"column":75}}],"line":30},"5":{"loc":{"start":{"line":32,"column":12},"end":{"line":35,"column":13}},"type":"if","locations":[{"start":{"line":32,"column":12},"end":{"line":35,"column":13}},{"start":{"line":32,"column":12},"end":{"line":35,"column":13}}],"line":32},"6":{"loc":{"start":{"line":33,"column":16},"end":{"line":33,"column":77}},"type":"if","locations":[{"start":{"line":33,"column":16},"end":{"line":33,"column":77}},{"start":{"line":33,"column":16},"end":{"line":33,"column":77}}],"line":33},"7":{"loc":{"start":{"line":37,"column":12},"end":{"line":40,"column":13}},"type":"if","locations":[{"start":{"line":37,"column":12},"end":{"line":40,"column":13}},{"start":{"line":37,"column":12},"end":{"line":40,"column":13}}],"line":37},"8":{"loc":{"start":{"line":38,"column":16},"end":{"line":38,"column":71}},"type":"if","locations":[{"start":{"line":38,"column":16},"end":{"line":38,"column":71}},{"start":{"line":38,"column":16},"end":{"line":38,"column":71}}],"line":38},"9":{"loc":{"start":{"line":42,"column":12},"end":{"line":45,"column":13}},"type":"if","locations":[{"start":{"line":42,"column":12},"end":{"line":45,"column":13}},{"start":{"line":42,"column":12},"end":{"line":45,"column":13}}],"line":42},"10":{"loc":{"start":{"line":42,"column":51},"end":{"line":42,"column":61}},"type":"binary-expr","locations":[{"start":{"line":42,"column":51},"end":{"line":42,"column":55}},{"start":{"line":42,"column":59},"end":{"line":42,"column":61}}],"line":42},"11":{"loc":{"start":{"line":43,"column":16},"end":{"line":43,"column":78}},"type":"if","locations":[{"start":{"line":43,"column":16},"end":{"line":43,"column":78}},{"start":{"line":43,"column":16},"end":{"line":43,"column":78}}],"line":43},"12":{"loc":{"start":{"line":48,"column":12},"end":{"line":88,"column":13}},"type":"switch","locations":[{"start":{"line":49,"column":16},"end":{"line":84,"column":17}},{"start":{"line":86,"column":16},"end":{"line":87,"column":96}}],"line":48},"13":{"loc":{"start":{"line":53,"column":24},"end":{"line":53,"column":92}},"type":"if","locations":[{"start":{"line":53,"column":24},"end":{"line":53,"column":92}},{"start":{"line":53,"column":24},"end":{"line":53,"column":92}}],"line":53},"14":{"loc":{"start":{"line":54,"column":24},"end":{"line":56,"column":25}},"type":"if","locations":[{"start":{"line":54,"column":24},"end":{"line":56,"column":25}},{"start":{"line":54,"column":24},"end":{"line":56,"column":25}}],"line":54},"15":{"loc":{"start":{"line":55,"column":28},"end":{"line":55,"column":141}},"type":"if","locations":[{"start":{"line":55,"column":28},"end":{"line":55,"column":141}},{"start":{"line":55,"column":28},"end":{"line":55,"column":141}}],"line":55},"16":{"loc":{"start":{"line":59,"column":24},"end":{"line":61,"column":25}},"type":"if","locations":[{"start":{"line":59,"column":24},"end":{"line":61,"column":25}},{"start":{"line":59,"column":24},"end":{"line":61,"column":25}}],"line":59},"17":{"loc":{"start":{"line":70,"column":28},"end":{"line":70,"column":84}},"type":"if","locations":[{"start":{"line":70,"column":28},"end":{"line":70,"column":84}},{"start":{"line":70,"column":28},"end":{"line":70,"column":84}}],"line":70},"18":{"loc":{"start":{"line":70,"column":34},"end":{"line":70,"column":41}},"type":"binary-expr","locations":[{"start":{"line":70,"column":34},"end":{"line":70,"column":35}},{"start":{"line":70,"column":39},"end":{"line":70,"column":41}}],"line":70},"19":{"loc":{"start":{"line":72,"column":59},"end":{"line":72,"column":87}},"type":"binary-expr","locations":[{"start":{"line":72,"column":59},"end":{"line":72,"column":70}},{"start":{"line":72,"column":74},"end":{"line":72,"column":87}}],"line":72},"20":{"loc":{"start":{"line":73,"column":32},"end":{"line":73,"column":74}},"type":"if","locations":[{"start":{"line":73,"column":32},"end":{"line":73,"column":74}},{"start":{"line":73,"column":32},"end":{"line":73,"column":74}}],"line":73},"21":{"loc":{"start":{"line":74,"column":32},"end":{"line":74,"column":70}},"type":"if","locations":[{"start":{"line":74,"column":32},"end":{"line":74,"column":70}},{"start":{"line":74,"column":32},"end":{"line":74,"column":70}}],"line":74},"22":{"loc":{"start":{"line":90,"column":12},"end":{"line":102,"column":13}},"type":"if","locations":[{"start":{"line":90,"column":12},"end":{"line":102,"column":13}},{"start":{"line":90,"column":12},"end":{"line":102,"column":13}}],"line":90},"23":{"loc":{"start":{"line":90,"column":18},"end":{"line":90,"column":34}},"type":"binary-expr","locations":[{"start":{"line":90,"column":18},"end":{"line":90,"column":28}},{"start":{"line":90,"column":32},"end":{"line":90,"column":34}}],"line":90},"24":{"loc":{"start":{"line":97,"column":20},"end":{"line":97,"column":44}},"type":"if","locations":[{"start":{"line":97,"column":20},"end":{"line":97,"column":44}},{"start":{"line":97,"column":20},"end":{"line":97,"column":44}}],"line":97},"25":{"loc":{"start":{"line":113,"column":23},"end":{"line":113,"column":35}},"type":"default-arg","locations":[{"start":{"line":113,"column":31},"end":{"line":113,"column":35}}],"line":113},"26":{"loc":{"start":{"line":113,"column":37},"end":{"line":113,"column":57}},"type":"default-arg","locations":[{"start":{"line":113,"column":53},"end":{"line":113,"column":57}}],"line":113},"27":{"loc":{"start":{"line":113,"column":59},"end":{"line":113,"column":77}},"type":"default-arg","locations":[{"start":{"line":113,"column":75},"end":{"line":113,"column":77}}],"line":113},"28":{"loc":{"start":{"line":119,"column":16},"end":{"line":119,"column":70}},"type":"if","locations":[{"start":{"line":119,"column":16},"end":{"line":119,"column":70}},{"start":{"line":119,"column":16},"end":{"line":119,"column":70}}],"line":119},"29":{"loc":{"start":{"line":125,"column":12},"end":{"line":150,"column":13}},"type":"if","locations":[{"start":{"line":125,"column":12},"end":{"line":150,"column":13}},{"start":{"line":125,"column":12},"end":{"line":150,"column":13}}],"line":125},"30":{"loc":{"start":{"line":125,"column":16},"end":{"line":125,"column":50}},"type":"binary-expr","locations":[{"start":{"line":125,"column":16},"end":{"line":125,"column":31}},{"start":{"line":125,"column":35},"end":{"line":125,"column":50}}],"line":125},"31":{"loc":{"start":{"line":128,"column":20},"end":{"line":128,"column":76}},"type":"if","locations":[{"start":{"line":128,"column":20},"end":{"line":128,"column":76}},{"start":{"line":128,"column":20},"end":{"line":128,"column":76}}],"line":128},"32":{"loc":{"start":{"line":128,"column":25},"end":{"line":128,"column":44}},"type":"binary-expr","locations":[{"start":{"line":128,"column":25},"end":{"line":128,"column":38}},{"start":{"line":128,"column":42},"end":{"line":128,"column":44}}],"line":128},"33":{"loc":{"start":{"line":138,"column":20},"end":{"line":138,"column":56}},"type":"if","locations":[{"start":{"line":138,"column":20},"end":{"line":138,"column":56}},{"start":{"line":138,"column":20},"end":{"line":138,"column":56}}],"line":138},"34":{"loc":{"start":{"line":159,"column":22},"end":{"line":159,"column":34}},"type":"default-arg","locations":[{"start":{"line":159,"column":30},"end":{"line":159,"column":34}}],"line":159},"35":{"loc":{"start":{"line":159,"column":36},"end":{"line":159,"column":54}},"type":"default-arg","locations":[{"start":{"line":159,"column":52},"end":{"line":159,"column":54}}],"line":159},"36":{"loc":{"start":{"line":159,"column":56},"end":{"line":159,"column":74}},"type":"default-arg","locations":[{"start":{"line":159,"column":70},"end":{"line":159,"column":74}}],"line":159},"37":{"loc":{"start":{"line":165,"column":16},"end":{"line":165,"column":69}},"type":"if","locations":[{"start":{"line":165,"column":16},"end":{"line":165,"column":69}},{"start":{"line":165,"column":16},"end":{"line":165,"column":69}}],"line":165},"38":{"loc":{"start":{"line":168,"column":12},"end":{"line":191,"column":13}},"type":"if","locations":[{"start":{"line":168,"column":12},"end":{"line":191,"column":13}},{"start":{"line":168,"column":12},"end":{"line":191,"column":13}}],"line":168},"39":{"loc":{"start":{"line":168,"column":16},"end":{"line":168,"column":50}},"type":"binary-expr","locations":[{"start":{"line":168,"column":16},"end":{"line":168,"column":31}},{"start":{"line":168,"column":35},"end":{"line":168,"column":50}}],"line":168},"40":{"loc":{"start":{"line":171,"column":20},"end":{"line":171,"column":76}},"type":"if","locations":[{"start":{"line":171,"column":20},"end":{"line":171,"column":76}},{"start":{"line":171,"column":20},"end":{"line":171,"column":76}}],"line":171},"41":{"loc":{"start":{"line":171,"column":25},"end":{"line":171,"column":44}},"type":"binary-expr","locations":[{"start":{"line":171,"column":25},"end":{"line":171,"column":38}},{"start":{"line":171,"column":42},"end":{"line":171,"column":44}}],"line":171}},"s":{"0":1,"1":1,"2":1,"3":1,"4":1,"5":1,"6":1,"7":1,"8":1,"9":2,"10":0,"11":0,"12":0,"13":2,"14":0,"15":0,"16":0,"17":2,"18":0,"19":0,"20":0,"21":2,"22":2,"23":2,"24":2,"25":2,"26":0,"27":2,"28":0,"29":0,"30":2,"31":2,"32":0,"33":2,"34":2,"35":2,"36":2,"37":2,"38":0,"39":2,"40":9,"41":9,"42":9,"43":0,"44":0,"45":0,"46":0,"47":2,"48":0,"49":2,"50":0,"51":0,"52":2,"53":2,"54":9,"55":9,"56":9,"57":2,"58":2,"59":19,"60":19,"61":19,"62":19,"63":0,"64":0,"65":0,"66":19,"67":17,"68":17,"69":17,"70":2,"71":17,"72":17,"73":17,"74":17,"75":0,"76":0,"77":0,"78":0,"79":0,"80":2,"81":2,"82":2,"83":2,"84":165,"85":165,"86":165,"87":165,"88":0,"89":0,"90":0,"91":165,"92":163,"93":163,"94":163,"95":0,"96":163,"97":163,"98":163,"99":163,"100":0,"101":0,"102":0,"103":2,"104":2,"105":2,"106":2,"107":1,"108":1},"f":{"0":1,"1":1,"2":2,"3":2,"4":9,"5":9,"6":19,"7":17,"8":2,"9":165,"10":163,"11":2},"b":{"0":[0],"1":[1,1],"2":[0],"3":[0],"4":[0],"5":[0,2],"6":[0,0],"7":[0,2],"8":[0,0],"9":[0,2],"10":[2,0],"11":[0,0],"12":[2,0],"13":[0,2],"14":[0,2],"15":[0,0],"16":[0,2],"17":[0,2],"18":[2,0],"19":[9,9],"20":[9,0],"21":[0,0],"22":[0,2],"23":[2,0],"24":[9,0],"25":[0],"26":[0],"27":[17],"28":[0,0],"29":[17,2],"30":[19,17],"31":[2,15],"32":[17,0],"33":[0,0],"34":[0],"35":[159],"36":[159],"37":[0,0],"38":[163,2],"39":[165,164],"40":[0,163],"41":[163,0]},"_coverageSchema":"1a1c01bbd47fc00a2c39e90264f33305004495a9","hash":"e85db12aef1d9d0ab2ec5d72175606c43f8ea545","contentHash":"f124d961b31557eb71bd7458c32b6ac85177e92f5c88aa1fcb7bb1a648993c8c"},"X:\\workflow\\open-projects\\ics-calendar\\libs\\xdb\\xdb.api.module.js":{"path":"X:\\workflow\\open-projects\\ics-calendar\\libs\\xdb\\xdb.api.module.js","statementMap":{"0":{"start":{"line":1,"column":0},"end":{"line":1,"column":12}},"1":{"start":{"line":6,"column":0},"end":{"line":28,"column":1}},"2":{"start":{"line":7,"column":26},"end":{"line":7,"column":47}},"3":{"start":{"line":10,"column":4},"end":{"line":27,"column":5}},"4":{"start":{"line":18,"column":12},"end":{"line":19,"column":45}},"5":{"start":{"line":19,"column":32},"end":{"line":19,"column":44}},"6":{"start":{"line":24,"column":12},"end":{"line":25,"column":45}},"7":{"start":{"line":25,"column":32},"end":{"line":25,"column":44}}},"fnMap":{"0":{"name":"(anonymous_0)","decl":{"start":{"line":6,"column":17},"end":{"line":6,"column":18}},"loc":{"start":{"line":6,"column":23},"end":{"line":28,"column":1}},"line":6},"1":{"name":"(anonymous_1)","decl":{"start":{"line":12,"column":8},"end":{"line":12,"column":9}},"loc":{"start":{"line":12,"column":31},"end":{"line":14,"column":9}},"line":12},"2":{"name":"(anonymous_2)","decl":{"start":{"line":16,"column":8},"end":{"line":16,"column":9}},"loc":{"start":{"line":16,"column":20},"end":{"line":20,"column":9}},"line":16},"3":{"name":"(anonymous_3)","decl":{"start":{"line":19,"column":22},"end":{"line":19,"column":23}},"loc":{"start":{"line":19,"column":32},"end":{"line":19,"column":44}},"line":19},"4":{"name":"(anonymous_4)","decl":{"start":{"line":22,"column":8},"end":{"line":22,"column":9}},"loc":{"start":{"line":22,"column":21},"end":{"line":26,"column":9}},"line":22},"5":{"name":"(anonymous_5)","decl":{"start":{"line":25,"column":22},"end":{"line":25,"column":23}},"loc":{"start":{"line":25,"column":32},"end":{"line":25,"column":44}},"line":25}},"branchMap":{"0":{"loc":{"start":{"line":12,"column":20},"end":{"line":12,"column":29}},"type":"default-arg","locations":[{"start":{"line":12,"column":27},"end":{"line":12,"column":29}}],"line":12}},"s":{"0":1,"1":1,"2":1,"3":1,"4":165,"5":165,"6":19,"7":19},"f":{"0":1,"1":1,"2":165,"3":165,"4":19,"5":19},"b":{"0":[1]},"_coverageSchema":"1a1c01bbd47fc00a2c39e90264f33305004495a9","hash":"28b0887f4717cfd64bfa2cde306a375b0ecfb9d4","contentHash":"b47a461d6e89b7e61e6d86bec8d36630e848ab0a58be4d09002b6ecbb01c4e6f"},"X:\\workflow\\open-projects\\ics-calendar\\libs\\status.handler.js":{"path":"X:\\workflow\\open-projects\\ics-calendar\\libs\\status.handler.js","statementMap":{"0":{"start":{"line":12,"column":0},"end":{"line":86,"column":1}},"1":{"start":{"line":13,"column":25},"end":{"line":13,"column":51}},"2":{"start":{"line":14,"column":38},"end":{"line":14,"column":56}},"3":{"start":{"line":15,"column":33},"end":{"line":15,"column":50}},"4":{"start":{"line":16,"column":4},"end":{"line":85,"column":5}},"5":{"start":{"line":18,"column":12},"end":{"line":18,"column":35}},"6":{"start":{"line":30,"column":28},"end":{"line":30,"column":72}},"7":{"start":{"line":31,"column":12},"end":{"line":34,"column":13}},"8":{"start":{"line":32,"column":16},"end":{"line":32,"column":111}},"9":{"start":{"line":33,"column":16},"end":{"line":33,"column":25}},"10":{"start":{"line":36,"column":12},"end":{"line":36,"column":81}},"11":{"start":{"line":36,"column":53},"end":{"line":36,"column":81}},"12":{"start":{"line":37,"column":12},"end":{"line":38,"column":28}},"13":{"start":{"line":37,"column":55},"end":{"line":37,"column":83}},"14":{"start":{"line":38,"column":17},"end":{"line":38,"column":28}},"15":{"start":{"line":47,"column":25},"end":{"line":47,"column":67}},"16":{"start":{"line":49,"column":12},"end":{"line":52,"column":13}},"17":{"start":{"line":50,"column":16},"end":{"line":50,"column":76}},"18":{"start":{"line":51,"column":16},"end":{"line":51,"column":28}},"19":{"start":{"line":53,"column":12},"end":{"line":56,"column":13}},"20":{"start":{"line":54,"column":16},"end":{"line":54,"column":72}},"21":{"start":{"line":55,"column":16},"end":{"line":55,"column":28}},"22":{"start":{"line":57,"column":12},"end":{"line":57,"column":45}},"23":{"start":{"line":58,"column":12},"end":{"line":58,"column":37}},"24":{"start":{"line":60,"column":12},"end":{"line":60,"column":23}},"25":{"start":{"line":68,"column":12},"end":{"line":81,"column":13}},"26":{"start":{"line":69,"column":29},"end":{"line":69,"column":51}},"27":{"start":{"line":70,"column":34},"end":{"line":70,"column":60}},"28":{"start":{"line":71,"column":16},"end":{"line":74,"column":17}},"29":{"start":{"line":72,"column":20},"end":{"line":72,"column":118}},"30":{"start":{"line":73,"column":20},"end":{"line":73,"column":29}},"31":{"start":{"line":77,"column":16},"end":{"line":77,"column":32}},"32":{"start":{"line":79,"column":16},"end":{"line":79,"column":71}},"33":{"start":{"line":80,"column":16},"end":{"line":80,"column":40}}},"fnMap":{"0":{"name":"(anonymous_0)","decl":{"start":{"line":12,"column":17},"end":{"line":12,"column":18}},"loc":{"start":{"line":12,"column":23},"end":{"line":86,"column":1}},"line":12},"1":{"name":"(anonymous_1)","decl":{"start":{"line":17,"column":8},"end":{"line":17,"column":9}},"loc":{"start":{"line":17,"column":38},"end":{"line":19,"column":9}},"line":17},"2":{"name":"(anonymous_2)","decl":{"start":{"line":29,"column":8},"end":{"line":29,"column":9}},"loc":{"start":{"line":29,"column":69},"end":{"line":39,"column":9}},"line":29},"3":{"name":"(anonymous_3)","decl":{"start":{"line":45,"column":8},"end":{"line":45,"column":9}},"loc":{"start":{"line":45,"column":39},"end":{"line":61,"column":9}},"line":45},"4":{"name":"(anonymous_4)","decl":{"start":{"line":67,"column":8},"end":{"line":67,"column":9}},"loc":{"start":{"line":67,"column":15},"end":{"line":83,"column":9}},"line":67}},"branchMap":{"0":{"loc":{"start":{"line":17,"column":20},"end":{"line":17,"column":29}},"type":"default-arg","locations":[{"start":{"line":17,"column":27},"end":{"line":17,"column":29}}],"line":17},"1":{"loc":{"start":{"line":29,"column":17},"end":{"line":29,"column":33}},"type":"default-arg","locations":[{"start":{"line":29,"column":29},"end":{"line":29,"column":33}}],"line":29},"2":{"loc":{"start":{"line":29,"column":35},"end":{"line":29,"column":50}},"type":"default-arg","locations":[{"start":{"line":29,"column":48},"end":{"line":29,"column":50}}],"line":29},"3":{"loc":{"start":{"line":29,"column":52},"end":{"line":29,"column":67}},"type":"default-arg","locations":[{"start":{"line":29,"column":65},"end":{"line":29,"column":67}}],"line":29},"4":{"loc":{"start":{"line":30,"column":28},"end":{"line":30,"column":72}},"type":"binary-expr","locations":[{"start":{"line":30,"column":28},"end":{"line":30,"column":48}},{"start":{"line":30,"column":52},"end":{"line":30,"column":72}}],"line":30},"5":{"loc":{"start":{"line":31,"column":12},"end":{"line":34,"column":13}},"type":"if","locations":[{"start":{"line":31,"column":12},"end":{"line":34,"column":13}},{"start":{"line":31,"column":12},"end":{"line":34,"column":13}}],"line":31},"6":{"loc":{"start":{"line":36,"column":12},"end":{"line":36,"column":81}},"type":"if","locations":[{"start":{"line":36,"column":12},"end":{"line":36,"column":81}},{"start":{"line":36,"column":12},"end":{"line":36,"column":81}}],"line":36},"7":{"loc":{"start":{"line":36,"column":16},"end":{"line":36,"column":51}},"type":"binary-expr","locations":[{"start":{"line":36,"column":16},"end":{"line":36,"column":34}},{"start":{"line":36,"column":38},"end":{"line":36,"column":51}}],"line":36},"8":{"loc":{"start":{"line":37,"column":12},"end":{"line":38,"column":28}},"type":"if","locations":[{"start":{"line":37,"column":12},"end":{"line":38,"column":28}},{"start":{"line":37,"column":12},"end":{"line":38,"column":28}}],"line":37},"9":{"loc":{"start":{"line":37,"column":16},"end":{"line":37,"column":53}},"type":"binary-expr","locations":[{"start":{"line":37,"column":16},"end":{"line":37,"column":35}},{"start":{"line":37,"column":39},"end":{"line":37,"column":53}}],"line":37},"10":{"loc":{"start":{"line":49,"column":12},"end":{"line":52,"column":13}},"type":"if","locations":[{"start":{"line":49,"column":12},"end":{"line":52,"column":13}},{"start":{"line":49,"column":12},"end":{"line":52,"column":13}}],"line":49},"11":{"loc":{"start":{"line":53,"column":12},"end":{"line":56,"column":13}},"type":"if","locations":[{"start":{"line":53,"column":12},"end":{"line":56,"column":13}},{"start":{"line":53,"column":12},"end":{"line":56,"column":13}}],"line":53},"12":{"loc":{"start":{"line":71,"column":16},"end":{"line":74,"column":17}},"type":"if","locations":[{"start":{"line":71,"column":16},"end":{"line":74,"column":17}},{"start":{"line":71,"column":16},"end":{"line":74,"column":17}}],"line":71}},"s":{"0":1,"1":1,"2":1,"3":1,"4":1,"5":1,"6":186,"7":186,"8":0,"9":0,"10":186,"11":182,"12":4,"13":4,"14":0,"15":186,"16":186,"17":0,"18":0,"19":186,"20":0,"21":0,"22":186,"23":186,"24":186,"25":14,"26":14,"27":14,"28":14,"29":0,"30":0,"31":14,"32":0,"33":0},"f":{"0":1,"1":1,"2":186,"3":186,"4":14},"b":{"0":[0],"1":[0],"2":[0],"3":[0],"4":[186,186],"5":[0,186],"6":[182,4],"7":[186,184],"8":[4,0],"9":[4,4],"10":[0,186],"11":[0,186],"12":[0,14]},"_coverageSchema":"1a1c01bbd47fc00a2c39e90264f33305004495a9","hash":"3efddd5f121bbc36976ac005209c7aaf43251c9f","contentHash":"a2dfc4400d47b8b903c4f7f4b3edad1178a14eca2e54bac331d181343b40e174"},"X:\\workflow\\open-projects\\ics-calendar\\libs\\ics\\ics.libs.js":{"path":"X:\\workflow\\open-projects\\ics-calendar\\libs\\ics\\ics.libs.js","statementMap":{"0":{"start":{"line":1,"column":0},"end":{"line":1,"column":12}},"1":{"start":{"line":6,"column":0},"end":{"line":482,"column":1}},"2":{"start":{"line":7,"column":19},"end":{"line":7,"column":42}},"3":{"start":{"line":8,"column":21},"end":{"line":8,"column":42}},"4":{"start":{"line":9,"column":77},"end":{"line":9,"column":95}},"5":{"start":{"line":10,"column":19},"end":{"line":10,"column":37}},"6":{"start":{"line":11,"column":16},"end":{"line":11,"column":30}},"7":{"start":{"line":12,"column":15},"end":{"line":12,"column":28}},"8":{"start":{"line":13,"column":17},"end":{"line":13,"column":32}},"9":{"start":{"line":14,"column":41},"end":{"line":14,"column":58}},"10":{"start":{"line":15,"column":15},"end":{"line":15,"column":34}},"11":{"start":{"line":16,"column":19},"end":{"line":16,"column":36}},"12":{"start":{"line":18,"column":4},"end":{"line":481,"column":5}},"13":{"start":{"line":20,"column":12},"end":{"line":20,"column":30}},"14":{"start":{"line":30,"column":12},"end":{"line":30,"column":66}},"15":{"start":{"line":30,"column":43},"end":{"line":30,"column":66}},"16":{"start":{"line":31,"column":30},"end":{"line":31,"column":32}},"17":{"start":{"line":34,"column":12},"end":{"line":43,"column":13}},"18":{"start":{"line":34,"column":27},"end":{"line":34,"column":28}},"19":{"start":{"line":35,"column":29},"end":{"line":35,"column":48}},"20":{"start":{"line":36,"column":16},"end":{"line":42,"column":17}},"21":{"start":{"line":37,"column":38},"end":{"line":37,"column":72}},"22":{"start":{"line":38,"column":20},"end":{"line":38,"column":44}},"23":{"start":{"line":38,"column":36},"end":{"line":38,"column":44}},"24":{"start":{"line":39,"column":20},"end":{"line":39,"column":45}},"25":{"start":{"line":41,"column":20},"end":{"line":41,"column":28}},"26":{"start":{"line":44,"column":12},"end":{"line":44,"column":28}},"27":{"start":{"line":54,"column":30},"end":{"line":54,"column":34}},"28":{"start":{"line":56,"column":16},"end":{"line":64,"column":18}},"29":{"start":{"line":57,"column":20},"end":{"line":57,"column":84}},"30":{"start":{"line":57,"column":31},"end":{"line":57,"column":84}},"31":{"start":{"line":59,"column":40},"end":{"line":59,"column":59}},"32":{"start":{"line":60,"column":20},"end":{"line":63,"column":22}},"33":{"start":{"line":61,"column":24},"end":{"line":61,"column":84}},"34":{"start":{"line":61,"column":33},"end":{"line":61,"column":84}},"35":{"start":{"line":62,"column":24},"end":{"line":62,"column":71}},"36":{"start":{"line":66,"column":16},"end":{"line":66,"column":38}},"37":{"start":{"line":69,"column":37},"end":{"line":69,"column":39}},"38":{"start":{"line":70,"column":12},"end":{"line":80,"column":13}},"39":{"start":{"line":70,"column":27},"end":{"line":70,"column":28}},"40":{"start":{"line":73,"column":16},"end":{"line":78,"column":17}},"41":{"start":{"line":74,"column":20},"end":{"line":74,"column":85}},"42":{"start":{"line":76,"column":20},"end":{"line":76,"column":66}},"43":{"start":{"line":77,"column":20},"end":{"line":77,"column":87}},"44":{"start":{"line":81,"column":12},"end":{"line":81,"column":35}},"45":{"start":{"line":85,"column":12},"end":{"line":85,"column":43}},"46":{"start":{"line":94,"column":12},"end":{"line":103,"column":13}},"47":{"start":{"line":96,"column":20},"end":{"line":96,"column":53}},"48":{"start":{"line":97,"column":20},"end":{"line":97,"column":25}},"49":{"start":{"line":99,"column":20},"end":{"line":99,"column":60}},"50":{"start":{"line":100,"column":20},"end":{"line":100,"column":25}},"51":{"start":{"line":102,"column":20},"end":{"line":102,"column":99}},"52":{"start":{"line":102,"column":36},"end":{"line":102,"column":99}},"53":{"start":{"line":104,"column":12},"end":{"line":104,"column":26}},"54":{"start":{"line":116,"column":25},"end":{"line":116,"column":29}},"55":{"start":{"line":145,"column":12},"end":{"line":264,"column":33}},"56":{"start":{"line":146,"column":16},"end":{"line":148,"column":17}},"57":{"start":{"line":147,"column":20},"end":{"line":147,"column":61}},"58":{"start":{"line":149,"column":153},"end":{"line":149,"column":172}},"59":{"start":{"line":151,"column":42},"end":{"line":153,"column":17}},"60":{"start":{"line":152,"column":20},"end":{"line":152,"column":83}},"61":{"start":{"line":152,"column":51},"end":{"line":152,"column":82}},"62":{"start":{"line":155,"column":16},"end":{"line":159,"column":17}},"63":{"start":{"line":156,"column":30},"end":{"line":156,"column":108}},"64":{"start":{"line":157,"column":20},"end":{"line":157,"column":38}},"65":{"start":{"line":157,"column":27},"end":{"line":157,"column":38}},"66":{"start":{"line":158,"column":20},"end":{"line":158,"column":61}},"67":{"start":{"line":161,"column":16},"end":{"line":165,"column":17}},"68":{"start":{"line":162,"column":30},"end":{"line":162,"column":102}},"69":{"start":{"line":163,"column":20},"end":{"line":163,"column":38}},"70":{"start":{"line":163,"column":27},"end":{"line":163,"column":38}},"71":{"start":{"line":164,"column":20},"end":{"line":164,"column":61}},"72":{"start":{"line":167,"column":16},"end":{"line":171,"column":17}},"73":{"start":{"line":168,"column":30},"end":{"line":168,"column":112}},"74":{"start":{"line":169,"column":20},"end":{"line":169,"column":38}},"75":{"start":{"line":169,"column":27},"end":{"line":169,"column":38}},"76":{"start":{"line":170,"column":20},"end":{"line":170,"column":61}},"77":{"start":{"line":174,"column":16},"end":{"line":179,"column":17}},"78":{"start":{"line":175,"column":36},"end":{"line":175,"column":65}},"79":{"start":{"line":176,"column":30},"end":{"line":176,"column":90}},"80":{"start":{"line":177,"column":20},"end":{"line":177,"column":38}},"81":{"start":{"line":177,"column":27},"end":{"line":177,"column":38}},"82":{"start":{"line":178,"column":20},"end":{"line":178,"column":61}},"83":{"start":{"line":181,"column":16},"end":{"line":181,"column":35}},"84":{"start":{"line":182,"column":16},"end":{"line":182,"column":46}},"85":{"start":{"line":185,"column":16},"end":{"line":191,"column":17}},"86":{"start":{"line":186,"column":30},"end":{"line":186,"column":106}},"87":{"start":{"line":187,"column":20},"end":{"line":190,"column":35}},"88":{"start":{"line":188,"column":24},"end":{"line":188,"column":98}},"89":{"start":{"line":188,"column":40},"end":{"line":188,"column":98}},"90":{"start":{"line":189,"column":24},"end":{"line":189,"column":35}},"91":{"start":{"line":190,"column":27},"end":{"line":190,"column":35}},"92":{"start":{"line":193,"column":16},"end":{"line":200,"column":17}},"93":{"start":{"line":194,"column":20},"end":{"line":199,"column":21}},"94":{"start":{"line":195,"column":24},"end":{"line":195,"column":69}},"95":{"start":{"line":198,"column":24},"end":{"line":198,"column":35}},"96":{"start":{"line":202,"column":16},"end":{"line":203,"column":53}},"97":{"start":{"line":206,"column":16},"end":{"line":206,"column":110}},"98":{"start":{"line":208,"column":16},"end":{"line":208,"column":161}},"99":{"start":{"line":213,"column":16},"end":{"line":215,"column":17}},"100":{"start":{"line":214,"column":20},"end":{"line":214,"column":47}},"101":{"start":{"line":218,"column":16},"end":{"line":221,"column":17}},"102":{"start":{"line":219,"column":33},"end":{"line":219,"column":77}},"103":{"start":{"line":220,"column":20},"end":{"line":220,"column":91}},"104":{"start":{"line":223,"column":16},"end":{"line":263,"column":17}},"105":{"start":{"line":224,"column":32},"end":{"line":238,"column":21}},"106":{"start":{"line":241,"column":20},"end":{"line":241,"column":58}},"107":{"start":{"line":241,"column":41},"end":{"line":241,"column":58}},"108":{"start":{"line":243,"column":43},"end":{"line":243,"column":143}},"109":{"start":{"line":246,"column":35},"end":{"line":246,"column":56}},"110":{"start":{"line":247,"column":37},"end":{"line":256,"column":54}},"111":{"start":{"line":249,"column":24},"end":{"line":254,"column":33}},"112":{"start":{"line":251,"column":28},"end":{"line":253,"column":59}},"113":{"start":{"line":251,"column":44},"end":{"line":251,"column":96}},"114":{"start":{"line":251,"column":65},"end":{"line":251,"column":84}},"115":{"start":{"line":253,"column":33},"end":{"line":253,"column":59}},"116":{"start":{"line":258,"column":20},"end":{"line":262,"column":21}},"117":{"start":{"line":258,"column":34},"end":{"line":258,"column":49}},"118":{"start":{"line":260,"column":24},"end":{"line":260,"column":114}},"119":{"start":{"line":260,"column":40},"end":{"line":260,"column":114}},"120":{"start":{"line":261,"column":24},"end":{"line":261,"column":35}},"121":{"start":{"line":272,"column":12},"end":{"line":289,"column":16}},"122":{"start":{"line":273,"column":26},"end":{"line":273,"column":31}},"123":{"start":{"line":274,"column":16},"end":{"line":277,"column":22}},"124":{"start":{"line":275,"column":20},"end":{"line":275,"column":57}},"125":{"start":{"line":276,"column":20},"end":{"line":276,"column":29}},"126":{"start":{"line":279,"column":16},"end":{"line":284,"column":17}},"127":{"start":{"line":280,"column":20},"end":{"line":282,"column":22}},"128":{"start":{"line":281,"column":24},"end":{"line":281,"column":66}},"129":{"start":{"line":281,"column":48},"end":{"line":281,"column":66}},"130":{"start":{"line":283,"column":20},"end":{"line":283,"column":31}},"131":{"start":{"line":286,"column":16},"end":{"line":288,"column":17}},"132":{"start":{"line":287,"column":20},"end":{"line":287,"column":111}},"133":{"start":{"line":287,"column":55},"end":{"line":287,"column":77}},"134":{"start":{"line":303,"column":12},"end":{"line":305,"column":13}},"135":{"start":{"line":304,"column":16},"end":{"line":304,"column":45}},"136":{"start":{"line":308,"column":28},"end":{"line":316,"column":13}},"137":{"start":{"line":309,"column":16},"end":{"line":309,"column":46}},"138":{"start":{"line":309,"column":35},"end":{"line":309,"column":46}},"139":{"start":{"line":310,"column":16},"end":{"line":314,"column":17}},"140":{"start":{"line":311,"column":20},"end":{"line":311,"column":80}},"141":{"start":{"line":311,"column":69},"end":{"line":311,"column":80}},"142":{"start":{"line":315,"column":16},"end":{"line":315,"column":28}},"143":{"start":{"line":318,"column":26},"end":{"line":323,"column":13}},"144":{"start":{"line":319,"column":16},"end":{"line":319,"column":71}},"145":{"start":{"line":319,"column":63},"end":{"line":319,"column":71}},"146":{"start":{"line":320,"column":16},"end":{"line":322,"column":25}},"147":{"start":{"line":321,"column":20},"end":{"line":321,"column":75}},"148":{"start":{"line":321,"column":59},"end":{"line":321,"column":67}},"149":{"start":{"line":326,"column":12},"end":{"line":330,"column":13}},"150":{"start":{"line":327,"column":16},"end":{"line":327,"column":85}},"151":{"start":{"line":327,"column":32},"end":{"line":327,"column":85}},"152":{"start":{"line":328,"column":16},"end":{"line":328,"column":27}},"153":{"start":{"line":329,"column":16},"end":{"line":329,"column":27}},"154":{"start":{"line":332,"column":33},"end":{"line":391,"column":18}},"155":{"start":{"line":333,"column":16},"end":{"line":389,"column":17}},"156":{"start":{"line":335,"column":20},"end":{"line":335,"column":58}},"157":{"start":{"line":335,"column":50},"end":{"line":335,"column":58}},"158":{"start":{"line":337,"column":36},"end":{"line":337,"column":73}},"159":{"start":{"line":338,"column":34},"end":{"line":338,"column":67}},"160":{"start":{"line":339,"column":39},"end":{"line":339,"column":77}},"161":{"start":{"line":341,"column":20},"end":{"line":369,"column":21}},"162":{"start":{"line":343,"column":46},"end":{"line":347,"column":25}},"163":{"start":{"line":344,"column":28},"end":{"line":344,"column":70}},"164":{"start":{"line":344,"column":58},"end":{"line":344,"column":70}},"165":{"start":{"line":345,"column":28},"end":{"line":345,"column":158}},"166":{"start":{"line":345,"column":71},"end":{"line":345,"column":158}},"167":{"start":{"line":346,"column":28},"end":{"line":346,"column":40}},"168":{"start":{"line":349,"column":44},"end":{"line":353,"column":25}},"169":{"start":{"line":350,"column":28},"end":{"line":350,"column":68}},"170":{"start":{"line":350,"column":56},"end":{"line":350,"column":68}},"171":{"start":{"line":351,"column":28},"end":{"line":351,"column":148}},"172":{"start":{"line":351,"column":67},"end":{"line":351,"column":148}},"173":{"start":{"line":352,"column":28},"end":{"line":352,"column":40}},"174":{"start":{"line":355,"column":24},"end":{"line":358,"column":25}},"175":{"start":{"line":356,"column":28},"end":{"line":356,"column":38}},"176":{"start":{"line":357,"column":28},"end":{"line":357,"column":36}},"177":{"start":{"line":360,"column":24},"end":{"line":363,"column":25}},"178":{"start":{"line":361,"column":28},"end":{"line":361,"column":38}},"179":{"start":{"line":362,"column":28},"end":{"line":362,"column":36}},"180":{"start":{"line":365,"column":24},"end":{"line":368,"column":25}},"181":{"start":{"line":366,"column":28},"end":{"line":366,"column":38}},"182":{"start":{"line":367,"column":28},"end":{"line":367,"column":36}},"183":{"start":{"line":371,"column":38},"end":{"line":371,"column":62}},"184":{"start":{"line":372,"column":36},"end":{"line":372,"column":54}},"185":{"start":{"line":375,"column":20},"end":{"line":385,"column":21}},"186":{"start":{"line":376,"column":44},"end":{"line":382,"column":58}},"187":{"start":{"line":377,"column":28},"end":{"line":380,"column":29}},"188":{"start":{"line":378,"column":32},"end":{"line":378,"column":45}},"189":{"start":{"line":379,"column":32},"end":{"line":379,"column":48}},"190":{"start":{"line":381,"column":28},"end":{"line":381,"column":37}},"191":{"start":{"line":382,"column":43},"end":{"line":382,"column":57}},"192":{"start":{"line":384,"column":24},"end":{"line":384,"column":58}},"193":{"start":{"line":384,"column":48},"end":{"line":384,"column":58}},"194":{"start":{"line":388,"column":20},"end":{"line":388,"column":40}},"195":{"start":{"line":390,"column":16},"end":{"line":390,"column":24}},"196":{"start":{"line":394,"column":12},"end":{"line":403,"column":14}},"197":{"start":{"line":395,"column":16},"end":{"line":398,"column":17}},"198":{"start":{"line":396,"column":20},"end":{"line":396,"column":68}},"199":{"start":{"line":396,"column":60},"end":{"line":396,"column":68}},"200":{"start":{"line":397,"column":20},"end":{"line":397,"column":98}},"201":{"start":{"line":399,"column":16},"end":{"line":402,"column":31}},"202":{"start":{"line":400,"column":20},"end":{"line":400,"column":62}},"203":{"start":{"line":400,"column":54},"end":{"line":400,"column":62}},"204":{"start":{"line":401,"column":20},"end":{"line":401,"column":68}},"205":{"start":{"line":402,"column":23},"end":{"line":402,"column":31}},"206":{"start":{"line":404,"column":12},"end":{"line":404,"column":23}},"207":{"start":{"line":413,"column":12},"end":{"line":415,"column":13}},"208":{"start":{"line":414,"column":16},"end":{"line":414,"column":27}},"209":{"start":{"line":416,"column":34},"end":{"line":416,"column":46}},"210":{"start":{"line":417,"column":29},"end":{"line":442,"column":14}},"211":{"start":{"line":419,"column":29},"end":{"line":419,"column":31}},"212":{"start":{"line":420,"column":16},"end":{"line":425,"column":17}},"213":{"start":{"line":421,"column":20},"end":{"line":421,"column":78}},"214":{"start":{"line":424,"column":20},"end":{"line":424,"column":40}},"215":{"start":{"line":430,"column":16},"end":{"line":439,"column":17}},"216":{"start":{"line":431,"column":20},"end":{"line":434,"column":26}},"217":{"start":{"line":432,"column":24},"end":{"line":432,"column":56}},"218":{"start":{"line":432,"column":42},"end":{"line":432,"column":56}},"219":{"start":{"line":433,"column":24},"end":{"line":433,"column":32}},"220":{"start":{"line":437,"column":20},"end":{"line":437,"column":39}},"221":{"start":{"line":438,"column":20},"end":{"line":438,"column":116}},"222":{"start":{"line":438,"column":36},"end":{"line":438,"column":116}},"223":{"start":{"line":441,"column":16},"end":{"line":441,"column":27}},"224":{"start":{"line":444,"column":12},"end":{"line":444,"column":29}},"225":{"start":{"line":445,"column":12},"end":{"line":445,"column":23}},"226":{"start":{"line":453,"column":12},"end":{"line":455,"column":13}},"227":{"start":{"line":454,"column":16},"end":{"line":454,"column":27}},"228":{"start":{"line":456,"column":32},"end":{"line":456,"column":44}},"229":{"start":{"line":458,"column":29},"end":{"line":476,"column":14}},"230":{"start":{"line":460,"column":31},"end":{"line":460,"column":33}},"231":{"start":{"line":461,"column":16},"end":{"line":466,"column":17}},"232":{"start":{"line":462,"column":20},"end":{"line":462,"column":81}},"233":{"start":{"line":465,"column":20},"end":{"line":465,"column":40}},"234":{"start":{"line":469,"column":16},"end":{"line":474,"column":17}},"235":{"start":{"line":469,"column":37},"end":{"line":469,"column":64}},"236":{"start":{"line":472,"column":20},"end":{"line":472,"column":41}},"237":{"start":{"line":473,"column":20},"end":{"line":473,"column":119}},"238":{"start":{"line":473,"column":36},"end":{"line":473,"column":119}},"239":{"start":{"line":475,"column":16},"end":{"line":475,"column":27}},"240":{"start":{"line":478,"column":12},"end":{"line":478,"column":29}},"241":{"start":{"line":479,"column":12},"end":{"line":479,"column":23}}},"fnMap":{"0":{"name":"(anonymous_0)","decl":{"start":{"line":6,"column":17},"end":{"line":6,"column":18}},"loc":{"start":{"line":6,"column":32},"end":{"line":482,"column":1}},"line":6},"1":{"name":"(anonymous_1)","decl":{"start":{"line":19,"column":8},"end":{"line":19,"column":9}},"loc":{"start":{"line":19,"column":33},"end":{"line":21,"column":9}},"line":19},"2":{"name":"(anonymous_2)","decl":{"start":{"line":28,"column":8},"end":{"line":28,"column":9}},"loc":{"start":{"line":28,"column":46},"end":{"line":45,"column":9}},"line":28},"3":{"name":"(anonymous_3)","decl":{"start":{"line":51,"column":8},"end":{"line":51,"column":9}},"loc":{"start":{"line":51,"column":49},"end":{"line":82,"column":9}},"line":51},"4":{"name":"genIcal","decl":{"start":{"line":53,"column":21},"end":{"line":53,"column":28}},"loc":{"start":{"line":53,"column":40},"end":{"line":67,"column":13}},"line":53},"5":{"name":"(anonymous_5)","decl":{"start":{"line":56,"column":43},"end":{"line":56,"column":44}},"loc":{"start":{"line":56,"column":61},"end":{"line":64,"column":17}},"line":56},"6":{"name":"(anonymous_6)","decl":{"start":{"line":60,"column":102},"end":{"line":60,"column":103}},"loc":{"start":{"line":60,"column":109},"end":{"line":63,"column":21}},"line":60},"7":{"name":"(anonymous_7)","decl":{"start":{"line":84,"column":8},"end":{"line":84,"column":9}},"loc":{"start":{"line":84,"column":36},"end":{"line":86,"column":9}},"line":84},"8":{"name":"(anonymous_8)","decl":{"start":{"line":92,"column":8},"end":{"line":92,"column":9}},"loc":{"start":{"line":92,"column":53},"end":{"line":105,"column":9}},"line":92},"9":{"name":"(anonymous_9)","decl":{"start":{"line":114,"column":8},"end":{"line":114,"column":9}},"loc":{"start":{"line":114,"column":43},"end":{"line":265,"column":9}},"line":114},"10":{"name":"(anonymous_10)","decl":{"start":{"line":145,"column":24},"end":{"line":145,"column":25}},"loc":{"start":{"line":145,"column":49},"end":{"line":264,"column":13}},"line":145},"11":{"name":"(anonymous_11)","decl":{"start":{"line":151,"column":42},"end":{"line":151,"column":43}},"loc":{"start":{"line":151,"column":70},"end":{"line":153,"column":17}},"line":151},"12":{"name":"(anonymous_12)","decl":{"start":{"line":152,"column":39},"end":{"line":152,"column":40}},"loc":{"start":{"line":152,"column":51},"end":{"line":152,"column":82}},"line":152},"13":{"name":"(anonymous_13)","decl":{"start":{"line":155,"column":31},"end":{"line":155,"column":32}},"loc":{"start":{"line":155,"column":37},"end":{"line":159,"column":17}},"line":155},"14":{"name":"(anonymous_14)","decl":{"start":{"line":161,"column":29},"end":{"line":161,"column":30}},"loc":{"start":{"line":161,"column":35},"end":{"line":165,"column":17}},"line":161},"15":{"name":"(anonymous_15)","decl":{"start":{"line":167,"column":36},"end":{"line":167,"column":37}},"loc":{"start":{"line":167,"column":42},"end":{"line":171,"column":17}},"line":167},"16":{"name":"(anonymous_16)","decl":{"start":{"line":174,"column":27},"end":{"line":174,"column":28}},"loc":{"start":{"line":174,"column":33},"end":{"line":179,"column":17}},"line":174},"17":{"name":"(anonymous_17)","decl":{"start":{"line":185,"column":32},"end":{"line":185,"column":33}},"loc":{"start":{"line":185,"column":38},"end":{"line":191,"column":17}},"line":185},"18":{"name":"(anonymous_18)","decl":{"start":{"line":193,"column":29},"end":{"line":193,"column":30}},"loc":{"start":{"line":193,"column":35},"end":{"line":200,"column":17}},"line":193},"19":{"name":"(anonymous_19)","decl":{"start":{"line":213,"column":34},"end":{"line":213,"column":35}},"loc":{"start":{"line":213,"column":40},"end":{"line":215,"column":17}},"line":213},"20":{"name":"(anonymous_20)","decl":{"start":{"line":218,"column":33},"end":{"line":218,"column":34}},"loc":{"start":{"line":218,"column":39},"end":{"line":221,"column":17}},"line":218},"21":{"name":"(anonymous_21)","decl":{"start":{"line":223,"column":29},"end":{"line":223,"column":30}},"loc":{"start":{"line":223,"column":35},"end":{"line":263,"column":17}},"line":223},"22":{"name":"(anonymous_22)","decl":{"start":{"line":247,"column":66},"end":{"line":247,"column":67}},"loc":{"start":{"line":247,"column":71},"end":{"line":256,"column":21}},"line":247},"23":{"name":"(anonymous_23)","decl":{"start":{"line":249,"column":53},"end":{"line":249,"column":54}},"loc":{"start":{"line":249,"column":58},"end":{"line":254,"column":25}},"line":249},"24":{"name":"(anonymous_24)","decl":{"start":{"line":251,"column":60},"end":{"line":251,"column":61}},"loc":{"start":{"line":251,"column":65},"end":{"line":251,"column":84}},"line":251},"25":{"name":"(anonymous_25)","decl":{"start":{"line":271,"column":8},"end":{"line":271,"column":9}},"loc":{"start":{"line":271,"column":28},"end":{"line":290,"column":9}},"line":271},"26":{"name":"(anonymous_26)","decl":{"start":{"line":272,"column":24},"end":{"line":272,"column":25}},"loc":{"start":{"line":272,"column":36},"end":{"line":289,"column":13}},"line":272},"27":{"name":"(anonymous_27)","decl":{"start":{"line":274,"column":54},"end":{"line":274,"column":55}},"loc":{"start":{"line":274,"column":76},"end":{"line":277,"column":17}},"line":274},"28":{"name":"(anonymous_28)","decl":{"start":{"line":279,"column":27},"end":{"line":279,"column":28}},"loc":{"start":{"line":279,"column":37},"end":{"line":284,"column":17}},"line":279},"29":{"name":"(anonymous_29)","decl":{"start":{"line":280,"column":39},"end":{"line":280,"column":40}},"loc":{"start":{"line":280,"column":47},"end":{"line":282,"column":21}},"line":280},"30":{"name":"(anonymous_30)","decl":{"start":{"line":286,"column":26},"end":{"line":286,"column":27}},"loc":{"start":{"line":286,"column":32},"end":{"line":288,"column":17}},"line":286},"31":{"name":"(anonymous_31)","decl":{"start":{"line":287,"column":45},"end":{"line":287,"column":46}},"loc":{"start":{"line":287,"column":55},"end":{"line":287,"column":77}},"line":287},"32":{"name":"(anonymous_32)","decl":{"start":{"line":301,"column":8},"end":{"line":301,"column":9}},"loc":{"start":{"line":301,"column":76},"end":{"line":405,"column":9}},"line":301},"33":{"name":"(anonymous_33)","decl":{"start":{"line":308,"column":28},"end":{"line":308,"column":29}},"loc":{"start":{"line":308,"column":44},"end":{"line":316,"column":13}},"line":308},"34":{"name":"(anonymous_34)","decl":{"start":{"line":318,"column":26},"end":{"line":318,"column":27}},"loc":{"start":{"line":318,"column":32},"end":{"line":323,"column":13}},"line":318},"35":{"name":"(anonymous_35)","decl":{"start":{"line":320,"column":44},"end":{"line":320,"column":45}},"loc":{"start":{"line":320,"column":49},"end":{"line":322,"column":17}},"line":320},"36":{"name":"(anonymous_36)","decl":{"start":{"line":321,"column":53},"end":{"line":321,"column":54}},"loc":{"start":{"line":321,"column":59},"end":{"line":321,"column":67}},"line":321},"37":{"name":"(anonymous_37)","decl":{"start":{"line":332,"column":45},"end":{"line":332,"column":46}},"loc":{"start":{"line":332,"column":56},"end":{"line":391,"column":13}},"line":332},"38":{"name":"(anonymous_38)","decl":{"start":{"line":343,"column":46},"end":{"line":343,"column":47}},"loc":{"start":{"line":343,"column":52},"end":{"line":347,"column":25}},"line":343},"39":{"name":"(anonymous_39)","decl":{"start":{"line":349,"column":44},"end":{"line":349,"column":45}},"loc":{"start":{"line":349,"column":50},"end":{"line":353,"column":25}},"line":349},"40":{"name":"(anonymous_40)","decl":{"start":{"line":376,"column":58},"end":{"line":376,"column":59}},"loc":{"start":{"line":376,"column":74},"end":{"line":382,"column":25}},"line":376},"41":{"name":"(anonymous_41)","decl":{"start":{"line":382,"column":38
[...]
"end":{"line":206,"column":110}},"type":"cond-expr","locations":[{"start":{"line":206,"column":85},"end":{"line":206,"column":96}},{"start":{"line":206,"column":99},"end":{"line":206,"column":110}}],"line":206},"45":{"loc":{"start":{"line":208,"column":34},"end":{"line":208,"column":161}},"type":"cond-expr","locations":[{"start":{"line":208,"column":64},"end":{"line":208,"column":70}},{"start":{"line":208,"column":73},"end":{"line":208,"column":161}}],"line":208},"46":{"loc":{"start":{"line":208,"column":73},"end":{"line":208,"column":161}},"type":"cond-expr","locations":[{"start":{"line":208,"column":103},"end":{"line":208,"column":108}},{"start":{"line":208,"column":111},"end":{"line":208,"column":161}}],"line":208},"47":{"loc":{"start":{"line":208,"column":111},"end":{"line":208,"column":161}},"type":"cond-expr","locations":[{"start":{"line":208,"column":141},"end":{"line":208,"column":152}},{"start":{"line":208,"column":155},"end":{"line":208,"column":161}}],"line":208},"48":{"loc":{"start":{"line":214,"column":27},"end":{"line":214,"column":47}},"type":"cond-expr","locations":[{"start":{"line":214,"column":34},"end":{"line":214,"column":40}},{"start":{"line":214,"column":43},"end":{"line":214,"column":47}}],"line":214},"49":{"loc":{"start":{"line":219,"column":33},"end":{"line":219,"column":77}},"type":"cond-expr","locations":[{"start":{"line":219,"column":46},"end":{"line":219,"column":67}},{"start":{"line":219,"column":70},"end":{"line":219,"column":77}}],"line":219},"50":{"loc":{"start":{"line":241,"column":20},"end":{"line":241,"column":58}},"type":"if","locations":[{"start":{"line":241,"column":20},"end":{"line":241,"column":58}},{"start":{"line":241,"column":20},"end":{"line":241,"column":58}}],"line":241},"51":{"loc":{"start":{"line":251,"column":28},"end":{"line":253,"column":59}},"type":"if","locations":[{"start":{"line":251,"column":28},"end":{"line":253,"column":59}},{"start":{"line":251,"column":28},"end":{"line":253,"column":59}}],"line":251},"52":{"loc":{"start":{"line":258,"column":20},"end":{"line":262,"column":21}},"type":"if","locations":[{"start":{"line":258,"column":20},"end":{"line":262,"column":21}},{"start":{"line":258,"column":20},"end":{"line":262,"column":21}}],"line":258},"53":{"loc":{"start":{"line":260,"column":24},"end":{"line":260,"column":114}},"type":"if","locations":[{"start":{"line":260,"column":24},"end":{"line":260,"column":114}},{"start":{"line":260,"column":24},"end":{"line":260,"column":114}}],"line":260},"54":{"loc":{"start":{"line":281,"column":24},"end":{"line":281,"column":66}},"type":"if","locations":[{"start":{"line":281,"column":24},"end":{"line":281,"column":66}},{"start":{"line":281,"column":24},"end":{"line":281,"column":66}}],"line":281},"55":{"loc":{"start":{"line":301,"column":20},"end":{"line":301,"column":29}},"type":"default-arg","locations":[{"start":{"line":301,"column":27},"end":{"line":301,"column":29}}],"line":301},"56":{"loc":{"start":{"line":301,"column":31},"end":{"line":301,"column":41}},"type":"default-arg","locations":[{"start":{"line":301,"column":39},"end":{"line":301,"column":41}}],"line":301},"57":{"loc":{"start":{"line":301,"column":43},"end":{"line":301,"column":61}},"type":"default-arg","locations":[{"start":{"line":301,"column":59},"end":{"line":301,"column":61}}],"line":301},"58":{"loc":{"start":{"line":301,"column":63},"end":{"line":301,"column":74}},"type":"default-arg","locations":[{"start":{"line":301,"column":72},"end":{"line":301,"column":74}}],"line":301},"59":{"loc":{"start":{"line":303,"column":12},"end":{"line":305,"column":13}},"type":"if","locations":[{"start":{"line":303,"column":12},"end":{"line":305,"column":13}},{"start":{"line":303,"column":12},"end":{"line":305,"column":13}}],"line":303},"60":{"loc":{"start":{"line":303,"column":16},"end":{"line":303,"column":108}},"type":"binary-expr","locations":[{"start":{"line":303,"column":16},"end":{"line":303,"column":30}},{"start":{"line":303,"column":34},"end":{"line":303,"column":63}},{"start":{"line":303,"column":67},"end":{"line":303,"column":108}}],"line":303},"61":{"loc":{"start":{"line":303,"column":36},"end":{"line":303,"column":55}},"type":"binary-expr","locations":[{"start":{"line":303,"column":36},"end":{"line":303,"column":49}},{"start":{"line":303,"column":53},"end":{"line":303,"column":55}}],"line":303},"62":{"loc":{"start":{"line":309,"column":16},"end":{"line":309,"column":46}},"type":"if","locations":[{"start":{"line":309,"column":16},"end":{"line":309,"column":46}},{"start":{"line":309,"column":16},"end":{"line":309,"column":46}}],"line":309},"63":{"loc":{"start":{"line":311,"column":20},"end":{"line":311,"column":80}},"type":"if","locations":[{"start":{"line":311,"column":20},"end":{"line":311,"column":80}},{"start":{"line":311,"column":20},"end":{"line":311,"column":80}}],"line":311},"64":{"loc":{"start":{"line":311,"column":25},"end":{"line":311,"column":34}},"type":"binary-expr","locations":[{"start":{"line":311,"column":25},"end":{"line":311,"column":28}},{"start":{"line":311,"column":32},"end":{"line":311,"column":34}}],"line":311},"65":{"loc":{"start":{"line":319,"column":16},"end":{"line":319,"column":71}},"type":"if","locations":[{"start":{"line":319,"column":16},"end":{"line":319,"column":71}},{"start":{"line":319,"column":16},"end":{"line":319,"column":71}}],"line":319},"66":{"loc":{"start":{"line":326,"column":12},"end":{"line":330,"column":13}},"type":"if","locations":[{"start":{"line":326,"column":12},"end":{"line":330,"column":13}},{"start":{"line":326,"column":12},"end":{"line":330,"column":13}}],"line":326},"67":{"loc":{"start":{"line":327,"column":16},"end":{"line":327,"column":85}},"type":"if","locations":[{"start":{"line":327,"column":16},"end":{"line":327,"column":85}},{"start":{"line":327,"column":16},"end":{"line":327,"column":85}}],"line":327},"68":{"loc":{"start":{"line":335,"column":20},"end":{"line":335,"column":58}},"type":"if","locations":[{"start":{"line":335,"column":20},"end":{"line":335,"column":58}},{"start":{"line":335,"column":20},"end":{"line":335,"column":58}}],"line":335},"69":{"loc":{"start":{"line":337,"column":36},"end":{"line":337,"column":73}},"type":"binary-expr","locations":[{"start":{"line":337,"column":36},"end":{"line":337,"column":51}},{"start":{"line":337,"column":55},"end":{"line":337,"column":73}}],"line":337},"70":{"loc":{"start":{"line":338,"column":34},"end":{"line":338,"column":67}},"type":"binary-expr","locations":[{"start":{"line":338,"column":34},"end":{"line":338,"column":47}},{"start":{"line":338,"column":51},"end":{"line":338,"column":67}}],"line":338},"71":{"loc":{"start":{"line":339,"column":39},"end":{"line":339,"column":77}},"type":"binary-expr","locations":[{"start":{"line":339,"column":39},"end":{"line":339,"column":57}},{"start":{"line":339,"column":61},"end":{"line":339,"column":77}}],"line":339},"72":{"loc":{"start":{"line":341,"column":20},"end":{"line":369,"column":21}},"type":"if","locations":[{"start":{"line":341,"column":20},"end":{"line":369,"column":21}},{"start":{"line":341,"column":20},"end":{"line":369,"column":21}}],"line":341},"73":{"loc":{"start":{"line":341,"column":24},"end":{"line":341,"column":40}},"type":"binary-expr","locations":[{"start":{"line":341,"column":24},"end":{"line":341,"column":31}},{"start":{"line":341,"column":35},"end":{"line":341,"column":40}}],"line":341},"74":{"loc":{"start":{"line":344,"column":28},"end":{"line":344,"column":70}},"type":"if","locations":[{"start":{"line":344,"column":28},"end":{"line":344,"column":70}},{"start":{"line":344,"column":28},"end":{"line":344,"column":70}}],"line":344},"75":{"loc":{"start":{"line":345,"column":28},"end":{"line":345,"column":158}},"type":"if","locations":[{"start":{"line":345,"column":28},"end":{"line":345,"column":158}},{"start":{"line":345,"column":28},"end":{"line":345,"column":158}}],"line":345},"76":{"loc":{"start":{"line":345,"column":32},"end":{"line":345,"column":69}},"type":"binary-expr","locations":[{"start":{"line":345,"column":32},"end":{"line":345,"column":50}},{"start":{"line":345,"column":54},"end":{"line":345,"column":69}}],"line":345},"77":{"loc":{"start":{"line":345,"column":78},"end":{"line":345,"column":158}},"type":"binary-expr","locations":[{"start":{"line":345,"column":78},"end":{"line":345,"column":147}},{"start":{"line":345,"column":151},"end":{"line":345,"column":158}}],"line":345},"78":{"loc":{"start":{"line":350,"column":28},"end":{"line":350,"column":68}},"type":"if","locations":[{"start":{"line":350,"column":28},"end":{"line":350,"column":68}},{"start":{"line":350,"column":28},"end":{"line":350,"column":68}}],"line":350},"79":{"loc":{"start":{"line":351,"column":28},"end":{"line":351,"column":148}},"type":"if","locations":[{"start":{"line":351,"column":28},"end":{"line":351,"column":148}},{"start":{"line":351,"column":28},"end":{"line":351,"column":148}}],"line":351},"80":{"loc":{"start":{"line":351,"column":32},"end":{"line":351,"column":65}},"type":"binary-expr","locations":[{"start":{"line":351,"column":32},"end":{"line":351,"column":48}},{"start":{"line":351,"column":52},"end":{"line":351,"column":65}}],"line":351},"81":{"loc":{"start":{"line":351,"column":74},"end":{"line":351,"column":148}},"type":"binary-expr","locations":[{"start":{"line":351,"column":74},"end":{"line":351,"column":139}},{"start":{"line":351,"column":143},"end":{"line":351,"column":148}}],"line":351},"82":{"loc":{"start":{"line":355,"column":24},"end":{"line":358,"column":25}},"type":"if","locations":[{"start":{"line":355,"column":24},"end":{"line":358,"column":25}},{"start":{"line":355,"column":24},"end":{"line":358,"column":25}}],"line":355},"83":{"loc":{"start":{"line":355,"column":28},"end":{"line":355,"column":60}},"type":"binary-expr","locations":[{"start":{"line":355,"column":28},"end":{"line":355,"column":43}},{"start":{"line":355,"column":47},"end":{"line":355,"column":60}}],"line":355},"84":{"loc":{"start":{"line":360,"column":24},"end":{"line":363,"column":25}},"type":"if","locations":[{"start":{"line":360,"column":24},"end":{"line":363,"column":25}},{"start":{"line":360,"column":24},"end":{"line":363,"column":25}}],"line":360},"85":{"loc":{"start":{"line":360,"column":28},"end":{"line":360,"column":58}},"type":"binary-expr","locations":[{"start":{"line":360,"column":28},"end":{"line":360,"column":43}},{"start":{"line":360,"column":47},"end":{"line":360,"column":58}}],"line":360},"86":{"loc":{"start":{"line":365,"column":24},"end":{"line":368,"column":25}},"type":"if","locations":[{"start":{"line":365,"column":24},"end":{"line":368,"column":25}},{"start":{"line":365,"column":24},"end":{"line":368,"column":25}}],"line":365},"87":{"loc":{"start":{"line":365,"column":28},"end":{"line":365,"column":56}},"type":"binary-expr","locations":[{"start":{"line":365,"column":28},"end":{"line":365,"column":41}},{"start":{"line":365,"column":45},"end":{"line":365,"column":56}}],"line":365},"88":{"loc":{"start":{"line":372,"column":36},"end":{"line":372,"column":54}},"type":"binary-expr","locations":[{"start":{"line":372,"column":36},"end":{"line":372,"column":44}},{"start":{"line":372,"column":48},"end":{"line":372,"column":54}}],"line":372},"89":{"loc":{"start":{"line":375,"column":20},"end":{"line":385,"column":21}},"type":"if","locations":[{"start":{"line":375,"column":20},"end":{"line":385,"column":21}},{"start":{"line":375,"column":20},"end":{"line":385,"column":21}}],"line":375},"90":{"loc":{"start":{"line":377,"column":28},"end":{"line":380,"column":29}},"type":"if","locations":[{"start":{"line":377,"column":28},"end":{"line":380,"column":29}},{"start":{"line":377,"column":28},"end":{"line":380,"column":29}}],"line":377},"91":{"loc":{"start":{"line":384,"column":24},"end":{"line":384,"column":58}},"type":"if","locations":[{"start":{"line":384,"column":24},"end":{"line":384,"column":58}},{"start":{"line":384,"column":24},"end":{"line":384,"column":58}}],"line":384},"92":{"loc":{"start":{"line":395,"column":16},"end":{"line":398,"column":17}},"type":"if","locations":[{"start":{"line":395,"column":16},"end":{"line":398,"column":17}},{"start":{"line":395,"column":16},"end":{"line":398,"column":17}}],"line":395},"93":{"loc":{"start":{"line":396,"column":20},"end":{"line":396,"column":68}},"type":"if","locations":[{"start":{"line":396,"column":20},"end":{"line":396,"column":68}},{"start":{"line":396,"column":20},"end":{"line":396,"column":68}}],"line":396},"94":{"loc":{"start":{"line":396,"column":24},"end":{"line":396,"column":58}},"type":"binary-expr","locations":[{"start":{"line":396,"column":24},"end":{"line":396,"column":39}},{"start":{"line":396,"column":43},"end":{"line":396,"column":58}}],"line":396},"95":{"loc":{"start":{"line":399,"column":16},"end":{"line":402,"column":31}},"type":"if","locations":[{"start":{"line":399,"column":16},"end":{"line":402,"column":31}},{"start":{"line":399,"column":16},"end":{"line":402,"column":31}}],"line":399},"96":{"loc":{"start":{"line":400,"column":20},"end":{"line":400,"column":62}},"type":"if","locations":[{"start":{"line":400,"column":20},"end":{"line":400,"column":62}},{"start":{"line":400,"column":20},"end":{"line":400,"column":62}}],"line":400},"97":{"loc":{"start":{"line":400,"column":24},"end":{"line":400,"column":52}},"type":"binary-expr","locations":[{"start":{"line":400,"column":24},"end":{"line":400,"column":36}},{"start":{"line":400,"column":40},"end":{"line":400,"column":52}}],"line":400},"98":{"loc":{"start":{"line":411,"column":21},"end":{"line":411,"column":41}},"type":"default-arg","locations":[{"start":{"line":411,"column":37},"end":{"line":411,"column":41}}],"line":411},"99":{"loc":{"start":{"line":413,"column":12},"end":{"line":415,"column":13}},"type":"if","locations":[{"start":{"line":413,"column":12},"end":{"line":415,"column":13}},{"start":{"line":413,"column":12},"end":{"line":415,"column":13}}],"line":413},"100":{"loc":{"start":{"line":416,"column":34},"end":{"line":416,"column":46}},"type":"binary-expr","locations":[{"start":{"line":416,"column":34},"end":{"line":416,"column":40}},{"start":{"line":416,"column":44},"end":{"line":416,"column":46}}],"line":416},"101":{"loc":{"start":{"line":430,"column":16},"end":{"line":439,"column":17}},"type":"if","locations":[{"start":{"line":430,"column":16},"end":{"line":439,"column":17}},{"start":{"line":430,"column":16},"end":{"line":439,"column":17}}],"line":430},"102":{"loc":{"start":{"line":432,"column":24},"end":{"line":432,"column":56}},"type":"if","locations":[{"start":{"line":432,"column":24},"end":{"line":432,"column":56}},{"start":{"line":432,"column":24},"end":{"line":432,"column":56}}],"line":432},"103":{"loc":{"start":{"line":438,"column":20},"end":{"line":438,"column":116}},"type":"if","locations":[{"start":{"line":438,"column":20},"end":{"line":438,"column":116}},{"start":{"line":438,"column":20},"end":{"line":438,"column":116}}],"line":438},"104":{"loc":{"start":{"line":452,"column":23},"end":{"line":452,"column":44}},"type":"default-arg","locations":[{"start":{"line":452,"column":40},"end":{"line":452,"column":44}}],"line":452},"105":{"loc":{"start":{"line":453,"column":12},"end":{"line":455,"column":13}},"type":"if","locations":[{"start":{"line":453,"column":12},"end":{"line":455,"column":13}},{"start":{"line":453,"column":12},"end":{"line":455,"column":13}}],"line":453},"106":{"loc":{"start":{"line":456,"column":32},"end":{"line":456,"column":44}},"type":"binary-expr","locations":[{"start":{"line":456,"column":32},"end":{"line":456,"column":38}},{"start":{"line":456,"column":42},"end":{"line":456,"column":44}}],"line":456},"107":{"loc":{"start":{"line":469,"column":16},"end":{"line":474,"column":17}},"type":"if","locations":[{"start":{"line":469,"column":16},"end":{"line":474,"column":17}},{"start":{"line":469,"column":16},"end":{"line":474,"column":17}}],"line":469},"108":{"loc":{"start":{"line":473,"column":20},"end":{"line":473,"column":119}},"type":"if","locations":[{"start":{"line":473,"column":20},"end":{"line":473,"column":119}},{"start":{"line":473,"column":20},"end":{"line":473,"column":119}}],"line":473}},"s":{"0":1,"1":1,"2":1,"3":1,"4":1,"5":1,"6":1,"7":1,"8":1,"9":1,"10":1,"11":1,"12":1,"13":1,"14":2,"15":0,"16":2,"17":2,"18":2,"19":9,"20":9,"21":9,"22":9,"23":0,"24":9,"25":0,"26":2,"27":9,"28":9,"29":9,"30":0,"31":9,"32":9,"33":9,"34":0,"35":9,"36":9,"37":2,"38":2,"39":2,"40":9,"41":9,"42":0,"43":0,"44":2,"45":4,"46":208,"47":36,"48":36,"49":172,"50":172,"51":0,"52":0,"53":208,"54":9,"55":9,"56":9,"57":0,"58":9,"59":9,"60":35,"61":210,"62":9,"63":9,"64":9,"65":9,"66":9,"67":9,"68":9,"69":9,"70":9,"71":9,"72":9,"73":9,"74":9,"75":8,"76":9,"77":9,"78":9,"79":9,"80":9,"81":9,"82":9,"83":9,"84":9,"85":9,"86":9,"87":9,"88":0,"89":0,"90":0,"91":9,"92":9,"93":9,"94":9,"95":0,"96":9,"97":9,"98":9,"99":9,"100":9,"101":9,"102":9,"103":9,"104":9,"105":9,"106":9,"107":0,"108":9,"109":9,"110":9,"111":101,"112":707,"113":101,"114":202,"115":606,"116":9,"117":9,"118":0,"119":0,"120":0,"121":2279,"122":2279,"123":2279,"124":2392,"125":2392,"126":2279,"127":281,"128":341,"129":281,"130":281,"131":2279,"132":281,"133":341,"134":180,"135":0,"136":180,"137":2334,"138":270,"139":2064,"140":2064,"141":11,"142":2053,"143":180,"144":180,"145":0,"146":180,"147":212,"148":220,"149":180,"150":1,"151":0,"152":1,"153":1,"154":179,"155":2334,"156":2334,"157":0,"158":2334,"159":2334,"160":2334,"161":2334,"162":84,"163":155,"164":0,"165":155,"166":155,"167":0,"168":84,"169":113,"170":42,"171":71,"172":71,"173":0,"174":84,"175":13,"176":13,"177":71,"178":42,"179":42,"180":29,"181":0,"182":0,"183":2279,"184":2279,"185":2279,"186":2250,"187":2334,"188":281,"189":281,"190":2334,"191":281,"192":2250,"193":230,"194":0,"195":2279,"196":179,"197":109,"198":109,"199":0,"200":109,"201":0,"202":0,"203":0,"204":0,"205":0,"206":179,"207":19,"208":11,"209":8,"210":8,"211":157,"212":157,"213":157,"214":0,"215":157,"216":157,"217":785,"218":157,"219":785,"220":0,"221":0,"222":0,"223":157,"224":8,"225":8,"226":165,"227":162,"228":3,"229":3,"230":11,"231":11,"232":11,"233":0,"234":11,"235":10,"236":1,"237":1,"238":0,"239":11,"240":3,"241":3},"f":{"0":1,"1":1,"2":2,"3":2,"4":9,"5":9,"6":9,"7":4,"8":208,"9":9,"10":9,"11":35,"12":210,"13":9,"14":9,"15":9,"16":9,"17":9,"18":9,"19":9,"20":9,"21":9,"22":101,"23":707,"24":202,"25":2279,"26":2279,"27":2392,"28":281,"29":341,"30":281,"31":341,"32":180,"33":2334,"34":180,"35":212,"36":220,"37":2334,"38":155,"39":113,"40":2334,"41":281,"42":109,"43":19,"44":157,"45":785,"46":165,"47":11},"b":{"0":[0],"1":[0,2],"2":[2,0],"3":[11,0],"4":[0,9],"5":[0],"6":[0,9],"7":[0,9],"8":[0],"9":[36,172,0],"10":[0,0],"11":[0,9],"12":[9,9],"13":[9,0],"14":[0],"15":[35,175],"16":[9,0],"17":[9,0],"18":[9,0],"19":[9,0],"20":[9,0],"21":[9,0],"22":[9,0],"23":[9,0],"24":[8,1],"25":[9,1],"26":[8,1],"27":[8,1],"28":[9,0,0],"29":[9,0],"30":[9,0],"31":[9,0],"32":[0,9],"33":[9,3],"34":[0,9],"35":[9,0],"36":[0,0],"37":[0,0],"38":[2,7],"39":[9,7],"40":[9,7],"41":[7,6],"42":[8,1],"43":[9,9],"44":[1,0],"45":[8,1],"46":[1,0],"47":[0,0],"48":[9,0],"49":[2,7],"50":[0,9],"51":[101,606],"52":[9,0],"53":[0,0],"54":[281,60],"55":[0],"56":[0],"57":[0],"58":[0],"59":[0,180],"60":[180,180,180],"61":[180,0],"62":[270,2064],"63":[11,2053],"64":[2064,0],"65":[0,180],"66":[1,179],"67":[0,1],"68":[0,2334],"69":[2334,714],"70":[2334,714],"71":[2334,84],"72":[84,2250],"73":[2334,2250],"74":[0,155],"75":[155,0],"76":[155,155],"77":[155,155],"78":[42,71],"79":[71,0],"80":[71,71],"81":[71,13],"82":[13,71],"83":[84,84],"84":[42,29],"85":[71,71],"86":[0,29],"87":[29,0],"88":[2279,29],"89":[2250,29],"90":[281,2053],"91":[230,2020],"92":[109,0],"93":[0,109],"94":[109,109],"95":[0,0],"96":[0,0],"97":[0,0],"98":[0],"99":[11,8],"100":[8,0],"101":[157,0],"102":[157,628],"103":[0,0],"104":[0],"105":[162,3],"106":[3,0],"107":[10,1],"108":[0,1]},"_coverageSchema":"1a1c01bbd47fc00a2c39e90264f33305004495a9","hash":"79b74a476537fb02a424a9bead12a17149798f3c","contentHash":"056f2b62cf143ee68092896f13614c5947b44afea1e4b286ccae189a72c41e01"}}