{"/media/vendeta/exchange-2/x-workflow/~GITHUB_WORK/ics-calendar/libs/server/server.js":{"path":"/media/vendeta/exchange-2/x-workflow/~GITHUB_WORK/ics-calendar/libs/server/server.js","statementMap":{"0":{"start":{"line":1,"column":0},"end":{"line":1,"column":13}},"1":{"start":{"line":3,"column":0},"end":{"line":77,"column":2}},"2":{"start":{"line":4,"column":18},"end":{"line":4,"column":43}},"3":{"start":{"line":5,"column":2},"end":{"line":5,"column":64}},"4":{"start":{"line":5,"column":13},"end":{"line":5,"column":64}},"5":{"start":{"line":6,"column":25},"end":{"line":6,"column":46}},"6":{"start":{"line":8,"column":18},"end":{"line":8,"column":36}},"7":{"start":{"line":9,"column":14},"end":{"line":9,"column":23}},"8":{"start":{"line":10,"column":17},"end":{"line":10,"column":33}},"9":{"start":{"line":11,"column":17},"end":{"line":11,"column":34}},"10":{"start":{"line":12,"column":21},"end":{"line":12,"column":43}},"11":{"start":{"line":13,"column":17},"end":{"line":13,"column":40}},"12":{"start":{"line":14,"column":21},"end":{"line":14,"column":43}},"13":{"start":{"line":15,"column":21},"end":{"line":15,"column":50}},"14":{"start":{"line":16,"column":15},"end":{"line":16,"column":30}},"15":{"start":{"line":17,"column":14},"end":{"line":17,"column":28}},"16":{"start":{"line":18,"column":23},"end":{"line":18,"column":65}},"17":{"start":{"line":19,"column":2},"end":{"line":19,"column":28}},"18":{"start":{"line":20,"column":2},"end":{"line":20,"column":25}},"19":{"start":{"line":21,"column":2},"end":{"line":21,"column":54}},"20":{"start":{"line":22,"column":2},"end":{"line":22,"column":29}},"21":{"start":{"line":23,"column":2},"end":{"line":23,"column":18}},"22":{"start":{"line":27,"column":2},"end":{"line":27,"column":36}},"23":{"start":{"line":28,"column":2},"end":{"line":28,"column":33}},"24":{"start":{"line":31,"column":2},"end":{"line":31,"column":60}},"25":{"start":{"line":35,"column":2},"end":{"line":35,"column":37}},"26":{"start":{"line":37,"column":22},"end":{"line":37,"column":43}},"27":{"start":{"line":41,"column":2},"end":{"line":41,"column":80}},"28":{"start":{"line":42,"column":2},"end":{"line":42,"column":78}},"29":{"start":{"line":45,"column":2},"end":{"line":57,"column":5}},"30":{"start":{"line":46,"column":19},"end":{"line":48,"column":6}},"31":{"start":{"line":49,"column":4},"end":{"line":56,"column":9}},"32":{"start":{"line":62,"column":2},"end":{"line":64,"column":5}},"33":{"start":{"line":63,"column":4},"end":{"line":63,"column":76}},"34":{"start":{"line":66,"column":2},"end":{"line":66,"column":23}},"35":{"start":{"line":71,"column":17},"end":{"line":75,"column":4}},"36":{"start":{"line":72,"column":17},"end":{"line":72,"column":76}},"37":{"start":{"line":73,"column":17},"end":{"line":73,"column":38}},"38":{"start":{"line":74,"column":4},"end":{"line":74,"column":52}},"39":{"start":{"line":76,"column":2},"end":{"line":76,"column":16}}},"fnMap":{"0":{"name":"(anonymous_0)","decl":{"start":{"line":3,"column":17},"end":{"line":3,"column":18}},"loc":{"start":{"line":3,"column":35},"end":{"line":77,"column":1}},"line":3},"1":{"name":"(anonymous_1)","decl":{"start":{"line":45,"column":18},"end":{"line":45,"column":19}},"loc":{"start":{"line":45,"column":38},"end":{"line":57,"column":3}},"line":45},"2":{"name":"(anonymous_2)","decl":{"start":{"line":62,"column":10},"end":{"line":62,"column":11}},"loc":{"start":{"line":62,"column":43},"end":{"line":64,"column":3}},"line":62},"3":{"name":"(anonymous_3)","decl":{"start":{"line":71,"column":41},"end":{"line":71,"column":42}},"loc":{"start":{"line":71,"column":53},"end":{"line":75,"column":3}},"line":71}},"branchMap":{"0":{"loc":{"start":{"line":3,"column":18},"end":{"line":3,"column":30}},"type":"default-arg","locations":[{"start":{"line":3,"column":26},"end":{"line":3,"column":30}}],"line":3},"1":{"loc":{"start":{"line":5,"column":2},"end":{"line":5,"column":64}},"type":"if","locations":[{"start":{"line":5,"column":2},"end":{"line":5,"column":64}},{"start":{"line":5,"column":2},"end":{"line":5,"column":64}}],"line":5},"2":{"loc":{"start":{"line":72,"column":18},"end":{"line":72,"column":48}},"type":"binary-expr","locations":[{"start":{"line":72,"column":18},"end":{"line":72,"column":42}},{"start":{"line":72,"column":46},"end":{"line":72,"column":48}}],"line":72}},"s":{"0":1,"1":1,"2":1,"3":1,"4":0,"5":1,"6":1,"7":1,"8":1,"9":1,"10":1,"11":1,"12":1,"13":1,"14":1,"15":1,"16":1,"17":1,"18":1,"19":1,"20":1,"21":1,"22":1,"23":1,"24":1,"25":1,"26":1,"27":1,"28":1,"29":1,"30":2,"31":2,"32":1,"33":0,"34":1,"35":1,"36":1,"37":1,"38":1,"39":1},"f":{"0":1,"1":2,"2":0,"3":1},"b":{"0":[0],"1":[0,1],"2":[1,0]},"_coverageSchema":"1a1c01bbd47fc00a2c39e90264f33305004495a9","hash":"d808a5b31b0816e5e1def5adbb5fa0e87e1d884d","contentHash":"e212ba5c5934d5e837a6770ead941889c37c0fc4f1403796e636bf6a259609d1"},"/media/vendeta/exchange-2/x-workflow/~GITHUB_WORK/ics-calendar/libs/utils.js":{"path":"/media/vendeta/exchange-2/x-workflow/~GITHUB_WORK/ics-calendar/libs/utils.js","statementMap":{"0":{"start":{"line":1,"column":0},"end":{"line":45,"column":1}},"1":{"start":{"line":3,"column":23},"end":{"line":3,"column":40}},"2":{"start":{"line":4,"column":14},"end":{"line":4,"column":16}},"3":{"start":{"line":10,"column":4},"end":{"line":14,"column":5}},"4":{"start":{"line":11,"column":8},"end":{"line":11,"column":26}},"5":{"start":{"line":11,"column":18},"end":{"line":11,"column":26}},"6":{"start":{"line":12,"column":8},"end":{"line":12,"column":74}},"7":{"start":{"line":12,"column":63},"end":{"line":12,"column":74}},"8":{"start":{"line":13,"column":8},"end":{"line":13,"column":28}},"9":{"start":{"line":16,"column":4},"end":{"line":18,"column":5}},"10":{"start":{"line":17,"column":8},"end":{"line":17,"column":54}},"11":{"start":{"line":17,"column":40},"end":{"line":17,"column":53}},"12":{"start":{"line":20,"column":4},"end":{"line":29,"column":5}},"13":{"start":{"line":21,"column":8},"end":{"line":28,"column":14}},"14":{"start":{"line":22,"column":12},"end":{"line":26,"column":13}},"15":{"start":{"line":23,"column":16},"end":{"line":25,"column":17}},"16":{"start":{"line":24,"column":20},"end":{"line":24,"column":52}},"17":{"start":{"line":27,"column":12},"end":{"line":27,"column":20}},"18":{"start":{"line":36,"column":4},"end":{"line":42,"column":5}},"19":{"start":{"line":37,"column":21},"end":{"line":37,"column":23}},"20":{"start":{"line":38,"column":8},"end":{"line":40,"column":9}},"21":{"start":{"line":39,"column":12},"end":{"line":39,"column":56}},"22":{"start":{"line":41,"column":8},"end":{"line":41,"column":19}},"23":{"start":{"line":43,"column":4},"end":{"line":43,"column":12}}},"fnMap":{"0":{"name":"(anonymous_0)","decl":{"start":{"line":1,"column":17},"end":{"line":1,"column":18}},"loc":{"start":{"line":1,"column":29},"end":{"line":45,"column":1}},"line":1},"1":{"name":"(anonymous_1)","decl":{"start":{"line":10,"column":13},"end":{"line":10,"column":14}},"loc":{"start":{"line":10,"column":27},"end":{"line":14,"column":5}},"line":10},"2":{"name":"(anonymous_2)","decl":{"start":{"line":16,"column":18},"end":{"line":16,"column":19}},"loc":{"start":{"line":16,"column":28},"end":{"line":18,"column":5}},"line":16},"3":{"name":"(anonymous_3)","decl":{"start":{"line":17,"column":27},"end":{"line":17,"column":28}},"loc":{"start":{"line":17,"column":40},"end":{"line":17,"column":53}},"line":17},"4":{"name":"(anonymous_4)","decl":{"start":{"line":20,"column":19},"end":{"line":20,"column":20}},"loc":{"start":{"line":20,"column":30},"end":{"line":29,"column":5}},"line":20},"5":{"name":"(anonymous_5)","decl":{"start":{"line":21,"column":29},"end":{"line":21,"column":30}},"loc":{"start":{"line":21,"column":43},"end":{"line":28,"column":9}},"line":21},"6":{"name":"(anonymous_6)","decl":{"start":{"line":36,"column":20},"end":{"line":36,"column":21}},"loc":{"start":{"line":36,"column":34},"end":{"line":42,"column":5}},"line":36}},"branchMap":{"0":{"loc":{"start":{"line":10,"column":14},"end":{"line":10,"column":22}},"type":"default-arg","locations":[{"start":{"line":10,"column":20},"end":{"line":10,"column":22}}],"line":10},"1":{"loc":{"start":{"line":11,"column":8},"end":{"line":11,"column":26}},"type":"if","locations":[{"start":{"line":11,"column":8},"end":{"line":11,"column":26}},{"start":{"line":11,"column":8},"end":{"line":11,"column":26}}],"line":11},"2":{"loc":{"start":{"line":12,"column":8},"end":{"line":12,"column":74}},"type":"if","locations":[{"start":{"line":12,"column":8},"end":{"line":12,"column":74}},{"start":{"line":12,"column":8},"end":{"line":12,"column":74}}],"line":12},"3":{"loc":{"start":{"line":22,"column":12},"end":{"line":26,"column":13}},"type":"if","locations":[{"start":{"line":22,"column":12},"end":{"line":26,"column":13}},{"start":{"line":22,"column":12},"end":{"line":26,"column":13}}],"line":22},"4":{"loc":{"start":{"line":23,"column":16},"end":{"line":25,"column":17}},"type":"if","locations":[{"start":{"line":23,"column":16},"end":{"line":25,"column":17}},{"start":{"line":23,"column":16},"end":{"line":25,"column":17}}],"line":23},"5":{"loc":{"start":{"line":23,"column":21},"end":{"line":23,"column":48}},"type":"binary-expr","locations":[{"start":{"line":23,"column":21},"end":{"line":23,"column":42}},{"start":{"line":23,"column":46},"end":{"line":23,"column":48}}],"line":23},"6":{"loc":{"start":{"line":23,"column":22},"end":{"line":23,"column":36}},"type":"binary-expr","locations":[{"start":{"line":23,"column":22},"end":{"line":23,"column":30}},{"start":{"line":23,"column":34},"end":{"line":23,"column":36}}],"line":23}},"s":{"0":1,"1":6,"2":6,"3":6,"4":720,"5":42,"6":720,"7":42,"8":678,"9":6,"10":263,"11":263,"12":6,"13":2,"14":6,"15":6,"16":4,"17":6,"18":6,"19":1,"20":1,"21":20,"22":1,"23":6},"f":{"0":6,"1":720,"2":263,"3":263,"4":2,"5":6,"6":1},"b":{"0":[42],"1":[42,678],"2":[42,678],"3":[6,0],"4":[4,2],"5":[6,0],"6":[6,0]},"_coverageSchema":"1a1c01bbd47fc00a2c39e90264f33305004495a9","hash":"e915d1e0667a019cd2b0119557241ea5a14be52d","contentHash":"e73e030e8d9ff79724cbec2bd54cd4f7f19f184d3b10b97f7123ef890286aabb"},"/media/vendeta/exchange-2/x-workflow/~GITHUB_WORK/ics-calendar/libs/server/auth.js":{"path":"/media/vendeta/exchange-2/x-workflow/~GITHUB_WORK/ics-calendar/libs/server/auth.js","statementMap":{"0":{"start":{"line":1,"column":0},"end":{"line":1,"column":13}},"1":{"start":{"line":6,"column":0},"end":{"line":88,"column":2}},"2":{"start":{"line":7,"column":17},"end":{"line":7,"column":40}},"3":{"start":{"line":8,"column":18},"end":{"line":8,"column":43}},"4":{"start":{"line":9,"column":14},"end":{"line":9,"column":31}},"5":{"start":{"line":10,"column":13},"end":{"line":10,"column":26}},"6":{"start":{"line":11,"column":15},"end":{"line":11,"column":30}},"7":{"start":{"line":12,"column":20},"end":{"line":12,"column":46}},"8":{"start":{"line":13,"column":2},"end":{"line":87,"column":4}},"9":{"start":{"line":15,"column":6},"end":{"line":15,"column":25}},"10":{"start":{"line":22,"column":6},"end":{"line":22,"column":32}},"11":{"start":{"line":22,"column":19},"end":{"line":22,"column":32}},"12":{"start":{"line":23,"column":6},"end":{"line":24,"column":67}},"13":{"start":{"line":24,"column":8},"end":{"line":24,"column":67}},"14":{"start":{"line":25,"column":6},"end":{"line":38,"column":9}},"15":{"start":{"line":26,"column":8},"end":{"line":37,"column":11}},"16":{"start":{"line":27,"column":10},"end":{"line":27,"column":50}},"17":{"start":{"line":27,"column":43},"end":{"line":27,"column":50}},"18":{"start":{"line":28,"column":20},"end":{"line":28,"column":56}},"19":{"start":{"line":29,"column":10},"end":{"line":36,"column":11}},"20":{"start":{"line":30,"column":12},"end":{"line":35,"column":13}},"21":{"start":{"line":31,"column":14},"end":{"line":31,"column":54}},"22":{"start":{"line":32,"column":14},"end":{"line":32,"column":48}},"23":{"start":{"line":34,"column":14},"end":{"line":34,"column":57}},"24":{"start":{"line":42,"column":6},"end":{"line":42,"column":43}},"25":{"start":{"line":44,"column":6},"end":{"line":44,"column":53}},"26":{"start":{"line":45,"column":6},"end":{"line":45,"column":56}},"27":{"start":{"line":46,"column":6},"end":{"line":46,"column":80}},"28":{"start":{"line":47,"column":6},"end":{"line":50,"column":8}},"29":{"start":{"line":51,"column":6},"end":{"line":51,"column":56}},"30":{"start":{"line":51,"column":22},"end":{"line":51,"column":56}},"31":{"start":{"line":52,"column":6},"end":{"line":52,"column":20}},"32":{"start":{"line":59,"column":6},"end":{"line":59,"column":48}}},"fnMap":{"0":{"name":"(anonymous_0)","decl":{"start":{"line":6,"column":17},"end":{"line":6,"column":18}},"loc":{"start":{"line":6,"column":39},"end":{"line":88,"column":1}},"line":6},"1":{"name":"(anonymous_1)","decl":{"start":{"line":14,"column":4},"end":{"line":14,"column":5}},"loc":{"start":{"line":14,"column":23},"end":{"line":16,"column":5}},"line":14},"2":{"name":"(anonymous_2)","decl":{"start":{"line":21,"column":4},"end":{"line":21,"column":5}},"loc":{"start":{"line":21,"column":45},"end":{"line":39,"column":5}},"line":21},"3":{"name":"(anonymous_3)","decl":{"start":{"line":25,"column":38},"end":{"line":25,"column":39}},"loc":{"start":{"line":25,"column":54},"end":{"line":38,"column":7}},"line":25},"4":{"name":"(anonymous_4)","decl":{"start":{"line":26,"column":22},"end":{"line":26,"column":23}},"loc":{"start":{"line":26,"column":38},"end":{"line":37,"column":9}},"line":26},"5":{"name":"(anonymous_5)","decl":{"start":{"line":41,"column":4},"end":{"line":41,"column":5}},"loc":{"start":{"line":41,"column":30},"end":{"line":56,"column":5}},"line":41},"6":{"name":"(anonymous_6)","decl":{"start":{"line":58,"column":4},"end":{"line":58,"column":5}},"loc":{"start":{"line":58,"column":17},"end":{"line":60,"column":5}},"line":58}},"branchMap":{"0":{"loc":{"start":{"line":21,"column":30},"end":{"line":21,"column":43}},"type":"default-arg","locations":[{"start":{"line":21,"column":39},"end":{"line":21,"column":43}}],"line":21},"1":{"loc":{"start":{"line":22,"column":6},"end":{"line":22,"column":32}},"type":"if","locations":[{"start":{"line":22,"column":6},"end":{"line":22,"column":32}},{"start":{"line":22,"column":6},"end":{"line":22,"column":32}}],"line":22},"2":{"loc":{"start":{"line":23,"column":6},"end":{"line":24,"column":67}},"type":"if","locations":[{"start":{"line":23,"column":6},"end":{"line":24,"column":67}},{"start":{"line":23,"column":6},"end":{"line":24,"column":67}}],"line":23},"3":{"loc":{"start":{"line":27,"column":10},"end":{"line":27,"column":50}},"type":"if","locations":[{"start":{"line":27,"column":10},"end":{"line":27,"column":50}},{"start":{"line":27,"column":10},"end":{"line":27,"column":50}}],"line":27},"4":{"loc":{"start":{"line":29,"column":10},"end":{"line":36,"column":11}},"type":"if","locations":[{"start":{"line":29,"column":10},"end":{"line":36,"column":11}},{"start":{"line":29,"column":10},"end":{"line":36,"column":11}}],"line":29},"5":{"loc":{"start":{"line":51,"column":6},"end":{"line":51,"column":56}},"type":"if","locations":[{"start":{"line":51,"column":6},"end":{"line":51,"column":56}},{"start":{"line":51,"column":6},"end":{"line":51,"column":56}}],"line":51}},"s":{"0":1,"1":1,"2":1,"3":1,"4":1,"5":1,"6":1,"7":1,"8":1,"9":1,"10":18,"11":0,"12":18,"13":0,"14":18,"15":18,"16":65,"17":0,"18":65,"19":65,"20":9,"21":9,"22":9,"23":0,"24":18,"25":18,"26":18,"27":18,"28":18,"29":18,"30":0,"31":18,"32":1},"f":{"0":1,"1":1,"2":18,"3":18,"4":65,"5":18,"6":1},"b":{"0":[0],"1":[0,18],"2":[0,18],"3":[0,65],"4":[9,56],"5":[0,18]},"_coverageSchema":"1a1c01bbd47fc00a2c39e90264f33305004495a9","hash":"f98ab9840a0c745e4a397be47d642dee880d743d","contentHash":"ac778735360f3688fbad3371ea0a9d2697102f9f6554862064456741f1134d56"},"/media/vendeta/exchange-2/x-workflow/~GITHUB_WORK/ics-calendar/libs/server/controllers.js":{"path":"/media/vendeta/exchange-2/x-workflow/~GITHUB_WORK/ics-calendar/libs/server/controllers.js","statementMap":{"0":{"start":{"line":1,"column":0},"end":{"line":1,"column":13}},"1":{"start":{"line":3,"column":0},"end":{"line":143,"column":2}},"2":{"start":{"line":4,"column":46},"end":{"line":4,"column":71}},"3":{"start":{"line":5,"column":23},"end":{"line":5,"column":65}},"4":{"start":{"line":7,"column":14},"end":{"line":7,"column":44}},"5":{"start":{"line":8,"column":14},"end":{"line":8,"column":48}},"6":{"start":{"line":10,"column":2},"end":{"line":142,"column":4}},"7":{"start":{"line":12,"column":6},"end":{"line":12,"column":33}},"8":{"start":{"line":13,"column":6},"end":{"line":13,"column":30}},"9":{"start":{"line":14,"column":6},"end":{"line":27,"column":7}},"10":{"start":{"line":15,"column":20},"end":{"line":21,"column":9}},"11":{"start":{"line":23,"column":8},"end":{"line":23,"column":53}},"12":{"start":{"line":25,"column":8},"end":{"line":25,"column":23}},"13":{"start":{"line":26,"column":8},"end":{"line":26,"column":33}},"14":{"start":{"line":35,"column":6},"end":{"line":38,"column":61}},"15":{"start":{"line":36,"column":8},"end":{"line":38,"column":61}},"16":{"start":{"line":40,"column":25},"end":{"line":42,"column":14}},"17":{"start":{"line":41,"column":15},"end":{"line":41,"column":36}},"18":{"start":{"line":43,"column":6},"end":{"line":44,"column":75}},"19":{"start":{"line":44,"column":8},"end":{"line":44,"column":75}},"20":{"start":{"line":45,"column":19},"end":{"line":45,"column":34}},"21":{"start":{"line":46,"column":21},"end":{"line":46,"column":46}},"22":{"start":{"line":47,"column":6},"end":{"line":50,"column":77}},"23":{"start":{"line":48,"column":8},"end":{"line":50,"column":77}},"24":{"start":{"line":52,"column":6},"end":{"line":65,"column":10}},"25":{"start":{"line":55,"column":10},"end":{"line":61,"column":14}},"26":{"start":{"line":64,"column":10},"end":{"line":64,"column":63}},"27":{"start":{"line":75,"column":6},"end":{"line":78,"column":62}},"28":{"start":{"line":76,"column":8},"end":{"line":78,"column":62}},"29":{"start":{"line":80,"column":25},"end":{"line":80,"column":52}},"30":{"start":{"line":81,"column":20},"end":{"line":81,"column":60}},"31":{"start":{"line":83,"column":6},"end":{"line":108,"column":7}},"32":{"start":{"line":84,"column":30},"end":{"line":84,"column":34}},"33":{"start":{"line":86,"column":8},"end":{"line":107,"column":10}},"34":{"start":{"line":87,"column":27},"end":{"line":96,"column":12}},"35":{"start":{"line":90,"column":12},"end":{"line":94,"column":16}},"36":{"start":{"line":91,"column":14},"end":{"line":94,"column":16}},"37":{"start":{"line":95,"column":12},"end":{"line":95,"column":24}},"38":{"start":{"line":98,"column":10},"end":{"line":104,"column":15}},"39":{"start":{"line":106,"column":10},"end":{"line":106,"column":63}},"40":{"start":{"line":109,"column":6},"end":{"line":140,"column":80}},"41":{"start":{"line":111,"column":28},"end":{"line":111,"column":51}},"42":{"start":{"line":112,"column":8},"end":{"line":112,"column":46}},"43":{"start":{"line":112,"column":25},"end":{"line":112,"column":46}},"44":{"start":{"line":114,"column":8},"end":{"line":139,"column":10}},"45":{"start":{"line":115,"column":27},"end":{"line":129,"column":12}},"46":{"start":{"line":118,"column":12},"end":{"line":127,"column":13}},"47":{"start":{"line":120,"column":14},"end":{"line":126,"column":17}},"48":{"start":{"line":121,"column":16},"end":{"line":125,"column":20}},"49":{"start":{"line":122,"column":18},"end":{"line":125,"column":20}},"50":{"start":{"line":128,"column":12},"end":{"line":128,"column":24}},"51":{"start":{"line":130,"column":10},"end":{"line":136,"column":15}},"52":{"start":{"line":138,"column":10},"end":{"line":138,"column":63}},"53":{"start":{"line":140,"column":13},"end":{"line":140,"column":80}}},"fnMap":{"0":{"name":"(anonymous_0)","decl":{"start":{"line":3,"column":17},"end":{"line":3,"column":18}},"loc":{"start":{"line":3,"column":39},"end":{"line":143,"column":1}},"line":3},"1":{"name":"(anonymous_1)","decl":{"start":{"line":11,"column":4},"end":{"line":11,"column":5}},"loc":{"start":{"line":11,"column":23},"end":{"line":28,"column":5}},"line":11},"2":{"name":"(anonymous_2)","decl":{"start":{"line":34,"column":4},"end":{"line":34,"column":5}},"loc":{"start":{"line":34,"column":23},"end":{"line":66,"column":5}},"line":34},"3":{"name":"(anonymous_3)","decl":{"start":{"line":41,"column":8},"end":{"line":41,"column":9}},"loc":{"start":{"line":41,"column":15},"end":{"line":41,"column":36}},"line":41},"4":{"name":"(anonymous_4)","decl":{"start":{"line":54,"column":14},"end":{"line":54,"column":15}},"loc":{"start":{"line":55,"column":10},"end":{"line":61,"column":14}},"line":55},"5":{"name":"(anonymous_5)","decl":{"start":{"line":63,"column":15},"end":{"line":63,"column":16}},"loc":{"start":{"line":64,"column":10},"end":{"line":64,"column":63}},"line":64},"6":{"name":"(anonymous_6)","decl":{"start":{"line":74,"column":4},"end":{"line":74,"column":5}},"loc":{"start":{"line":74,"column":23},"end":{"line":141,"column":5}},"line":74},"7":{"name":"(anonymous_7)","decl":{"start":{"line":86,"column":16},"end":{"line":86,"column":17}},"loc":{"start":{"line":86,"column":28},"end":{"line":105,"column":9}},"line":86},"8":{"name":"(anonymous_8)","decl":{"start":{"line":89,"column":16},"end":{"line":89,"column":17}},"loc":{"start":{"line":89,"column":26},"end":{"line":96,"column":11}},"line":89},"9":{"name":"(anonymous_9)","decl":{"start":{"line":105,"column":19},"end":{"line":105,"column":20}},"loc":{"start":{"line":106,"column":10},"end":{"line":106,"column":63}},"line":106},"10":{"name":"(anonymous_10)","decl":{"start":{"line":114,"column":16},"end":{"line":114,"column":17}},"loc":{"start":{"line":114,"column":28},"end":{"line":137,"column":9}},"line":114},"11":{"name":"(anonymous_11)","decl":{"start":{"line":117,"column":16},"end":{"line":117,"column":17}},"loc":{"start":{"line":117,"column":26},"end":{"line":129,"column":11}},"line":117},"12":{"name":"(anonymous_12)","decl":{"start":{"line":120,"column":39},"end":{"line":120,"column":40}},"loc":{"start":{"line":120,"column":52},"end":{"line":126,"column":15}},"line":120},"13":{"name":"(anonymous_13)","decl":{"start":{"line":137,"column":19},"end":{"line":137,"column":20}},"loc":{"start":{"line":138,"column":10},"end":{"line":138,"column":63}},"line":138}},"branchMap":{"0":{"loc":{"start":{"line":12,"column":19},"end":{"line":12,"column":32}},"type":"binary-expr","locations":[{"start":{"line":12,"column":19},"end":{"line":12,"column":24}},{"start":{"line":12,"column":28},"end":{"line":12,"column":32}}],"line":12},"1":{"loc":{"start":{"line":35,"column":6},"end":{"line":38,"column":61}},"type":"if","locations":[{"start":{"line":35,"column":6},"end":{"line":38,"column":61}},{"start":{"line":35,"column":6},"end":{"line":38,"column":61}}],"line":35},"2":{"loc":{"start":{"line":43,"column":6},"end":{"line":44,"column":75}},"type":"if","locations":[{"start":{"line":43,"column":6},"end":{"line":44,"column":75}},{"start":{"line":43,"column":6},"end":{"line":44,"column":75}}],"line":43},"3":{"loc":{"start":{"line":47,"column":6},"end":{"line":50,"column":77}},"type":"if","locations":[{"start":{"line":47,"column":6},"end":{"line":50,"column":77}},{"start":{"line":47,"column":6},"end":{"line":50,"column":77}}],"line":47},"4":{"loc":{"start":{"line":47,"column":10},"end":{"line":47,"column":41}},"type":"binary-expr","locations":[{"start":{"line":47,"column":10},"end":{"line":47,"column":27}},{"start":{"line":47,"column":31},"end":{"line":47,"column":41}}],"line":47},"5":{"loc":{"start":{"line":75,"column":6},"end":{"line":78,"column":62}},"type":"if","locations":[{"start":{"line":75,"column":6},"end":{"line":78,"column":62}},{"start":{"line":75,"column":6},"end":{"line":78,"column":62}}],"line":75},"6":{"loc":{"start":{"line":80,"column":25},"end":{"line":80,"column":52}},"type":"binary-expr","locations":[{"start":{"line":80,"column":25},"end":{"line":80,"column":46}},{"start":{"line":80,"column":50},"end":{"line":80,"column":52}}],"line":80},"7":{"loc":{"start":{"line":81,"column":20},"end":{"line":81,"column":60}},"type":"cond-expr","locations":[{"start":{"line":81,"column":44},"end":{"line":81,"column":53}},{"start":{"line":81,"column":56},"end":{"line":81,"column":60}}],"line":81},"8":{"loc":{"start":{"line":83,"column":6},"end":{"line":108,"column":7}},"type":"if","locations":[{"start":{"line":83,"column":6},"end":{"line":108,"column":7}},{"start":{"line":83,"column":6},"end":{"line":108,"column":7}}],"line":83},"9":{"loc":{"start":{"line":90,"column":12},"end":{"line":94,"column":16}},"type":"if","locations":[{"start":{"line":90,"column":12},"end":{"line":94,"column":16}},{"start":{"line":90,"column":12},"end":{"line":94,"column":16}}],"line":90},"10":{"loc":{"start":{"line":90,"column":16},"end":{"line":90,"column":46}},"type":"binary-expr","locations":[{"start":{"line":90,"column":16},"end":{"line":90,"column":28}},{"start":{"line":90,"column":32},"end":{"line":90,"column":46}}],"line":90},"11":{"loc":{"start":{"line":109,"column":6},"end":{"line":140,"column":80}},"type":"if","locations":[{"start":{"line":109,"column":6},"end":{"line":140,"column":80}},{"start":{"line":109,"column":6},"end":{"line":140,"column":80}}],"line":109},"12":{"loc":{"start":{"line":111,"column":31},"end":{"line":111,"column":42}},"type":"binary-expr","locations":[{"start":{"line":111,"column":31},"end":{"line":111,"column":36}},{"start":{"line":111,"column":40},"end":{"line":111,"column":42}}],"line":111},"13":{"loc":{"start":{"line":112,"column":8},"end":{"line":112,"column":46}},"type":"if","locations":[{"start":{"line":112,"column":8},"end":{"line":112,"column":46}},{"start":{"line":112,"column":8},"end":{"line":112,"column":46}}],"line":112},"14":{"loc":{"start":{"line":118,"column":12},"end":{"line":127,"column":13}},"type":"if","locations":[{"start":{"line":118,"column":12},"end":{"line":127,"column":13}},{"start":{"line":118,"column":12},"end":{"line":127,"column":13}}],"line":118},"15":{"loc":{"start":{"line":121,"column":16},"end":{"line":125,"column":20}},"type":"if","locations":[{"start":{"line":121,"column":16},"end":{"line":125,"column":20}},{"start":{"line":121,"column":16},"end":{"line":125,"column":20}}],"line":121}},"s":{"0":1,"1":1,"2":1,"3":1,"4":1,"5":1,"6":1,"7":1,"8":1,"9":1,"10":1,"11":1,"12":0,"13":0,"14":4,"15":0,"16":4,"17":8,"18":4,"19":0,"20":4,"21":4,"22":4,"23":0,"24":4,"25":4,"26":0,"27":12,"28":0,"29":12,"30":12,"31":12,"32":6,"33":6,"34":6,"35":148,"36":148,"37":148,"38":6,"39":0,"40":6,"41":6,"42":6,"43":3,"44":6,"45":6,"46":22,"47":11,"48":51,"49":51,"50":22,"51":6,"52":0,"53":0},"f":{"0":1,"1":1,"2":4,"3":8,"4":4,"5":0,"6":12,"7":6,"8":148,"9":0,"10":6,"11":22,"12":51,"13":0},"b":{"0":[1,1],"1":[0,4],"2":[0,4],"3":[0,4],"4":[4,4],"5":[0,12],"6":[12,0],"7":[9,3],"8":[6,6],"9":[148,0],"10":[148,148],"11":[6,0],"12":[6,1],"13":[3,3],"14":[11,11],"15":[51,0]},"_coverageSchema":"1a1c01bbd47fc00a2c39e90264f33305004495a9","hash":"5d5003c1fe1b5c310a890b53d31353a28dd9350a","contentHash":"8197c8065f22b1395803e0cb546309762a0e6ab7f05a2b9911c8a09a6f5ad912"},"/media/vendeta/exchange-2/x-workflow/~GITHUB_WORK/ics-calendar/libs/status-handler/message.codes.js":{"path":"/media/vendeta/exchange-2/x-workflow/~GITHUB_WORK/ics-calendar/libs/status-handler/message.codes.js","statementMap":{"0":{"start":{"line":5,"column":24},"end":{"line":5,"column":45}},"1":{"start":{"line":10,"column":0},"end":{"line":36,"column":2}}},"fnMap":{},"branchMap":{},"s":{"0":1,"1":1},"f":{},"b":{},"_coverageSchema":"1a1c01bbd47fc00a2c39e90264f33305004495a9","hash":"0dd14e6c216eeb5e99d18afaa0e28ff8b492f8b2","contentHash":"0d3cd7cfd02bf46712df5f059c742efea90447f0e491a150b8beef8dd97870a9"},"/media/vendeta/exchange-2/x-workflow/~GITHUB_WORK/ics-calendar/libs/ics/ics.module.js":{"path":"/media/vendeta/exchange-2/x-workflow/~GITHUB_WORK/ics-calendar/libs/ics/ics.module.js","statementMap":{"0":{"start":{"line":1,"column":0},"end":{"line":1,"column":13}},"1":{"start":{"line":11,"column":0},"end":{"line":229,"column":2}},"2":{"start":{"line":19,"column":6},"end":{"line":19,"column":31}},"3":{"start":{"line":20,"column":24},"end":{"line":20,"column":69}},"4":{"start":{"line":23,"column":6},"end":{"line":23,"column":33}},"5":{"start":{"line":24,"column":6},"end":{"line":24,"column":20}},"6":{"start":{"line":25,"column":6},"end":{"line":25,"column":61}},"7":{"start":{"line":27,"column":6},"end":{"line":28,"column":31}},"8":{"start":{"line":27,"column":21},"end":{"line":27,"column":53}},"9":{"start":{"line":28,"column":11},"end":{"line":28,"column":31}},"10":{"start":{"line":39,"column":6},"end":{"line":42,"column":7}},"11":{"start":{"line":40,"column":8},"end":{"line":40,"column":68}},"12":{"start":{"line":40,"column":24},"end":{"line":40,"column":68}},"13":{"start":{"line":41,"column":8},"end":{"line":41,"column":18}},"14":{"start":{"line":44,"column":6},"end":{"line":47,"column":7}},"15":{"start":{"line":45,"column":8},"end":{"line":45,"column":58}},"16":{"start":{"line":45,"column":24},"end":{"line":45,"column":58}},"17":{"start":{"line":46,"column":8},"end":{"line":46,"column":18}},"18":{"start":{"line":49,"column":6},"end":{"line":52,"column":7}},"19":{"start":{"line":50,"column":8},"end":{"line":50,"column":65}},"20":{"start":{"line":50,"column":24},"end":{"line":50,"column":65}},"21":{"start":{"line":51,"column":8},"end":{"line":51,"column":18}},"22":{"start":{"line":54,"column":23},"end":{"line":54,"column":25}},"23":{"start":{"line":55,"column":6},"end":{"line":103,"column":7}},"24":{"start":{"line":57,"column":10},"end":{"line":93,"column":11}},"25":{"start":{"line":58,"column":31},"end":{"line":58,"column":66}},"26":{"start":{"line":59,"column":12},"end":{"line":59,"column":79}},"27":{"start":{"line":59,"column":36},"end":{"line":59,"column":79}},"28":{"start":{"line":60,"column":12},"end":{"line":65,"column":13}},"29":{"start":{"line":61,"column":14},"end":{"line":64,"column":18}},"30":{"start":{"line":62,"column":16},"end":{"line":64,"column":18}},"31":{"start":{"line":67,"column":25},"end":{"line":67,"column":41}},"32":{"start":{"line":68,"column":12},"end":{"line":70,"column":13}},"33":{"start":{"line":69,"column":14},"end":{"line":69,"column":20}},"34":{"start":{"line":72,"column":31},"end":{"line":72,"column":35}},"35":{"start":{"line":73,"column":37},"end":{"line":77,"column":13}},"36":{"start":{"line":80,"column":30},"end":{"line":80,"column":72}},"37":{"start":{"line":82,"column":12},"end":{"line":89,"column":15}},"38":{"start":{"line":83,"column":14},"end":{"line":83,"column":69}},"39":{"start":{"line":83,"column":37},"end":{"line":83,"column":69}},"40":{"start":{"line":84,"column":14},"end":{"line":88,"column":17}},"41":{"start":{"line":85,"column":34},"end":{"line":85,"column":78}},"42":{"start":{"line":86,"column":16},"end":{"line":86,"column":62}},"43":{"start":{"line":86,"column":32},"end":{"line":86,"column":62}},"44":{"start":{"line":87,"column":16},"end":{"line":87,"column":58}},"45":{"start":{"line":87,"column":30},"end":{"line":87,"column":58}},"46":{"start":{"line":91,"column":12},"end":{"line":91,"column":43}},"47":{"start":{"line":91,"column":28},"end":{"line":91,"column":43}},"48":{"start":{"line":92,"column":12},"end":{"line":92,"column":51}},"49":{"start":{"line":95,"column":10},"end":{"line":95,"column":16}},"50":{"start":{"line":99,"column":10},"end":{"line":102,"column":14}},"51":{"start":{"line":100,"column":12},"end":{"line":102,"column":14}},"52":{"start":{"line":105,"column":6},"end":{"line":117,"column":7}},"53":{"start":{"line":106,"column":8},"end":{"line":106,"column":47}},"54":{"start":{"line":107,"column":8},"end":{"line":107,"column":26}},"55":{"start":{"line":110,"column":22},"end":{"line":110,"column":23}},"56":{"start":{"line":111,"column":18},"end":{"line":114,"column":10}},"57":{"start":{"line":112,"column":10},"end":{"line":112,"column":35}},"58":{"start":{"line":112,"column":25},"end":{"line":112,"column":35}},"59":{"start":{"line":113,"column":10},"end":{"line":113,"column":19}},"60":{"start":{"line":115,"column":8},"end":{"line":115,"column":79}},"61":{"start":{"line":116,"column":8},"end":{"line":116,"column":17}},"62":{"start":{"line":128,"column":6},"end":{"line":128,"column":20}},"63":{"start":{"line":129,"column":17},"end":{"line":129,"column":19}},"64":{"start":{"line":131,"column":6},"end":{"line":131,"column":37}},"65":{"start":{"line":131,"column":27},"end":{"line":131,"column":37}},"66":{"start":{"line":133,"column":6},"end":{"line":141,"column":7}},"67":{"start":{"line":134,"column":8},"end":{"line":134,"column":43}},"68":{"start":{"line":136,"column":8},"end":{"line":136,"column":57}},"69":{"start":{"line":136,"column":24},"end":{"line":136,"column":57}},"70":{"start":{"line":138,"column":8},"end":{"line":139,"column":44}},"71":{"start":{"line":139,"column":10},"end":{"line":139,"column":44}},"72":{"start":{"line":140,"column":8},"end":{"line":140,"column":35}},"73":{"start":{"line":145,"column":6},"end":{"line":174,"column":7}},"74":{"start":{"line":146,"column":8},"end":{"line":166,"column":9}},"75":{"start":{"line":147,"column":23},"end":{"line":147,"column":57}},"76":{"start":{"line":148,"column":10},"end":{"line":148,"column":67}},"77":{"start":{"line":148,"column":44},"end":{"line":148,"column":67}},"78":{"start":{"line":150,"column":27},"end":{"line":155,"column":41}},"79":{"start":{"line":157,"column":10},"end":{"line":160,"column":13}},"80":{"start":{"line":158,"column":12},"end":{"line":158,"column":80}},"81":{"start":{"line":159,"column":12},"end":{"line":159,"column":21}},"82":{"start":{"line":162,"column":10},"end":{"line":162,"column":41}},"83":{"start":{"line":162,"column":26},"end":{"line":162,"column":41}},"84":{"start":{"line":163,"column":10},"end":{"line":163,"column":45}},"85":{"start":{"line":164,"column":10},"end":{"line":164,"column":49}},"86":{"start":{"line":165,"column":10},"end":{"line":165,"column":20}},"87":{"start":{"line":168,"column":8},"end":{"line":168,"column":22}},"88":{"start":{"line":170,"column":8},"end":{"line":173,"column":11}},"89":{"start":{"line":171,"column":10},"end":{"line":171,"column":78}},"90":{"start":{"line":172,"column":10},"end":{"line":172,"column":19}},"91":{"start":{"line":184,"column":6},"end":{"line":184,"column":20}},"92":{"start":{"line":185,"column":17},"end":{"line":185,"column":19}},"93":{"start":{"line":186,"column":6},"end":{"line":186,"column":37}},"94":{"start":{"line":186,"column":27},"end":{"line":186,"column":37}},"95":{"start":{"line":187,"column":6},"end":{"line":195,"column":7}},"96":{"start":{"line":188,"column":8},"end":{"line":188,"column":42}},"97":{"start":{"line":190,"column":8},"end":{"line":190,"column":56}},"98":{"start":{"line":190,"column":24},"end":{"line":190,"column":56}},"99":{"start":{"line":192,"column":8},"end":{"line":193,"column":43}},"100":{"start":{"line":193,"column":10},"end":{"line":193,"column":43}},"101":{"start":{"line":194,"column":8},"end":{"line":194,"column":35}},"102":{"start":{"line":196,"column":6},"end":{"line":223,"column":7}},"103":{"start":{"line":197,"column":8},"end":{"line":216,"column":9}},"104":{"start":{"line":198,"column":23},"end":{"line":198,"column":33}},"105":{"start":{"line":199,"column":10},"end":{"line":199,"column":67}},"106":{"start":{"line":199,"column":44},"end":{"line":199,"column":67}},"107":{"start":{"line":201,"column":27},"end":{"line":206,"column":41}},"108":{"start":{"line":208,"column":10},"end":{"line":211,"column":13}},"109":{"start":{"line":209,"column":12},"end":{"line":209,"column":80}},"110":{"start":{"line":210,"column":12},"end":{"line":210,"column":21}},"111":{"start":{"line":213,"column":10},"end":{"line":213,"column":25}},"112":{"start":{"line":214,"column":10},"end":{"line":214,"column":49}},"113":{"start":{"line":215,"column":10},"end":{"line":215,"column":20}},"114":{"start":{"line":218,"column":8},"end":{"line":218,"column":22}},"115":{"start":{"line":219,"column":8},"end":{"line":222,"column":11}},"116":{"start":{"line":220,"column":10},"end":{"line":220,"column":78}},"117":{"start":{"line":221,"column":10},"end":{"line":221,"column":19}},"118":{"start":{"line":227,"column":17},"end":{"line":227,"column":49}},"119":{"start":{"line":228,"column":2},"end":{"line":228,"column":16}}},"fnMap":{"0":{"name":"(anonymous_0)","decl":{"start":{"line":11,"column":17},"end":{"line":11,"column":18}},"loc":{"start":{"line":11,"column":23},"end":{"line":229,"column":1}},"line":11},"1":{"name":"(anonymous_1)","decl":{"start":{"line":22,"column":4},"end":{"line":22,"column":5}},"loc":{"start":{"line":22,"column":34},"end":{"line":29,"column":5}},"line":22},"2":{"name":"(anonymous_2)","decl":{"start":{"line":38,"column":4},"end":{"line":38,"column":5}},"loc":{"start":{"line":38,"column":77},"end":{"line":118,"column":5}},"line":38},"3":{"name":"(anonymous_3)","decl":{"start":{"line":82,"column":71},"end":{"line":82,"column":72}},"loc":{"start":{"line":82,"column":78},"end":{"line":89,"column":13}},"line":82},"4":{"name":"(anonymous_4)","decl":{"start":{"line":84,"column":27},"end":{"line":84,"column":28}},"loc":{"start":{"line":84,"column":35},"end":{"line":88,"column":15}},"line":84},"5":{"name":"(anonymous_5)","decl":{"start":{"line":111,"column":33},"end":{"line":111,"column":34}},"loc":{"start":{"line":111,"column":40},"end":{"line":114,"column":9}},"line":111},"6":{"name":"(anonymous_6)","decl":{"start":{"line":127,"column":4},"end":{"line":127,"column":5}},"loc":{"start":{"line":127,"column":75},"end":{"line":175,"column":5}},"line":127},"7":{"name":"(anonymous_7)","decl":{"start":{"line":157,"column":44},"end":{"line":157,"column":45}},"loc":{"start":{"line":157,"column":51},"end":{"line":160,"column":11}},"line":157},"8":{"name":"(anonymous_8)","decl":{"start":{"line":170,"column":68},"end":{"line":170,"column":69}},"loc":{"start":{"line":170,"column":75},"end":{"line":173,"column":9}},"line":170},"9":{"name":"(anonymous_9)","decl":{"start":{"line":183,"column":4},"end":{"line":183,"column":5}},"loc":{"start":{"line":183,"column":72},"end":{"line":224,"column":5}},"line":183},"10":{"name":"(anonymous_10)","decl":{"start":{"line":208,"column":44},"end":{"line":208,"column":45}},"loc":{"start":{"line":208,"column":51},"end":{"line":211,"column":11}},"line":208},"11":{"name":"(anonymous_11)","decl":{"start":{"line":219,"column":68},"end":{"line":219,"column":69}},"loc":{"start":{"line":219,"column":75},"end":{"line":222,"column":9}},"line":219}},"branchMap":{"0":{"loc":{"start":{"line":22,"column":16},"end":{"line":22,"column":25}},"type":"default-arg","locations":[{"start":{"line":22,"column":23},"end":{"line":22,"column":25}}],"line":22},"1":{"loc":{"start":{"line":23,"column":19},"end":{"line":23,"column":32}},"type":"binary-expr","locations":[{"start":{"line":23,"column":19},"end":{"line":23,"column":24}},{"start":{"line":23,"column":28},"end":{"line":23,"column":32}}],"line":23},"2":{"loc":{"start":{"line":27,"column":6},"end":{"line":28,"column":31}},"type":"if","locations":[{"start":{"line":27,"column":6},"end":{"line":28,"column":31}},{"start":{"line":27,"column":6},"end":{"line":28,"column":31}}],"line":27},"3":{"loc":{"start":{"line":38,"column":22},"end":{"line":38,"column":39}},"type":"default-arg","locations":[{"start":{"line":38,"column":29},"end":{"line":38,"column":39}}],"line":38},"4":{"loc":{"start":{"line":38,"column":41},"end":{"line":38,"column":51}},"type":"default-arg","locations":[{"start":{"line":38,"column":47},"end":{"line":38,"column":51}}],"line":38},"5":{"loc":{"start":{"line":38,"column":53},"end":{"line":38,"column":75}},"type":"default-arg","locations":[{"start":{"line":38,"column":66},"end":{"line":38,"column":75}}],"line":38},"6":{"loc":{"start":{"line":39,"column":6},"end":{"line":42,"column":7}},"type":"if","locations":[{"start":{"line":39,"column":6},"end":{"line":42,"column":7}},{"start":{"line":39,"column":6},"end":{"line":42,"column":7}}],"line":39},"7":{"loc":{"start":{"line":40,"column":8},"end":{"line":40,"column":68}},"type":"if","locations":[{"start":{"line":40,"column":8},"end":{"line":40,"column":68}},{"start":{"line":40,"column":8},"end":{"line":40,"column":68}}],"line":40},"8":{"loc":{"start":{"line":44,"column":6},"end":{"line":47,"column":7}},"type":"if","locations":[{"start":{"line":44,"column":6},"end":{"line":47,"column":7}},{"start":{"line":44,"column":6},"end":{"line":47,"column":7}}],"line":44},"9":{"loc":{"start":{"line":45,"column":8},"end":{"line":45,"column":58}},"type":"if","locations":[{"start":{"line":45,"column":8},"end":{"line":45,"column":58}},{"start":{"line":45,"column":8},"end":{"line":45,"column":58}}],"line":45},"10":{"loc":{"start":{"line":49,"column":6},"end":{"line":52,"column":7}},"type":"if","locations":[{"start":{"line":49,"column":6},"end":{"line":52,"column":7}},{"start":{"line":49,"column":6},"end":{"line":52,"column":7}}],"line":49},"11":{"loc":{"start":{"line":49,"column":45},"end":{"line":49,"column":55}},"type":"binary-expr","locations":[{"start":{"line":49,"column":45},"end":{"line":49,"column":49}},{"start":{"line":49,"column":53},"end":{"line":49,"column":55}}],"line":49},"12":{"loc":{"start":{"line":50,"column":8},"end":{"line":50,"column":65}},"type":"if","locations":[{"start":{"line":50,"column":8},"end":{"line":50,"column":65}},{"start":{"line":50,"column":8},"end":{"line":50,"column":65}}],"line":50},"13":{"loc":{"start":{"line":55,"column":6},"end":{"line":103,"column":7}},"type":"switch","locations":[{"start":{"line":56,"column":8},"end":{"line":96,"column":9}},{"start":{"line":98,"column":8},"end":{"line":102,"column":14}}],"line":55},"14":{"loc":{"start":{"line":59,"column":12},"end":{"line":59,"column":79}},"type":"if","locations":[{"start":{"line":59,"column":12},"end":{"line":59,"column":79}},{"start":{"line":59,"column":12},"end":{"line":59,"column":79}}],"line":59},"15":{"loc":{"start":{"line":60,"column":12},"end":{"line":65,"column":13}},"type":"if","locations":[{"start":{"line":60,"column":12},"end":{"line":65,"column":13}},{"start":{"line":60,"column":12},"end":{"line":65,"column":13}}],"line":60},"16":{"loc":{"start":{"line":61,"column":14},"end":{"line":64,"column":18}},"type":"if","locations":[{"start":{"line":61,"column":14},"end":{"line":64,"column":18}},{"start":{"line":61,"column":14},"end":{"line":64,"column":18}}],"line":61},"17":{"loc":{"start":{"line":68,"column":12},"end":{"line":70,"column":13}},"type":"if","locations":[{"start":{"line":68,"column":12},"end":{"line":70,"column":13}},{"start":{"line":68,"column":12},"end":{"line":70,"column":13}}],"line":68},"18":{"loc":{"start":{"line":83,"column":14},"end":{"line":83,"column":69}},"type":"if","locations":[{"start":{"line":83,"column":14},"end":{"line":83,"column":69}},{"start":{"line":83,"column":14},"end":{"line":83,"column":69}}],"line":83},"19":{"loc":{"start":{"line":83,"column":20},"end":{"line":83,"column":27}},"type":"binary-expr","locations":[{"start":{"line":83,"column":20},"end":{"line":83,"column":21}},{"start":{"line":83,"column":25},"end":{"line":83,"column":27}}],"line":83},"20":{"loc":{"start":{"line":85,"column":46},"end":{"line":85,"column":74}},"type":"binary-expr","locations":[{"start":{"line":85,"column":46},"end":{"line":85,"column":57}},{"start":{"line":85,"column":61},"end":{"line":85,"column":74}}],"line":85},"21":{"loc":{"start":{"line":86,"column":16},"end":{"line":86,"column":62}},"type":"if","locations":[{"start":{"line":86,"column":16},"end":{"line":86,"column":62}},{"start":{"line":86,"column":16},"end":{"line":86,"column":62}}],"line":86},"22":{"loc":{"start":{"line":87,"column":16},"end":{"line":87,"column":58}},"type":"if","locations":[{"start":{"line":87,"column":16},"end":{"line":87,"column":58}},{"start":{"line":87,"column":16},"end":{"line":87,"column":58}}],"line":87},"23":{"loc":{"start":{"line":91,"column":12},"end":{"line":91,"column":43}},"type":"if","locations":[{"start":{"line":91,"column":12},"end":{"line":91,"column":43}},{"start":{"line":91,"column":12},"end":{"line":91,"column":43}}],"line":91},"24":{"loc":{"start":{"line":99,"column":10},"end":{"line":102,"column":14}},"type":"if","locations":[{"start":{"line":99,"column":10},"end":{"line":102,"column":14}},{"start":{"line":99,"column":10},"end":{"line":102,"column":14}}],"line":99},"25":{"loc":{"start":{"line":105,"column":6},"end":{"line":117,"column":7}},"type":"if","locations":[{"start":{"line":105,"column":6},"end":{"line":117,"column":7}},{"start":{"line":105,"column":6},"end":{"line":117,"column":7}}],"line":105},"26":{"loc":{"start":{"line":105,"column":12},"end":{"line":105,"column":28}},"type":"binary-expr","locations":[{"start":{"line":105,"column":12},"end":{"line":105,"column":22}},{"start":{"line":105,"column":26},"end":{"line":105,"column":28}}],"line":105},"27":{"loc":{"start":{"line":112,"column":10},"end":{"line":112,"column":35}},"type":"if","locations":[{"start":{"line":112,"column":10},"end":{"line":112,"column":35}},{"start":{"line":112,"column":10},"end":{"line":112,"column":35}}],"line":112},"28":{"loc":{"start":{"line":127,"column":19},"end":{"line":127,"column":31}},"type":"default-arg","locations":[{"start":{"line":127,"column":27},"end":{"line":127,"column":31}}],"line":127},"29":{"loc":{"start":{"line":127,"column":33},"end":{"line":127,"column":53}},"type":"default-arg","locations":[{"start":{"line":127,"column":49},"end":{"line":127,"column":53}}],"line":127},"30":{"loc":{"start":{"line":127,"column":55},"end":{"line":127,"column":73}},"type":"default-arg","locations":[{"start":{"line":127,"column":71},"end":{"line":127,"column":73}}],"line":127},"31":{"loc":{"start":{"line":131,"column":6},"end":{"line":131,"column":37}},"type":"if","locations":[{"start":{"line":131,"column":6},"end":{"line":131,"column":37}},{"start":{"line":131,"column":6},"end":{"line":131,"column":37}}],"line":131},"32":{"loc":{"start":{"line":136,"column":8},"end":{"line":136,"column":57}},"type":"if","locations":[{"start":{"line":136,"column":8},"end":{"line":136,"column":57}},{"start":{"line":136,"column":8},"end":{"line":136,"column":57}}],"line":136},"33":{"loc":{"start":{"line":138,"column":8},"end":{"line":139,"column":44}},"type":"if","locations":[{"start":{"line":138,"column":8},"end":{"line":139,"column":44}},{"start":{"line":138,"column":8},"end":{"line":139,"column":44}}],"line":138},"34":{"loc":{"start":{"line":145,"column":6},"end":{"line":174,"column":7}},"type":"if","locations":[{"start":{"line":145,"column":6},"end":{"line":174,"column":7}},{"start":{"line":145,"column":6},"end":{"line":174,"column":7}}],"line":145},"35":{"loc":{"start":{"line":148,"column":10},"end":{"line":148,"column":67}},"type":"if","locations":[{"start":{"line":148,"column":10},"end":{"line":148,"column":67}},{"start":{"line":148,"column":10},"end":{"line":148,"column":67}}],"line":148},"36":{"loc":{"start":{"line":148,"column":15},"end":{"line":148,"column":34}},"type":"binary-expr","locations":[{"start":{"line":148,"column":15},"end":{"line":148,"column":28}},{"start":{"line":148,"column":32},"end":{"line":148,"column":34}}],"line":148},"37":{"loc":{"start":{"line":162,"column":10},"end":{"line":162,"column":41}},"type":"if","locations":[{"start":{"line":162,"column":10},"end":{"line":162,"column":41}},{"start":{"line":162,"column":10},"end":{"line":162,"column":41}}],"line":162},"38":{"loc":{"start":{"line":183,"column":18},"end":{"line":183,"column":30}},"type":"default-arg","locations":[{"start":{"line":183,"column":26},"end":{"line":183,"column":30}}],"line":183},"39":{"loc":{"start":{"line":183,"column":32},"end":{"line":183,"column":50}},"type":"default-arg","locations":[{"start":{"line":183,"column":48},"end":{"line":183,"column":50}}],"line":183},"40":{"loc":{"start":{"line":183,"column":52},"end":{"line":183,"column":70}},"type":"default-arg","locations":[{"start":{"line":183,"column":66},"end":{"line":183,"column":70}}],"line":183},"41":{"loc":{"start":{"line":186,"column":6},"end":{"line":186,"column":37}},"type":"if","locations":[{"start":{"line":186,"column":6},"end":{"line":186,"column":37}},{"start":{"line":186,"column":6},"end":{"line":186,"column":37}}],"line":186},"42":{"loc":{"start":{"line":190,"column":8},"end":{"line":190,"column":56}},"type":"if","locations":[{"start":{"line":190,"column":8},"end":{"line":190,"column":56}},{"start":{"line":190,"column":8},"end":{"line":190,"column":56}}],"line":190},"43":{"loc":{"start":{"line":192,"column":8},"end":{"line":193,"column":43}},"type":"if","locations":[{"start":{"line":192,"column":8},"end":{"line":193,"column":43}},{"start":{"line":192,"column":8},"end":{"line":193,"column":43}}],"line":192},"44":{"loc":{"start":{"line":196,"column":6},"end":{"line":223,"column":7}},"type":"if","locations":[{"start":{"line":196,"column":6},"end":{"line":223,"column":7}},{"start":{"line":196,"column":6},"end":{"line":223,"column":7}}],"line":196},"45":{"loc":{"start":{"line":199,"column":10},"end":{"line":199,"column":67}},"type":"if","locations":[{"start":{"line":199,"column":10},"end":{"line":199,"column":67}},{"start":{"line":199,"column":10},"end":{"line":199,"column":67}}],"line":199},"46":{"loc":{"start":{"line":199,"column":15},"end":{"line":199,"column":34}},"type":"binary-expr","locations":[{"start":{"line":199,"column":15},"end":{"line":199,"column":28}},{"start":{"line":199,"column":32},"end":{"line":199,"column":34}}],"line":199}},"s":{"0":1,"1":1,"2":2,"3":2,"4":6,"5":6,"6":6,"7":6,"8":1,"9":5,"10":10,"11":1,"12":0,"13":1,"14":9,"15":0,"16":0,"17":0,"18":9,"19":0,"20":0,"21":0,"22":9,"23":9,"24":8,"25":8,"26":7,"27":3,"28":4,"29":0,"30":0,"31":4,"32":4,"33":0,"34":4,"35":4,"36":4,"37":4,"38":4,"39":0,"40":4,"41":18,"42":18,"43":18,"44":0,"45":0,"46":4,"47":0,"48":4,"49":8,"50":1,"51":0,"52":9,"53":5,"54":5,"55":4,"56":4,"57":18,"58":18,"59":18,"60":4,"61":4,"62":29,"63":29,"64":29,"65":1,"66":28,"67":28,"68":1,"69":0,"70":1,"71":0,"72":1,"73":27,"74":22,"75":22,"76":22,"77":5,"78":22,"79":22,"80":22,"81":22,"82":0,"83":0,"84":0,"85":0,"86":0,"87":5,"88":5,"89":5,"90":5,"91":239,"92":239,"93":239,"94":1,"95":238,"96":238,"97":2,"98":0,"99":2,"100":0,"101":2,"102":236,"103":232,"104":232,"105":232,"106":2,"107":232,"108":232,"109":232,"110":232,"111":0,"112":0,"113":0,"114":4,"115":4,"116":4,"117":4,"118":2,"119":2},"f":{"0":2,"1":6,"2":10,"3":4,"4":18,"5":18,"6":29,"7":22,"8":5,"9":239,"10":232,"11":4},"b":{"0":[0],"1":[6,6],"2":[1,5],"3":[1],"4":[1],"5":[1],"6":[1,9],"7":[0,1],"8":[0,9],"9":[0,0],"10":[0,9],"11":[9,0],"12":[0,0],"13":[8,1],"14":[3,4],"15":[0,4],"16":[0,0],"17":[0,4],"18":[0,4],"19":[4,0],"20":[18,18],"21":[18,0],"22":[0,0],"23":[0,4],"24":[0,1],"25":[5,4],"26":[9,0],"27":[18,0],"28":[3],"29":[4],"30":[20],"31":[1,28],"32":[0,1],"33":[0,1],"34":[22,5],"35":[5,17],"36":[22,0],"37":[0,0],"38":[2],"39":[226],"40":[228],"41":[1,238],"42":[0,2],"43":[0,2],"44":[232,4],"45":[2,230],"46":[232,0]},"_coverageSchema":"1a1c01bbd47fc00a2c39e90264f33305004495a9","hash":"23e383958d155993ab4c801e55d4116678904f8e","contentHash":"7b982cf74e6e8561ee122210200e7c74c44db622e0b0544bffa05f4e17674c56"},"/media/vendeta/exchange-2/x-workflow/~GITHUB_WORK/ics-calendar/libs/status-handler/status.handler.js":{"path":"/media/vendeta/exchange-2/x-workflow/~GITHUB_WORK/ics-calendar/libs/status-handler/status.handler.js","statementMap":{"0":{"start":{"line":12,"column":0},"end":{"line":90,"column":2}},"1":{"start":{"line":13,"column":23},"end":{"line":13,"column":49}},"2":{"start":{"line":14,"column":33},"end":{"line":14,"column":58}},"3":{"start":{"line":15,"column":31},"end":{"line":15,"column":48}},"4":{"start":{"line":16,"column":2},"end":{"line":89,"column":4}},"5":{"start":{"line":18,"column":6},"end":{"line":18,"column":30}},"6":{"start":{"line":19,"column":6},"end":{"line":19,"column":25}},"7":{"start":{"line":31,"column":22},"end":{"line":31,"column":66}},"8":{"start":{"line":32,"column":6},"end":{"line":38,"column":7}},"9":{"start":{"line":33,"column":8},"end":{"line":36,"column":12}},"10":{"start":{"line":34,"column":10},"end":{"line":36,"column":12}},"11":{"start":{"line":37,"column":8},"end":{"line":37,"column":20}},"12":{"start":{"line":40,"column":6},"end":{"line":40,"column":76}},"13":{"start":{"line":40,"column":47},"end":{"line":40,"column":76}},"14":{"start":{"line":41,"column":6},"end":{"line":42,"column":23}},"15":{"start":{"line":41,"column":49},"end":{"line":41,"column":78}},"16":{"start":{"line":42,"column":11},"end":{"line":42,"column":23}},"17":{"start":{"line":50,"column":19},"end":{"line":50,"column":61}},"18":{"start":{"line":52,"column":6},"end":{"line":55,"column":7}},"19":{"start":{"line":53,"column":8},"end":{"line":53,"column":63}},"20":{"start":{"line":54,"column":8},"end":{"line":54,"column":21}},"21":{"start":{"line":56,"column":6},"end":{"line":59,"column":7}},"22":{"start":{"line":57,"column":8},"end":{"line":57,"column":59}},"23":{"start":{"line":58,"column":8},"end":{"line":58,"column":21}},"24":{"start":{"line":60,"column":6},"end":{"line":60,"column":40}},"25":{"start":{"line":61,"column":6},"end":{"line":61,"column":32}},"26":{"start":{"line":63,"column":6},"end":{"line":63,"column":18}},"27":{"start":{"line":71,"column":6},"end":{"line":87,"column":7}},"28":{"start":{"line":72,"column":21},"end":{"line":72,"column":43}},"29":{"start":{"line":73,"column":26},"end":{"line":73,"column":52}},"30":{"start":{"line":74,"column":8},"end":{"line":80,"column":9}},"31":{"start":{"line":75,"column":10},"end":{"line":78,"column":14}},"32":{"start":{"line":76,"column":12},"end":{"line":78,"column":14}},"33":{"start":{"line":79,"column":10},"end":{"line":79,"column":22}},"34":{"start":{"line":83,"column":8},"end":{"line":83,"column":25}},"35":{"start":{"line":85,"column":8},"end":{"line":85,"column":58}},"36":{"start":{"line":86,"column":8},"end":{"line":86,"column":33}}},"fnMap":{"0":{"name":"(anonymous_0)","decl":{"start":{"line":12,"column":17},"end":{"line":12,"column":18}},"loc":{"start":{"line":12,"column":23},"end":{"line":90,"column":1}},"line":12},"1":{"name":"(anonymous_1)","decl":{"start":{"line":17,"column":4},"end":{"line":17,"column":5}},"loc":{"start":{"line":17,"column":34},"end":{"line":20,"column":5}},"line":17},"2":{"name":"(anonymous_2)","decl":{"start":{"line":30,"column":4},"end":{"line":30,"column":5}},"loc":{"start":{"line":30,"column":65},"end":{"line":43,"column":5}},"line":30},"3":{"name":"(anonymous_3)","decl":{"start":{"line":49,"column":4},"end":{"line":49,"column":5}},"loc":{"start":{"line":49,"column":35},"end":{"line":64,"column":5}},"line":49},"4":{"name":"(anonymous_4)","decl":{"start":{"line":70,"column":4},"end":{"line":70,"column":5}},"loc":{"start":{"line":70,"column":11},"end":{"line":88,"column":5}},"line":70}},"branchMap":{"0":{"loc":{"start":{"line":17,"column":16},"end":{"line":17,"column":25}},"type":"default-arg","locations":[{"start":{"line":17,"column":23},"end":{"line":17,"column":25}}],"line":17},"1":{"loc":{"start":{"line":30,"column":13},"end":{"line":30,"column":29}},"type":"default-arg","locations":[{"start":{"line":30,"column":25},"end":{"line":30,"column":29}}],"line":30},"2":{"loc":{"start":{"line":30,"column":31},"end":{"line":30,"column":46}},"type":"default-arg","locations":[{"start":{"line":30,"column":44},"end":{"line":30,"column":46}}],"line":30},"3":{"loc":{"start":{"line":30,"column":48},"end":{"line":30,"column":63}},"type":"default-arg","locations":[{"start":{"line":30,"column":61},"end":{"line":30,"column":63}}],"line":30},"4":{"loc":{"start":{"line":31,"column":22},"end":{"line":31,"column":66}},"type":"binary-expr","locations":[{"start":{"line":31,"column":22},"end":{"line":31,"column":42}},{"start":{"line":31,"column":46},"end":{"line":31,"column":66}}],"line":31},"5":{"loc":{"start":{"line":32,"column":6},"end":{"line":38,"column":7}},"type":"if","locations":[{"start":{"line":32,"column":6},"end":{"line":38,"column":7}},{"start":{"line":32,"column":6},"end":{"line":38,"column":7}}],"line":32},"6":{"loc":{"start":{"line":33,"column":8},"end":{"line":36,"column":12}},"type":"if","locations":[{"start":{"line":33,"column":8},"end":{"line":36,"column":12}},{"start":{"line":33,"column":8},"end":{"line":36,"column":12}}],"line":33},"7":{"loc":{"start":{"line":40,"column":6},"end":{"line":40,"column":76}},"type":"if","locations":[{"start":{"line":40,"column":6},"end":{"line":40,"column":76}},{"start":{"line":40,"column":6},"end":{"line":40,"column":76}}],"line":40},"8":{"loc":{"start":{"line":40,"column":10},"end":{"line":40,"column":45}},"type":"binary-expr","locations":[{"start":{"line":40,"column":10},"end":{"line":40,"column":28}},{"start":{"line":40,"column":32},"end":{"line":40,"column":45}}],"line":40},"9":{"loc":{"start":{"line":41,"column":6},"end":{"line":42,"column":23}},"type":"if","locations":[{"start":{"line":41,"column":6},"end":{"line":42,"column":23}},{"start":{"line":41,"column":6},"end":{"line":42,"column":23}}],"line":41},"10":{"loc":{"start":{"line":41,"column":10},"end":{"line":41,"column":47}},"type":"binary-expr","locations":[{"start":{"line":41,"column":10},"end":{"line":41,"column":29}},{"start":{"line":41,"column":33},"end":{"line":41,"column":47}}],"line":41},"11":{"loc":{"start":{"line":52,"column":6},"end":{"line":55,"column":7}},"type":"if","locations":[{"start":{"line":52,"column":6},"end":{"line":55,"column":7}},{"start":{"line":52,"column":6},"end":{"line":55,"column":7}}],"line":52},"12":{"loc":{"start":{"line":56,"column":6},"end":{"line":59,"column":7}},"type":"if","locations":[{"start":{"line":56,"column":6},"end":{"line":59,"column":7}},{"start":{"line":56,"column":6},"end":{"line":59,"column":7}}],"line":56},"13":{"loc":{"start":{"line":74,"column":8},"end":{"line":80,"column":9}},"type":"if","locations":[{"start":{"line":74,"column":8},"end":{"line":80,"column":9}},{"start":{"line":74,"column":8},"end":{"line":80,"column":9}}],"line":74},"14":{"loc":{"start":{"line":75,"column":10},"end":{"line":78,"column":14}},"type":"if","locations":[{"start":{"line":75,"column":10},"end":{"line":78,"column":14}},{"start":{"line":75,"column":10},"end":{"line":78,"column":14}}],"line":75}},"s":{"0":1,"1":3,"2":3,"3":3,"4":3,"5":7,"6":7,"7":307,"8":307,"9":0,"10":0,"11":0,"12":307,"13":277,"14":30,"15":30,"16":0,"17":376,"18":376,"19":0,"20":0,"21":376,"22":0,"23":0,"24":376,"25":376,"26":376,"27":116,"28":116,"29":116,"30":116,"31":40,"32":0,"33":40,"34":76,"35":0,"36":0},"f":{"0":3,"1":7,"2":307,"3":376,"4":116},"b":{"0":[0],"1":[0],"2":[0],"3":[0],"4":[307,307],"5":[0,307],"6":[0,0],"7":[277,30],"8":[307,283],"9":[30,0],"10":[30,10],"11":[0,376],"12":[0,376],"13":[40,76],"14":[0,40]},"_coverageSchema":"1a1c01bbd47fc00a2c39e90264f33305004495a9","hash":"25925082021c7f26bd6249fd539246ede864d229","contentHash":"00e8a6aad4af59f97fda2ae41ea7e8bdb8442f65ce98cebfdd468498bf988690"},"/media/vendeta/exchange-2/x-workflow/~GITHUB_WORK/ics-calendar/libs/ics/ics.libs.js":{"path":"/media/vendeta/exchange-2/x-workflow/~GITHUB_WORK/ics-calendar/libs/ics/ics.libs.js","statementMap":{"0":{"start":{"line":1,"column":0},"end":{"line":1,"column":13}},"1":{"start":{"line":6,"column":0},"end":{"line":263,"column":2}},"2":{"start":{"line":7,"column":19},"end":{"line":7,"column":40}},"3":{"start":{"line":8,"column":44},"end":{"line":8,"column":69}},"4":{"start":{"line":9,"column":21},"end":{"line":9,"column":38}},"5":{"start":{"line":13,"column":6},"end":{"line":13,"column":25}},"6":{"start":{"line":21,"column":6},"end":{"line":41,"column":11}},"7":{"start":{"line":22,"column":18},"end":{"line":22,"column":23}},"8":{"start":{"line":23,"column":8},"end":{"line":26,"column":15}},"9":{"start":{"line":24,"column":10},"end":{"line":24,"column":48}},"10":{"start":{"line":25,"column":10},"end":{"line":25,"column":20}},"11":{"start":{"line":28,"column":8},"end":{"line":33,"column":10}},"12":{"start":{"line":29,"column":10},"end":{"line":31,"column":13}},"13":{"start":{"line":30,"column":12},"end":{"line":30,"column":55}},"14":{"start":{"line":30,"column":36},"end":{"line":30,"column":55}},"15":{"start":{"line":32,"column":10},"end":{"line":32,"column":22}},"16":{"start":{"line":35,"column":8},"end":{"line":40,"column":10}},"17":{"start":{"line":36,"column":10},"end":{"line":39,"column":12}},"18":{"start":{"line":37,"column":40},"end":{"line":37,"column":62}},"19":{"start":{"line":54,"column":6},"end":{"line":60,"column":7}},"20":{"start":{"line":59,"column":8},"end":{"line":59,"column":38}},"21":{"start":{"line":63,"column":22},"end":{"line":71,"column":7}},"22":{"start":{"line":64,"column":8},"end":{"line":64,"column":39}},"23":{"start":{"line":64,"column":27},"end":{"line":64,"column":39}},"24":{"start":{"line":65,"column":8},"end":{"line":69,"column":9}},"25":{"start":{"line":66,"column":10},"end":{"line":66,"column":71}},"26":{"start":{"line":66,"column":59},"end":{"line":66,"column":71}},"27":{"start":{"line":70,"column":8},"end":{"line":70,"column":21}},"28":{"start":{"line":73,"column":20},"end":{"line":78,"column":7}},"29":{"start":{"line":74,"column":8},"end":{"line":74,"column":64}},"30":{"start":{"line":74,"column":55},"end":{"line":74,"column":64}},"31":{"start":{"line":75,"column":8},"end":{"line":77,"column":18}},"32":{"start":{"line":76,"column":10},"end":{"line":76,"column":68}},"33":{"start":{"line":76,"column":51},"end":{"line":76,"column":59}},"34":{"start":{"line":81,"column":6},"end":{"line":85,"column":7}},"35":{"start":{"line":82,"column":8},"end":{"line":82,"column":72}},"36":{"start":{"line":82,"column":24},"end":{"line":82,"column":72}},"37":{"start":{"line":83,"column":8},"end":{"line":83,"column":20}},"38":{"start":{"line":84,"column":8},"end":{"line":84,"column":20}},"39":{"start":{"line":87,"column":27},"end":{"line":157,"column":12}},"40":{"start":{"line":88,"column":8},"end":{"line":155,"column":9}},"41":{"start":{"line":90,"column":10},"end":{"line":90,"column":49}},"42":{"start":{"line":90,"column":40},"end":{"line":90,"column":49}},"43":{"start":{"line":92,"column":26},"end":{"line":92,"column":63}},"44":{"start":{"line":93,"column":24},"end":{"line":93,"column":57}},"45":{"start":{"line":94,"column":29},"end":{"line":94,"column":67}},"46":{"start":{"line":96,"column":10},"end":{"line":131,"column":11}},"47":{"start":{"line":97,"column":34},"end":{"line":105,"column":13}},"48":{"start":{"line":98,"column":14},"end":{"line":98,"column":58}},"49":{"start":{"line":98,"column":45},"end":{"line":98,"column":58}},"50":{"start":{"line":99,"column":14},"end":{"line":103,"column":18}},"51":{"start":{"line":100,"column":16},"end":{"line":103,"column":18}},"52":{"start":{"line":104,"column":14},"end":{"line":104,"column":27}},"53":{"start":{"line":107,"column":32},"end":{"line":115,"column":13}},"54":{"start":{"line":108,"column":14},"end":{"line":108,"column":56}},"55":{"start":{"line":108,"column":43},"end":{"line":108,"column":56}},"56":{"start":{"line":109,"column":14},"end":{"line":113,"column":18}},"57":{"start":{"line":110,"column":16},"end":{"line":113,"column":18}},"58":{"start":{"line":114,"column":14},"end":{"line":114,"column":27}},"59":{"start":{"line":117,"column":12},"end":{"line":120,"column":13}},"60":{"start":{"line":118,"column":14},"end":{"line":118,"column":25}},"61":{"start":{"line":119,"column":14},"end":{"line":119,"column":23}},"62":{"start":{"line":122,"column":12},"end":{"line":125,"column":13}},"63":{"start":{"line":123,"column":14},"end":{"line":123,"column":25}},"64":{"start":{"line":124,"column":14},"end":{"line":124,"column":23}},"65":{"start":{"line":127,"column":12},"end":{"line":130,"column":13}},"66":{"start":{"line":128,"column":14},"end":{"line":128,"column":25}},"67":{"start":{"line":129,"column":14},"end":{"line":129,"column":23}},"68":{"start":{"line":133,"column":28},"end":{"line":133,"column":52}},"69":{"start":{"line":134,"column":26},"end":{"line":134,"column":44}},"70":{"start":{"line":137,"column":10},"end":{"line":151,"column":11}},"71":{"start":{"line":138,"column":32},"end":{"line":148,"column":43}},"72":{"start":{"line":141,"column":16},"end":{"line":144,"column":17}},"73":{"start":{"line":142,"column":18},"end":{"line":142,"column":32}},"74":{"start":{"line":143,"column":18},"end":{"line":143,"column":35}},"75":{"start":{"line":145,"column":16},"end":{"line":145,"column":26}},"76":{"start":{"line":148,"column":28},"end":{"line":148,"column":42}},"77":{"start":{"line":150,"column":12},"end":{"line":150,"column":47}},"78":{"start":{"line":150,"column":36},"end":{"line":150,"column":47}},"79":{"start":{"line":154,"column":10},"end":{"line":154,"column":25}},"80":{"start":{"line":156,"column":8},"end":{"line":156,"column":17}},"81":{"start":{"line":160,"column":6},"end":{"line":172,"column":9}},"82":{"start":{"line":161,"column":8},"end":{"line":167,"column":9}},"83":{"start":{"line":162,"column":10},"end":{"line":162,"column":59}},"84":{"start":{"line":162,"column":50},"end":{"line":162,"column":59}},"85":{"start":{"line":163,"column":10},"end":{"line":166,"column":12}},"86":{"start":{"line":168,"column":8},"end":{"line":171,"column":24}},"87":{"start":{"line":169,"column":10},"end":{"line":169,"column":53}},"88":{"start":{"line":169,"column":44},"end":{"line":169,"column":53}},"89":{"start":{"line":170,"column":10},"end":{"line":170,"column":59}},"90":{"start":{"line":171,"column":15},"end":{"line":171,"column":24}},"91":{"start":{"line":173,"column":6},"end":{"line":173,"column":18}},"92":{"start":{"line":181,"column":6},"end":{"line":183,"column":7}},"93":{"start":{"line":182,"column":8},"end":{"line":182,"column":20}},"94":{"start":{"line":184,"column":27},"end":{"line":184,"column":39}},"95":{"start":{"line":185,"column":23},"end":{"line":217,"column":8}},"96":{"start":{"line":187,"column":21},"end":{"line":187,"column":23}},"97":{"start":{"line":188,"column":8},"end":{"line":193,"column":9}},"98":{"start":{"line":189,"column":10},"end":{"line":189,"column":69}},"99":{"start":{"line":192,"column":10},"end":{"line":192,"column":25}},"100":{"start":{"line":198,"column":8},"end":{"line":214,"column":9}},"101":{"start":{"line":199,"column":10},"end":{"line":206,"column":12}},"102":{"start":{"line":202,"column":14},"end":{"line":202,"column":47}},"103":{"start":{"line":202,"column":32},"end":{"line":202,"column":47}},"104":{"start":{"line":203,"column":14},"end":{"line":203,"column":23}},"105":{"start":{"line":209,"column":10},"end":{"line":209,"column":30}},"106":{"start":{"line":210,"column":10},"end":{"line":213,"column":14}},"107":{"start":{"line":211,"column":12},"end":{"line":213,"column":14}},"108":{"start":{"line":216,"column":8},"end":{"line":216,"column":20}},"109":{"start":{"line":219,"column":6},"end":{"line":219,"column":24}},"110":{"start":{"line":220,"column":6},"end":{"line":220,"column":18}},"111":{"start":{"line":228,"column":6},"end":{"line":230,"column":7}},"112":{"start":{"line":229,"column":8},"end":{"line":229,"column":20}},"113":{"start":{"line":231,"column":25},"end":{"line":231,"column":37}},"114":{"start":{"line":233,"column":23},"end":{"line":254,"column":8}},"115":{"start":{"line":235,"column":23},"end":{"line":235,"column":25}},"116":{"start":{"line":236,"column":8},"end":{"line":241,"column":9}},"117":{"start":{"line":237,"column":10},"end":{"line":237,"column":72}},"118":{"start":{"line":240,"column":10},"end":{"line":240,"column":25}},"119":{"start":{"line":244,"column":8},"end":{"line":252,"column":9}},"120":{"start":{"line":244,"column":29},"end":{"line":244,"column":57}},"121":{"start":{"line":247,"column":10},"end":{"line":247,"column":32}},"122":{"start":{"line":248,"column":10},"end":{"line":251,"column":14}},"123":{"start":{"line":249,"column":12},"end":{"line":251,"column":14}},"124":{"start":{"line":253,"column":8},"end":{"line":253,"column":20}},"125":{"start":{"line":256,"column":6},"end":{"line":256,"column":24}},"126":{"start":{"line":257,"column":6},"end":{"line":257,"column":18}},"127":{"start":{"line":261,"column":21},"end":{"line":261,"column":51}},"128":{"start":{"line":262,"column":2},"end":{"line":262,"column":20}}},"fnMap":{"0":{"name":"(anonymous_0)","decl":{"start":{"line":6,"column":17},"end":{"line":6,"column":18}},"loc":{"start":{"line":6,"column":32},"end":{"line":263,"column":1}},"line":6},"1":{"name":"(anonymous_1)","decl":{"start":{"line":12,"column":4},"end":{"line":12,"column":5}},"loc":{"start":{"line":12,"column":29},"end":{"line":14,"column":5}},"line":12},"2":{"name":"(anonymous_2)","decl":{"start":{"line":20,"column":4},"end":{"line":20,"column":5}},"loc":{"start":{"line":20,"column":24},"end":{"line":42,"column":5}},"line":20},"3":{"name":"(anonymous_3)","decl":{"start":{"line":21,"column":18},"end":{"line":21,"column":19}},"loc":{"start":{"line":21,"column":30},"end":{"line":41,"column":7}},"line":21},"4":{"name":"(anonymous_4)","decl":{"start":{"line":23,"column":46},"end":{"line":23,"column":47}},"loc":{"start":{"line":23,"column":68},"end":{"line":26,"column":9}},"line":23},"5":{"name":"(anonymous_5)","decl":{"start":{"line":28,"column":19},"end":{"line":28,"column":20}},"loc":{"start":{"line":28,"column":29},"end":{"line":33,"column":9}},"line":28},"6":{"name":"(anonymous_6)","decl":{"start":{"line":29,"column":29},"end":{"line":29,"column":30}},"loc":{"start":{"line":29,"column":37},"end":{"line":31,"column":11}},"line":29},"7":{"name":"(anonymous_7)","decl":{"start":{"line":35,"column":18},"end":{"line":35,"column":19}},"loc":{"start":{"line":35,"column":24},"end":{"line":40,"column":9}},"line":35},"8":{"name":"(anonymous_8)","decl":{"start":{"line":37,"column":30},"end":{"line":37,"column":31}},"loc":{"start":{"line":37,"column":40},"end":{"line":37,"column":62}},"line":37},"9":{"name":"(anonymous_9)","decl":{"start":{"line":53,"column":4},"end":{"line":53,"column":5}},"loc":{"start":{"line":53,"column":72},"end":{"line":174,"column":5}},"line":53},"10":{"name":"(anonymous_10)","decl":{"start":{"line":63,"column":22},"end":{"line":63,"column":23}},"loc":{"start":{"line":63,"column":38},"end":{"line":71,"column":7}},"line":63},"11":{"name":"(anonymous_11)","decl":{"start":{"line":73,"column":20},"end":{"line":73,"column":21}},"loc":{"start":{"line":73,"column":26},"end":{"line":78,"column":7}},"line":73},"12":{"name":"(anonymous_12)","decl":{"start":{"line":75,"column":36},"end":{"line":75,"column":37}},"loc":{"start":{"line":75,"column":43},"end":{"line":77,"column":9}},"line":75},"13":{"name":"(anonymous_13)","decl":{"start":{"line":76,"column":43},"end":{"line":76,"column":44}},"loc":{"start":{"line":76,"column":51},"end":{"line":76,"column":59}},"line":76},"14":{"name":"(anonymous_14)","decl":{"start":{"line":87,"column":39},"end":{"line":87,"column":40}},"loc":{"start":{"line":87,"column":50},"end":{"line":157,"column":7}},"line":87},"15":{"name":"(anonymous_15)","decl":{"start":{"line":97,"column":34},"end":{"line":97,"column":35}},"loc":{"start":{"line":97,"column":40},"end":{"line":105,"column":13}},"line":97},"16":{"name":"(anonymous_16)","decl":{"start":{"line":107,"column":32},"end":{"line":107,"column":33}},"loc":{"start":{"line":107,"column":38},"end":{"line":115,"column":13}},"line":107},"17":{"name":"(anonymous_17)","decl":{"start":{"line":140,"column":14},"end":{"line":140,"column":15}},"loc":{"start":{"line":140,"column":30},"end":{"line":146,"column":15}},"line":140},"18":{"name":"(anonymous_18)","decl":{"start":{"line":148,"column":21},"end":{"line":148,"column":22}},"loc":{"start":{"line":148,"column":28},"end":{"line":148,"column":42}},"line":148},"19":{"name":"(anonymous_19)","decl":{"start":{"line":160,"column":33},"end":{"line":160,"column":34}},"loc":{"start":{"line":160,"column":43},"end":{"line":172,"column":7}},"line":160},"20":{"name":"(anonymous_20)","decl":{"start":{"line":180,"column":4},"end":{"line":180,"column":5}},"loc":{"start":{"line":180,"column":39},"end":{"line":221,"column":5}},"line":180},"21":{"name":"(anonymous_21)","decl":{"start":{"line":185,"column":46},"end":{"line":185,"column":47}},"loc":{"start":{"line":185,"column":62},"end":{"line":217,"column":7}},"line":185},"22":{"name":"(anonymous_22)","decl":{"start":{"line":201,"column":12},"end":{"line":201,"column":13}},"loc":{"start":{"line":201,"column":26},"end":{"line":204,"column":13}},"line":201},"23":{"name":"(anonymous_23)","decl":{"start":{"line":227,"column":4},"end":{"line":227,"column":5}},"loc":{"start":{"line":227,"column":42},"end":{"line":258,"column":5}},"line":227},"24":{"name":"(anonymous_24)","decl":{"start":{"line":233,"column":44},"end":{"line":233,"column":45}},"loc":{"start":{"line":233,"column":60},"end":{"line":254,"column":7}},"line":233}},"branchMap":{"0":{"loc":{"start":{"line":30,"column":12},"end":{"line":30,"column":55}},"type":"if","locations":[{"start":{"line":30,"column":12},"end":{"line":30,"column":55}},{"start":{"line":30,"column":12},"end":{"line":30,"column":55}}],"line":30},"1":{"loc":{"start":{"line":53,"column":16},"end":{"line":53,"column":25}},"type":"default-arg","locations":[{"start":{"line":53,"column":23},"end":{"line":53,"column":25}}],"line":53},"2":{"loc":{"start":{"line":53,"column":27},"end":{"line":53,"column":37}},"type":"default-arg","locations":[{"start":{"line":53,"column":35},"end":{"line":53,"column":37}}],"line":53},"3":{"loc":{"start":{"line":53,"column":39},"end":{"line":53,"column":57}},"type":"default-arg","locations":[{"start":{"line":53,"column":55},"end":{"line":53,"column":57}}],"line":53},"4":{"loc":{"start":{"line":53,"column":59},"end":{"line":53,"column":70}},"type":"default-arg","locations":[{"start":{"line":53,"column":68},"end":{"line":53,"column":70}}],"line":53},"5":{"loc":{"start":{"line":54,"column":6},"end":{"line":60,"column":7}},"type":"if","locations":[{"start":{"line":54,"column":6},"end":{"line":60,"column":7}},{"start":{"line":54,"column":6},"end":{"line":60,"column":7}}],"line":54},"6":{"loc":{"start":{"line":55,"column":8},"end":{"line":57,"column":49}},"type":"binary-expr","locations":[{"start":{"line":55,"column":8},"end":{"line":55,"column":22}},{"start":{"line":56,"column":8},"end":{"line":56,"column":37}},{"start":{"line":57,"column":8},"end":{"line":57,"column":49}}],"line":55},"7":{"loc":{"start":{"line":56,"column":10},"end":{"line":56,"column":29}},"type":"binary-expr","locations":[{"start":{"line":56,"column":10},"end":{"line":56,"column":23}},{"start":{"line":56,"column":27},"end":{"line":56,"column":29}}],"line":56},"8":{"loc":{"start":{"line":64,"column":8},"end":{"line":64,"column":39}},"type":"if","locations":[{"start":{"line":64,"column":8},"end":{"line":64,"column":39}},{"start":{"line":64,"column":8},"end":{"line":64,"column":39}}],"line":64},"9":{"loc":{"start":{"line":66,"column":10},"end":{"line":66,"column":71}},"type":"if","locations":[{"start":{"line":66,"column":10},"end":{"line":66,"column":71}},{"start":{"line":66,"column":10},"end":{"line":66,"column":71}}],"line":66},"10":{"loc":{"start":{"line":66,"column":15},"end":{"line":66,"column":24}},"type":"binary-expr","locations":[{"start":{"line":66,"column":15},"end":{"line":66,"column":18}},{"start":{"line":66,"column":22},"end":{"line":66,"column":24}}],"line":66},"11":{"loc":{"start":{"line":74,"column":8},"end":{"line":74,"column":64}},"type":"if","locations":[{"start":{"line":74,"column":8},"end":{"line":74,"column":64}},{"start":{"line":74,"column":8},"end":{"line":74,"column":64}}],"line":74},"12":{"loc":{"start":{"line":81,"column":6},"end":{"line":85,"column":7}},"type":"if","locations":[{"start":{"line":81,"column":6},"end":{"line":85,"column":7}},{"start":{"line":81,"column":6},"end":{"line":85,"column":7}}],"line":81},"13":{"loc":{"start":{"line":82,"column":8},"end":{"line":82,"column":72}},"type":"if","locations":[{"start":{"line":82,"column":8},"end":{"line":82,"column":72}},{"start":{"line":82,"column":8},"end":{"line":82,"column":72}}],"line":82},"14":{"loc":{"start":{"line":90,"column":10},"end":{"line":90,"column":49}},"type":"if","locations":[{"start":{"line":90,"column":10},"end":{"line":90,"column":49}},{"start":{"line":90,"column":10},"end":{"line":90,"column":49}}],"line":90},"15":{"loc":{"start":{"line":92,"column":26},"end":{"line":92,"column":63}},"type":"binary-expr","locations":[{"start":{"line":92,"column":26},"end":{"line":92,"column":41}},{"start":{"line":92,"column":45},"end":{"line":92,"column":63}}],"line":92},"16":{"loc":{"start":{"line":93,"column":24},"end":{"line":93,"column":57}},"type":"binary-expr","locations":[{"start":{"line":93,"column":24},"end":{"line":93,"column":37}},{"start":{"line":93,"column":41},"end":{"line":93,"column":57}}],"line":93},"17":{"loc":{"start":{"line":94,"column":29},"end":{"line":94,"column":67}},"type":"binary-expr","locations":[{"start":{"line":94,"column":29},"end":{"line":94,"column":47}},{"start":{"line":94,"column":51},"end":{"line":94,"column":67}}],"line":94},"18":{"loc":{"start":{"line":96,"column":10},"end":{"line":131,"column":11}},"type":"if","locations":[{"start":{"line":96,"column":10},"end":{"line":131,"column":11}},{"start":{"line":96,"column":10},"end":{"line":131,"column":11}}],"line":96},"19":{"loc":{"start":{"line":96,"column":14},"end":{"line":96,"column":30}},"type":"binary-expr","locations":[{"start":{"line":96,"column":14},"end":{"line":96,"column":21}},{"start":{"line":96,"column":25},"end":{"line":96,"column":30}}],"line":96},"20":{"loc":{"start":{"line":98,"column":14},"end":{"line":98,"column":58}},"type":"if","locations":[{"start":{"line":98,"column":14},"end":{"line":98,"column":58}},{"start":{"line":98,"column":14},"end":{"line":98,"column":58}}],"line":98},"21":{"loc":{"start":{"line":99,"column":14},"end":{"line":103,"column":18}},"type":"if","locations":[{"start":{"line":99,"column":14},"end":{"line":103,"column":18}},{"start":{"line":99,"column":14},"end":{"line":103,"column":18}}],"line":99},"22":{"loc":{"start":{"line":99,"column":18},"end":{"line":99,"column":55}},"type":"binary-expr","locations":[{"start":{"line":99,"column":18},"end":{"line":99,"column":36}},{"start":{"line":99,"column":40},"end":{"line":99,"column":55}}],"line":99},"23":{"loc":{"start":{"line":101,"column":18},"end":{"line":102,"column":62}},"type":"binary-expr","locations":[{"start":{"line":101,"column":18},"end":{"line":102,"column":51}},{"start":{"line":102,"column":55},"end":{"line":102,"column":62}}],"line":101},"24":{"loc":{"start":{"line":108,"column":14},"end":{"line":108,"column":56}},"type":"if","locations":[{"start":{"line":108,"column":14},"end":{"line":108,"column":56}},{"start":{"line":108,"column":14},"end":{"line":108,"column":56}}],"line":108},"25":{"loc":{"start":{"line":109,"column":14},"end":{"line":113,"column":18}},"type":"if","locations":[{"start":{"line":109,"column":14},"end":{"line":113,"column":18}},{"start":{"line":109,"column":14},"end":{"line":113,"column":18}}],"line":109},"26":{"loc":{"start":{"line":109,"column":18},"end":{"line":109,"column":51}},"type":"binary-expr","locations":[{"start":{"line":109,"column":18},"end":{"line":109,"column":34}},{"start":{"line":109,"column":38},"end":{"line":109,"column":51}}],"line":109},"27":{"loc":{"start":{"line":111,"column":18},"end":{"line":112,"column":61}},"type":"binary-expr","locations":[{"start":{"line":111,"column":18},"end":{"line":112,"column":52}},{"start":{"line":112,"column":56},"end":{"line":112,"column":61}}],"line":111},"28":{"loc":{"start":{"line":117,"column":12},"end":{"line":120,"column":13}},"type":"if","locations":[{"start":{"line":117,"column":12},"end":{"line":120,"column":13}},{"start":{"line":117,"column":12},"end":{"line":120,"column":13}}],"line":117},"29":{"loc":{"start":{"line":117,"column":16},"end":{"line":117,"column":48}},"type":"binary-expr","locations":[{"start":{"line":117,"column":16},"end":{"line":117,"column":31}},{"start":{"line":117,"column":35},"end":{"line":117,"column":48}}],"line":117},"30":{"loc":{"start":{"line":122,"column":12},"end":{"line":125,"column":13}},"type":"if","locations":[{"start":{"line":122,"column":12},"end":{"line":125,"column":13}},{"start":{"line":122,"column":12},"end":{"line":125,"column":13}}],"line":122},"31":{"loc":{"start":{"line":122,"column":16},"end":{"line":122,"column":46}},"type":"
[...]
end":{"line":318,"column":5}},"line":304}},"branchMap":{"0":{"loc":{"start":{"line":7,"column":18},"end":{"line":7,"column":34}},"type":"default-arg","locations":[{"start":{"line":7,"column":30},"end":{"line":7,"column":34}}],"line":7},"1":{"loc":{"start":{"line":9,"column":2},"end":{"line":9,"column":45}},"type":"if","locations":[{"start":{"line":9,"column":2},"end":{"line":9,"column":45}},{"start":{"line":9,"column":2},"end":{"line":9,"column":45}}],"line":9},"2":{"loc":{"start":{"line":32,"column":29},"end":{"line":32,"column":43}},"type":"default-arg","locations":[{"start":{"line":32,"column":41},"end":{"line":32,"column":43}}],"line":32},"3":{"loc":{"start":{"line":37,"column":10},"end":{"line":37,"column":75}},"type":"if","locations":[{"start":{"line":37,"column":10},"end":{"line":37,"column":75}},{"start":{"line":37,"column":10},"end":{"line":37,"column":75}}],"line":37},"4":{"loc":{"start":{"line":44,"column":14},"end":{"line":44,"column":75}},"type":"if","locations":[{"start":{"line":44,"column":14},"end":{"line":44,"column":75}},{"start":{"line":44,"column":14},"end":{"line":44,"column":75}}],"line":44},"5":{"loc":{"start":{"line":59,"column":10},"end":{"line":59,"column":67}},"type":"if","locations":[{"start":{"line":59,"column":10},"end":{"line":59,"column":67}},{"start":{"line":59,"column":10},"end":{"line":59,"column":67}}],"line":59},"6":{"loc":{"start":{"line":71,"column":24},"end":{"line":71,"column":43}},"type":"default-arg","locations":[{"start":{"line":71,"column":41},"end":{"line":71,"column":43}}],"line":71},"7":{"loc":{"start":{"line":72,"column":6},"end":{"line":72,"column":61}},"type":"if","locations":[{"start":{"line":72,"column":6},"end":{"line":72,"column":61}},{"start":{"line":72,"column":6},"end":{"line":72,"column":61}}],"line":72},"8":{"loc":{"start":{"line":72,"column":10},"end":{"line":72,"column":35}},"type":"binary-expr","locations":[{"start":{"line":72,"column":10},"end":{"line":72,"column":25}},{"start":{"line":72,"column":29},"end":{"line":72,"column":35}}],"line":72},"9":{"loc":{"start":{"line":76,"column":31},"end":{"line":76,"column":51}},"type":"binary-expr","locations":[{"start":{"line":76,"column":31},"end":{"line":76,"column":45}},{"start":{"line":76,"column":49},"end":{"line":76,"column":51}}],"line":76},"10":{"loc":{"start":{"line":80,"column":10},"end":{"line":80,"column":35}},"type":"if","locations":[{"start":{"line":80,"column":10},"end":{"line":80,"column":35}},{"start":{"line":80,"column":10},"end":{"line":80,"column":35}}],"line":80},"11":{"loc":{"start":{"line":127,"column":8},"end":{"line":129,"column":9}},"type":"if","locations":[{"start":{"line":127,"column":8},"end":{"line":129,"column":9}},{"start":{"line":127,"column":8},"end":{"line":129,"column":9}}],"line":127},"12":{"loc":{"start":{"line":127,"column":12},"end":{"line":127,"column":62}},"type":"binary-expr","locations":[{"start":{"line":127,"column":12},"end":{"line":127,"column":34}},{"start":{"line":127,"column":38},"end":{"line":127,"column":62}}],"line":127},"13":{"loc":{"start":{"line":143,"column":12},"end":{"line":143,"column":31}},"type":"binary-expr","locations":[{"start":{"line":143,"column":12},"end":{"line":143,"column":25}},{"start":{"line":143,"column":29},"end":{"line":143,"column":31}}],"line":143},"14":{"loc":{"start":{"line":145,"column":44},"end":{"line":145,"column":57}},"type":"default-arg","locations":[{"start":{"line":145,"column":56},"end":{"line":145,"column":57}}],"line":145},"15":{"loc":{"start":{"line":146,"column":42},"end":{"line":146,"column":71}},"type":"cond-expr","locations":[{"start":{"line":146,"column":54},"end":{"line":146,"column":67}},{"start":{"line":146,"column":70},"end":{"line":146,"column":71}}],"line":146},"16":{"loc":{"start":{"line":150,"column":20},"end":{"line":152,"column":18}},"type":"cond-expr","locations":[{"start":{"line":151,"column":14},"end":{"line":151,"column":47}},{"start":{"line":152,"column":14},"end":{"line":152,"column":18}}],"line":150},"17":{"loc":{"start":{"line":150,"column":27},"end":{"line":150,"column":44}},"type":"binary-expr","locations":[{"start":{"line":150,"column":27},"end":{"line":150,"column":36}},{"start":{"line":150,"column":40},"end":{"line":150,"column":44}}],"line":150},"18":{"loc":{"start":{"line":153,"column":10},"end":{"line":153,"column":29}},"type":"if","locations":[{"start":{"line":153,"column":10},"end":{"line":153,"column":29}},{"start":{"line":153,"column":10},"end":{"line":153,"column":29}}],"line":153},"19":{"loc":{"start":{"line":154,"column":17},"end":{"line":154,"column":51}},"type":"cond-expr","locations":[{"start":{"line":154,"column":21},"end":{"line":154,"column":44}},{"start":{"line":154,"column":47},"end":{"line":154,"column":51}}],"line":154},"20":{"loc":{"start":{"line":158,"column":20},"end":{"line":160,"column":18}},"type":"cond-expr","locations":[{"start":{"line":159,"column":14},"end":{"line":159,"column":41}},{"start":{"line":160,"column":14},"end":{"line":160,"column":18}}],"line":158},"21":{"loc":{"start":{"line":158,"column":27},"end":{"line":158,"column":44}},"type":"binary-expr","locations":[{"start":{"line":158,"column":27},"end":{"line":158,"column":36}},{"start":{"line":158,"column":40},"end":{"line":158,"column":44}}],"line":158},"22":{"loc":{"start":{"line":161,"column":10},"end":{"line":161,"column":29}},"type":"if","locations":[{"start":{"line":161,"column":10},"end":{"line":161,"column":29}},{"start":{"line":161,"column":10},"end":{"line":161,"column":29}}],"line":161},"23":{"loc":{"start":{"line":162,"column":17},"end":{"line":162,"column":51}},"type":"cond-expr","locations":[{"start":{"line":162,"column":21},"end":{"line":162,"column":44}},{"start":{"line":162,"column":47},"end":{"line":162,"column":51}}],"line":162},"24":{"loc":{"start":{"line":166,"column":20},"end":{"line":168,"column":18}},"type":"cond-expr","locations":[{"start":{"line":167,"column":14},"end":{"line":167,"column":49}},{"start":{"line":168,"column":14},"end":{"line":168,"column":18}}],"line":166},"25":{"loc":{"start":{"line":166,"column":27},"end":{"line":166,"column":46}},"type":"binary-expr","locations":[{"start":{"line":166,"column":27},"end":{"line":166,"column":38}},{"start":{"line":166,"column":42},"end":{"line":166,"column":46}}],"line":166},"26":{"loc":{"start":{"line":169,"column":10},"end":{"line":169,"column":29}},"type":"if","locations":[{"start":{"line":169,"column":10},"end":{"line":169,"column":29}},{"start":{"line":169,"column":10},"end":{"line":169,"column":29}}],"line":169},"27":{"loc":{"start":{"line":170,"column":17},"end":{"line":170,"column":51}},"type":"cond-expr","locations":[{"start":{"line":170,"column":21},"end":{"line":170,"column":44}},{"start":{"line":170,"column":47},"end":{"line":170,"column":51}}],"line":170},"28":{"loc":{"start":{"line":175,"column":26},"end":{"line":175,"column":55}},"type":"binary-expr","locations":[{"start":{"line":175,"column":26},"end":{"line":175,"column":33}},{"start":{"line":175,"column":37},"end":{"line":175,"column":47}},{"start":{"line":175,"column":51},"end":{"line":175,"column":55}}],"line":175},"29":{"loc":{"start":{"line":176,"column":20},"end":{"line":178,"column":18}},"type":"cond-expr","locations":[{"start":{"line":177,"column":14},"end":{"line":177,"column":39}},{"start":{"line":178,"column":14},"end":{"line":178,"column":18}}],"line":176},"30":{"loc":{"start":{"line":179,"column":10},"end":{"line":179,"column":29}},"type":"if","locations":[{"start":{"line":179,"column":10},"end":{"line":179,"column":29}},{"start":{"line":179,"column":10},"end":{"line":179,"column":29}}],"line":179},"31":{"loc":{"start":{"line":180,"column":17},"end":{"line":180,"column":51}},"type":"cond-expr","locations":[{"start":{"line":180,"column":21},"end":{"line":180,"column":44}},{"start":{"line":180,"column":47},"end":{"line":180,"column":51}}],"line":180},"32":{"loc":{"start":{"line":188,"column":20},"end":{"line":190,"column":18}},"type":"cond-expr","locations":[{"start":{"line":189,"column":14},"end":{"line":189,"column":53}},{"start":{"line":190,"column":14},"end":{"line":190,"column":18}}],"line":188},"33":{"loc":{"start":{"line":188,"column":21},"end":{"line":188,"column":39}},"type":"binary-expr","locations":[{"start":{"line":188,"column":21},"end":{"line":188,"column":33}},{"start":{"line":188,"column":37},"end":{"line":188,"column":39}}],"line":188},"34":{"loc":{"start":{"line":191,"column":10},"end":{"line":195,"column":26}},"type":"if","locations":[{"start":{"line":191,"column":10},"end":{"line":195,"column":26}},{"start":{"line":191,"column":10},"end":{"line":195,"column":26}}],"line":191},"35":{"loc":{"start":{"line":191,"column":14},"end":{"line":191,"column":45}},"type":"binary-expr","locations":[{"start":{"line":191,"column":14},"end":{"line":191,"column":15}},{"start":{"line":191,"column":19},"end":{"line":191,"column":45}}],"line":191},"36":{"loc":{"start":{"line":191,"column":27},"end":{"line":191,"column":34}},"type":"binary-expr","locations":[{"start":{"line":191,"column":27},"end":{"line":191,"column":28}},{"start":{"line":191,"column":32},"end":{"line":191,"column":34}}],"line":191},"37":{"loc":{"start":{"line":192,"column":12},"end":{"line":193,"column":67}},"type":"if","locations":[{"start":{"line":192,"column":12},"end":{"line":193,"column":67}},{"start":{"line":192,"column":12},"end":{"line":193,"column":67}}],"line":192},"38":{"loc":{"start":{"line":208,"column":10},"end":{"line":210,"column":30}},"type":"cond-expr","locations":[{"start":{"line":209,"column":14},"end":{"line":209,"column":26}},{"start":{"line":210,"column":14},"end":{"line":210,"column":30}}],"line":208},"39":{"loc":{"start":{"line":208,"column":11},"end":{"line":208,"column":29}},"type":"binary-expr","locations":[{"start":{"line":208,"column":11},"end":{"line":208,"column":23}},{"start":{"line":208,"column":27},"end":{"line":208,"column":29}}],"line":208},"40":{"loc":{"start":{"line":208,"column":41},"end":{"line":208,"column":57}},"type":"binary-expr","locations":[{"start":{"line":208,"column":41},"end":{"line":208,"column":51}},{"start":{"line":208,"column":55},"end":{"line":208,"column":57}}],"line":208},"41":{"loc":{"start":{"line":210,"column":14},"end":{"line":210,"column":30}},"type":"binary-expr","locations":[{"start":{"line":210,"column":14},"end":{"line":210,"column":24}},{"start":{"line":210,"column":28},"end":{"line":210,"column":30}}],"line":210},"42":{"loc":{"start":{"line":214,"column":10},"end":{"line":218,"column":25}},"type":"cond-expr","locations":[{"start":{"line":215,"column":14},"end":{"line":215,"column":25}},{"start":{"line":216,"column":14},"end":{"line":218,"column":25}}],"line":214},"43":{"loc":{"start":{"line":214,"column":10},"end":{"line":214,"column":35}},"type":"binary-expr","locations":[{"start":{"line":214,"column":10},"end":{"line":214,"column":20}},{"start":{"line":214,"column":24},"end":{"line":214,"column":35}}],"line":214},"44":{"loc":{"start":{"line":216,"column":14},"end":{"line":218,"column":25}},"type":"cond-expr","locations":[{"start":{"line":217,"column":14},"end":{"line":217,"column":25}},{"start":{"line":218,"column":14},"end":{"line":218,"column":25}}],"line":216},"45":{"loc":{"start":{"line":221,"column":10},"end":{"line":227,"column":20}},"type":"cond-expr","locations":[{"start":{"line":222,"column":14},"end":{"line":222,"column":20}},{"start":{"line":223,"column":14},"end":{"line":227,"column":20}}],"line":221},"46":{"loc":{"start":{"line":223,"column":14},"end":{"line":227,"column":20}},"type":"cond-expr","locations":[{"start":{"line":224,"column":14},"end":{"line":224,"column":19}},{"start":{"line":225,"column":14},"end":{"line":227,"column":20}}],"line":223},"47":{"loc":{"start":{"line":225,"column":14},"end":{"line":227,"column":20}},"type":"cond-expr","locations":[{"start":{"line":226,"column":14},"end":{"line":226,"column":25}},{"start":{"line":227,"column":14},"end":{"line":227,"column":20}}],"line":225},"48":{"loc":{"start":{"line":233,"column":17},"end":{"line":233,"column":37}},"type":"cond-expr","locations":[{"start":{"line":233,"column":24},"end":{"line":233,"column":30}},{"start":{"line":233,"column":33},"end":{"line":233,"column":37}}],"line":233},"49":{"loc":{"start":{"line":238,"column":23},"end":{"line":238,"column":67}},"type":"cond-expr","locations":[{"start":{"line":238,"column":36},"end":{"line":238,"column":57}},{"start":{"line":238,"column":60},"end":{"line":238,"column":67}}],"line":238},"50":{"loc":{"start":{"line":263,"column":10},"end":{"line":263,"column":49}},"type":"if","locations":[{"start":{"line":263,"column":10},"end":{"line":263,"column":49}},{"start":{"line":263,"column":10},"end":{"line":263,"column":49}}],"line":263},"51":{"loc":{"start":{"line":281,"column":16},"end":{"line":284,"column":48}},"type":"if","locations":[{"start":{"line":281,"column":16},"end":{"line":284,"column":48}},{"start":{"line":281,"column":16},"end":{"line":284,"column":48}}],"line":281},"52":{"loc":{"start":{"line":288,"column":10},"end":{"line":295,"column":11}},"type":"if","locations":[{"start":{"line":288,"column":10},"end":{"line":295,"column":11}},{"start":{"line":288,"column":10},"end":{"line":295,"column":11}}],"line":288},"53":{"loc":{"start":{"line":290,"column":12},"end":{"line":293,"column":16}},"type":"if","locations":[{"start":{"line":290,"column":12},"end":{"line":293,"column":16}},{"start":{"line":290,"column":12},"end":{"line":293,"column":16}}],"line":290},"54":{"loc":{"start":{"line":304,"column":31},"end":{"line":304,"column":47}},"type":"default-arg","locations":[{"start":{"line":304,"column":45},"end":{"line":304,"column":47}}],"line":304},"55":{"loc":{"start":{"line":306,"column":6},"end":{"line":316,"column":7}},"type":"switch","locations":[{"start":{"line":307,"column":8},"end":{"line":309,"column":16}},{"start":{"line":310,"column":8},"end":{"line":312,"column":16}},{"start":{"line":313,"column":8},"end":{"line":315,"column":70}}],"line":306},"56":{"loc":{"start":{"line":314,"column":10},"end":{"line":315,"column":70}},"type":"if","locations":[{"start":{"line":314,"column":10},"end":{"line":315,"column":70}},{"start":{"line":314,"column":10},"end":{"line":315,"column":70}}],"line":314}},"s":{"0":1,"1":3,"2":3,"3":1,"4":3,"5":3,"6":3,"7":3,"8":3,"9":3,"10":3,"11":3,"12":3,"13":7,"14":13,"15":25,"16":25,"17":25,"18":0,"19":25,"20":25,"21":25,"22":0,"23":25,"24":25,"25":7,"26":7,"27":7,"28":25,"29":25,"30":0,"31":0,"32":0,"33":7,"34":7,"35":0,"36":7,"37":7,"38":7,"39":27,"40":27,"41":27,"42":27,"43":2,"44":25,"45":0,"46":7,"47":27,"48":27,"49":27,"50":0,"51":27,"52":27,"53":101,"54":606,"55":27,"56":27,"57":27,"58":25,"59":27,"60":27,"61":27,"62":27,"63":27,"64":27,"65":27,"66":27,"67":27,"68":23,"69":27,"70":27,"71":27,"72":27,"73":27,"74":26,"75":27,"76":27,"77":27,"78":27,"79":27,"80":27,"81":0,"82":0,"83":0,"84":27,"85":27,"86":27,"87":27,"88":0,"89":27,"90":27,"91":27,"92":27,"93":27,"94":27,"95":27,"96":27,"97":27,"98":27,"99":27,"100":0,"101":27,"102":27,"103":27,"104":298,"105":2086,"106":298,"107":596,"108":1788,"109":27,"110":25,"111":2,"112":0,"113":2,"114":226,"115":42,"116":42,"117":184,"118":184,"119":0,"120":0,"121":226},"f":{"0":3,"1":1,"2":7,"3":13,"4":7,"5":25,"6":25,"7":25,"8":7,"9":27,"10":27,"11":101,"12":606,"13":27,"14":27,"15":27,"16":27,"17":27,"18":27,"19":27,"20":27,"21":27,"22":298,"23":2086,"24":596,"25":226},"b":{"0":[1],"1":[1,2],"2":[0],"3":[0,25],"4":[0,25],"5":[0,0],"6":[0],"7":[0,7],"8":[7,0],"9":[34,0],"10":[2,25],"11":[0,27],"12":[27,27],"13":[27,0],"14":[0],"15":[101,505],"16":[25,2],"17":[27,2],"18":[25,2],"19":[25,2],"20":[27,0],"21":[27,0],"22":[27,0],"23":[27,0],"24":[23,4],"25":[27,4],"26":[23,4],"27":[23,4],"28":[27,2,1],"29":[26,1],"30":[26,1],"31":[26,1],"32":[0,27],"33":[27,9],"34":[0,27],"35":[27,0],"36":[0,0],"37":[0,0],"38":[6,21],"39":[27,21],"40":[27,21],"41":[21,19],"42":[23,4],"43":[27,27],"44":[4,0],"45":[23,4],"46":[4,0],"47":[0,0],"48":[27,0],"49":[7,20],"50":[0,27],"51":[298,1788],"52":[25,2],"53":[0,2],"54":[0],"55":[42,184,0],"56":[0,0]},"_coverageSchema":"1a1c01bbd47fc00a2c39e90264f33305004495a9","hash":"07cff3c0c11b497a5680d54ee63cba67d3345628","contentHash":"19e9b7ce00aaa429a92d3154699894614deb75bfc28dba8aa31bf51856c94a1a"},"/media/vendeta/exchange-2/x-workflow/~GITHUB_WORK/ics-calendar/libs/xdb/xdb.api.module.js":{"path":"/media/vendeta/exchange-2/x-workflow/~GITHUB_WORK/ics-calendar/libs/xdb/xdb.api.module.js","statementMap":{"0":{"start":{"line":1,"column":0},"end":{"line":1,"column":13}},"1":{"start":{"line":8,"column":0},"end":{"line":43,"column":2}},"2":{"start":{"line":9,"column":18},"end":{"line":9,"column":43}},"3":{"start":{"line":10,"column":24},"end":{"line":10,"column":45}},"4":{"start":{"line":11,"column":2},"end":{"line":42,"column":4}},"5":{"start":{"line":14,"column":6},"end":{"line":14,"column":25}},"6":{"start":{"line":15,"column":6},"end":{"line":18,"column":8}},"7":{"start":{"line":20,"column":6},"end":{"line":20,"column":64}},"8":{"start":{"line":20,"column":22},"end":{"line":20,"column":64}},"9":{"start":{"line":24,"column":6},"end":{"line":30,"column":7}},"10":{"start":{"line":25,"column":8},"end":{"line":27,"column":10}},"11":{"start":{"line":26,"column":20},"end":{"line":26,"column":32}},"12":{"start":{"line":29,"column":8},"end":{"line":29,"column":71}},"13":{"start":{"line":34,"column":6},"end":{"line":40,"column":7}},"14":{"start":{"line":35,"column":8},"end":{"line":37,"column":10}},"15":{"start":{"line":36,"column":20},"end":{"line":36,"column":32}},"16":{"start":{"line":39,"column":8},"end":{"line":39,"column":72}}},"fnMap":{"0":{"name":"(anonymous_0)","decl":{"start":{"line":8,"column":17},"end":{"line":8,"column":18}},"loc":{"start":{"line":8,"column":23},"end":{"line":43,"column":1}},"line":8},"1":{"name":"(anonymous_1)","decl":{"start":{"line":13,"column":4},"end":{"line":13,"column":5}},"loc":{"start":{"line":13,"column":34},"end":{"line":21,"column":5}},"line":13},"2":{"name":"(anonymous_2)","decl":{"start":{"line":23,"column":4},"end":{"line":23,"column":5}},"loc":{"start":{"line":23,"column":16},"end":{"line":31,"column":5}},"line":23},"3":{"name":"(anonymous_3)","decl":{"start":{"line":26,"column":10},"end":{"line":26,"column":11}},"loc":{"start":{"line":26,"column":20},"end":{"line":26,"column":32}},"line":26},"4":{"name":"(anonymous_4)","decl":{"start":{"line":33,"column":4},"end":{"line":33,"column":5}},"loc":{"start":{"line":33,"column":17},"end":{"line":41,"column":5}},"line":33},"5":{"name":"(anonymous_5)","decl":{"start":{"line":36,"column":10},"end":{"line":36,"column":11}},"loc":{"start":{"line":36,"column":20},"end":{"line":36,"column":32}},"line":36}},"branchMap":{"0":{"loc":{"start":{"line":13,"column":16},"end":{"line":13,"column":25}},"type":"default-arg","locations":[{"start":{"line":13,"column":23},"end":{"line":13,"column":25}}],"line":13},"1":{"loc":{"start":{"line":16,"column":17},"end":{"line":16,"column":52}},"type":"binary-expr","locations":[{"start":{"line":16,"column":17},"end":{"line":16,"column":29}},{"start":{"line":16,"column":33},"end":{"line":16,"column":52}}],"line":16},"2":{"loc":{"start":{"line":17,"column":18},"end":{"line":17,"column":55}},"type":"binary-expr","locations":[{"start":{"line":17,"column":18},"end":{"line":17,"column":31}},{"start":{"line":17,"column":35},"end":{"line":17,"column":55}}],"line":17},"3":{"loc":{"start":{"line":20,"column":6},"end":{"line":20,"column":64}},"type":"if","locations":[{"start":{"line":20,"column":6},"end":{"line":20,"column":64}},{"start":{"line":20,"column":6},"end":{"line":20,"column":64}}],"line":20}},"s":{"0":1,"1":1,"2":2,"3":2,"4":2,"5":3,"6":3,"7":3,"8":0,"9":238,"10":238,"11":236,"12":2,"13":28,"14":28,"15":27,"16":1},"f":{"0":2,"1":3,"2":238,"3":236,"4":28,"5":27},"b":{"0":[0],"1":[3,0],"2":[3,0],"3":[0,3]},"_coverageSchema":"1a1c01bbd47fc00a2c39e90264f33305004495a9","hash":"89e21d7268555616afc7d1b84c0f27156a6f2a17","contentHash":"157cedddfaa63e8f2e8d0497951d26212d5578023b7edd33ef11f7a4b5f7423e"}}