{"X:\\workflow\\open-projects\\ics-calendar\\libs\\server\\server.js":{"path":"X:\\workflow\\open-projects\\ics-calendar\\libs\\server\\server.js","statementMap":{"0":{"start":{"line":1,"column":0},"end":{"line":1,"column":12}},"1":{"start":{"line":3,"column":0},"end":{"line":68,"column":1}},"2":{"start":{"line":4,"column":23},"end":{"line":4,"column":41}},"3":{"start":{"line":5,"column":4},"end":{"line":5,"column":70}},"4":{"start":{"line":5,"column":14},"end":{"line":5,"column":70}},"5":{"start":{"line":6,"column":27},"end":{"line":6,"column":48}},"6":{"start":{"line":9,"column":20},"end":{"line":9,"column":38}},"7":{"start":{"line":10,"column":16},"end":{"line":10,"column":25}},"8":{"start":{"line":11,"column":19},"end":{"line":11,"column":35}},"9":{"start":{"line":12,"column":19},"end":{"line":12,"column":36}},"10":{"start":{"line":13,"column":23},"end":{"line":13,"column":45}},"11":{"start":{"line":14,"column":19},"end":{"line":14,"column":42}},"12":{"start":{"line":15,"column":23},"end":{"line":15,"column":45}},"13":{"start":{"line":16,"column":23},"end":{"line":16,"column":52}},"14":{"start":{"line":17,"column":17},"end":{"line":17,"column":32}},"15":{"start":{"line":18,"column":16},"end":{"line":18,"column":30}},"16":{"start":{"line":19,"column":25},"end":{"line":19,"column":67}},"17":{"start":{"line":20,"column":4},"end":{"line":20,"column":29}},"18":{"start":{"line":21,"column":4},"end":{"line":21,"column":26}},"19":{"start":{"line":22,"column":4},"end":{"line":22,"column":55}},"20":{"start":{"line":23,"column":4},"end":{"line":23,"column":30}},"21":{"start":{"line":24,"column":4},"end":{"line":24,"column":19}},"22":{"start":{"line":28,"column":4},"end":{"line":28,"column":37}},"23":{"start":{"line":29,"column":4},"end":{"line":29,"column":34}},"24":{"start":{"line":33,"column":4},"end":{"line":33,"column":38}},"25":{"start":{"line":35,"column":24},"end":{"line":35,"column":45}},"26":{"start":{"line":40,"column":4},"end":{"line":40,"column":81}},"27":{"start":{"line":41,"column":4},"end":{"line":41,"column":77}},"28":{"start":{"line":44,"column":4},"end":{"line":46,"column":6}},"29":{"start":{"line":45,"column":8},"end":{"line":45,"column":146}},"30":{"start":{"line":51,"column":4},"end":{"line":53,"column":6}},"31":{"start":{"line":52,"column":8},"end":{"line":52,"column":79}},"32":{"start":{"line":55,"column":4},"end":{"line":55,"column":24}},"33":{"start":{"line":60,"column":19},"end":{"line":66,"column":6}},"34":{"start":{"line":62,"column":21},"end":{"line":62,"column":80}},"35":{"start":{"line":64,"column":21},"end":{"line":64,"column":42}},"36":{"start":{"line":65,"column":8},"end":{"line":65,"column":58}},"37":{"start":{"line":67,"column":4},"end":{"line":67,"column":17}}},"fnMap":{"0":{"name":"(anonymous_0)","decl":{"start":{"line":3,"column":17},"end":{"line":3,"column":18}},"loc":{"start":{"line":3,"column":35},"end":{"line":68,"column":1}},"line":3},"1":{"name":"(anonymous_1)","decl":{"start":{"line":44,"column":20},"end":{"line":44,"column":21}},"loc":{"start":{"line":44,"column":40},"end":{"line":46,"column":5}},"line":44},"2":{"name":"(anonymous_2)","decl":{"start":{"line":51,"column":12},"end":{"line":51,"column":13}},"loc":{"start":{"line":51,"column":45},"end":{"line":53,"column":5}},"line":51},"3":{"name":"(anonymous_3)","decl":{"start":{"line":60,"column":43},"end":{"line":60,"column":44}},"loc":{"start":{"line":60,"column":55},"end":{"line":66,"column":5}},"line":60}},"branchMap":{"0":{"loc":{"start":{"line":3,"column":18},"end":{"line":3,"column":30}},"type":"default-arg","locations":[{"start":{"line":3,"column":26},"end":{"line":3,"column":30}}],"line":3},"1":{"loc":{"start":{"line":5,"column":4},"end":{"line":5,"column":70}},"type":"if","locations":[{"start":{"line":5,"column":4},"end":{"line":5,"column":70}},{"start":{"line":5,"column":4},"end":{"line":5,"column":70}}],"line":5},"2":{"loc":{"start":{"line":62,"column":22},"end":{"line":62,"column":52}},"type":"binary-expr","locations":[{"start":{"line":62,"column":22},"end":{"line":62,"column":46}},{"start":{"line":62,"column":50},"end":{"line":62,"column":52}}],"line":62}},"s":{"0":1,"1":1,"2":1,"3":1,"4":0,"5":1,"6":1,"7":1,"8":1,"9":1,"10":1,"11":1,"12":1,"13":1,"14":1,"15":1,"16":1,"17":1,"18":1,"19":1,"20":1,"21":1,"22":1,"23":1,"24":1,"25":1,"26":1,"27":1,"28":1,"29":1,"30":1,"31":0,"32":1,"33":1,"34":1,"35":1,"36":1,"37":1},"f":{"0":1,"1":1,"2":0,"3":1},"b":{"0":[0],"1":[0,1],"2":[1,0]},"_coverageSchema":"1a1c01bbd47fc00a2c39e90264f33305004495a9","hash":"336a6b558b9de4ae2efd6f08c6c0ef8f5d0c1062","contentHash":"bb1aee30c1880dee0f84ac3897808402e249fe6de60ec335c325f1690d10fb9a"},"X:\\workflow\\open-projects\\ics-calendar\\libs\\utils.js":{"path":"X:\\workflow\\open-projects\\ics-calendar\\libs\\utils.js","statementMap":{"0":{"start":{"line":1,"column":0},"end":{"line":45,"column":1}},"1":{"start":{"line":3,"column":23},"end":{"line":3,"column":40}},"2":{"start":{"line":4,"column":14},"end":{"line":4,"column":16}},"3":{"start":{"line":10,"column":4},"end":{"line":14,"column":5}},"4":{"start":{"line":11,"column":8},"end":{"line":11,"column":26}},"5":{"start":{"line":11,"column":18},"end":{"line":11,"column":26}},"6":{"start":{"line":12,"column":8},"end":{"line":12,"column":74}},"7":{"start":{"line":12,"column":63},"end":{"line":12,"column":74}},"8":{"start":{"line":13,"column":8},"end":{"line":13,"column":28}},"9":{"start":{"line":16,"column":4},"end":{"line":18,"column":5}},"10":{"start":{"line":17,"column":8},"end":{"line":17,"column":54}},"11":{"start":{"line":17,"column":40},"end":{"line":17,"column":53}},"12":{"start":{"line":20,"column":4},"end":{"line":29,"column":5}},"13":{"start":{"line":21,"column":8},"end":{"line":28,"column":14}},"14":{"start":{"line":22,"column":12},"end":{"line":26,"column":13}},"15":{"start":{"line":23,"column":16},"end":{"line":25,"column":17}},"16":{"start":{"line":24,"column":20},"end":{"line":24,"column":52}},"17":{"start":{"line":27,"column":12},"end":{"line":27,"column":20}},"18":{"start":{"line":36,"column":4},"end":{"line":42,"column":5}},"19":{"start":{"line":37,"column":21},"end":{"line":37,"column":23}},"20":{"start":{"line":38,"column":8},"end":{"line":40,"column":9}},"21":{"start":{"line":39,"column":12},"end":{"line":39,"column":56}},"22":{"start":{"line":41,"column":8},"end":{"line":41,"column":19}},"23":{"start":{"line":43,"column":4},"end":{"line":43,"column":12}}},"fnMap":{"0":{"name":"(anonymous_0)","decl":{"start":{"line":1,"column":17},"end":{"line":1,"column":18}},"loc":{"start":{"line":1,"column":29},"end":{"line":45,"column":1}},"line":1},"1":{"name":"(anonymous_1)","decl":{"start":{"line":10,"column":13},"end":{"line":10,"column":14}},"loc":{"start":{"line":10,"column":27},"end":{"line":14,"column":5}},"line":10},"2":{"name":"(anonymous_2)","decl":{"start":{"line":16,"column":18},"end":{"line":16,"column":19}},"loc":{"start":{"line":16,"column":28},"end":{"line":18,"column":5}},"line":16},"3":{"name":"(anonymous_3)","decl":{"start":{"line":17,"column":27},"end":{"line":17,"column":28}},"loc":{"start":{"line":17,"column":40},"end":{"line":17,"column":53}},"line":17},"4":{"name":"(anonymous_4)","decl":{"start":{"line":20,"column":19},"end":{"line":20,"column":20}},"loc":{"start":{"line":20,"column":30},"end":{"line":29,"column":5}},"line":20},"5":{"name":"(anonymous_5)","decl":{"start":{"line":21,"column":29},"end":{"line":21,"column":30}},"loc":{"start":{"line":21,"column":43},"end":{"line":28,"column":9}},"line":21},"6":{"name":"(anonymous_6)","decl":{"start":{"line":36,"column":20},"end":{"line":36,"column":21}},"loc":{"start":{"line":36,"column":34},"end":{"line":42,"column":5}},"line":36}},"branchMap":{"0":{"loc":{"start":{"line":10,"column":14},"end":{"line":10,"column":22}},"type":"default-arg","locations":[{"start":{"line":10,"column":20},"end":{"line":10,"column":22}}],"line":10},"1":{"loc":{"start":{"line":11,"column":8},"end":{"line":11,"column":26}},"type":"if","locations":[{"start":{"line":11,"column":8},"end":{"line":11,"column":26}},{"start":{"line":11,"column":8},"end":{"line":11,"column":26}}],"line":11},"2":{"loc":{"start":{"line":12,"column":8},"end":{"line":12,"column":74}},"type":"if","locations":[{"start":{"line":12,"column":8},"end":{"line":12,"column":74}},{"start":{"line":12,"column":8},"end":{"line":12,"column":74}}],"line":12},"3":{"loc":{"start":{"line":22,"column":12},"end":{"line":26,"column":13}},"type":"if","locations":[{"start":{"line":22,"column":12},"end":{"line":26,"column":13}},{"start":{"line":22,"column":12},"end":{"line":26,"column":13}}],"line":22},"4":{"loc":{"start":{"line":23,"column":16},"end":{"line":25,"column":17}},"type":"if","locations":[{"start":{"line":23,"column":16},"end":{"line":25,"column":17}},{"start":{"line":23,"column":16},"end":{"line":25,"column":17}}],"line":23},"5":{"loc":{"start":{"line":23,"column":21},"end":{"line":23,"column":48}},"type":"binary-expr","locations":[{"start":{"line":23,"column":21},"end":{"line":23,"column":42}},{"start":{"line":23,"column":46},"end":{"line":23,"column":48}}],"line":23},"6":{"loc":{"start":{"line":23,"column":22},"end":{"line":23,"column":36}},"type":"binary-expr","locations":[{"start":{"line":23,"column":22},"end":{"line":23,"column":30}},{"start":{"line":23,"column":34},"end":{"line":23,"column":36}}],"line":23}},"s":{"0":1,"1":4,"2":4,"3":4,"4":720,"5":42,"6":720,"7":42,"8":678,"9":4,"10":186,"11":186,"12":4,"13":1,"14":3,"15":3,"16":2,"17":3,"18":4,"19":1,"20":1,"21":20,"22":1,"23":4},"f":{"0":4,"1":720,"2":186,"3":186,"4":1,"5":3,"6":1},"b":{"0":[42],"1":[42,678],"2":[42,678],"3":[3,0],"4":[2,1],"5":[3,0],"6":[3,0]},"_coverageSchema":"1a1c01bbd47fc00a2c39e90264f33305004495a9","hash":"6228257e177be0d27f656dd59b182903abb6dc0c","contentHash":"e537261b63565287afa342255e0dbffdf63328217316640f62ab377780348c5f"},"X:\\workflow\\open-projects\\ics-calendar\\libs\\server\\auth.js":{"path":"X:\\workflow\\open-projects\\ics-calendar\\libs\\server\\auth.js","statementMap":{"0":{"start":{"line":1,"column":0},"end":{"line":1,"column":12}},"1":{"start":{"line":6,"column":0},"end":{"line":57,"column":1}},"2":{"start":{"line":7,"column":23},"end":{"line":7,"column":41}},"3":{"start":{"line":8,"column":4},"end":{"line":56,"column":5}},"4":{"start":{"line":10,"column":12},"end":{"line":10,"column":30}},"5":{"start":{"line":15,"column":12},"end":{"line":15,"column":58}},"6":{"start":{"line":16,"column":12},"end":{"line":16,"column":61}},"7":{"start":{"line":17,"column":12},"end":{"line":17,"column":85}},"8":{"start":{"line":18,"column":12},"end":{"line":18,"column":133}},"9":{"start":{"line":19,"column":12},"end":{"line":19,"column":64}},"10":{"start":{"line":19,"column":28},"end":{"line":19,"column":64}},"11":{"start":{"line":20,"column":12},"end":{"line":20,"column":25}},"12":{"start":{"line":27,"column":12},"end":{"line":27,"column":53}}},"fnMap":{"0":{"name":"(anonymous_0)","decl":{"start":{"line":6,"column":17},"end":{"line":6,"column":18}},"loc":{"start":{"line":6,"column":39},"end":{"line":57,"column":1}},"line":6},"1":{"name":"(anonymous_1)","decl":{"start":{"line":9,"column":8},"end":{"line":9,"column":9}},"loc":{"start":{"line":9,"column":27},"end":{"line":11,"column":9}},"line":9},"2":{"name":"(anonymous_2)","decl":{"start":{"line":13,"column":8},"end":{"line":13,"column":9}},"loc":{"start":{"line":13,"column":34},"end":{"line":24,"column":9}},"line":13},"3":{"name":"(anonymous_3)","decl":{"start":{"line":26,"column":8},"end":{"line":26,"column":9}},"loc":{"start":{"line":26,"column":21},"end":{"line":28,"column":9}},"line":26}},"branchMap":{"0":{"loc":{"start":{"line":19,"column":12},"end":{"line":19,"column":64}},"type":"if","locations":[{"start":{"line":19,"column":12},"end":{"line":19,"column":64}},{"start":{"line":19,"column":12},"end":{"line":19,"column":64}}],"line":19}},"s":{"0":1,"1":1,"2":1,"3":1,"4":1,"5":17,"6":17,"7":17,"8":17,"9":17,"10":0,"11":17,"12":1},"f":{"0":1,"1":1,"2":17,"3":1},"b":{"0":[0,17]},"_coverageSchema":"1a1c01bbd47fc00a2c39e90264f33305004495a9","hash":"ebc5ee2fe12bb9e6f18d9f690f4df69641e5c247","contentHash":"61fff674ba311ae5481e1c60104190b0118e0f3fb972e48ea99166b0e29a3f22"},"X:\\workflow\\open-projects\\ics-calendar\\libs\\server\\controllers.js":{"path":"X:\\workflow\\open-projects\\ics-calendar\\libs\\server\\controllers.js","statementMap":{"0":{"start":{"line":1,"column":0},"end":{"line":1,"column":12}},"1":{"start":{"line":3,"column":0},"end":{"line":98,"column":1}},"2":{"start":{"line":4,"column":51},"end":{"line":4,"column":69}},"3":{"start":{"line":5,"column":25},"end":{"line":5,"column":67}},"4":{"start":{"line":6,"column":4},"end":{"line":96,"column":5}},"5":{"start":{"line":9,"column":12},"end":{"line":9,"column":38}},"6":{"start":{"line":10,"column":12},"end":{"line":10,"column":35}},"7":{"start":{"line":11,"column":12},"end":{"line":17,"column":13}},"8":{"start":{"line":12,"column":28},"end":{"line":12,"column":58}},"9":{"start":{"line":13,"column":16},"end":{"line":13,"column":50}},"10":{"start":{"line":15,"column":16},"end":{"line":15,"column":36}},"11":{"start":{"line":16,"column":16},"end":{"line":16,"column":40}},"12":{"start":{"line":25,"column":12},"end":{"line":25,"column":106}},"13":{"start":{"line":25,"column":34},"end":{"line":25,"column":106}},"14":{"start":{"line":27,"column":31},"end":{"line":27,"column":103}},"15":{"start":{"line":27,"column":74},"end":{"line":27,"column":95}},"16":{"start":{"line":28,"column":12},"end":{"line":28,"column":95}},"17":{"start":{"line":28,"column":29},"end":{"line":28,"column":95}},"18":{"start":{"line":29,"column":25},"end":{"line":29,"column":40}},"19":{"start":{"line":30,"column":27},"end":{"line":30,"column":52}},"20":{"start":{"line":31,"column":12},"end":{"line":31,"column":137}},"21":{"start":{"line":31,"column":49},"end":{"line":31,"column":137}},"22":{"start":{"line":33,"column":12},"end":{"line":40,"column":84}},"23":{"start":{"line":39,"column":16},"end":{"line":39,"column":102}},"24":{"start":{"line":40,"column":30},"end":{"line":40,"column":83}},"25":{"start":{"line":51,"column":12},"end":{"line":51,"column":106}},"26":{"start":{"line":51,"column":34},"end":{"line":51,"column":106}},"27":{"start":{"line":53,"column":30},"end":{"line":53,"column":55}},"28":{"start":{"line":54,"column":26},"end":{"line":54,"column":66}},"29":{"start":{"line":56,"column":12},"end":{"line":74,"column":13}},"30":{"start":{"line":57,"column":38},"end":{"line":57,"column":42}},"31":{"start":{"line":59,"column":16},"end":{"line":72,"column":90}},"32":{"start":{"line":60,"column":30},"end":{"line":60,"column":75}},"33":{"start":{"line":61,"column":37},"end":{"line":64,"column":22}},"34":{"start":{"line":62,"column":24},"end":{"line":62,"column":127}},"35":{"start":{"line":62,"column":60},"end":{"line":62,"column":127}},"36":{"start":{"line":63,"column":24},"end":{"line":63,"column":35}},"37":{"start":{"line":65,"column":20},"end":{"line":70,"column":21}},"38":{"start":{"line":66,"column":24},"end":{"line":66,"column":114}},"39":{"start":{"line":69,"column":24},"end":{"line":69,"column":56}},"40":{"start":{"line":72,"column":36},"end":{"line":72,"column":89}},"41":{"start":{"line":74,"column":14},"end":{"line":94,"column":85}},"42":{"start":{"line":76,"column":36},"end":{"line":76,"column":59}},"43":{"start":{"line":77,"column":16},"end":{"line":77,"column":63}},"44":{"start":{"line":77,"column":43},"end":{"line":77,"column":63}},"45":{"start":{"line":79,"column":16},"end":{"line":92,"column":90}},"46":{"start":{"line":80,"column":30},"end":{"line":80,"column":76}},"47":{"start":{"line":81,"column":37},"end":{"line":90,"column":22}},"48":{"start":{"line":82,"column":24},"end":{"line":88,"column":25}},"49":{"start":{"line":83,"column":28},"end":{"line":87,"column":30}},"50":{"start":{"line":85,"column":32},"end":{"line":85,"column":95}},"51":{"start":{"line":85,"column":44},"end":{"line":85,"column":95}},"52":{"start":{"line":86,"column":32},"end":{"line":86,"column":40}},"53":{"start":{"line":89,"column":24},"end":{"line":89,"column":35}},"54":{"start":{"line":91,"column":20},"end":{"line":91,"column":110}},"55":{"start":{"line":92,"column":36},"end":{"line":92,"column":89}},"56":{"start":{"line":94,"column":19},"end":{"line":94,"column":85}}},"fnMap":{"0":{"name":"(anonymous_0)","decl":{"start":{"line":3,"column":17},"end":{"line":3,"column":18}},"loc":{"start":{"line":3,"column":39},"end":{"line":98,"column":1}},"line":3},"1":{"name":"(anonymous_1)","decl":{"start":{"line":7,"column":8},"end":{"line":7,"column":9}},"loc":{"start":{"line":7,"column":27},"end":{"line":18,"column":9}},"line":7},"2":{"name":"(anonymous_2)","decl":{"start":{"line":24,"column":8},"end":{"line":24,"column":9}},"loc":{"start":{"line":24,"column":27},"end":{"line":41,"column":9}},"line":24},"3":{"name":"(anonymous_3)","decl":{"start":{"line":27,"column":69},"end":{"line":27,"column":70}},"loc":{"start":{"line":27,"column":74},"end":{"line":27,"column":95}},"line":27},"4":{"name":"(anonymous_4)","decl":{"start":{"line":33,"column":70},"end":{"line":33,"column":71}},"loc":{"start":{"line":33,"column":75},"end":{"line":40,"column":13}},"line":33},"5":{"name":"(anonymous_5)","decl":{"start":{"line":40,"column":21},"end":{"line":40,"column":22}},"loc":{"start":{"line":40,"column":30},"end":{"line":40,"column":83}},"line":40},"6":{"name":"(anonymous_6)","decl":{"start":{"line":49,"column":8},"end":{"line":49,"column":9}},"loc":{"start":{"line":49,"column":27},"end":{"line":95,"column":9}},"line":49},"7":{"name":"(anonymous_7)","decl":{"start":{"line":59,"column":24},"end":{"line":59,"column":25}},"loc":{"start":{"line":59,"column":36},"end":{"line":72,"column":17}},"line":59},"8":{"name":"(anonymous_8)","decl":{"start":{"line":61,"column":49},"end":{"line":61,"column":50}},"loc":{"start":{"line":61,"column":57},"end":{"line":64,"column":21}},"line":61},"9":{"name":"(anonymous_9)","decl":{"start":{"line":72,"column":27},"end":{"line":72,"column":28}},"loc":{"start":{"line":72,"column":36},"end":{"line":72,"column":89}},"line":72},"10":{"name":"(anonymous_10)","decl":{"start":{"line":79,"column":24},"end":{"line":79,"column":25}},"loc":{"start":{"line":79,"column":36},"end":{"line":92,"column":17}},"line":79},"11":{"name":"(anonymous_11)","decl":{"start":{"line":81,"column":49},"end":{"line":81,"column":50}},"loc":{"start":{"line":81,"column":57},"end":{"line":90,"column":21}},"line":81},"12":{"name":"(anonymous_12)","decl":{"start":{"line":83,"column":68},"end":{"line":83,"column":69}},"loc":{"start":{"line":83,"column":75},"end":{"line":87,"column":29}},"line":83},"13":{"name":"(anonymous_13)","decl":{"start":{"line":92,"column":27},"end":{"line":92,"column":28}},"loc":{"start":{"line":92,"column":36},"end":{"line":92,"column":89}},"line":92}},"branchMap":{"0":{"loc":{"start":{"line":9,"column":25},"end":{"line":9,"column":38}},"type":"binary-expr","locations":[{"start":{"line":9,"column":25},"end":{"line":9,"column":30}},{"start":{"line":9,"column":34},"end":{"line":9,"column":38}}],"line":9},"1":{"loc":{"start":{"line":25,"column":12},"end":{"line":25,"column":106}},"type":"if","locations":[{"start":{"line":25,"column":12},"end":{"line":25,"column":106}},{"start":{"line":25,"column":12},"end":{"line":25,"column":106}}],"line":25},"2":{"loc":{"start":{"line":28,"column":12},"end":{"line":28,"column":95}},"type":"if","locations":[{"start":{"line":28,"column":12},"end":{"line":28,"column":95}},{"start":{"line":28,"column":12},"end":{"line":28,"column":95}}],"line":28},"3":{"loc":{"start":{"line":31,"column":12},"end":{"line":31,"column":137}},"type":"if","locations":[{"start":{"line":31,"column":12},"end":{"line":31,"column":137}},{"start":{"line":31,"column":12},"end":{"line":31,"column":137}}],"line":31},"4":{"loc":{"start":{"line":31,"column":16},"end":{"line":31,"column":47}},"type":"binary-expr","locations":[{"start":{"line":31,"column":16},"end":{"line":31,"column":33}},{"start":{"line":31,"column":37},"end":{"line":31,"column":47}}],"line":31},"5":{"loc":{"start":{"line":51,"column":12},"end":{"line":51,"column":106}},"type":"if","locations":[{"start":{"line":51,"column":12},"end":{"line":51,"column":106}},{"start":{"line":51,"column":12},"end":{"line":51,"column":106}}],"line":51},"6":{"loc":{"start":{"line":53,"column":30},"end":{"line":53,"column":55}},"type":"binary-expr","locations":[{"start":{"line":53,"column":30},"end":{"line":53,"column":49}},{"start":{"line":53,"column":53},"end":{"line":53,"column":55}}],"line":53},"7":{"loc":{"start":{"line":54,"column":26},"end":{"line":54,"column":66}},"type":"cond-expr","locations":[{"start":{"line":54,"column":50},"end":{"line":54,"column":59}},{"start":{"line":54,"column":62},"end":{"line":54,"column":66}}],"line":54},"8":{"loc":{"start":{"line":56,"column":12},"end":{"line":74,"column":13}},"type":"if","locations":[{"start":{"line":56,"column":12},"end":{"line":74,"column":13}},{"start":{"line":56,"column":12},"end":{"line":74,"column":13}}],"line":56},"9":{"loc":{"start":{"line":62,"column":24},"end":{"line":62,"column":127}},"type":"if","locations":[{"start":{"line":62,"column":24},"end":{"line":62,"column":127}},{"start":{"line":62,"column":24},"end":{"line":62,"column":127}}],"line":62},"10":{"loc":{"start":{"line":62,"column":28},"end":{"line":62,"column":58}},"type":"binary-expr","locations":[{"start":{"line":62,"column":28},"end":{"line":62,"column":40}},{"start":{"line":62,"column":44},"end":{"line":62,"column":58}}],"line":62},"11":{"loc":{"start":{"line":74,"column":14},"end":{"line":94,"column":85}},"type":"if","locations":[{"start":{"line":74,"column":14},"end":{"line":94,"column":85}},{"start":{"line":74,"column":14},"end":{"line":94,"column":85}}],"line":74},"12":{"loc":{"start":{"line":76,"column":39},"end":{"line":76,"column":50}},"type":"binary-expr","locations":[{"start":{"line":76,"column":39},"end":{"line":76,"column":44}},{"start":{"line":76,"column":48},"end":{"line":76,"column":50}}],"line":76},"13":{"loc":{"start":{"line":77,"column":16},"end":{"line":77,"column":63}},"type":"if","locations":[{"start":{"line":77,"column":16},"end":{"line":77,"column":63}},{"start":{"line":77,"column":16},"end":{"line":77,"column":63}}],"line":77},"14":{"loc":{"start":{"line":77,"column":21},"end":{"line":77,"column":32}},"type":"binary-expr","locations":[{"start":{"line":77,"column":21},"end":{"line":77,"column":26}},{"start":{"line":77,"column":30},"end":{"line":77,"column":32}}],"line":77},"15":{"loc":{"start":{"line":82,"column":24},"end":{"line":88,"column":25}},"type":"if","locations":[{"start":{"line":82,"column":24},"end":{"line":88,"column":25}},{"start":{"line":82,"column":24},"end":{"line":88,"column":25}}],"line":82},"16":{"loc":{"start":{"line":85,"column":32},"end":{"line":85,"column":95}},"type":"if","locations":[{"start":{"line":85,"column":32},"end":{"line":85,"column":95}},{"start":{"line":85,"column":32},"end":{"line":85,"column":95}}],"line":85}},"s":{"0":1,"1":1,"2":1,"3":1,"4":1,"5":1,"6":1,"7":1,"8":1,"9":1,"10":0,"11":0,"12":4,"13":0,"14":4,"15":8,"16":4,"17":0,"18":4,"19":4,"20":4,"21":0,"22":4,"23":4,"24":0,"25":12,"26":0,"27":12,"28":12,"29":12,"30":6,"31":6,"32":6,"33":6,"34":148,"35":148,"36":148,"37":6,"38":6,"39":0,"40":0,"41":6,"42":6,"43":6,"44":3,"45":6,"46":6,"47":6,"48":22,"49":11,"50":51,"51":51,"52":51,"53":22,"54":6,"55":0,"56":0},"f":{"0":1,"1":1,"2":4,"3":8,"4":4,"5":0,"6":12,"7":6,"8":148,"9":0,"10":6,"11":22,"12":51,"13":0},"b":{"0":[1,1],"1":[0,4],"2":[0,4],"3":[0,4],"4":[4,4],"5":[0,12],"6":[12,0],"7":[9,3],"8":[6,6],"9":[148,0],"10":[148,148],"11":[6,0],"12":[6,1],"13":[3,3],"14":[6,1],"15":[11,11],"16":[51,0]},"_coverageSchema":"1a1c01bbd47fc00a2c39e90264f33305004495a9","hash":"7dbb310fc4031a49101feaf6b746980f8707030f","contentHash":"abe2e9f69eaa180c10d58bc30fd8c5580209957e4f07080301312f53caa2bd30"},"X:\\workflow\\open-projects\\ics-calendar\\libs\\status-handler\\message.codes.js":{"path":"X:\\workflow\\open-projects\\ics-calendar\\libs\\status-handler\\message.codes.js","statementMap":{"0":{"start":{"line":5,"column":24},"end":{"line":5,"column":45}},"1":{"start":{"line":10,"column":0},"end":{"line":36,"column":2}}},"fnMap":{},"branchMap":{},"s":{"0":1,"1":1},"f":{},"b":{},"_coverageSchema":"1a1c01bbd47fc00a2c39e90264f33305004495a9","hash":"190430a621671115772028f9c1ff82d232fd7e61","contentHash":"1d4a1733d67784617fdb3fdcd03d19bff993cecd198792bd8de8cd292b00e406"},"X:\\workflow\\open-projects\\ics-calendar\\libs\\ics\\ics.module.js":{"path":"X:\\workflow\\open-projects\\ics-calendar\\libs\\ics\\ics.module.js","statementMap":{"0":{"start":{"line":2,"column":0},"end":{"line":2,"column":12}},"1":{"start":{"line":11,"column":0},"end":{"line":197,"column":1}},"2":{"start":{"line":12,"column":16},"end":{"line":12,"column":50}},"3":{"start":{"line":13,"column":48},"end":{"line":13,"column":66}},"4":{"start":{"line":14,"column":26},"end":{"line":14,"column":71}},"5":{"start":{"line":17,"column":12},"end":{"line":17,"column":38}},"6":{"start":{"line":18,"column":12},"end":{"line":18,"column":25}},"7":{"start":{"line":19,"column":12},"end":{"line":19,"column":66}},"8":{"start":{"line":20,"column":12},"end":{"line":20,"column":32}},"9":{"start":{"line":32,"column":12},"end":{"line":35,"column":13}},"10":{"start":{"line":33,"column":16},"end":{"line":33,"column":77}},"11":{"start":{"line":33,"column":32},"end":{"line":33,"column":77}},"12":{"start":{"line":34,"column":16},"end":{"line":34,"column":25}},"13":{"start":{"line":37,"column":12},"end":{"line":40,"column":13}},"14":{"start":{"line":38,"column":16},"end":{"line":38,"column":71}},"15":{"start":{"line":38,"column":32},"end":{"line":38,"column":71}},"16":{"start":{"line":39,"column":16},"end":{"line":39,"column":25}},"17":{"start":{"line":42,"column":12},"end":{"line":45,"column":13}},"18":{"start":{"line":43,"column":16},"end":{"line":43,"column":78}},"19":{"start":{"line":43,"column":32},"end":{"line":43,"column":78}},"20":{"start":{"line":44,"column":16},"end":{"line":44,"column":25}},"21":{"start":{"line":47,"column":29},"end":{"line":47,"column":31}},"22":{"start":{"line":48,"column":12},"end":{"line":88,"column":13}},"23":{"start":{"line":51,"column":20},"end":{"line":81,"column":21}},"24":{"start":{"line":52,"column":43},"end":{"line":52,"column":78}},"25":{"start":{"line":53,"column":24},"end":{"line":53,"column":92}},"26":{"start":{"line":53,"column":48},"end":{"line":53,"column":92}},"27":{"start":{"line":54,"column":24},"end":{"line":56,"column":25}},"28":{"start":{"line":55,"column":28},"end":{"line":55,"column":141}},"29":{"start":{"line":55,"column":44},"end":{"line":55,"column":141}},"30":{"start":{"line":58,"column":37},"end":{"line":58,"column":53}},"31":{"start":{"line":59,"column":24},"end":{"line":61,"column":25}},"32":{"start":{"line":60,"column":28},"end":{"line":60,"column":33}},"33":{"start":{"line":63,"column":43},"end":{"line":63,"column":47}},"34":{"start":{"line":64,"column":49},"end":{"line":64,"column":110}},"35":{"start":{"line":67,"column":42},"end":{"line":67,"column":81}},"36":{"start":{"line":69,"column":24},"end":{"line":76,"column":26}},"37":{"start":{"line":70,"column":28},"end":{"line":70,"column":84}},"38":{"start":{"line":70,"column":51},"end":{"line":70,"column":84}},"39":{"start":{"line":71,"column":28},"end":{"line":75,"column":30}},"40":{"start":{"line":72,"column":50},"end":{"line":72,"column":94}},"41":{"start":{"line":73,"column":32},"end":{"line":73,"column":77}},"42":{"start":{"line":73,"column":48},"end":{"line":73,"column":77}},"43":{"start":{"line":74,"column":32},"end":{"line":74,"column":73}},"44":{"start":{"line":74,"column":46},"end":{"line":74,"column":73}},"45":{"start":{"line":79,"column":24},"end":{"line":79,"column":44}},"46":{"start":{"line":80,"column":24},"end":{"line":80,"column":62}},"47":{"start":{"line":83,"column":20},"end":{"line":83,"column":25}},"48":{"start":{"line":87,"column":20},"end":{"line":87,"column":96}},"49":{"start":{"line":90,"column":12},"end":{"line":102,"column":13}},"50":{"start":{"line":91,"column":16},"end":{"line":91,"column":54}},"51":{"start":{"line":92,"column":16},"end":{"line":92,"column":33}},"52":{"start":{"line":95,"column":30},"end":{"line":95,"column":31}},"53":{"start":{"line":96,"column":26},"end":{"line":99,"column":18}},"54":{"start":{"line":97,"column":20},"end":{"line":97,"column":44}},"55":{"start":{"line":97,"column":35},"end":{"line":97,"column":44}},"56":{"start":{"line":98,"column":20},"end":{"line":98,"column":28}},"57":{"start":{"line":100,"column":16},"end":{"line":100,"column":86}},"58":{"start":{"line":101,"column":16},"end":{"line":101,"column":24}},"59":{"start":{"line":114,"column":12},"end":{"line":114,"column":25}},"60":{"start":{"line":115,"column":23},"end":{"line":115,"column":25}},"61":{"start":{"line":116,"column":12},"end":{"line":121,"column":13}},"62":{"start":{"line":117,"column":16},"end":{"line":117,"column":50}},"63":{"start":{"line":119,"column":16},"end":{"line":119,"column":70}},"64":{"start":{"line":119,"column":32},"end":{"line":119,"column":70}},"65":{"start":{"line":120,"column":16},"end":{"line":120,"column":54}},"66":{"start":{"line":125,"column":12},"end":{"line":150,"column":13}},"67":{"start":{"line":126,"column":16},"end":{"line":142,"column":17}},"68":{"start":{"line":127,"column":33},"end":{"line":127,"column":67}},"69":{"start":{"line":128,"column":20},"end":{"line":128,"column":76}},"70":{"start":{"line":128,"column":54},"end":{"line":128,"column":76}},"71":{"start":{"line":130,"column":37},"end":{"line":131,"column":54}},"72":{"start":{"line":133,"column":20},"end":{"line":136,"column":22}},"73":{"start":{"line":134,"column":24},"end":{"line":134,"column":91}},"74":{"start":{"line":135,"column":24},"end":{"line":135,"column":32}},"75":{"start":{"line":138,"column":20},"end":{"line":138,"column":56}},"76":{"start":{"line":138,"column":36},"end":{"line":138,"column":56}},"77":{"start":{"line":139,"column":20},"end":{"line":139,"column":53}},"78":{"start":{"line":140,"column":20},"end":{"line":140,"column":58}},"79":{"start":{"line":141,"column":20},"end":{"line":141,"column":29}},"80":{"start":{"line":144,"column":16},"end":{"line":144,"column":29}},"81":{"start":{"line":146,"column":16},"end":{"line":149,"column":18}},"82":{"start":{"line":147,"column":20},"end":{"line":147,"column":87}},"83":{"start":{"line":148,"column":20},"end":{"line":148,"column":28}},"84":{"start":{"line":160,"column":12},"end":{"line":160,"column":25}},"85":{"start":{"line":161,"column":23},"end":{"line":161,"column":25}},"86":{"start":{"line":162,"column":12},"end":{"line":167,"column":13}},"87":{"start":{"line":163,"column":16},"end":{"line":163,"column":49}},"88":{"start":{"line":165,"column":16},"end":{"line":165,"column":69}},"89":{"start":{"line":165,"column":32},"end":{"line":165,"column":69}},"90":{"start":{"line":166,"column":16},"end":{"line":166,"column":55}},"91":{"start":{"line":168,"column":12},"end":{"line":191,"column":13}},"92":{"start":{"line":169,"column":16},"end":{"line":184,"column":17}},"93":{"start":{"line":170,"column":33},"end":{"line":170,"column":43}},"94":{"start":{"line":171,"column":20},"end":{"line":171,"column":76}},"95":{"start":{"line":171,"column":54},"end":{"line":171,"column":76}},"96":{"start":{"line":173,"column":37},"end":{"line":174,"column":54}},"97":{"start":{"line":176,"column":20},"end":{"line":179,"column":22}},"98":{"start":{"line":177,"column":24},"end":{"line":177,"column":91}},"99":{"start":{"line":178,"column":24},"end":{"line":178,"column":32}},"100":{"start":{"line":181,"column":20},"end":{"line":181,"column":40}},"101":{"start":{"line":182,"column":20},"end":{"line":182,"column":58}},"102":{"start":{"line":183,"column":20},"end":{"line":183,"column":29}},"103":{"start":{"line":186,"column":16},"end":{"line":186,"column":29}},"104":{"start":{"line":187,"column":16},"end":{"line":190,"column":18}},"105":{"start":{"line":188,"column":20},"end":{"line":188,"column":87}},"106":{"start":{"line":189,"column":20},"end":{"line":189,"column":28}},"107":{"start":{"line":195,"column":19},"end":{"line":195,"column":51}},"108":{"start":{"line":196,"column":4},"end":{"line":196,"column":17}}},"fnMap":{"0":{"name":"(anonymous_0)","decl":{"start":{"line":11,"column":17},"end":{"line":11,"column":18}},"loc":{"start":{"line":11,"column":23},"end":{"line":197,"column":1}},"line":11},"1":{"name":"(anonymous_1)","decl":{"start":{"line":16,"column":8},"end":{"line":16,"column":9}},"loc":{"start":{"line":16,"column":38},"end":{"line":21,"column":9}},"line":16},"2":{"name":"(anonymous_2)","decl":{"start":{"line":30,"column":8},"end":{"line":30,"column":9}},"loc":{"start":{"line":30,"column":77},"end":{"line":104,"column":9}},"line":30},"3":{"name":"(anonymous_3)","decl":{"start":{"line":69,"column":83},"end":{"line":69,"column":84}},"loc":{"start":{"line":69,"column":88},"end":{"line":76,"column":25}},"line":69},"4":{"name":"(anonymous_4)","decl":{"start":{"line":71,"column":41},"end":{"line":71,"column":42}},"loc":{"start":{"line":71,"column":47},"end":{"line":75,"column":29}},"line":71},"5":{"name":"(anonymous_5)","decl":{"start":{"line":96,"column":41},"end":{"line":96,"column":42}},"loc":{"start":{"line":96,"column":46},"end":{"line":99,"column":17}},"line":96},"6":{"name":"(anonymous_6)","decl":{"start":{"line":113,"column":8},"end":{"line":113,"column":9}},"loc":{"start":{"line":113,"column":79},"end":{"line":151,"column":9}},"line":113},"7":{"name":"(anonymous_7)","decl":{"start":{"line":133,"column":54},"end":{"line":133,"column":55}},"loc":{"start":{"line":133,"column":59},"end":{"line":136,"column":21}},"line":133},"8":{"name":"(anonymous_8)","decl":{"start":{"line":146,"column":76},"end":{"line":146,"column":77}},"loc":{"start":{"line":146,"column":81},"end":{"line":149,"column":17}},"line":146},"9":{"name":"(anonymous_9)","decl":{"start":{"line":159,"column":8},"end":{"line":159,"column":9}},"loc":{"start":{"line":159,"column":76},"end":{"line":192,"column":9}},"line":159},"10":{"name":"(anonymous_10)","decl":{"start":{"line":176,"column":54},"end":{"line":176,"column":55}},"loc":{"start":{"line":176,"column":59},"end":{"line":179,"column":21}},"line":176},"11":{"name":"(anonymous_11)","decl":{"start":{"line":187,"column":76},"end":{"line":187,"column":77}},"loc":{"start":{"line":187,"column":81},"end":{"line":190,"column":17}},"line":187}},"branchMap":{"0":{"loc":{"start":{"line":16,"column":20},"end":{"line":16,"column":29}},"type":"default-arg","locations":[{"start":{"line":16,"column":27},"end":{"line":16,"column":29}}],"line":16},"1":{"loc":{"start":{"line":17,"column":25},"end":{"line":17,"column":38}},"type":"binary-expr","locations":[{"start":{"line":17,"column":25},"end":{"line":17,"column":30}},{"start":{"line":17,"column":34},"end":{"line":17,"column":38}}],"line":17},"2":{"loc":{"start":{"line":30,"column":26},"end":{"line":30,"column":43}},"type":"default-arg","locations":[{"start":{"line":30,"column":33},"end":{"line":30,"column":43}}],"line":30},"3":{"loc":{"start":{"line":30,"column":45},"end":{"line":30,"column":55}},"type":"default-arg","locations":[{"start":{"line":30,"column":51},"end":{"line":30,"column":55}}],"line":30},"4":{"loc":{"start":{"line":30,"column":57},"end":{"line":30,"column":75}},"type":"default-arg","locations":[{"start":{"line":30,"column":66},"end":{"line":30,"column":75}}],"line":30},"5":{"loc":{"start":{"line":32,"column":12},"end":{"line":35,"column":13}},"type":"if","locations":[{"start":{"line":32,"column":12},"end":{"line":35,"column":13}},{"start":{"line":32,"column":12},"end":{"line":35,"column":13}}],"line":32},"6":{"loc":{"start":{"line":33,"column":16},"end":{"line":33,"column":77}},"type":"if","locations":[{"start":{"line":33,"column":16},"end":{"line":33,"column":77}},{"start":{"line":33,"column":16},"end":{"line":33,"column":77}}],"line":33},"7":{"loc":{"start":{"line":37,"column":12},"end":{"line":40,"column":13}},"type":"if","locations":[{"start":{"line":37,"column":12},"end":{"line":40,"column":13}},{"start":{"line":37,"column":12},"end":{"line":40,"column":13}}],"line":37},"8":{"loc":{"start":{"line":38,"column":16},"end":{"line":38,"column":71}},"type":"if","locations":[{"start":{"line":38,"column":16},"end":{"line":38,"column":71}},{"start":{"line":38,"column":16},"end":{"line":38,"column":71}}],"line":38},"9":{"loc":{"start":{"line":42,"column":12},"end":{"line":45,"column":13}},"type":"if","locations":[{"start":{"line":42,"column":12},"end":{"line":45,"column":13}},{"start":{"line":42,"column":12},"end":{"line":45,"column":13}}],"line":42},"10":{"loc":{"start":{"line":42,"column":51},"end":{"line":42,"column":61}},"type":"binary-expr","locations":[{"start":{"line":42,"column":51},"end":{"line":42,"column":55}},{"start":{"line":42,"column":59},"end":{"line":42,"column":61}}],"line":42},"11":{"loc":{"start":{"line":43,"column":16},"end":{"line":43,"column":78}},"type":"if","locations":[{"start":{"line":43,"column":16},"end":{"line":43,"column":78}},{"start":{"line":43,"column":16},"end":{"line":43,"column":78}}],"line":43},"12":{"loc":{"start":{"line":48,"column":12},"end":{"line":88,"column":13}},"type":"switch","locations":[{"start":{"line":49,"column":16},"end":{"line":84,"column":17}},{"start":{"line":86,"column":16},"end":{"line":87,"column":96}}],"line":48},"13":{"loc":{"start":{"line":53,"column":24},"end":{"line":53,"column":92}},"type":"if","locations":[{"start":{"line":53,"column":24},"end":{"line":53,"column":92}},{"start":{"line":53,"column":24},"end":{"line":53,"column":92}}],"line":53},"14":{"loc":{"start":{"line":54,"column":24},"end":{"line":56,"column":25}},"type":"if","locations":[{"start":{"line":54,"column":24},"end":{"line":56,"column":25}},{"start":{"line":54,"column":24},"end":{"line":56,"column":25}}],"line":54},"15":{"loc":{"start":{"line":55,"column":28},"end":{"line":55,"column":141}},"type":"if","locations":[{"start":{"line":55,"column":28},"end":{"line":55,"column":141}},{"start":{"line":55,"column":28},"end":{"line":55,"column":141}}],"line":55},"16":{"loc":{"start":{"line":59,"column":24},"end":{"line":61,"column":25}},"type":"if","locations":[{"start":{"line":59,"column":24},"end":{"line":61,"column":25}},{"start":{"line":59,"column":24},"end":{"line":61,"column":25}}],"line":59},"17":{"loc":{"start":{"line":70,"column":28},"end":{"line":70,"column":84}},"type":"if","locations":[{"start":{"line":70,"column":28},"end":{"line":70,"column":84}},{"start":{"line":70,"column":28},"end":{"line":70,"column":84}}],"line":70},"18":{"loc":{"start":{"line":70,"column":34},"end":{"line":70,"column":41}},"type":"binary-expr","locations":[{"start":{"line":70,"column":34},"end":{"line":70,"column":35}},{"start":{"line":70,"column":39},"end":{"line":70,"column":41}}],"line":70},"19":{"loc":{"start":{"line":72,"column":62},"end":{"line":72,"column":90}},"type":"binary-expr","locations":[{"start":{"line":72,"column":62},"end":{"line":72,"column":73}},{"start":{"line":72,"column":77},"end":{"line":72,"column":90}}],"line":72},"20":{"loc":{"start":{"line":73,"column":32},"end":{"line":73,"column":77}},"type":"if","locations":[{"start":{"line":73,"column":32},"end":{"line":73,"column":77}},{"start":{"line":73,"column":32},"end":{"line":73,"column":77}}],"line":73},"21":{"loc":{"start":{"line":74,"column":32},"end":{"line":74,"column":73}},"type":"if","locations":[{"start":{"line":74,"column":32},"end":{"line":74,"column":73}},{"start":{"line":74,"column":32},"end":{"line":74,"column":73}}],"line":74},"22":{"loc":{"start":{"line":90,"column":12},"end":{"line":102,"column":13}},"type":"if","locations":[{"start":{"line":90,"column":12},"end":{"line":102,"column":13}},{"start":{"line":90,"column":12},"end":{"line":102,"column":13}}],"line":90},"23":{"loc":{"start":{"line":90,"column":18},"end":{"line":90,"column":34}},"type":"binary-expr","locations":[{"start":{"line":90,"column":18},"end":{"line":90,"column":28}},{"start":{"line":90,"column":32},"end":{"line":90,"column":34}}],"line":90},"24":{"loc":{"start":{"line":97,"column":20},"end":{"line":97,"column":44}},"type":"if","locations":[{"start":{"line":97,"column":20},"end":{"line":97,"column":44}},{"start":{"line":97,"column":20},"end":{"line":97,"column":44}}],"line":97},"25":{"loc":{"start":{"line":113,"column":23},"end":{"line":113,"column":35}},"type":"default-arg","locations":[{"start":{"line":113,"column":31},"end":{"line":113,"column":35}}],"line":113},"26":{"loc":{"start":{"line":113,"column":37},"end":{"line":113,"column":57}},"type":"default-arg","locations":[{"start":{"line":113,"column":53},"end":{"line":113,"column":57}}],"line":113},"27":{"loc":{"start":{"line":113,"column":59},"end":{"line":113,"column":77}},"type":"default-arg","locations":[{"start":{"line":113,"column":75},"end":{"line":113,"column":77}}],"line":113},"28":{"loc":{"start":{"line":119,"column":16},"end":{"line":119,"column":70}},"type":"if","locations":[{"start":{"line":119,"column":16},"end":{"line":119,"column":70}},{"start":{"line":119,"column":16},"end":{"line":119,"column":70}}],"line":119},"29":{"loc":{"start":{"line":125,"column":12},"end":{"line":150,"column":13}},"type":"if","locations":[{"start":{"line":125,"column":12},"end":{"line":150,"column":13}},{"start":{"line":125,"column":12},"end":{"line":150,"column":13}}],"line":125},"30":{"loc":{"start":{"line":125,"column":16},"end":{"line":125,"column":50}},"type":"binary-expr","locations":[{"start":{"line":125,"column":16},"end":{"line":125,"column":31}},{"start":{"line":125,"column":35},"end":{"line":125,"column":50}}],"line":125},"31":{"loc":{"start":{"line":128,"column":20},"end":{"line":128,"column":76}},"type":"if","locations":[{"start":{"line":128,"column":20},"end":{"line":128,"column":76}},{"start":{"line":128,"column":20},"end":{"line":128,"column":76}}],"line":128},"32":{"loc":{"start":{"line":128,"column":25},"end":{"line":128,"column":44}},"type":"binary-expr","locations":[{"start":{"line":128,"column":25},"end":{"line":128,"column":38}},{"start":{"line":128,"column":42},"end":{"line":128,"column":44}}],"line":128},"33":{"loc":{"start":{"line":138,"column":20},"end":{"line":138,"column":56}},"type":"if","locations":[{"start":{"line":138,"column":20},"end":{"line":138,"column":56}},{"start":{"line":138,"column":20},"end":{"line":138,"column":56}}],"line":138},"34":{"loc":{"start":{"line":159,"column":22},"end":{"line":159,"column":34}},"type":"default-arg","locations":[{"start":{"line":159,"column":30},"end":{"line":159,"column":34}}],"line":159},"35":{"loc":{"start":{"line":159,"column":36},"end":{"line":159,"column":54}},"type":"default-arg","locations":[{"start":{"line":159,"column":52},"end":{"line":159,"column":54}}],"line":159},"36":{"loc":{"start":{"line":159,"column":56},"end":{"line":159,"column":74}},"type":"default-arg","locations":[{"start":{"line":159,"column":70},"end":{"line":159,"column":74}}],"line":159},"37":{"loc":{"start":{"line":165,"column":16},"end":{"line":165,"column":69}},"type":"if","locations":[{"start":{"line":165,"column":16},"end":{"line":165,"column":69}},{"start":{"line":165,"column":16},"end":{"line":165,"column":69}}],"line":165},"38":{"loc":{"start":{"line":168,"column":12},"end":{"line":191,"column":13}},"type":"if","locations":[{"start":{"line":168,"column":12},"end":{"line":191,"column":13}},{"start":{"line":168,"column":12},"end":{"line":191,"column":13}}],"line":168},"39":{"loc":{"start":{"line":168,"column":16},"end":{"line":168,"column":50}},"type":"binary-expr","locations":[{"start":{"line":168,"column":16},"end":{"line":168,"column":31}},{"start":{"line":168,"column":35},"end":{"line":168,"column":50}}],"line":168},"40":{"loc":{"start":{"line":171,"column":20},"end":{"line":171,"column":76}},"type":"if","locations":[{"start":{"line":171,"column":20},"end":{"line":171,"column":76}},{"start":{"line":171,"column":20},"end":{"line":171,"column":76}}],"line":171},"41":{"loc":{"start":{"line":171,"column":25},"end":{"line":171,"column":44}},"type":"binary-expr","locations":[{"start":{"line":171,"column":25},"end":{"line":171,"column":38}},{"start":{"line":171,"column":42},"end":{"line":171,"column":44}}],"line":171}},"s":{"0":1,"1":1,"2":1,"3":1,"4":1,"5":1,"6":1,"7":1,"8":1,"9":4,"10":0,"11":0,"12":0,"13":4,"14":0,"15":0,"16":0,"17":4,"18":0,"19":0,"20":0,"21":4,"22":4,"23":4,"24":4,"25":4,"26":2,"27":2,"28":0,"29":0,"30":2,"31":2,"32":0,"33":2,"34":2,"35":2,"36":2,"37":2,"38":0,"39":2,"40":9,"41":9,"42":9,"43":0,"44":0,"45":2,"46":2,"47":4,"48":0,"49":4,"50":2,"51":2,"52":2,"53":2,"54":9,"55":9,"56":9,"57":2,"58":2,"59":19,"60":19,"61":19,"62":19,"63":0,"64":0,"65":0,"66":19,"67":17,"68":17,"69":17,"70":2,"71":17,"72":17,"73":17,"74":17,"75":0,"76":0,"77":0,"78":0,"79":0,"80":2,"81":2,"82":2,"83":2,"84":167,"85":167,"86":167,"87":167,"88":0,"89":0,"90":0,"91":167,"92":165,"93":165,"94":165,"95":0,"96":165,"97":165,"98":165,"99":165,"100":0,"101":0,"102":0,"103":2,"104":2,"105":2,"106":2,"107":1,"108":1},"f":{"0":1,"1":1,"2":4,"3":2,"4":9,"5":9,"6":19,"7":17,"8":2,"9":167,"10":165,"11":2},"b":{"0":[0],"1":[1,1],"2":[0],"3":[0],"4":[0],"5":[0,4],"6":[0,0],"7":[0,4],"8":[0,0],"9":[0,4],"10":[4,0],"11":[0,0],"12":[4,0],"13":[2,2],"14":[0,2],"15":[0,0],"16":[0,2],"17":[0,2],"18":[2,0],"19":[9,9],"20":[9,0],"21":[0,0],"22":[2,2],"23":[4,0],"24":[9,0],"25":[0],"26":[0],"27":[17],"28":[0,0],"29":[17,2],"30":[19,17],"31":[2,15],"32":[17,0],"33":[0,0],"34":[0],"35":[161],"36":[161],"37":[0,0],"38":[165,2],"39":[167,166],"40":[0,165],"41":[165,0]},"_coverageSchema":"1a1c01bbd47fc00a2c39e90264f33305004495a9","hash":"1a685434ffc1dc686f76b58f7c862b9404762a25","contentHash":"ce83cc1e6d65ff3cd846d1ff34ca54ef36f63cc700299d1c5b5074efb391a6f2"},"X:\\workflow\\open-projects\\ics-calendar\\libs\\xdb\\xdb.api.module.js":{"path":"X:\\workflow\\open-projects\\ics-calendar\\libs\\xdb\\xdb.api.module.js","statementMap":{"0":{"start":{"line":1,"column":0},"end":{"line":1,"column":12}},"1":{"start":{"line":6,"column":0},"end":{"line":28,"column":1}},"2":{"start":{"line":7,"column":26},"end":{"line":7,"column":47}},"3":{"start":{"line":10,"column":4},"end":{"line":27,"column":5}},"4":{"start":{"line":18,"column":12},"end":{"line":19,"column":45}},"5":{"start":{"line":19,"column":32},"end":{"line":19,"column":44}},"6":{"start":{"line":24,"column":12},"end":{"line":25,"column":45}},"7":{"start":{"line":25,"column":32},"end":{"line":25,"column":44}}},"fnMap":{"0":{"name":"(anonymous_0)","decl":{"start":{"line":6,"column":17},"end":{"line":6,"column":18}},"loc":{"start":{"line":6,"column":23},"end":{"line":28,"column":1}},"line":6},"1":{"name":"(anonymous_1)","decl":{"start":{"line":12,"column":8},"end":{"line":12,"column":9}},"loc":{"start":{"line":12,"column":31},"end":{"line":14,"column":9}},"line":12},"2":{"name":"(anonymous_2)","decl":{"start":{"line":16,"column":8},"end":{"line":16,"column":9}},"loc":{"start":{"line":16,"column":20},"end":{"line":20,"column":9}},"line":16},"3":{"name":"(anonymous_3)","decl":{"start":{"line":19,"column":22},"end":{"line":19,"column":23}},"loc":{"start":{"line":19,"column":32},"end":{"line":19,"column":44}},"line":19},"4":{"name":"(anonymous_4)","decl":{"start":{"line":22,"column":8},"end":{"line":22,"column":9}},"loc":{"start":{"line":22,"column":21},"end":{"line":26,"column":9}},"line":22},"5":{"name":"(anonymous_5)","decl":{"start":{"line":25,"column":22},"end":{"line":25,"column":23}},"loc":{"start":{"line":25,"column":32},"end":{"line":25,"column":44}},"line":25}},"branchMap":{"0":{"loc":{"start":{"line":12,"column":20},"end":{"line":12,"column":29}},"type":"default-arg","locations":[{"start":{"line":12,"column":27},"end":{"line":12,"column":29}}],"line":12}},"s":{"0":1,"1":1,"2":1,"3":1,"4":167,"5":167,"6":19,"7":19},"f":{"0":1,"1":1,"2":167,"3":167,"4":19,"5":19},"b":{"0":[1]},"_coverageSchema":"1a1c01bbd47fc00a2c39e90264f33305004495a9","hash":"28b0887f4717cfd64bfa2cde306a375b0ecfb9d4","contentHash":"b47a461d6e89b7e61e6d86bec8d36630e848ab0a58be4d09002b6ecbb01c4e6f"},"X:\\workflow\\open-projects\\ics-calendar\\libs\\status-handler\\status.handler.js":{"path":"X:\\workflow\\open-projects\\ics-calendar\\libs\\status-handler\\status.handler.js","statementMap":{"0":{"start":{"line":13,"column":0},"end":{"line":87,"column":1}},"1":{"start":{"line":14,"column":25},"end":{"line":14,"column":51}},"2":{"start":{"line":15,"column":38},"end":{"line":15,"column":56}},"3":{"start":{"line":16,"column":33},"end":{"line":16,"column":50}},"4":{"start":{"line":17,"column":4},"end":{"line":86,"column":5}},"5":{"start":{"line":19,"column":12},"end":{"line":19,"column":35}},"6":{"start":{"line":20,"column":12},"end":{"line":20,"column":30}},"7":{"start":{"line":32,"column":28},"end":{"line":32,"column":72}},"8":{"start":{"line":33,"column":12},"end":{"line":36,"column":13}},"9":{"start":{"line":34,"column":16},"end":{"line":34,"column":126}},"10":{"start":{"line":34,"column":31},"end":{"line":34,"column":126}},"11":{"start":{"line":35,"column":16},"end":{"line":35,"column":27}},"12":{"start":{"line":38,"column":12},"end":{"line":38,"column":81}},"13":{"start":{"line":38,"column":53},"end":{"line":38,"column":81}},"14":{"start":{"line":39,"column":12},"end":{"line":40,"column":28}},"15":{"start":{"line":39,"column":55},"end":{"line":39,"column":83}},"16":{"start":{"line":40,"column":17},"end":{"line":40,"column":28}},"17":{"start":{"line":49,"column":25},"end":{"line":49,"column":67}},"18":{"start":{"line":51,"column":12},"end":{"line":54,"column":13}},"19":{"start":{"line":52,"column":16},"end":{"line":52,"column":76}},"20":{"start":{"line":53,"column":16},"end":{"line":53,"column":28}},"21":{"start":{"line":55,"column":12},"end":{"line":58,"column":13}},"22":{"start":{"line":56,"column":16},"end":{"line":56,"column":72}},"23":{"start":{"line":57,"column":16},"end":{"line":57,"column":28}},"24":{"start":{"line":59,"column":12},"end":{"line":59,"column":45}},"25":{"start":{"line":60,"column":12},"end":{"line":60,"column":37}},"26":{"start":{"line":62,"column":12},"end":{"line":62,"column":23}},"27":{"start":{"line":70,"column":12},"end":{"line":83,"column":13}},"28":{"start":{"line":71,"column":29},"end":{"line":71,"column":51}},"29":{"start":{"line":72,"column":34},"end":{"line":72,"column":60}},"30":{"start":{"line":73,"column":16},"end":{"line":76,"column":17}},"31":{"start":{"line":74,"column":20},"end":{"line":74,"column":133}},"32":{"start":{"line":74,"column":35},"end":{"line":74,"column":133}},"33":{"start":{"line":75,"column":20},"end":{"line":75,"column":31}},"34":{"start":{"line":79,"column":16},"end":{"line":79,"column":32}},"35":{"start":{"line":81,"column":16},"end":{"line":81,"column":71}},"36":{"start":{"line":82,"column":16},"end":{"line":82,"column":40}}},"fnMap":{"0":{"name":"(anonymous_0)","decl":{"start":{"line":13,"column":17},"end":{"line":13,"column":18}},"loc":{"start":{"line":13,"column":23},"end":{"line":87,"column":1}},"line":13},"1":{"name":"(anonymous_1)","decl":{"start":{"line":18,"column":8},"end":{"line":18,"column":9}},"loc":{"start":{"line":18,"column":38},"end":{"line":21,"column":9}},"line":18},"2":{"name":"(anonymous_2)","decl":{"start":{"line":31,"column":8},"end":{"line":31,"column":9}},"loc":{"start":{"line":31,"column":69},"end":{"line":41,"column":9}},"line":31},"3":{"name":"(anonymous_3)","decl":{"start":{"line":47,"column":8},"end":{"line":47,"column":9}},"loc":{"start":{"line":47,"column":39},"end":{"line":63,"column":9}},"line":47},"4":{"name":"(anonymous_4)","decl":{"start":{"line":69,"column":8},"end":{"line":69,"column":9}},"loc":{"start":{"line":69,"column":15},"end":{"line":84,"column":9}},"line":69}},"branchMap":{"0":{"loc":{"start":{"line":18,"column":20},"end":{"line":18,"column":29}},"type":"default-arg","locations":[{"start":{"line":18,"column":27},"end":{"line":18,"column":29}}],"line":18},"1":{"loc":{"start":{"line":31,"column":17},"end":{"line":31,"column":33}},"type":"default-arg","locations":[{"start":{"line":31,"column":29},"end":{"line":31,"column":33}}],"line":31},"2":{"loc":{"start":{"line":31,"column":35},"end":{"line":31,"column":50}},"type":"default-arg","locations":[{"start":{"line":31,"column":48},"end":{"line":31,"column":50}}],"line":31},"3":{"loc":{"start":{"line":31,"column":52},"end":{"line":31,"column":67}},"type":"default-arg","locations":[{"start":{"line":31,"column":65},"end":{"line":31,"column":67}}],"line":31},"4":{"loc":{"start":{"line":32,"column":28},"end":{"line":32,"column":72}},"type":"binary-expr","locations":[{"start":{"line":32,"column":28},"end":{"line":32,"column":48}},{"start":{"line":32,"column":52},"end":{"line":32,"column":72}}],"line":32},"5":{"loc":{"start":{"line":33,"column":12},"end":{"line":36,"column":13}},"type":"if","locations":[{"start":{"line":33,"column":12},"end":{"line":36,"column":13}},{"start":{"line":33,"column":12},"end":{"line":36,"column":13}}],"line":33},"6":{"loc":{"start":{"line":34,"column":16},"end":{"line":34,"column":126}},"type":"if","locations":[{"start":{"line":34,"column":16},"end":{"line":34,"column":126}},{"start":{"line":34,"column":16},"end":{"line":34,"column":126}}],"line":34},"7":{"loc":{"start":{"line":38,"column":12},"end":{"line":38,"column":81}},"type":"if","locations":[{"start":{"line":38,"column":12},"end":{"line":38,"column":81}},{"start":{"line":38,"column":12},"end":{"line":38,"column":81}}],"line":38},"8":{"loc":{"start":{"line":38,"column":16},"end":{"line":38,"column":51}},"type":"binary-expr","locations":[{"start":{"line":38,"column":16},"end":{"line":38,"column":34}},{"start":{"line":38,"column":38},"end":{"line":38,"column":51}}],"line":38},"9":{"loc":{"start":{"line":39,"column":12},"end":{"line":40,"column":28}},"type":"if","locations":[{"start":{"line":39,"column":12},"end":{"line":40,"column":28}},{"start":{"line":39,"column":12},"end":{"line":40,"column":28}}],"line":39},"10":{"loc":{"start":{"line":39,"column":16},"end":{"line":39,"column":53}},"type":"binary-expr","locations":[{"start":{"line":39,"column":16},"end":{"line":39,"column":35}},{"start":{"line":39,"column":39},"end":{"line":39,"column":53}}],"line":39},"11":{"loc":{"start":{"line":51,"column":12},"end":{"line":54,"column":13}},"type":"if","locations":[{"start":{"line":51,"column":12},"end":{"line":54,"column":13}},{"start":{"line":51,"column":12},"end":{"line":54,"column":13}}],"line":51},"12":{"loc":{"start":{"line":55,"column":12},"end":{"line":58,"column":13}},"type":"if","locations":[{"start":{"line":55,"column":12},"end":{"line":58,"column":13}},{"start":{"line":55,"column":12},"end":{"line":58,"column":13}}],"line":55},"13":{"loc":{"start":{"line":73,"column":16},"end":{"line":76,"column":17}},"type":"if","locations":[{"start":{"line":73,"column":16},"end":{"line":76,"column":17}},{"start":{"line":73,"column":16},"end":{"line":76,"column":17}}],"line":73},"14":{"loc":{"start":{"line":74,"column":20},"end":{"line":74,"column":133}},"type":"if","locations":[{"start":{"line":74,"column":20},"end":{"line":74,"column":133}},{"start":{"line":74,"column":20},"end":{"line":74,"column":133}}],"line":74}},"s":{"0":1,"1":3,"2":3,"3":3,"4":3,"5":2,"6":2,"7":188,"8":188,"9":0,"10":0,"11":0,"12":188,"13":182,"14":6,"15":6,"16":0,"17":252,"18":252,"19":0,"20":0,"21":252,"22":0,"23":0,"24":252,"25":252,"26":252,"27":76,"28":76,"29":76,"30":76,"31":40,"32":0,"33":40,"34":36,"35":0,"36":0},"f":{"0":3,"1":2,"2":188,"3":252,"4":76},"b":{"0":[0],"1":[0],"2":[0],"3":[0],"4":[188,188],"5":[0,188],"6":[0,0],"7":[182,6],"8":[188,186],"9":[6,0],"10":[6,6],"11":[0,252],"12":[0,252],"13":[40,36],"14":[0,40]},"_coverageSchema":"1a1c01bbd47fc00a2c39e90264f33305004495a9","hash":"75b452353963ed2d38c7d6824a49486f757a8bfe","contentHash":"67cf583c2467ce0eae2d58e16379840c1aec7e63bc6c008174274dd9b199d2c8"},"X:\\workflow\\open-projects\\ics-calendar\\libs\\ics\\ics.libs.js":{"path":"X:\\workflow\\open-projects\\ics-calendar\\libs\\ics\\ics.libs.js","statementMap":{"0":{"start":{"line":1,"column":0},"end":{"line":1,"column":12}},"1":{"start":{"line":6,"column":0},"end":{"line":235,"column":1}},"2":{"start":{"line":8,"column":21},"end":{"line":8,"column":42}},"3":{"start":{"line":9,"column":48},"end":{"line":9,"column":66}},"4":{"start":{"line":10,"column":23},"end":{"line":10,"column":40}},"5":{"start":{"line":14,"column":12},"end":{"line":14,"column":30}},"6":{"start":{"line":22,"column":12},"end":{"line":39,"column":16}},"7":{"start":{"line":23,"column":26},"end":{"line":23,"column":31}},"8":{"start":{"line":24,"column":16},"end":{"line":27,"column":22}},"9":{"start":{"line":25,"column":20},"end":{"line":25,"column":57}},"10":{"start":{"line":26,"column":20},"end":{"line":26,"column":29}},"11":{"start":{"line":29,"column":16},"end":{"line":34,"column":17}},"12":{"start":{"line":30,"column":20},"end":{"line":32,"column":22}},"13":{"start":{"line":31,"column":24},"end":{"line":31,"column":66}},"14":{"start":{"line":31,"column":48},"end":{"line":31,"column":66}},"15":{"start":{"line":33,"column":20},"end":{"line":33,"column":31}},"16":{"start":{"line":36,"column":16},"end":{"line":38,"column":17}},"17":{"start":{"line":37,"column":20},"end":{"line":37,"column":111}},"18":{"start":{"line":37,"column":55},"end":{"line":37,"column":77}},"19":{"start":{"line":53,"column":12},"end":{"line":55,"column":13}},"20":{"start":{"line":54,"column":16},"end":{"line":54,"column":45}},"21":{"start":{"line":58,"column":28},"end":{"line":66,"column":13}},"22":{"start":{"line":59,"column":16},"end":{"line":59,"column":46}},"23":{"start":{"line":59,"column":35},"end":{"line":59,"column":46}},"24":{"start":{"line":60,"column":16},"end":{"line":64,"column":17}},"25":{"start":{"line":61,"column":20},"end":{"line":61,"column":80}},"26":{"start":{"line":61,"column":69},"end":{"line":61,"column":80}},"27":{"start":{"line":65,"column":16},"end":{"line":65,"column":28}},"28":{"start":{"line":68,"column":26},"end":{"line":73,"column":13}},"29":{"start":{"line":69,"column":16},"end":{"line":69,"column":71}},"30":{"start":{"line":69,"column":63},"end":{"line":69,"column":71}},"31":{"start":{"line":70,"column":16},"end":{"line":72,"column":25}},"32":{"start":{"line":71,"column":20},"end":{"line":71,"column":75}},"33":{"start":{"line":71,"column":59},"end":{"line":71,"column":67}},"34":{"start":{"line":76,"column":12},"end":{"line":80,"column":13}},"35":{"start":{"line":77,"column":16},"end":{"line":77,"column":85}},"36":{"start":{"line":77,"column":32},"end":{"line":77,"column":85}},"37":{"start":{"line":78,"column":16},"end":{"line":78,"column":27}},"38":{"start":{"line":79,"column":16},"end":{"line":79,"column":27}},"39":{"start":{"line":82,"column":33},"end":{"line":141,"column":18}},"40":{"start":{"line":83,"column":16},"end":{"line":139,"column":17}},"41":{"start":{"line":85,"column":20},"end":{"line":85,"column":58}},"42":{"start":{"line":85,"column":50},"end":{"line":85,"column":58}},"43":{"start":{"line":87,"column":36},"end":{"line":87,"column":73}},"44":{"start":{"line":88,"column":34},"end":{"line":88,"column":67}},"45":{"start":{"line":89,"column":39},"end":{"line":89,"column":77}},"46":{"start":{"line":91,"column":20},"end":{"line":119,"column":21}},"47":{"start":{"line":93,"column":46},"end":{"line":97,"column":25}},"48":{"start":{"line":94,"column":28},"end":{"line":94,"column":70}},"49":{"start":{"line":94,"column":58},"end":{"line":94,"column":70}},"50":{"start":{"line":95,"column":28},"end":{"line":95,"column":158}},"51":{"start":{"line":95,"column":71},"end":{"line":95,"column":158}},"52":{"start":{"line":96,"column":28},"end":{"line":96,"column":40}},"53":{"start":{"line":99,"column":44},"end":{"line":103,"column":25}},"54":{"start":{"line":100,"column":28},"end":{"line":100,"column":68}},"55":{"start":{"line":100,"column":56},"end":{"line":100,"column":68}},"56":{"start":{"line":101,"column":28},"end":{"line":101,"column":148}},"57":{"start":{"line":101,"column":67},"end":{"line":101,"column":148}},"58":{"start":{"line":102,"column":28},"end":{"line":102,"column":40}},"59":{"start":{"line":105,"column":24},"end":{"line":108,"column":25}},"60":{"start":{"line":106,"column":28},"end":{"line":106,"column":38}},"61":{"start":{"line":107,"column":28},"end":{"line":107,"column":36}},"62":{"start":{"line":110,"column":24},"end":{"line":113,"column":25}},"63":{"start":{"line":111,"column":28},"end":{"line":111,"column":38}},"64":{"start":{"line":112,"column":28},"end":{"line":112,"column":36}},"65":{"start":{"line":115,"column":24},"end":{"line":118,"column":25}},"66":{"start":{"line":116,"column":28},"end":{"line":116,"column":38}},"67":{"start":{"line":117,"column":28},"end":{"line":117,"column":36}},"68":{"start":{"line":121,"column":38},"end":{"line":121,"column":62}},"69":{"start":{"line":122,"column":36},"end":{"line":122,"column":54}},"70":{"start":{"line":125,"column":20},"end":{"line":135,"column":21}},"71":{"start":{"line":126,"column":44},"end":{"line":132,"column":58}},"72":{"start":{"line":127,"column":28},"end":{"line":130,"column":29}},"73":{"start":{"line":128,"column":32},"end":{"line":128,"column":45}},"74":{"start":{"line":129,"column":32},"end":{"line":129,"column":48}},"75":{"start":{"line":131,"column":28},"end":{"line":131,"column":37}},"76":{"start":{"line":132,"column":43},"end":{"line":132,"column":57}},"77":{"start":{"line":134,"column":24},"end":{"line":134,"column":58}},"78":{"start":{"line":134,"column":48},"end":{"line":134,"column":58}},"79":{"start":{"line":138,"column":20},"end":{"line":138,"column":40}},"80":{"start":{"line":140,"column":16},"end":{"line":140,"column":24}},"81":{"start":{"line":144,"column":12},"end":{"line":153,"column":14}},"82":{"start":{"line":145,"column":16},"end":{"line":148,"column":17}},"83":{"start":{"line":146,"column":20},"end":{"line":146,"column":68}},"84":{"start":{"line":146,"column":60},"end":{"line":146,"column":68}},"85":{"start":{"line":147,"column":20},"end":{"line":147,"column":98}},"86":{"start":{"line":149,"column":16},"end":{"line":152,"column":31}},"87":{"start":{"line":150,"column":20},"end":{"line":150,"column":62}},"88":{"start":{"line":150,"column":54},"end":{"line":150,"column":62}},"89":{"start":{"line":151,"column":20},"end":{"line":151,"column":68}},"90":{"start":{"line":152,"column":23},"end":{"line":152,"column":31}},"91":{"start":{"line":154,"column":12},"end":{"line":154,"column":23}},"92":{"start":{"line":163,"column":12},"end":{"line":165,"column":13}},"93":{"start":{"line":164,"column":16},"end":{"line":164,"column":27}},"94":{"start":{"line":166,"column":34},"end":{"line":166,"column":46}},"95":{"start":{"line":167,"column":29},"end":{"line":192,"column":14}},"96":{"start":{"line":169,"column":29},"end":{"line":169,"column":31}},"97":{"start":{"line":170,"column":16},"end":{"line":175,"column":17}},"98":{"start":{"line":171,"column":20},"end":{"line":171,"column":78}},"99":{"start":{"line":174,"column":20},"end":{"line":174,"column":40}},"100":{"start":{"line":180,"column":16},"end":{"line":189,"column":17}},"101":{"start":{"line":181,"column":20},"end":{"line":184,"column":26}},"102":{"start":{"line":182,"column":24},"end":{"line":182,"column":56}},"103":{"start":{"line":182,"column":42},"end":{"line":182,"column":56}},"104":{"start":{"line":183,"column":24},"end":{"line":183,"column":32}},"105":{"start":{"line":187,"column":20},"end":{"line":187,"column":39}},"106":{"start":{"line":188,"column":20},"end":{"line":188,"column":116}},"107":{"start":{"line":188,"column":36},"end":{"line":188,"column":116}},"108":{"start":{"line":191,"column":16},"end":{"line":191,"column":27}},"109":{"start":{"line":194,"column":12},"end":{"line":194,"column":29}},"110":{"start":{"line":195,"column":12},"end":{"line":195,"column":23}},"111":{"start":{"line":203,"column":12},"end":{"line":205,"column":13}},"112":{"start":{"line":204,"column":16},"end":{"line":204,"column":27}},"113":{"start":{"line":206,"column":32},"end":{"line":206,"column":44}},"114":{"start":{"line":208,"column":29},"end":{"line":226,"column":14}},"115":{"start":{"line":210,"column":31},"end":{"line":210,"column":33}},"116":{"start":{"line":211,"column":16},"end":{"line":216,"column":17}},"117":{"start":{"line":212,"column":20},"end":{"line":212,"column":81}},"118":{"start":{"line":215,"column":20},"end":{"line":215,"column":40}},"119":{"start":{"line":219,"column":16},"end":{"line":224,"column":17}},"120":{"start":{"line":219,"column":37},"end":{"line":219,"column":64}},"121":{"start":{"line":222,"column":20},"end":{"line":222,"column":41}},"122":{"start":{"line":223,"column":20},"end":{"line":223,"column":119}},"123":{"start":{"line":223,"column":36},"end":{"line":223,"column":119}},"124":{"start":{"line":225,"column":16},"end":{"line":225,"column":27}},"125":{"start":{"line":228,"column":12},"end":{"line":228,"column":29}},"126":{"start":{"line":229,"column":12},"end":{"line":229,"column":23}},"127":{"start":{"line":233,"column":23},"end":{"line":233,"column":53}},"128":{"start":{"line":234,"column":4},"end":{"line":234,"column":21}}},"fnMap":{"0":{"name":"(anonymous_0)","decl":{"start":{"line":6,"column":17},"end":{"line":6,"column":18}},"loc":{"start":{"line":6,"column":32},"end":{"line":235,"column":1}},"line":6},"1":{"name":"(anonymous_1)","decl":{"start":{"line":13,"column":8},"end":{"line":13,"column":9}},"loc":{"start":{"line":13,"column":33},"end":{"line":15,"column":9}},"line":13},"2":{"name":"(anonymous_2)","decl":{"start":{"line":21,"column":8},"end":{"line":21,"column":9}},"loc":{"start":{"line":21,"column":28},"end":{"line":40,"column":9}},"line":21},"3":{"name":"(anonymous_3)","decl":{"start":{"line":22,"column":24},"end":{"line":22,"column":25}},"loc":{"start":{"line":22,"column":36},"end":{"line":39,"column":13}},"line":22},"4":{"name":"(anonymous_4)","decl":{"start":{"line":24,"column":54},"end":{"line":24,"column":55}},"loc":{"start":{"line":24,"column":76},"end":{"line":27,"column":17}},"line":24},"5":{"name":"(anonymous_5)","decl":{"start":{"line":29,"column":27},"end":{"line":29,"column":28}},"loc":{"start":{"line":29,"column":37},"end":{"line":34,"column":17}},"line":29},"6":{"name":"(anonymous_6)","decl":{"start":{"line":30,"column":39},"end":{"line":30,"column":40}},"loc":{"start":{"line":30,"column":47},"end":{"line":32,"column":21}},"line":30},"7":{"name":"(anonymous_7)","decl":{"start":{"line":36,"column":26},"end":{"line":36,"column":27}},"loc":{"start":{"line":36,"column":32},"end":{"line":38,"column":17}},"line":36},"8":{"name":"(anonymous_8)","decl":{"start":{"line":37,"column":45},"end":{"line":37,"column":46}},"loc":{"start":{"line":37,"column":55},"end":{"line":37,"column":77}},"line":37},"9":{"name":"(anonymous_9)","decl":{"start":{"line":51,"column":8},"end":{"line":51,"column":9}},"loc":{"start":{"line":51,"column":76},"end":{"line":155,"column":9}},"line":51},"10":{"name":"(anonymous_10)","decl":{"start":{"line":58,"column":28},"end":{"line":58,"column":29}},"loc":{"start":{"line":58,"column":44},"end":{"line":66,"column":13}},"line":58},"11":{"name":"(anonymous_11)","decl":{"start":{"line":68,"column":26},"end":{"line":68,"column":27}},"loc":{"start":{"line":68,"column":32},"end":{"line":73,"column":13}},"line":68},"12":{"name":"(anonymous_12)","decl":{"start":{"line":70,"column":44},"end":{"line":70,"column":45}},"loc":{"start":{"line":70,"column":49},"end":{"line":72,"column":17}},"line":70},"13":{"name":"(anonymous_13)","decl":{"start":{"line":71,"column":53},"end":{"line":71,"column":54}},"loc":{"start":{"line":71,"column":59},"end":{"line":71,"column":67}},"line":71},"14":{"name":"(anonymous_14)","decl":{"start":{"line":82,"column":45},"end":{"line":82,"column":46}},"loc":{"start":{"line":82,"column":56},"end":{"line":141,"column":13}},"line":82},"15":{"name":"(anonymous_15)","decl":{"start":{"line":93,"column":46},"end":{"line":93,"column":47}},"loc":{"start":{"line":93,"column":52},"end":{"line":97,"column":25}},"line":93},"16":{"name":"(anonymous_16)","decl":{"start":{"line":99,"column":44},"end":{"line":99,"column":45}},"loc":{"start":{"line":99,"column":50},"end":{"line":103,"column":25}},"line":99},"17":{"name":"(anonymous_17)","decl":{"start":{"line":126,"column":58},"end":{"line":126,"column":59}},"loc":{"start":{"line":126,"column":74},"end":{"line":132,"column":25}},"line":126},"18":{"name":"(anonymous_18)","decl":{"start":{"line":132,"column":38},"end":{"line":132,"column":39}},"loc":{"start":{"line":132,"column":43},"end":{"line":132,"column":57}},"line":132},"19":{"name":"(anonymous_19)","decl":{"start":{"line":144,"column":39},"end":{"line":144,"column":40}},"loc":{"start":{"line":144,"column":49},"end":{"line":153,"column":13}},"line":144},"20":{"name":"(anonymous_20)","decl":{"start":{"line":161,"column":8},"end":{"line":161,"column":9}},"loc":{"start":{"line":161,"column":43},"end":{"line":196,"column":9}},"line":161},"21":{"name":"(anonymous_21)","decl":{"start":{"line":167,"column":52},"end":{"line":167,"column":53}},"loc":{"start":{"line":167,"column":68},"end":{"line":192,"column":13}},"line":167},"22":{"name":"(anonymous_22)","decl":{"start":{"line":181,"column":52},"end":{"line":181,"column":53}},"loc":{"start":{"line":181,"column":66},"end":{"line":184,"column":21}},"line":181},"23":{"name":"(anonymous_23)","decl":{"start":{"line":202,"column":8},"end":{"line":202,"column":9}},"loc":{"start":{"line":202,"column":46},"end":{"line":230,"column":9}},"line":202},"24":{"name":"(anonymous_24)","decl":{"start":{"line":208,"column":50},"end":{"line":208,"column":51}},"loc":{"start":{"line":208,"column":66},"end":{"line":226,"column":13}},"line":208}},"branchMap":{"0":{"loc":{"start":{"line":31,"column":24},"end":{"line":31,"column":66}},"type":"if","locations":[{"start":{"line":31,"column":24},"end":{"line":31,"column":66}},{"start":{"line":31,"column":24},"end":{"line":31,"column":66}}],"line":31},"1":{"loc":{"start":{"line":51,"column":20},"end":{"line":51,"column":29}},"type":"default-arg","locations":[{"start":{"line":51,"column":27},"end":{"line":51,"column":29}}],"line":51},"2":{"loc":{"start":{"line":51,"column":31},"end":{"line":51,"column":41}},"type":"default-arg","locations":[{"start":{"line":51,"column":39},"end":{"line":51,"column":41}}],"line":51},"3":{"loc":{"start":{"line":51,"column":43},"end":{"line":51,"column":61}},"type":"default-arg","locations":[{"start":{"line":51,"column":59},"end":{"line":51,"column":61}}],"line":51},"4":{"loc":{"start":{"line":51,"column":63},"end":{"line":51,"column":74}},"type":"default-arg","locations":[{"start":{"line":51,"column":72},"end":{"line":51,"column":74}}],"line":51},"5":{"loc":{"start":{"line":53,"column":12},"end":{"line":55,"column":13}},"type":"if","locations":[{"start":{"line":53,"column":12},"end":{"line":55,"column":13}},{"start":{"line":53,"column":12},"end":{"line":55,"column":13}}],"line":53},"6":{"loc":{"start":{"line":53,"column":16},"end":{"line":53,"column":108}},"type":"binary-expr","locations":[{"start":{"line":53,"column":16},"end":{"line":53,"column":30}},{"start":{"line":53,"column":34},"end":{"line":53,"column":63}},{"start":{"line":53,"column":67},"end":{"line":53,"column":108}}],"line":53},"7":{"loc":{"start":{"line":53,"column":36},"end":{"line":53,"column":55}},"type":"binary-expr","locations":[{"start":{"line":53,"column":36},"end":{"line":53,"column":49}},{"start":{"line":53,"column":53},"end":{"line":53,"column":55}}],"line":53},"8":{"loc":{"start":{"line":59,"column":16},"end":{"line":59,"column":46}},"type":"if","locations":[{"start":{"line":59,"column":16},"end":{"line":59,"column":46}},{"start":{"line":59,"column":16},"end":{"line":59,"column":46}}],"line":59},"9":{"loc":{"start":{"line":61,"column":20},"end":{"line":61,"column":80}},"type":"if","locations":[{"start":{"line":61,"column":20},"end":{"line":61,"column":80}},{"start":{"line":61,"column":20},"end":{"line":61,"column":80}}],"line":61},"10":{"loc":{"start":{"line":61,"column":25},"end":{"line":61,"column":34}},"type":"binary-expr","locations":[{"start":{"line":61,"column":25},"end":{"line":61,"column":28}},{"start":{"line":61,"column":32},"end":{"line":61,"column":34}}],"line":61},"11":{"loc":{"start":{"line":69,"column":16},"end":{"line":69,"column":71}},"type":"if","locations":[{"start":{"line":69,"column":16},"end":{"line":69,"column":71}},{"start":{"line":69,"column":16},"end":{"line":69,"column":71}}],"line":69},"12":{"loc":{"start":{"line":76,"column":12},"end":{"line":80,"column":13}},"type":"if","locations":[{"start":{"line":76,"column":12},"end":{"line":80,"column":13}},{"start":{"line":76,"column":12},"end":{"line":80,"column":13}}],"line":76},"13":{"loc":{"start":{"line":77,"column":16},"end":{"line":77,"column":85}},"type":"if","locations":[{"start":{"line":77,"column":16},"end":{"line":77,"column":85}},{"start":{"line":77,"column":16},"end":{"line":77,"column":85}}],"line":77},"14":{"loc":{"start":{"line":85,"column":20},"end":{"line":85,"column":58}},"type":"if","locations":[{"start":{"line":85,"column":20},"end":{"line":85,"column":58}},{"start":{"line":85,"column":20},"end":{"line":85,"column":58}}],"line":85},"15":{"loc":{"start":{"line":87,"column":36},"end":{"line":87,"column":73}},"type":"binary-expr","locations":[{"start":{"line":87,"column":36},"end":{"line":87,"column":51}},{"start":{"line":87,"column":55},"end":{"line":87,"column":73}}],"line":87},"16":{"loc":{"start":{"line":88,"column":34},"end":{"line":88,"column":67}},"type":"binary-expr","locations":[{"start":{"line":88,"column":34},"end":{"line":88,"column":47}},{"start":{"line":88,"column":51},"end":{"line":88,"column":67}}],"line":88},"17":{"loc":{"start":{"line":89,"column":39},"end":{"line":89,"column":77}},"type":"binary-expr","locations":[{"start":{"line":89,"column":39},"end":{"line":89,"column":57}},{"start":{"line":89,"column":61},"end":{"line":89,"column":77}}],"line":89},"18":{"loc":{"start":{"line":91,"column":20},"end":{"line":119,"column":21}},"type":"if","locations":[{"start":{"line":91,"column":20},"end":{"line":119,"column":21}},{"start":{"line":91,"column":20},"end":{"line":119,"column":21}}],"line":91},"19":{"loc":{"start":{"line":91,"column":24},"end":{"line":91,"column":40}},"type":"binary-expr","locations":[{"start":{"line":91,"column":24},"end":{"line":91,"column":31}},{"start":{"line":91,"column":35},"end":{"line":91,"column":40}}],"line":91},"20":{"loc":{"start":{"line":94,"column":28},"end":{"line":94,"column":70}},"type":"if","locations":[{"start":{"line":94,"column":28},"end":{"line":94,"column":70}},{"start":{"line":94,"column":28},"end":{"line":94,"column":70}}],"line":94},"21":{"loc":{"start":{"line":95,"column":28},"end":{"line":95,"column":158}},"type":"if","locations":[{"start":{"line":95,"column":28},"end":{"line":95,"column":158}},{"start":{"line":95,"column":28},"end":{"line":95,"column":158}}],"line":95},"22":{"loc":{"start":{"line":95,"column":32},"end":{"line":95,"column":69}},"type":"binary-expr","locations":[{"start":{"line":95,"column":32},"end":{"line":95,"column":50}},{"start":{"line":95,"column":54},"end":{"line":95,"column":69}}],"line":95},"23":{"loc":{"start":{"line":95,"column":78},"end":{"line":95,"column":158}},"type":"binary-expr","locations":[{"start":{"line":95,"column":78},"end":{"line":95,"column":147}},{"start":{"line":95,"column":151},"end":{"line":95,"column":158}}],"line":95},"24":{"loc":{"start":{"line":100,"column":28},"end":{"line":100,"column":68}},"type":"if","locations":[{"start":{"line":100,"column":28},"end":{"line":100,"column":68}},{"start":{"line":100,"column":28},"end":{"line":100,"column":68}}],"line":100},"25":{"loc":{"start":{"line":101,"column":28},"end":{"line":101,"column":148}},"type":"if","locations":[{"start":{"line":101,"column":28},"end":{"line":101,"column":148}},{"start":{"line":101,"column":28},"end":{"line":101,"column":148}}],"line":101},"26":{"loc":{"start":{"line":101,"column":32},"end":{"line":101,"column":65}},"type":"binary-expr","locations":[{"start":{"line":101,"column":32},"end":{"line":101,"column":48}},{"start":{"line":101,"column":52},"end":{"line":101,"column":65}}],"line":101},"27":{"loc":{"start":{"line":101,"column":74},"end":{"line":101,"column":148}},"type":"binary-expr","locations":[{"start":{"line":101,"column":74},"end":{"line":101,"column":139}},{"start":{"line":101,"column":143},"end":{"line":101,"column":148}}],"line":101},"28":{"loc":{"start":{"line":105,"column":24},"end":{"line":108,"column":25}},"type":"if","locations":[{"start":{"line":105,"column":24},"end":{"line":108,"column":25}},{"start":{"line":105,"column":24},"end":{"line":108,"column":25}}],"line":105},"29":{"loc":{"start":{"line":105,"column":28},"end":{"line":105,"column":60}},"type":"binary-expr","locations":[{"start":{"line":105,"column":28},"end":{"line":105,"column":43}},{"start":{"line":105,"column":47},"end":{"line":105,"column":60}}],"line":105},"30":{"loc":{"start":{"line":110,"column":24},"end":{"line":113,"column":25}},"type":"if","locations":[{"start":{"line":110,"column":24},"end":{"line":113,"column":25}},{"start":{"line":110,"column":24},"end":{"line":113,"column":25}}],"line":110},"31":{"loc":{"start":{"line":110,"column":28},"end":{"line":110,"column":58}},"type":"binary-expr","locations":[{"start":{"line":110,"column":28},"end":{"line":110,"column":43}},{"start":{"line":110,"column":47},"end":{"line":110,"column":58}}],"line":110},"32":{"loc":{"start":{"line":115,"column":24},"end":{"line":118,"column":25}},"type":"if","locations":[{"start":{"line":115,"column":24},"end":{"line":118,"column":25}},{"start":{"line":115,"column":24},"end":{"line":118,"column":25}}],"line":115},"33":{"loc":{"start":{"line":115,"column":28},"end":{"line":115,"column":56}},"type":"binary-expr","locations":[{"start":{"line":115,"column":28},"end":{"line":115,"column":41}},{"start":{"line":115,"column":45},"end":{"line":115,"column":56}}],"line":115},"34":{"loc":{"start":{"line":122,"column":36},"end":{"line":122,"column":54}},"type":"binary-expr","locations":[{"start":{"line":122,"column":36},"end":{"line":122,"column":44}},{"start":{"line":122,"column":48},"end":{"line":122,"column":54}}],"line":122},"35":{"loc":{"start":{"line":125,"column":20},"end":{"line":135,"column":21}},"type":"if","locations":[{"start":{"line":125,"column":20},"end":{"line":135,"column":21}},{"start":{"line":125,"column":20},"end":{"line":135,"column":21}}],"line":125},"36":{"loc":{"start":{"line":127,"column":28},"end":{"line":130,"column":29}},"type":"if","locations":[{"start":{"line":127,"column":28},"end":{"line":130,"column":29}},{"start":{"line":127,"column":28},"end":{"line":130,"column":29}}],"line":127},"37":{"loc":{"start":{"line":134,"column":24},"end":{"line":134,"column":58}},"type":"if","locations":[{"start":{"line":134,"column":24},"end":{"line":134,"column":58}},{"start":{"line":134,"column":24},"end":{"line":134,"column":58}}],"line":134},"38":{"loc":{"start":{"line":145,"column":16},"end":{"line":148,"column":17}},"type":"if","locations":[{"start":{"line":145,"column":16},"end":{"line":148,"column":17}},{"start":{"line":145,"column":16},"end":{"line":148,"column":17}}],"line":145},"39":{"loc":{"start":{"line":146,"column":20},"end":{"line":146,"column":68}},"type":"if","locations":[{"start":{"line":146,"column":20},"end":{"line":146,"column":68}},{"start":{"line":146,"column":20},"end":{"line":146,"column":68}}],"line":146},"40":{"loc":{"start":{"line":146,"column":24},"end":{"line":146,"column":58}},"type":"binary-expr","locations":[{"start":{"line":146,"column":24},"end":{"line":146,"column":39}},{"start":{"line":146,"column":43},"end":{"line":146,"column":58}}],"line":146},"41":{"loc":{"start":{"line":149,"column":16},"end":{"line":152,"column":31}},"type":"if","locations":[{"start":{"line":149,"column":16},"end":{"line":152,"column":31}},{"start":{"line":149,"column":16},"end":{"line":152,"column":31}}],"line":149},"42":{"loc":{"start":{"line":150,"column":20},"end":{"line":150,"column":62}},"type":"if","locations":[{"start":{"line":150,"column":20},"end":{"line":150,"column":62}},{
[...]
{"start":{"line":32,"column":8},"end":{"line":32,"column":9}},"loc":{"start":{"line":32,"column":49},"end":{"line":62,"column":9}},"line":32},"5":{"name":"genIcal","decl":{"start":{"line":34,"column":21},"end":{"line":34,"column":28}},"loc":{"start":{"line":34,"column":40},"end":{"line":48,"column":13}},"line":34},"6":{"name":"(anonymous_6)","decl":{"start":{"line":37,"column":43},"end":{"line":37,"column":44}},"loc":{"start":{"line":37,"column":61},"end":{"line":45,"column":17}},"line":37},"7":{"name":"(anonymous_7)","decl":{"start":{"line":41,"column":102},"end":{"line":41,"column":103}},"loc":{"start":{"line":41,"column":109},"end":{"line":44,"column":21}},"line":41},"8":{"name":"(anonymous_8)","decl":{"start":{"line":71,"column":8},"end":{"line":71,"column":9}},"loc":{"start":{"line":71,"column":46},"end":{"line":88,"column":9}},"line":71},"9":{"name":"(anonymous_9)","decl":{"start":{"line":98,"column":8},"end":{"line":98,"column":9}},"loc":{"start":{"line":98,"column":43},"end":{"line":249,"column":9}},"line":98},"10":{"name":"(anonymous_10)","decl":{"start":{"line":129,"column":24},"end":{"line":129,"column":25}},"loc":{"start":{"line":129,"column":49},"end":{"line":248,"column":13}},"line":129},"11":{"name":"(anonymous_11)","decl":{"start":{"line":135,"column":42},"end":{"line":135,"column":43}},"loc":{"start":{"line":135,"column":70},"end":{"line":137,"column":17}},"line":135},"12":{"name":"(anonymous_12)","decl":{"start":{"line":136,"column":39},"end":{"line":136,"column":40}},"loc":{"start":{"line":136,"column":51},"end":{"line":136,"column":82}},"line":136},"13":{"name":"(anonymous_13)","decl":{"start":{"line":139,"column":31},"end":{"line":139,"column":32}},"loc":{"start":{"line":139,"column":37},"end":{"line":143,"column":17}},"line":139},"14":{"name":"(anonymous_14)","decl":{"start":{"line":145,"column":29},"end":{"line":145,"column":30}},"loc":{"start":{"line":145,"column":35},"end":{"line":149,"column":17}},"line":145},"15":{"name":"(anonymous_15)","decl":{"start":{"line":151,"column":36},"end":{"line":151,"column":37}},"loc":{"start":{"line":151,"column":42},"end":{"line":155,"column":17}},"line":151},"16":{"name":"(anonymous_16)","decl":{"start":{"line":158,"column":27},"end":{"line":158,"column":28}},"loc":{"start":{"line":158,"column":33},"end":{"line":163,"column":17}},"line":158},"17":{"name":"(anonymous_17)","decl":{"start":{"line":169,"column":32},"end":{"line":169,"column":33}},"loc":{"start":{"line":169,"column":38},"end":{"line":175,"column":17}},"line":169},"18":{"name":"(anonymous_18)","decl":{"start":{"line":177,"column":29},"end":{"line":177,"column":30}},"loc":{"start":{"line":177,"column":35},"end":{"line":184,"column":17}},"line":177},"19":{"name":"(anonymous_19)","decl":{"start":{"line":197,"column":34},"end":{"line":197,"column":35}},"loc":{"start":{"line":197,"column":40},"end":{"line":199,"column":17}},"line":197},"20":{"name":"(anonymous_20)","decl":{"start":{"line":202,"column":33},"end":{"line":202,"column":34}},"loc":{"start":{"line":202,"column":39},"end":{"line":205,"column":17}},"line":202},"21":{"name":"(anonymous_21)","decl":{"start":{"line":207,"column":29},"end":{"line":207,"column":30}},"loc":{"start":{"line":207,"column":35},"end":{"line":247,"column":17}},"line":207},"22":{"name":"(anonymous_22)","decl":{"start":{"line":231,"column":66},"end":{"line":231,"column":67}},"loc":{"start":{"line":231,"column":71},"end":{"line":240,"column":21}},"line":231},"23":{"name":"(anonymous_23)","decl":{"start":{"line":233,"column":53},"end":{"line":233,"column":54}},"loc":{"start":{"line":233,"column":58},"end":{"line":238,"column":25}},"line":233},"24":{"name":"(anonymous_24)","decl":{"start":{"line":235,"column":60},"end":{"line":235,"column":61}},"loc":{"start":{"line":235,"column":65},"end":{"line":235,"column":84}},"line":235},"25":{"name":"(anonymous_25)","decl":{"start":{"line":255,"column":8},"end":{"line":255,"column":9}},"loc":{"start":{"line":255,"column":53},"end":{"line":268,"column":9}},"line":255}},"branchMap":{"0":{"loc":{"start":{"line":7,"column":18},"end":{"line":7,"column":34}},"type":"default-arg","locations":[{"start":{"line":7,"column":30},"end":{"line":7,"column":34}}],"line":7},"1":{"loc":{"start":{"line":9,"column":4},"end":{"line":9,"column":47}},"type":"if","locations":[{"start":{"line":9,"column":4},"end":{"line":9,"column":47}},{"start":{"line":9,"column":4},"end":{"line":9,"column":47}}],"line":9},"2":{"loc":{"start":{"line":32,"column":33},"end":{"line":32,"column":47}},"type":"default-arg","locations":[{"start":{"line":32,"column":45},"end":{"line":32,"column":47}}],"line":32},"3":{"loc":{"start":{"line":38,"column":20},"end":{"line":38,"column":84}},"type":"if","locations":[{"start":{"line":38,"column":20},"end":{"line":38,"column":84}},{"start":{"line":38,"column":20},"end":{"line":38,"column":84}}],"line":38},"4":{"loc":{"start":{"line":42,"column":24},"end":{"line":42,"column":84}},"type":"if","locations":[{"start":{"line":42,"column":24},"end":{"line":42,"column":84}},{"start":{"line":42,"column":24},"end":{"line":42,"column":84}}],"line":42},"5":{"loc":{"start":{"line":71,"column":25},"end":{"line":71,"column":44}},"type":"default-arg","locations":[{"start":{"line":71,"column":42},"end":{"line":71,"column":44}}],"line":71},"6":{"loc":{"start":{"line":73,"column":12},"end":{"line":73,"column":66}},"type":"if","locations":[{"start":{"line":73,"column":12},"end":{"line":73,"column":66}},{"start":{"line":73,"column":12},"end":{"line":73,"column":66}}],"line":73},"7":{"loc":{"start":{"line":73,"column":16},"end":{"line":73,"column":41}},"type":"binary-expr","locations":[{"start":{"line":73,"column":16},"end":{"line":73,"column":31}},{"start":{"line":73,"column":35},"end":{"line":73,"column":41}}],"line":73},"8":{"loc":{"start":{"line":77,"column":37},"end":{"line":77,"column":57}},"type":"binary-expr","locations":[{"start":{"line":77,"column":37},"end":{"line":77,"column":51}},{"start":{"line":77,"column":55},"end":{"line":77,"column":57}}],"line":77},"9":{"loc":{"start":{"line":81,"column":20},"end":{"line":81,"column":44}},"type":"if","locations":[{"start":{"line":81,"column":20},"end":{"line":81,"column":44}},{"start":{"line":81,"column":20},"end":{"line":81,"column":44}}],"line":81},"10":{"loc":{"start":{"line":130,"column":16},"end":{"line":132,"column":17}},"type":"if","locations":[{"start":{"line":130,"column":16},"end":{"line":132,"column":17}},{"start":{"line":130,"column":16},"end":{"line":132,"column":17}}],"line":130},"11":{"loc":{"start":{"line":130,"column":20},"end":{"line":130,"column":70}},"type":"binary-expr","locations":[{"start":{"line":130,"column":20},"end":{"line":130,"column":42}},{"start":{"line":130,"column":46},"end":{"line":130,"column":70}}],"line":130},"12":{"loc":{"start":{"line":133,"column":153},"end":{"line":133,"column":172}},"type":"binary-expr","locations":[{"start":{"line":133,"column":153},"end":{"line":133,"column":166}},{"start":{"line":133,"column":170},"end":{"line":133,"column":172}}],"line":133},"13":{"loc":{"start":{"line":135,"column":52},"end":{"line":135,"column":65}},"type":"default-arg","locations":[{"start":{"line":135,"column":64},"end":{"line":135,"column":65}}],"line":135},"14":{"loc":{"start":{"line":136,"column":51},"end":{"line":136,"column":82}},"type":"cond-expr","locations":[{"start":{"line":136,"column":65},"end":{"line":136,"column":78}},{"start":{"line":136,"column":81},"end":{"line":136,"column":82}}],"line":136},"15":{"loc":{"start":{"line":140,"column":30},"end":{"line":140,"column":108}},"type":"cond-expr","locations":[{"start":{"line":140,"column":68},"end":{"line":140,"column":101}},{"start":{"line":140,"column":104},"end":{"line":140,"column":108}}],"line":140},"16":{"loc":{"start":{"line":140,"column":37},"end":{"line":140,"column":54}},"type":"binary-expr","locations":[{"start":{"line":140,"column":37},"end":{"line":140,"column":46}},{"start":{"line":140,"column":50},"end":{"line":140,"column":54}}],"line":140},"17":{"loc":{"start":{"line":141,"column":20},"end":{"line":141,"column":38}},"type":"if","locations":[{"start":{"line":141,"column":20},"end":{"line":141,"column":38}},{"start":{"line":141,"column":20},"end":{"line":141,"column":38}}],"line":141},"18":{"loc":{"start":{"line":142,"column":27},"end":{"line":142,"column":61}},"type":"cond-expr","locations":[{"start":{"line":142,"column":31},"end":{"line":142,"column":54}},{"start":{"line":142,"column":57},"end":{"line":142,"column":61}}],"line":142},"19":{"loc":{"start":{"line":146,"column":30},"end":{"line":146,"column":102}},"type":"cond-expr","locations":[{"start":{"line":146,"column":68},"end":{"line":146,"column":95}},{"start":{"line":146,"column":98},"end":{"line":146,"column":102}}],"line":146},"20":{"loc":{"start":{"line":146,"column":37},"end":{"line":146,"column":54}},"type":"binary-expr","locations":[{"start":{"line":146,"column":37},"end":{"line":146,"column":46}},{"start":{"line":146,"column":50},"end":{"line":146,"column":54}}],"line":146},"21":{"loc":{"start":{"line":147,"column":20},"end":{"line":147,"column":38}},"type":"if","locations":[{"start":{"line":147,"column":20},"end":{"line":147,"column":38}},{"start":{"line":147,"column":20},"end":{"line":147,"column":38}}],"line":147},"22":{"loc":{"start":{"line":148,"column":27},"end":{"line":148,"column":61}},"type":"cond-expr","locations":[{"start":{"line":148,"column":31},"end":{"line":148,"column":54}},{"start":{"line":148,"column":57},"end":{"line":148,"column":61}}],"line":148},"23":{"loc":{"start":{"line":152,"column":30},"end":{"line":152,"column":112}},"type":"cond-expr","locations":[{"start":{"line":152,"column":70},"end":{"line":152,"column":105}},{"start":{"line":152,"column":108},"end":{"line":152,"column":112}}],"line":152},"24":{"loc":{"start":{"line":152,"column":37},"end":{"line":152,"column":56}},"type":"binary-expr","locations":[{"start":{"line":152,"column":37},"end":{"line":152,"column":48}},{"start":{"line":152,"column":52},"end":{"line":152,"column":56}}],"line":152},"25":{"loc":{"start":{"line":153,"column":20},"end":{"line":153,"column":38}},"type":"if","locations":[{"start":{"line":153,"column":20},"end":{"line":153,"column":38}},{"start":{"line":153,"column":20},"end":{"line":153,"column":38}}],"line":153},"26":{"loc":{"start":{"line":154,"column":27},"end":{"line":154,"column":61}},"type":"cond-expr","locations":[{"start":{"line":154,"column":31},"end":{"line":154,"column":54}},{"start":{"line":154,"column":57},"end":{"line":154,"column":61}}],"line":154},"27":{"loc":{"start":{"line":159,"column":36},"end":{"line":159,"column":65}},"type":"binary-expr","locations":[{"start":{"line":159,"column":36},"end":{"line":159,"column":43}},{"start":{"line":159,"column":47},"end":{"line":159,"column":57}},{"start":{"line":159,"column":61},"end":{"line":159,"column":65}}],"line":159},"28":{"loc":{"start":{"line":160,"column":30},"end":{"line":160,"column":90}},"type":"cond-expr","locations":[{"start":{"line":160,"column":58},"end":{"line":160,"column":83}},{"start":{"line":160,"column":86},"end":{"line":160,"column":90}}],"line":160},"29":{"loc":{"start":{"line":161,"column":20},"end":{"line":161,"column":38}},"type":"if","locations":[{"start":{"line":161,"column":20},"end":{"line":161,"column":38}},{"start":{"line":161,"column":20},"end":{"line":161,"column":38}}],"line":161},"30":{"loc":{"start":{"line":162,"column":27},"end":{"line":162,"column":61}},"type":"cond-expr","locations":[{"start":{"line":162,"column":31},"end":{"line":162,"column":54}},{"start":{"line":162,"column":57},"end":{"line":162,"column":61}}],"line":162},"31":{"loc":{"start":{"line":170,"column":30},"end":{"line":170,"column":106}},"type":"cond-expr","locations":[{"start":{"line":170,"column":60},"end":{"line":170,"column":99}},{"start":{"line":170,"column":102},"end":{"line":170,"column":106}}],"line":170},"32":{"loc":{"start":{"line":170,"column":31},"end":{"line":170,"column":49}},"type":"binary-expr","locations":[{"start":{"line":170,"column":31},"end":{"line":170,"column":43}},{"start":{"line":170,"column":47},"end":{"line":170,"column":49}}],"line":170},"33":{"loc":{"start":{"line":171,"column":20},"end":{"line":174,"column":35}},"type":"if","locations":[{"start":{"line":171,"column":20},"end":{"line":174,"column":35}},{"start":{"line":171,"column":20},"end":{"line":174,"column":35}}],"line":171},"34":{"loc":{"start":{"line":171,"column":24},"end":{"line":171,"column":55}},"type":"binary-expr","locations":[{"start":{"line":171,"column":24},"end":{"line":171,"column":25}},{"start":{"line":171,"column":29},"end":{"line":171,"column":55}}],"line":171},"35":{"loc":{"start":{"line":171,"column":37},"end":{"line":171,"column":44}},"type":"binary-expr","locations":[{"start":{"line":171,"column":37},"end":{"line":171,"column":38}},{"start":{"line":171,"column":42},"end":{"line":171,"column":44}}],"line":171},"36":{"loc":{"start":{"line":172,"column":24},"end":{"line":172,"column":98}},"type":"if","locations":[{"start":{"line":172,"column":24},"end":{"line":172,"column":98}},{"start":{"line":172,"column":24},"end":{"line":172,"column":98}}],"line":172},"37":{"loc":{"start":{"line":186,"column":35},"end":{"line":187,"column":53}},"type":"cond-expr","locations":[{"start":{"line":187,"column":22},"end":{"line":187,"column":34}},{"start":{"line":187,"column":37},"end":{"line":187,"column":53}}],"line":186},"38":{"loc":{"start":{"line":186,"column":36},"end":{"line":186,"column":54}},"type":"binary-expr","locations":[{"start":{"line":186,"column":36},"end":{"line":186,"column":48}},{"start":{"line":186,"column":52},"end":{"line":186,"column":54}}],"line":186},"39":{"loc":{"start":{"line":186,"column":66},"end":{"line":186,"column":82}},"type":"binary-expr","locations":[{"start":{"line":186,"column":66},"end":{"line":186,"column":76}},{"start":{"line":186,"column":80},"end":{"line":186,"column":82}}],"line":186},"40":{"loc":{"start":{"line":187,"column":37},"end":{"line":187,"column":53}},"type":"binary-expr","locations":[{"start":{"line":187,"column":37},"end":{"line":187,"column":47}},{"start":{"line":187,"column":51},"end":{"line":187,"column":53}}],"line":187},"41":{"loc":{"start":{"line":190,"column":30},"end":{"line":190,"column":110}},"type":"cond-expr","locations":[{"start":{"line":190,"column":58},"end":{"line":190,"column":69}},{"start":{"line":190,"column":72},"end":{"line":190,"column":110}}],"line":190},"42":{"loc":{"start":{"line":190,"column":30},"end":{"line":190,"column":55}},"type":"binary-expr","locations":[{"start":{"line":190,"column":30},"end":{"line":190,"column":40}},{"start":{"line":190,"column":44},"end":{"line":190,"column":55}}],"line":190},"43":{"loc":{"start":{"line":190,"column":72},"end":{"line":190,"column":110}},"type":"cond-expr","locations":[{"start":{"line":190,"column":85},"end":{"line":190,"column":96}},{"start":{"line":190,"column":99},"end":{"line":190,"column":110}}],"line":190},"44":{"loc":{"start":{"line":192,"column":34},"end":{"line":192,"column":161}},"type":"cond-expr","locations":[{"start":{"line":192,"column":64},"end":{"line":192,"column":70}},{"start":{"line":192,"column":73},"end":{"line":192,"column":161}}],"line":192},"45":{"loc":{"start":{"line":192,"column":73},"end":{"line":192,"column":161}},"type":"cond-expr","locations":[{"start":{"line":192,"column":103},"end":{"line":192,"column":108}},{"start":{"line":192,"column":111},"end":{"line":192,"column":161}}],"line":192},"46":{"loc":{"start":{"line":192,"column":111},"end":{"line":192,"column":161}},"type":"cond-expr","locations":[{"start":{"line":192,"column":141},"end":{"line":192,"column":152}},{"start":{"line":192,"column":155},"end":{"line":192,"column":161}}],"line":192},"47":{"loc":{"start":{"line":198,"column":27},"end":{"line":198,"column":47}},"type":"cond-expr","locations":[{"start":{"line":198,"column":34},"end":{"line":198,"column":40}},{"start":{"line":198,"column":43},"end":{"line":198,"column":47}}],"line":198},"48":{"loc":{"start":{"line":203,"column":33},"end":{"line":203,"column":77}},"type":"cond-expr","locations":[{"start":{"line":203,"column":46},"end":{"line":203,"column":67}},{"start":{"line":203,"column":70},"end":{"line":203,"column":77}}],"line":203},"49":{"loc":{"start":{"line":225,"column":20},"end":{"line":225,"column":58}},"type":"if","locations":[{"start":{"line":225,"column":20},"end":{"line":225,"column":58}},{"start":{"line":225,"column":20},"end":{"line":225,"column":58}}],"line":225},"50":{"loc":{"start":{"line":235,"column":28},"end":{"line":237,"column":59}},"type":"if","locations":[{"start":{"line":235,"column":28},"end":{"line":237,"column":59}},{"start":{"line":235,"column":28},"end":{"line":237,"column":59}}],"line":235},"51":{"loc":{"start":{"line":242,"column":20},"end":{"line":246,"column":21}},"type":"if","locations":[{"start":{"line":242,"column":20},"end":{"line":246,"column":21}},{"start":{"line":242,"column":20},"end":{"line":246,"column":21}}],"line":242},"52":{"loc":{"start":{"line":244,"column":24},"end":{"line":244,"column":114}},"type":"if","locations":[{"start":{"line":244,"column":24},"end":{"line":244,"column":114}},{"start":{"line":244,"column":24},"end":{"line":244,"column":114}}],"line":244},"53":{"loc":{"start":{"line":255,"column":35},"end":{"line":255,"column":51}},"type":"default-arg","locations":[{"start":{"line":255,"column":49},"end":{"line":255,"column":51}}],"line":255},"54":{"loc":{"start":{"line":257,"column":12},"end":{"line":266,"column":13}},"type":"switch","locations":[{"start":{"line":258,"column":16},"end":{"line":260,"column":25}},{"start":{"line":261,"column":16},"end":{"line":263,"column":25}},{"start":{"line":264,"column":16},"end":{"line":265,"column":99}}],"line":257},"55":{"loc":{"start":{"line":265,"column":20},"end":{"line":265,"column":99}},"type":"if","locations":[{"start":{"line":265,"column":20},"end":{"line":265,"column":99}},{"start":{"line":265,"column":20},"end":{"line":265,"column":99}}],"line":265}},"s":{"0":1,"1":2,"2":2,"3":1,"4":2,"5":2,"6":2,"7":2,"8":2,"9":2,"10":2,"11":2,"12":2,"13":2,"14":8,"15":16,"16":16,"17":16,"18":0,"19":16,"20":16,"21":16,"22":0,"23":16,"24":16,"25":4,"26":4,"27":4,"28":16,"29":16,"30":0,"31":0,"32":4,"33":4,"34":0,"35":4,"36":4,"37":4,"38":16,"39":16,"40":16,"41":16,"42":0,"43":16,"44":0,"45":4,"46":16,"47":16,"48":16,"49":0,"50":16,"51":16,"52":62,"53":372,"54":16,"55":16,"56":16,"57":16,"58":16,"59":16,"60":16,"61":16,"62":16,"63":16,"64":16,"65":16,"66":16,"67":14,"68":16,"69":16,"70":16,"71":16,"72":16,"73":16,"74":16,"75":16,"76":16,"77":16,"78":16,"79":16,"80":0,"81":0,"82":0,"83":16,"84":16,"85":16,"86":16,"87":0,"88":16,"89":16,"90":16,"91":16,"92":16,"93":16,"94":16,"95":16,"96":16,"97":16,"98":16,"99":0,"100":16,"101":16,"102":16,"103":178,"104":1246,"105":178,"106":356,"107":1068,"108":16,"109":16,"110":0,"111":0,"112":0,"113":215,"114":38,"115":38,"116":177,"117":177,"118":0,"119":0,"120":215},"f":{"0":2,"1":1,"2":2,"3":8,"4":4,"5":16,"6":16,"7":16,"8":4,"9":16,"10":16,"11":62,"12":372,"13":16,"14":16,"15":16,"16":16,"17":16,"18":16,"19":16,"20":16,"21":16,"22":178,"23":1246,"24":356,"25":215},"b":{"0":[1],"1":[1,1],"2":[0],"3":[0,16],"4":[0,16],"5":[0],"6":[0,4],"7":[4,0],"8":[20,0],"9":[0,16],"10":[0,16],"11":[16,16],"12":[16,0],"13":[0],"14":[62,310],"15":[16,0],"16":[16,0],"17":[16,0],"18":[16,0],"19":[16,0],"20":[16,0],"21":[16,0],"22":[16,0],"23":[14,2],"24":[16,2],"25":[14,2],"26":[14,2],"27":[16,0,0],"28":[16,0],"29":[16,0],"30":[16,0],"31":[0,16],"32":[16,5],"33":[0,16],"34":[16,0],"35":[0,0],"36":[0,0],"37":[3,13],"38":[16,13],"39":[16,13],"40":[13,12],"41":[14,2],"42":[16,16],"43":[2,0],"44":[14,2],"45":[2,0],"46":[0,0],"47":[16,0],"48":[4,12],"49":[0,16],"50":[178,1068],"51":[16,0],"52":[0,0],"53":[0],"54":[38,177,0],"55":[0,0]},"_coverageSchema":"1a1c01bbd47fc00a2c39e90264f33305004495a9","hash":"c21bb842fd5246952f193f0a1b3a72f6aaf62459","contentHash":"9b38b990599321967b8383059a5d91c26b285bc26f88352048aa537b659d0226"}}